#
# There is insufficient memory for the Java Runtime Environment to continue.
# Native memory allocation (malloc) failed to allocate 974256 bytes for Chunk::new
# Possible reasons:
#   The system is out of physical RAM or swap space
#   The process is running with CompressedOops enabled, and the Java Heap may be blocking the growth of the native heap
# Possible solutions:
#   Reduce memory load on the system
#   Increase physical memory or swap space
#   Check if swap backing store is full
#   Decrease Java heap size (-Xmx/-Xms)
#   Decrease number of Java threads
#   Decrease Java thread stack sizes (-Xss)
#   Set larger code cache with -XX:ReservedCodeCacheSize=
#   JVM is running with Unscaled Compressed Oops mode in which the Java heap is
#     placed in the first 4GB address space. The Java Heap base address is the
#     maximum limit for the native heap growth. Please use -XX:HeapBaseMinAddress
#     to set the Java Heap base and to place the Java Heap above 4GB virtual address.
# This output file may be truncated or incomplete.
#
#  Out of Memory Error (./src/hotspot/share/memory/arena.cpp:197), pid=3376, tid=1096
#
# JRE version: OpenJDK Runtime Environment (11.0.13) (build 11.0.13+0-b1751.21-8125866)
# Java VM: OpenJDK 64-Bit Server VM (11.0.13+0-b1751.21-8125866, mixed mode, tiered, compressed oops, g1 gc, windows-amd64)
# No core dump will be written. Minidumps are not enabled by default on client versions of Windows
#

---------------  S U M M A R Y ------------

Command Line: org.jetbrains.kotlin.cli.jvm.K2JVMCompiler @C:\Users\hp\AndroidStudioProjects\splashscreen2\app\build\20230121_8752749332045883479.compiler.options

Host: Intel(R) Core(TM) i5-6300U CPU @ 2.40GHz, 4 cores, 7G,  Windows 10 , 64 bit Build 19041 (10.0.19041.2251)
Time: Sat Jan 21 13:59:48 2023 Pakistan Standard Time elapsed time: 7.543396 seconds (0d 0h 0m 7s)

---------------  T H R E A D  ---------------

Current thread (0x000001421cf3e000):  JavaThread "C2 CompilerThread0" daemon [_thread_in_native, id=1096, stack(0x0000003961000000,0x0000003961100000)]


Current CompileTask:
C2:   7543 6158       4       org.jetbrains.kotlin.cli.jvm.index.JvmDependenciesIndexImpl::travelPath (157 bytes)

Stack: [0x0000003961000000,0x0000003961100000]
Native frames: (J=compiled Java code, j=interpreted, Vv=VM code, C=native code)
V  [jvm.dll+0x6100fa]
V  [jvm.dll+0x747090]
V  [jvm.dll+0x7486ad]
V  [jvm.dll+0x748d83]
V  [jvm.dll+0x24ab48]
V  [jvm.dll+0xc04dc]
V  [jvm.dll+0xc0a0c]
V  [jvm.dll+0x35eb5b]
V  [jvm.dll+0x32b833]
V  [jvm.dll+0x32ad2a]
V  [jvm.dll+0x2032b2]
V  [jvm.dll+0x202437]
V  [jvm.dll+0x188e01]
V  [jvm.dll+0x21106b]
V  [jvm.dll+0x20f8c1]
V  [jvm.dll+0x70de0f]
V  [jvm.dll+0x706a75]
V  [jvm.dll+0x60ed66]
C  [ucrtbase.dll+0x21bb2]
C  [KERNEL32.DLL+0x174b4]
C  [ntdll.dll+0x526a1]


---------------  P R O C E S S  ---------------

Threads class SMR info:
_java_thread_list=0x000001421d9eb210, length=11, elements={
0x00000142016a3000, 0x000001421cf18800, 0x000001421cf1a000, 0x000001421cf34000,
0x000001421cf36000, 0x000001421cf37000, 0x000001421cf3e000, 0x000001421cf4b000,
0x000001421cf4c800, 0x000001421d9f3800, 0x000001421d9f1000
}

Java Threads: ( => current thread )
  0x00000142016a3000 JavaThread "main" [_thread_in_vm, id=2600, stack(0x0000003960400000,0x0000003960500000)]
  0x000001421cf18800 JavaThread "Reference Handler" daemon [_thread_blocked, id=8020, stack(0x0000003960b00000,0x0000003960c00000)]
  0x000001421cf1a000 JavaThread "Finalizer" daemon [_thread_blocked, id=10604, stack(0x0000003960c00000,0x0000003960d00000)]
  0x000001421cf34000 JavaThread "Signal Dispatcher" daemon [_thread_blocked, id=7108, stack(0x0000003960d00000,0x0000003960e00000)]
  0x000001421cf36000 JavaThread "Attach Listener" daemon [_thread_blocked, id=6324, stack(0x0000003960e00000,0x0000003960f00000)]
  0x000001421cf37000 JavaThread "Service Thread" daemon [_thread_blocked, id=14252, stack(0x0000003960f00000,0x0000003961000000)]
=>0x000001421cf3e000 JavaThread "C2 CompilerThread0" daemon [_thread_in_native, id=1096, stack(0x0000003961000000,0x0000003961100000)]
  0x000001421cf4b000 JavaThread "C1 CompilerThread0" daemon [_thread_in_vm, id=12448, stack(0x0000003961100000,0x0000003961200000)]
  0x000001421cf4c800 JavaThread "Sweeper thread" daemon [_thread_blocked, id=13968, stack(0x0000003961200000,0x0000003961300000)]
  0x000001421d9f3800 JavaThread "Common-Cleaner" daemon [_thread_blocked, id=4004, stack(0x0000003961400000,0x0000003961500000)]
  0x000001421d9f1000 JavaThread "C2 CompilerThread1" daemon [_thread_in_native, id=2304, stack(0x0000003961500000,0x0000003961600000)]

Other Threads:
  0x000001421cef1000 VMThread "VM Thread" [stack: 0x0000003960a00000,0x0000003960b00000] [id=12128]
  0x000001421d9ef000 WatcherThread [stack: 0x0000003961300000,0x0000003961400000] [id=10916]
  0x00000142016b9000 GCTaskThread "GC Thread#0" [stack: 0x0000003960500000,0x0000003960600000] [id=7352]
  0x000001421de24800 GCTaskThread "GC Thread#1" [stack: 0x0000003961600000,0x0000003961700000] [id=4116]
  0x000001422217c000 GCTaskThread "GC Thread#2" [stack: 0x0000003961700000,0x0000003961800000] [id=7624]
  0x00000142016e7800 ConcurrentGCThread "G1 Main Marker" [stack: 0x0000003960600000,0x0000003960700000] [id=13856]
  0x00000142016e9000 ConcurrentGCThread "G1 Conc#0" [stack: 0x0000003960700000,0x0000003960800000] [id=14108]
  0x0000014201767800 ConcurrentGCThread "G1 Refine#0" [stack: 0x0000003960800000,0x0000003960900000] [id=14164]
  0x00000142223d0800 ConcurrentGCThread "G1 Refine#1" [stack: 0x0000003961800000,0x0000003961900000] [id=10268]
  0x0000014201768800 ConcurrentGCThread "G1 Young RemSet Sampling" [stack: 0x0000003960900000,0x0000003960a00000] [id=13120]

Threads with active compile tasks:
C2 CompilerThread0   7570 6158       4       org.jetbrains.kotlin.cli.jvm.index.JvmDependenciesIndexImpl::travelPath (157 bytes)
C1 CompilerThread0   7571 6278   !   3       java.lang.invoke.BootstrapMethodInvoker::invoke (688 bytes)
C2 CompilerThread1   7571 6267       4       jdk.internal.loader.BuiltinClassLoader::loadClassOrNull (7 bytes)

VM state:not at safepoint (normal execution)

VM Mutex/Monitor currently owned by a thread: None

Heap address: 0x0000000085200000, size: 1966 MB, Compressed Oops mode: 32-bit
Narrow klass base: 0x0000000000000000, Narrow klass shift: 3
Compressed class space size: 1073741824 Address: 0x0000000100000000

Heap:
 garbage-first heap   total 159744K, used 106011K [0x0000000085200000, 0x0000000100000000)
  region size 1024K, 77 young (78848K), 11 survivors (11264K)
 Metaspace       used 60217K, capacity 60980K, committed 61008K, reserved 1103872K
  class space    used 6960K, capacity 7277K, committed 7296K, reserved 1048576K
Heap Regions: E=young(eden), S=young(survivor), O=old, HS=humongous(starts), HC=humongous(continues), CS=collection set, F=free, A=archive, TAMS=top-at-mark-start (previous, next)
|   0|0x0000000085200000, 0x0000000085300000, 0x0000000085300000|100%|HS|  |TAMS 0x0000000085300000, 0x0000000085200000| Complete 
|   1|0x0000000085300000, 0x0000000085400000, 0x0000000085400000|100%|HC|  |TAMS 0x0000000085400000, 0x0000000085300000| Complete 
|   2|0x0000000085400000, 0x0000000085500000, 0x0000000085500000|100%|HC|  |TAMS 0x0000000085500000, 0x0000000085400000| Complete 
|   3|0x0000000085500000, 0x0000000085600000, 0x0000000085600000|100%|HC|  |TAMS 0x0000000085600000, 0x0000000085500000| Complete 
|   4|0x0000000085600000, 0x0000000085700000, 0x0000000085700000|100%| O|  |TAMS 0x0000000085700000, 0x0000000085600000| Untracked 
|   5|0x0000000085700000, 0x0000000085800000, 0x0000000085800000|100%| O|  |TAMS 0x0000000085800000, 0x0000000085700000| Untracked 
|   6|0x0000000085800000, 0x0000000085900000, 0x0000000085900000|100%|HS|  |TAMS 0x0000000085900000, 0x0000000085800000| Complete 
|   7|0x0000000085900000, 0x0000000085a00000, 0x0000000085a00000|100%|HC|  |TAMS 0x0000000085a00000, 0x0000000085900000| Complete 
|   8|0x0000000085a00000, 0x0000000085b00000, 0x0000000085b00000|100%|HC|  |TAMS 0x0000000085b00000, 0x0000000085a00000| Complete 
|   9|0x0000000085b00000, 0x0000000085c00000, 0x0000000085c00000|100%|HC|  |TAMS 0x0000000085c00000, 0x0000000085b00000| Complete 
|  10|0x0000000085c00000, 0x0000000085d00000, 0x0000000085d00000|100%|HS|  |TAMS 0x0000000085c00000, 0x0000000085c00000| Complete 
|  11|0x0000000085d00000, 0x0000000085e00000, 0x0000000085e00000|100%|HC|  |TAMS 0x0000000085d00000, 0x0000000085d00000| Complete 
|  12|0x0000000085e00000, 0x0000000085f00000, 0x0000000085f00000|100%| O|  |TAMS 0x0000000085f00000, 0x0000000085e00000| Untracked 
|  13|0x0000000085f00000, 0x0000000086000000, 0x0000000086000000|100%| O|  |TAMS 0x0000000086000000, 0x0000000085f00000| Untracked 
|  14|0x0000000086000000, 0x0000000086100000, 0x0000000086100000|100%| O|  |TAMS 0x0000000086100000, 0x0000000086000000| Untracked 
|  15|0x0000000086100000, 0x0000000086200000, 0x0000000086200000|100%| O|  |TAMS 0x0000000086200000, 0x0000000086100000| Untracked 
|  16|0x0000000086200000, 0x0000000086300000, 0x0000000086300000|100%| O|  |TAMS 0x0000000086300000, 0x0000000086200000| Untracked 
|  17|0x0000000086300000, 0x0000000086400000, 0x0000000086400000|100%| O|  |TAMS 0x0000000086400000, 0x0000000086300000| Untracked 
|  18|0x0000000086400000, 0x0000000086500000, 0x0000000086500000|100%| O|  |TAMS 0x0000000086500000, 0x0000000086400000| Untracked 
|  19|0x0000000086500000, 0x0000000086600000, 0x0000000086600000|100%| O|  |TAMS 0x0000000086600000, 0x0000000086500000| Untracked 
|  20|0x0000000086600000, 0x0000000086700000, 0x0000000086700000|100%| O|  |TAMS 0x0000000086700000, 0x0000000086600000| Untracked 
|  21|0x0000000086700000, 0x0000000086800000, 0x0000000086800000|100%| O|  |TAMS 0x0000000086800000, 0x0000000086700000| Untracked 
|  22|0x0000000086800000, 0x0000000086900000, 0x0000000086900000|100%| O|  |TAMS 0x00000000868d3200, 0x0000000086800000| Untracked 
|  23|0x0000000086900000, 0x0000000086900000, 0x0000000086a00000|  0%| F|  |TAMS 0x0000000086900000, 0x0000000086900000| Untracked 
|  24|0x0000000086a00000, 0x0000000086b00000, 0x0000000086b00000|100%| O|  |TAMS 0x0000000086a00000, 0x0000000086a00000| Untracked 
|  25|0x0000000086b00000, 0x0000000086c00000, 0x0000000086c00000|100%| O|  |TAMS 0x0000000086b00000, 0x0000000086b00000| Untracked 
|  26|0x0000000086c00000, 0x0000000086d00000, 0x0000000086d00000|100%| O|  |TAMS 0x0000000086c00000, 0x0000000086c00000| Untracked 
|  27|0x0000000086d00000, 0x0000000086e00000, 0x0000000086e00000|100%| O|  |TAMS 0x0000000086d00000, 0x0000000086d00000| Untracked 
|  28|0x0000000086e00000, 0x0000000086e86c00, 0x0000000086f00000| 52%| O|  |TAMS 0x0000000086e00000, 0x0000000086e00000| Untracked 
|  29|0x0000000086f00000, 0x0000000086f00000, 0x0000000087000000|  0%| F|  |TAMS 0x0000000086f00000, 0x0000000086f00000| Untracked 
|  30|0x0000000087000000, 0x0000000087000000, 0x0000000087100000|  0%| F|  |TAMS 0x0000000087000000, 0x0000000087000000| Untracked 
|  31|0x0000000087100000, 0x0000000087100000, 0x0000000087200000|  0%| F|  |TAMS 0x0000000087100000, 0x0000000087100000| Untracked 
|  32|0x0000000087200000, 0x0000000087200000, 0x0000000087300000|  0%| F|  |TAMS 0x0000000087200000, 0x0000000087200000| Untracked 
|  33|0x0000000087300000, 0x0000000087300000, 0x0000000087400000|  0%| F|  |TAMS 0x0000000087300000, 0x0000000087300000| Untracked 
|  34|0x0000000087400000, 0x0000000087400000, 0x0000000087500000|  0%| F|  |TAMS 0x0000000087400000, 0x0000000087400000| Untracked 
|  35|0x0000000087500000, 0x0000000087500000, 0x0000000087600000|  0%| F|  |TAMS 0x0000000087500000, 0x0000000087500000| Untracked 
|  36|0x0000000087600000, 0x0000000087600000, 0x0000000087700000|  0%| F|  |TAMS 0x0000000087600000, 0x0000000087600000| Untracked 
|  37|0x0000000087700000, 0x0000000087700000, 0x0000000087800000|  0%| F|  |TAMS 0x0000000087700000, 0x0000000087700000| Untracked 
|  38|0x0000000087800000, 0x0000000087800000, 0x0000000087900000|  0%| F|  |TAMS 0x0000000087800000, 0x0000000087800000| Untracked 
|  39|0x0000000087900000, 0x0000000087900000, 0x0000000087a00000|  0%| F|  |TAMS 0x0000000087900000, 0x0000000087900000| Untracked 
|  40|0x0000000087a00000, 0x0000000087a00000, 0x0000000087b00000|  0%| F|  |TAMS 0x0000000087a00000, 0x0000000087a00000| Untracked 
|  41|0x0000000087b00000, 0x0000000087b00000, 0x0000000087c00000|  0%| F|  |TAMS 0x0000000087b00000, 0x0000000087b00000| Untracked 
|  42|0x0000000087c00000, 0x0000000087c00000, 0x0000000087d00000|  0%| F|  |TAMS 0x0000000087c00000, 0x0000000087c00000| Untracked 
|  43|0x0000000087d00000, 0x0000000087d00000, 0x0000000087e00000|  0%| F|  |TAMS 0x0000000087d00000, 0x0000000087d00000| Untracked 
|  44|0x0000000087e00000, 0x0000000087e00000, 0x0000000087f00000|  0%| F|  |TAMS 0x0000000087e00000, 0x0000000087e00000| Untracked 
|  45|0x0000000087f00000, 0x0000000087f00000, 0x0000000088000000|  0%| F|  |TAMS 0x0000000087f00000, 0x0000000087f00000| Untracked 
|  46|0x0000000088000000, 0x0000000088000000, 0x0000000088100000|  0%| F|  |TAMS 0x0000000088000000, 0x0000000088000000| Untracked 
|  47|0x0000000088100000, 0x0000000088100000, 0x0000000088200000|  0%| F|  |TAMS 0x0000000088100000, 0x0000000088100000| Untracked 
|  48|0x0000000088200000, 0x0000000088200000, 0x0000000088300000|  0%| F|  |TAMS 0x0000000088200000, 0x0000000088200000| Untracked 
|  49|0x0000000088300000, 0x0000000088300000, 0x0000000088400000|  0%| F|  |TAMS 0x0000000088300000, 0x0000000088300000| Untracked 
|  50|0x0000000088400000, 0x0000000088400000, 0x0000000088500000|  0%| F|  |TAMS 0x0000000088400000, 0x0000000088400000| Untracked 
|  51|0x0000000088500000, 0x0000000088500000, 0x0000000088600000|  0%| F|  |TAMS 0x0000000088500000, 0x0000000088500000| Untracked 
|  52|0x0000000088600000, 0x0000000088600000, 0x0000000088700000|  0%| F|  |TAMS 0x0000000088600000, 0x0000000088600000| Untracked 
|  53|0x0000000088700000, 0x0000000088700000, 0x0000000088800000|  0%| F|  |TAMS 0x0000000088700000, 0x0000000088700000| Untracked 
|  54|0x0000000088800000, 0x0000000088800000, 0x0000000088900000|  0%| F|  |TAMS 0x0000000088800000, 0x0000000088800000| Untracked 
|  55|0x0000000088900000, 0x0000000088900000, 0x0000000088a00000|  0%| F|  |TAMS 0x0000000088900000, 0x0000000088900000| Untracked 
|  56|0x0000000088a00000, 0x0000000088a00000, 0x0000000088b00000|  0%| F|  |TAMS 0x0000000088a00000, 0x0000000088a00000| Untracked 
|  57|0x0000000088b00000, 0x0000000088b00000, 0x0000000088c00000|  0%| F|  |TAMS 0x0000000088b00000, 0x0000000088b00000| Untracked 
|  58|0x0000000088c00000, 0x0000000088c00000, 0x0000000088d00000|  0%| F|  |TAMS 0x0000000088c00000, 0x0000000088c00000| Untracked 
|  59|0x0000000088d00000, 0x0000000088e00000, 0x0000000088e00000|100%| S|CS|TAMS 0x0000000088d00000, 0x0000000088d00000| Complete 
|  60|0x0000000088e00000, 0x0000000088f00000, 0x0000000088f00000|100%| S|CS|TAMS 0x0000000088e00000, 0x0000000088e00000| Complete 
|  61|0x0000000088f00000, 0x0000000089000000, 0x0000000089000000|100%| S|CS|TAMS 0x0000000088f00000, 0x0000000088f00000| Complete 
|  62|0x0000000089000000, 0x0000000089100000, 0x0000000089100000|100%| S|CS|TAMS 0x0000000089000000, 0x0000000089000000| Complete 
|  63|0x0000000089100000, 0x0000000089100000, 0x0000000089200000|  0%| F|  |TAMS 0x0000000089100000, 0x0000000089100000| Untracked 
|  64|0x0000000089200000, 0x0000000089200000, 0x0000000089300000|  0%| F|  |TAMS 0x0000000089200000, 0x0000000089200000| Untracked 
|  65|0x0000000089300000, 0x0000000089300000, 0x0000000089400000|  0%| F|  |TAMS 0x0000000089300000, 0x0000000089300000| Untracked 
|  66|0x0000000089400000, 0x0000000089400000, 0x0000000089500000|  0%| F|  |TAMS 0x0000000089400000, 0x0000000089400000| Untracked 
|  67|0x0000000089500000, 0x0000000089500000, 0x0000000089600000|  0%| F|  |TAMS 0x0000000089500000, 0x0000000089500000| Untracked 
|  68|0x0000000089600000, 0x0000000089600000, 0x0000000089700000|  0%| F|  |TAMS 0x0000000089600000, 0x0000000089600000| Untracked 
|  69|0x0000000089700000, 0x0000000089700000, 0x0000000089800000|  0%| F|  |TAMS 0x0000000089700000, 0x0000000089700000| Untracked 
|  70|0x0000000089800000, 0x0000000089900000, 0x0000000089900000|100%| S|CS|TAMS 0x0000000089800000, 0x0000000089800000| Complete 
|  71|0x0000000089900000, 0x0000000089a00000, 0x0000000089a00000|100%| S|CS|TAMS 0x0000000089900000, 0x0000000089900000| Complete 
|  72|0x0000000089a00000, 0x0000000089b00000, 0x0000000089b00000|100%| S|CS|TAMS 0x0000000089a00000, 0x0000000089a00000| Complete 
|  73|0x0000000089b00000, 0x0000000089c00000, 0x0000000089c00000|100%| S|CS|TAMS 0x0000000089b00000, 0x0000000089b00000| Complete 
|  74|0x0000000089c00000, 0x0000000089d00000, 0x0000000089d00000|100%| S|CS|TAMS 0x0000000089c00000, 0x0000000089c00000| Complete 
|  75|0x0000000089d00000, 0x0000000089e00000, 0x0000000089e00000|100%| S|CS|TAMS 0x0000000089d00000, 0x0000000089d00000| Complete 
|  76|0x0000000089e00000, 0x0000000089f00000, 0x0000000089f00000|100%| S|CS|TAMS 0x0000000089e00000, 0x0000000089e00000| Complete 
|  77|0x0000000089f00000, 0x0000000089f00000, 0x000000008a000000|  0%| F|  |TAMS 0x0000000089f00000, 0x0000000089f00000| Untracked 
|  78|0x000000008a000000, 0x000000008a000000, 0x000000008a100000|  0%| F|  |TAMS 0x000000008a000000, 0x000000008a000000| Untracked 
|  79|0x000000008a100000, 0x000000008a100000, 0x000000008a200000|  0%| F|  |TAMS 0x000000008a100000, 0x000000008a100000| Untracked 
|  80|0x000000008a200000, 0x000000008a200000, 0x000000008a300000|  0%| F|  |TAMS 0x000000008a200000, 0x000000008a200000| Untracked 
|  81|0x000000008a300000, 0x000000008a300000, 0x000000008a400000|  0%| F|  |TAMS 0x000000008a300000, 0x000000008a300000| Untracked 
|  82|0x000000008a400000, 0x000000008a400000, 0x000000008a500000|  0%| F|  |TAMS 0x000000008a400000, 0x000000008a400000| Untracked 
|  83|0x000000008a500000, 0x000000008a500000, 0x000000008a600000|  0%| F|  |TAMS 0x000000008a500000, 0x000000008a500000| Untracked 
|  84|0x000000008a600000, 0x000000008a600000, 0x000000008a700000|  0%| F|  |TAMS 0x000000008a600000, 0x000000008a600000| Untracked 
|  85|0x000000008a700000, 0x000000008a700000, 0x000000008a800000|  0%| F|  |TAMS 0x000000008a700000, 0x000000008a700000| Untracked 
|  86|0x000000008a800000, 0x000000008a800000, 0x000000008a900000|  0%| F|  |TAMS 0x000000008a800000, 0x000000008a800000| Untracked 
|  87|0x000000008a900000, 0x000000008a900000, 0x000000008aa00000|  0%| F|  |TAMS 0x000000008a900000, 0x000000008a900000| Untracked 
|  88|0x000000008aa00000, 0x000000008aa00000, 0x000000008ab00000|  0%| F|  |TAMS 0x000000008aa00000, 0x000000008aa00000| Untracked 
|  89|0x000000008ab00000, 0x000000008ab00000, 0x000000008ac00000|  0%| F|  |TAMS 0x000000008ab00000, 0x000000008ab00000| Untracked 
|  90|0x000000008ac00000, 0x000000008ac82988, 0x000000008ad00000| 51%| E|  |TAMS 0x000000008ac00000, 0x000000008ac00000| Complete 
|  91|0x000000008ad00000, 0x000000008ae00000, 0x000000008ae00000|100%| E|CS|TAMS 0x000000008ad00000, 0x000000008ad00000| Complete 
|  92|0x000000008ae00000, 0x000000008af00000, 0x000000008af00000|100%| E|CS|TAMS 0x000000008ae00000, 0x000000008ae00000| Complete 
|  93|0x000000008af00000, 0x000000008b000000, 0x000000008b000000|100%| E|CS|TAMS 0x000000008af00000, 0x000000008af00000| Complete 
|  94|0x000000008b000000, 0x000000008b100000, 0x000000008b100000|100%| E|CS|TAMS 0x000000008b000000, 0x000000008b000000| Complete 
|  95|0x000000008b100000, 0x000000008b200000, 0x000000008b200000|100%| E|CS|TAMS 0x000000008b100000, 0x000000008b100000| Complete 
|  96|0x000000008b200000, 0x000000008b300000, 0x000000008b300000|100%| E|CS|TAMS 0x000000008b200000, 0x000000008b200000| Complete 
|  97|0x000000008b300000, 0x000000008b400000, 0x000000008b400000|100%| E|CS|TAMS 0x000000008b300000, 0x000000008b300000| Complete 
|  98|0x000000008b400000, 0x000000008b500000, 0x000000008b500000|100%| E|CS|TAMS 0x000000008b400000, 0x000000008b400000| Complete 
|  99|0x000000008b500000, 0x000000008b600000, 0x000000008b600000|100%| E|CS|TAMS 0x000000008b500000, 0x000000008b500000| Complete 
| 100|0x000000008b600000, 0x000000008b700000, 0x000000008b700000|100%| E|CS|TAMS 0x000000008b600000, 0x000000008b600000| Complete 
| 101|0x000000008b700000, 0x000000008b800000, 0x000000008b800000|100%| E|CS|TAMS 0x000000008b700000, 0x000000008b700000| Complete 
| 102|0x000000008b800000, 0x000000008b900000, 0x000000008b900000|100%| E|CS|TAMS 0x000000008b800000, 0x000000008b800000| Complete 
| 103|0x000000008b900000, 0x000000008ba00000, 0x000000008ba00000|100%| E|CS|TAMS 0x000000008b900000, 0x000000008b900000| Complete 
| 104|0x000000008ba00000, 0x000000008bb00000, 0x000000008bb00000|100%| E|CS|TAMS 0x000000008ba00000, 0x000000008ba00000| Complete 
| 105|0x000000008bb00000, 0x000000008bc00000, 0x000000008bc00000|100%| E|CS|TAMS 0x000000008bb00000, 0x000000008bb00000| Complete 
| 106|0x000000008bc00000, 0x000000008bd00000, 0x000000008bd00000|100%| E|CS|TAMS 0x000000008bc00000, 0x000000008bc00000| Complete 
| 107|0x000000008bd00000, 0x000000008be00000, 0x000000008be00000|100%| E|CS|TAMS 0x000000008bd00000, 0x000000008bd00000| Complete 
| 108|0x000000008be00000, 0x000000008bf00000, 0x000000008bf00000|100%| E|CS|TAMS 0x000000008be00000, 0x000000008be00000| Complete 
| 109|0x000000008bf00000, 0x000000008c000000, 0x000000008c000000|100%| E|CS|TAMS 0x000000008bf00000, 0x000000008bf00000| Complete 
| 110|0x000000008c000000, 0x000000008c100000, 0x000000008c100000|100%| E|CS|TAMS 0x000000008c000000, 0x000000008c000000| Complete 
| 111|0x000000008c100000, 0x000000008c200000, 0x000000008c200000|100%| E|CS|TAMS 0x000000008c100000, 0x000000008c100000| Complete 
| 112|0x000000008c200000, 0x000000008c300000, 0x000000008c300000|100%| E|CS|TAMS 0x000000008c200000, 0x000000008c200000| Complete 
| 113|0x000000008c300000, 0x000000008c400000, 0x000000008c400000|100%| E|CS|TAMS 0x000000008c300000, 0x000000008c300000| Complete 
| 114|0x000000008c400000, 0x000000008c500000, 0x000000008c500000|100%| E|CS|TAMS 0x000000008c400000, 0x000000008c400000| Complete 
| 115|0x000000008c500000, 0x000000008c600000, 0x000000008c600000|100%| E|CS|TAMS 0x000000008c500000, 0x000000008c500000| Complete 
| 116|0x000000008c600000, 0x000000008c700000, 0x000000008c700000|100%| E|CS|TAMS 0x000000008c600000, 0x000000008c600000| Complete 
| 117|0x000000008c700000, 0x000000008c800000, 0x000000008c800000|100%| E|CS|TAMS 0x000000008c700000, 0x000000008c700000| Complete 
| 118|0x000000008c800000, 0x000000008c900000, 0x000000008c900000|100%| E|CS|TAMS 0x000000008c800000, 0x000000008c800000| Complete 
| 119|0x000000008c900000, 0x000000008ca00000, 0x000000008ca00000|100%| E|CS|TAMS 0x000000008c900000, 0x000000008c900000| Complete 
| 120|0x000000008ca00000, 0x000000008cb00000, 0x000000008cb00000|100%| E|CS|TAMS 0x000000008ca00000, 0x000000008ca00000| Complete 
| 121|0x000000008cb00000, 0x000000008cc00000, 0x000000008cc00000|100%| E|CS|TAMS 0x000000008cb00000, 0x000000008cb00000| Complete 
| 122|0x000000008cc00000, 0x000000008cd00000, 0x000000008cd00000|100%| E|CS|TAMS 0x000000008cc00000, 0x000000008cc00000| Complete 
| 123|0x000000008cd00000, 0x000000008ce00000, 0x000000008ce00000|100%| E|CS|TAMS 0x000000008cd00000, 0x000000008cd00000| Complete 
| 124|0x000000008ce00000, 0x000000008cf00000, 0x000000008cf00000|100%| E|CS|TAMS 0x000000008ce00000, 0x000000008ce00000| Complete 
| 125|0x000000008cf00000, 0x000000008d000000, 0x000000008d000000|100%| E|CS|TAMS 0x000000008cf00000, 0x000000008cf00000| Complete 
| 126|0x000000008d000000, 0x000000008d100000, 0x000000008d100000|100%| E|CS|TAMS 0x000000008d000000, 0x000000008d000000| Complete 
| 127|0x000000008d100000, 0x000000008d200000, 0x000000008d200000|100%| E|CS|TAMS 0x000000008d100000, 0x000000008d100000| Complete 
| 128|0x000000008d200000, 0x000000008d300000, 0x000000008d300000|100%| E|CS|TAMS 0x000000008d200000, 0x000000008d200000| Complete 
| 129|0x000000008d300000, 0x000000008d400000, 0x000000008d400000|100%| E|CS|TAMS 0x000000008d300000, 0x000000008d300000| Complete 
| 130|0x000000008d400000, 0x000000008d500000, 0x000000008d500000|100%| E|CS|TAMS 0x000000008d400000, 0x000000008d400000| Complete 
| 131|0x000000008d500000, 0x000000008d600000, 0x000000008d600000|100%| E|CS|TAMS 0x000000008d500000, 0x000000008d500000| Complete 
| 132|0x000000008d600000, 0x000000008d700000, 0x000000008d700000|100%| E|CS|TAMS 0x000000008d600000, 0x000000008d600000| Complete 
| 133|0x000000008d700000, 0x000000008d800000, 0x000000008d800000|100%| E|CS|TAMS 0x000000008d700000, 0x000000008d700000| Complete 
| 134|0x000000008d800000, 0x000000008d900000, 0x000000008d900000|100%| E|CS|TAMS 0x000000008d800000, 0x000000008d800000| Complete 
| 135|0x000000008d900000, 0x000000008da00000, 0x000000008da00000|100%| E|CS|TAMS 0x000000008d900000, 0x000000008d900000| Complete 
| 136|0x000000008da00000, 0x000000008db00000, 0x000000008db00000|100%| E|CS|TAMS 0x000000008da00000, 0x000000008da00000| Complete 
| 137|0x000000008db00000, 0x000000008dc00000, 0x000000008dc00000|100%| E|CS|TAMS 0x000000008db00000, 0x000000008db00000| Complete 
| 138|0x000000008dc00000, 0x000000008dd00000, 0x000000008dd00000|100%| E|CS|TAMS 0x000000008dc00000, 0x000000008dc00000| Complete 
| 139|0x000000008dd00000, 0x000000008de00000, 0x000000008de00000|100%| E|CS|TAMS 0x000000008dd00000, 0x000000008dd00000| Complete 
| 140|0x000000008de00000, 0x000000008df00000, 0x000000008df00000|100%| E|CS|TAMS 0x000000008de00000, 0x000000008de00000| Complete 
| 141|0x000000008df00000, 0x000000008e000000, 0x000000008e000000|100%| E|CS|TAMS 0x000000008df00000, 0x000000008df00000| Complete 
| 142|0x000000008e000000, 0x000000008e100000, 0x000000008e100000|100%| E|CS|TAMS 0x000000008e000000, 0x000000008e000000| Complete 
| 143|0x000000008e100000, 0x000000008e200000, 0x000000008e200000|100%| E|CS|TAMS 0x000000008e100000, 0x000000008e100000| Complete 
| 144|0x000000008e200000, 0x000000008e300000, 0x000000008e300000|100%| E|CS|TAMS 0x000000008e200000, 0x000000008e200000| Complete 
| 145|0x000000008e300000, 0x000000008e400000, 0x000000008e400000|100%| E|CS|TAMS 0x000000008e300000, 0x000000008e300000| Complete 
| 146|0x000000008e400000, 0x000000008e500000, 0x000000008e500000|100%| E|CS|TAMS 0x000000008e400000, 0x000000008e400000| Complete 
| 147|0x000000008e500000, 0x000000008e600000, 0x000000008e600000|100%| E|CS|TAMS 0x000000008e500000, 0x000000008e500000| Complete 
| 148|0x000000008e600000, 0x000000008e700000, 0x000000008e700000|100%| E|CS|TAMS 0x000000008e600000, 0x000000008e600000| Complete 
| 149|0x000000008e700000, 0x000000008e800000, 0x000000008e800000|100%| E|CS|TAMS 0x000000008e700000, 0x000000008e700000| Complete 
| 150|0x000000008e800000, 0x000000008e900000, 0x000000008e900000|100%| E|CS|TAMS 0x000000008e800000, 0x000000008e800000| Complete 
| 151|0x000000008e900000, 0x000000008ea00000, 0x000000008ea00000|100%| E|CS|TAMS 0x000000008e900000, 0x000000008e900000| Complete 
| 152|0x000000008ea00000, 0x000000008eb00000, 0x000000008eb00000|100%| E|CS|TAMS 0x000000008ea00000, 0x000000008ea00000| Complete 
| 153|0x000000008eb00000, 0x000000008ec00000, 0x000000008ec00000|100%| E|CS|TAMS 0x000000008eb00000, 0x000000008eb00000| Complete 
| 154|0x000000008ec00000, 0x000000008ed00000, 0x000000008ed00000|100%| E|CS|TAMS 0x000000008ec00000, 0x000000008ec00000| Complete 
| 155|0x000000008ed00000, 0x000000008ee00000, 0x000000008ee00000|100%| E|CS|TAMS 0x000000008ed00000, 0x000000008ed00000| Complete 

Card table byte_map: [0x0000014216390000,0x0000014216770000] _byte_map_base: 0x0000014215f67000

Marking Bits (Prev, Next): (CMBitMap*) 0x00000142016defa0, (CMBitMap*) 0x00000142016def68
 Prev Bits: [0x0000014218a10000, 0x000001421a8c8000)
 Next Bits: [0x0000014216b50000, 0x0000014218a08000)

Polling page: 0x0000014201470000

Metaspace:

Usage:
  Non-class:     52.51 MB capacity,    52.06 MB (>99%) used,   354.31 KB ( <1%) free+waste,   102.75 KB ( <1%) overhead. 
      Class:      7.11 MB capacity,     6.80 MB ( 96%) used,   265.36 KB (  4%) free+waste,    46.50 KB ( <1%) overhead. 
       Both:     59.61 MB capacity,    58.86 MB ( 99%) used,   619.67 KB (  1%) free+waste,   149.25 KB ( <1%) overhead. 

Virtual space:
  Non-class space:       54.00 MB reserved,      52.70 MB ( 98%) committed 
      Class space:        1.00 GB reserved,       7.13 MB ( <1%) committed 
             Both:        1.05 GB reserved,      59.83 MB (  6%) committed 

Chunk freelists:
   Non-Class:  6.00 KB
       Class:  18.00 KB
        Both:  24.00 KB

MaxMetaspaceSize: 17179869184.00 GB
CompressedClassSpaceSize: 1.00 GB
Initial GC threshold: 20.80 MB
Current GC threshold: 78.26 MB
CDS: off

CodeHeap 'non-profiled nmethods': size=120064Kb used=2783Kb max_used=2783Kb free=117280Kb
 bounds [0x000001420e450000, 0x000001420e710000, 0x0000014215990000]
CodeHeap 'profiled nmethods': size=120000Kb used=15720Kb max_used=15720Kb free=104279Kb
 bounds [0x0000014206f20000, 0x0000014207e80000, 0x000001420e450000]
CodeHeap 'non-nmethods': size=5696Kb used=1296Kb max_used=1336Kb free=4400Kb
 bounds [0x0000014206990000, 0x0000014206c00000, 0x0000014206f20000]
 total_blobs=6809 nmethods=6225 adapters=493
 compilation: enabled
              stopped_count=0, restarted_count=0
 full_count=0

Compilation events (20 events):
Event: 7.517 Thread 0x000001421cf4b000 6252       1       org.jetbrains.kotlin.resolve.scopes.LexicalScopeImpl::getOwnerDescriptor (5 bytes)
Event: 7.517 Thread 0x000001421cf4b000 nmethod 6252 0x000001420e704c90 code [0x000001420e704e40, 0x000001420e704ef8]
Event: 7.517 Thread 0x000001421cf4b000 6253       3       org.jetbrains.kotlin.psi.KtDotQualifiedExpression::getReceiverExpression (31 bytes)
Event: 7.518 Thread 0x000001421d9f1000 nmethod 6251 0x000001420e704f90 code [0x000001420e705140, 0x000001420e705418]
Event: 7.518 Thread 0x000001421cf4b000 nmethod 6253 0x0000014207e60390 code [0x0000014207e605c0, 0x0000014207e60d38]
Event: 7.518 Thread 0x000001421cf4b000 6254       3       org.jetbrains.kotlin.psi.KtQualifiedExpression$DefaultImpls::getReceiverExpression (44 bytes)
Event: 7.519 Thread 0x000001421cf4b000 nmethod 6254 0x0000014207e60f90 code [0x0000014207e61220, 0x0000014207e61bd8]
Event: 7.529 Thread 0x000001421d9f1000 6255       4       kotlin.text.StringsKt__StringsKt::indexOf (48 bytes)
Event: 7.535 Thread 0x000001421d9f1000 nmethod 6255 0x000001420e705610 code [0x000001420e7057c0, 0x000001420e705a28]
Event: 7.536 Thread 0x000001421d9f1000 6256       4       java.lang.ClassLoader::checkName (37 bytes)
Event: 7.537 Thread 0x000001421cf4b000 6257       3       org.jetbrains.kotlin.types.checker.ClassicTypeSystemContext$DefaultImpls::isError (75 bytes)
Event: 7.540 Thread 0x000001421cf4b000 nmethod 6257 0x0000014207e61f90 code [0x0000014207e62340, 0x0000014207e63888]
Event: 7.540 Thread 0x000001421cf4b000 6258       3       org.jetbrains.kotlin.types.checker.SimpleClassicTypeSystemContext::isNotNullTypeParameter (6 bytes)
Event: 7.541 Thread 0x000001421cf4b000 nmethod 6258 0x0000014207e64010 code [0x0000014207e64240, 0x0000014207e64938]
Event: 7.541 Thread 0x000001421cf4b000 6259       3       org.jetbrains.kotlin.resolve.BindingTraceContext$1::get (10 bytes)
Event: 7.541 Thread 0x000001421cf4b000 nmethod 6259 0x0000014207e64b90 code [0x0000014207e64d40, 0x0000014207e64f08]
Event: 7.541 Thread 0x000001421cf4b000 6260       3       org.jetbrains.kotlin.resolve.calls.tower.NewAbstractResolvedCall::getCall (8 bytes)
Event: 7.541 Thread 0x000001421cf4b000 nmethod 6260 0x0000014207e65010 code [0x0000014207e651e0, 0x0000014207e65458]
Event: 7.541 Thread 0x000001421cf4b000 6261       3       org.jetbrains.kotlin.resolve.calls.checkers.CallCheckerContext::getLanguageVersionSettings (14 bytes)
Event: 7.542 Thread 0x000001421cf4b000 nmethod 6261 0x0000014207e65510 code [0x0000014207e656c0, 0x0000014207e65808]

GC Heap History (12 events):
Event: 0.516 GC heap before
{Heap before GC invocations=0 (full 0):
 garbage-first heap   total 126976K, used 18432K [0x0000000085200000, 0x0000000100000000)
  region size 1024K, 14 young (14336K), 0 survivors (0K)
 Metaspace       used 9875K, capacity 9970K, committed 10112K, reserved 1058816K
  class space    used 827K, capacity 853K, committed 896K, reserved 1048576K
}
Event: 0.522 GC heap after
{Heap after GC invocations=1 (full 0):
 garbage-first heap   total 126976K, used 6351K [0x0000000085200000, 0x0000000100000000)
  region size 1024K, 2 young (2048K), 2 survivors (2048K)
 Metaspace       used 9875K, capacity 9970K, committed 10112K, reserved 1058816K
  class space    used 827K, capacity 853K, committed 896K, reserved 1048576K
}
Event: 1.541 GC heap before
{Heap before GC invocations=1 (full 0):
 garbage-first heap   total 126976K, used 54479K [0x0000000085200000, 0x0000000100000000)
  region size 1024K, 50 young (51200K), 2 survivors (2048K)
 Metaspace       used 20948K, capacity 21124K, committed 21248K, reserved 1069056K
  class space    used 2218K, capacity 2303K, committed 2304K, reserved 1048576K
}
Event: 1.553 GC heap after
{Heap after GC invocations=2 (full 0):
 garbage-first heap   total 126976K, used 10926K [0x0000000085200000, 0x0000000100000000)
  region size 1024K, 7 young (7168K), 7 survivors (7168K)
 Metaspace       used 20948K, capacity 21124K, committed 21248K, reserved 1069056K
  class space    used 2218K, capacity 2303K, committed 2304K, reserved 1048576K
}
Event: 2.558 GC heap before
{Heap before GC invocations=3 (full 0):
 garbage-first heap   total 126976K, used 63150K [0x0000000085200000, 0x0000000100000000)
  region size 1024K, 52 young (53248K), 7 survivors (7168K)
 Metaspace       used 31240K, capacity 31681K, committed 31868K, reserved 1077248K
  class space    used 3680K, capacity 3856K, committed 3968K, reserved 1048576K
}
Event: 2.588 GC heap after
{Heap after GC invocations=4 (full 0):
 garbage-first heap   total 126976K, used 23709K [0x0000000085200000, 0x0000000100000000)
  region size 1024K, 7 young (7168K), 7 survivors (7168K)
 Metaspace       used 31240K, capacity 31681K, committed 31868K, reserved 1077248K
  class space    used 3680K, capacity 3856K, committed 3968K, reserved 1048576K
}
Event: 3.003 GC heap before
{Heap before GC invocations=4 (full 0):
 garbage-first heap   total 126976K, used 44189K [0x0000000085200000, 0x0000000100000000)
  region size 1024K, 28 young (28672K), 7 survivors (7168K)
 Metaspace       used 35511K, capacity 35954K, committed 36048K, reserved 1081344K
  class space    used 4357K, capacity 4534K, committed 4608K, reserved 1048576K
}
Event: 3.022 GC heap after
{Heap after GC invocations=5 (full 0):
 garbage-first heap   total 126976K, used 23884K [0x0000000085200000, 0x0000000100000000)
  region size 1024K, 3 young (3072K), 3 survivors (3072K)
 Metaspace       used 35511K, capacity 35954K, committed 36048K, reserved 1081344K
  class space    used 4357K, capacity 4534K, committed 4608K, reserved 1048576K
}
Event: 4.219 GC heap before
{Heap before GC invocations=6 (full 0):
 garbage-first heap   total 126976K, used 76108K [0x0000000085200000, 0x0000000100000000)
  region size 1024K, 54 young (55296K), 3 survivors (3072K)
 Metaspace       used 47005K, capacity 47536K, committed 47696K, reserved 1091584K
  class space    used 5539K, capacity 5746K, committed 5760K, reserved 1048576K
}
Event: 4.238 GC heap after
{Heap after GC invocations=7 (full 0):
 garbage-first heap   total 159744K, used 28064K [0x0000000085200000, 0x0000000100000000)
  region size 1024K, 7 young (7168K), 7 survivors (7168K)
 Metaspace       used 47005K, capacity 47536K, committed 47696K, reserved 1091584K
  class space    used 5539K, capacity 5746K, committed 5760K, reserved 1048576K
}
Event: 5.998 GC heap before
{Heap before GC invocations=8 (full 0):
 garbage-first heap   total 159744K, used 112032K [0x0000000085200000, 0x0000000100000000)
  region size 1024K, 86 young (88064K), 7 survivors (7168K)
 Metaspace       used 54658K, capacity 55256K, committed 55376K, reserved 1097728K
  class space    used 6249K, capacity 6497K, committed 6528K, reserved 1048576K
}
Event: 6.024 GC heap after
{Heap after GC invocations=9 (full 0):
 garbage-first heap   total 159744K, used 39451K [0x0000000085200000, 0x0000000100000000)
  region size 1024K, 11 young (11264K), 11 survivors (11264K)
 Metaspace       used 54658K, capacity 55256K, committed 55376K, reserved 1097728K
  class space    used 6249K, capacity 6497K, committed 6528K, reserved 1048576K
}

Deoptimization events (20 events):
Event: 7.454 Thread 0x00000142016a3000 Uncommon trap: trap_request=0xffffff4d fr.pc=0x000001420e6ffda0 relative=0x0000000000000940
Event: 7.454 Thread 0x00000142016a3000 Uncommon trap: reason=unstable_if action=reinterpret pc=0x000001420e6ffda0 method=org.jetbrains.org.objectweb.asm.ClassReader.<init>([BIZ)V @ 28 c2
Event: 7.454 Thread 0x00000142016a3000 DEOPT PACKING pc=0x000001420e6ffda0 sp=0x00000039604f77f0
Event: 7.454 Thread 0x00000142016a3000 DEOPT UNPACKING pc=0x00000142069da1af sp=0x00000039604f7770 mode 2
Event: 7.507 Thread 0x00000142016a3000 Uncommon trap: trap_request=0xffffff4d fr.pc=0x000001420e58e4bc relative=0x000000000000011c
Event: 7.507 Thread 0x00000142016a3000 Uncommon trap: reason=unstable_if action=reinterpret pc=0x000001420e58e4bc method=org.jetbrains.kotlin.com.intellij.psi.tree.TokenSet.contains(Lorg/jetbrains/kotlin/com/intellij/psi/tree/IElementType;)Z @ 1 c2
Event: 7.507 Thread 0x00000142016a3000 DEOPT PACKING pc=0x000001420e58e4bc sp=0x00000039604fc190
Event: 7.507 Thread 0x00000142016a3000 DEOPT UNPACKING pc=0x00000142069da1af sp=0x00000039604fc148 mode 2
Event: 7.508 Thread 0x00000142016a3000 Uncommon trap: trap_request=0xffffff4d fr.pc=0x000001420e6b8208 relative=0x0000000000001128
Event: 7.508 Thread 0x00000142016a3000 Uncommon trap: reason=unstable_if action=reinterpret pc=0x000001420e6b8208 method=org.jetbrains.kotlin.resolve.DescriptorUtils.getFqNameSafeIfPossible(Lorg/jetbrains/kotlin/descriptors/DeclarationDescriptor;)Lorg/jetbrains/kotlin/name/FqName; @ 12 c2
Event: 7.508 Thread 0x00000142016a3000 DEOPT PACKING pc=0x000001420e6b8208 sp=0x00000039604fc160
Event: 7.508 Thread 0x00000142016a3000 DEOPT UNPACKING pc=0x00000142069da1af sp=0x00000039604fc078 mode 2
Event: 7.508 Thread 0x00000142016a3000 Uncommon trap: trap_request=0xffffff4d fr.pc=0x000001420e698400 relative=0x00000000000006c0
Event: 7.508 Thread 0x00000142016a3000 Uncommon trap: reason=unstable_if action=reinterpret pc=0x000001420e698400 method=org.jetbrains.kotlin.name.FqNameUnsafe.child(Lorg/jetbrains/kotlin/name/Name;)Lorg/jetbrains/kotlin/name/FqNameUnsafe; @ 13 c2
Event: 7.508 Thread 0x00000142016a3000 DEOPT PACKING pc=0x000001420e698400 sp=0x00000039604fc100
Event: 7.508 Thread 0x00000142016a3000 DEOPT UNPACKING pc=0x00000142069da1af sp=0x00000039604fc0c8 mode 2
Event: 7.518 Thread 0x00000142016a3000 Uncommon trap: trap_request=0xffffffc6 fr.pc=0x000001420e6c1920 relative=0x00000000000003a0
Event: 7.518 Thread 0x00000142016a3000 Uncommon trap: reason=bimorphic_or_optimized_type_check action=maybe_recompile pc=0x000001420e6c1920 method=org.jetbrains.kotlin.builtins.KotlinBuiltIns.isUnderKotlinPackage(Lorg/jetbrains/kotlin/descriptors/DeclarationDescriptor;)Z @ 39 c2
Event: 7.518 Thread 0x00000142016a3000 DEOPT PACKING pc=0x000001420e6c1920 sp=0x00000039604fc860
Event: 7.518 Thread 0x00000142016a3000 DEOPT UNPACKING pc=0x00000142069da1af sp=0x00000039604fc808 mode 2

Classes redefined (0 events):
No events

Internal exceptions (20 events):
Event: 2.964 Thread 0x00000142016a3000 Exception <a 'java/lang/NoSuchMethodError'{0x000000008bb154a8}: 'java.lang.Object java.lang.invoke.DirectMethodHandle$Holder.invokeVirtual(java.lang.Object, java.lang.Object, java.lang.Object)'> (0x000000008bb154a8) thrown at [./src/hotspot/share/interpreter/linkResolver.cpp, line 773]
Event: 3.862 Thread 0x00000142016a3000 Exception <a 'java/lang/NoSuchMethodError'{0x000000008a241750}: 'java.lang.Object java.lang.invoke.Invokers$Holder.linkToTargetMethod(java.lang.Object, int, java.lang.Object)'> (0x000000008a241750) thrown at [./src/hotspot/share/interpreter/linkResolver.cpp, line 773]
Event: 3.937 Thread 0x00000142016a3000 Exception <a 'java/lang/NoSuchMethodError'{0x000000008a006568}: 'java.lang.Object java.lang.invoke.DirectMethodHandle$Holder.invokeStatic(java.lang.Object, java.lang.Object, java.lang.Object, int)'> (0x000000008a006568) thrown at [./src/hotspot/share/interpreter/linkResolver.cpp, line 773]
Event: 3.937 Thread 0x00000142016a3000 Exception <a 'java/lang/NoSuchMethodError'{0x000000008a00a1d8}: 'java.lang.Object java.lang.invoke.DirectMethodHandle$Holder.invokeSpecial(java.lang.Object, java.lang.Object, java.lang.Object, java.lang.Object, int)'> (0x000000008a00a1d8) thrown at [./src/hotspot/share/interpreter/linkResolver.cpp, line 773]
Event: 3.938 Thread 0x00000142016a3000 Exception <a 'java/lang/NoSuchMethodError'{0x000000008a00d4e8}: 'java.lang.Object java.lang.invoke.Invokers$Holder.linkToTargetMethod(java.lang.Object, java.lang.Object, int, java.lang.Object)'> (0x000000008a00d4e8) thrown at [./src/hotspot/share/interpreter/linkResolver.cpp, line 773]
Event: 5.085 Thread 0x00000142016a3000 Exception <a 'java/lang/NoSuchMethodError'{0x000000008c0dac50}: 'java.lang.Object java.lang.invoke.DirectMethodHandle$Holder.invokeSpecial(java.lang.Object, java.lang.Object, java.lang.Object, java.lang.Object, java.lang.Object, java.lang.Object, java.lang.Object, java.lang.Object, java.lang.Object)'> (0x000000008c0dac50) thrown at [./src/hotspot/share/interpreter/linkResolver.cpp, line 773]
Event: 5.086 Thread 0x00000142016a3000 Exception <a 'java/lang/NoSuchMethodError'{0x000000008c0dee48}: 'java.lang.Object java.lang.invoke.Invokers$Holder.linkToTargetMethod(java.lang.Object, java.lang.Object, java.lang.Object, java.lang.Object, java.lang.Object, java.lang.Object, java.lang.Object, java.lang.Object)'> (0x000000008c0dee48) thrown at [./src/hotspot/share/interpreter/linkResolver.cpp, line 773]
Event: 5.605 Thread 0x00000142016a3000 Exception <a 'java/lang/NoSuchMethodError'{0x000000008a9acfa8}: 'java.lang.Object java.lang.invoke.DirectMethodHandle$Holder.invokeStaticInit(java.lang.Object, java.lang.Object, java.lang.Object)'> (0x000000008a9acfa8) thrown at [./src/hotspot/share/interpreter/linkResolver.cpp, line 773]
Event: 5.616 Thread 0x00000142016a3000 Exception <a 'java/lang/NoSuchMethodError'{0x000000008a9ec5a0}: 'java.lang.Object java.lang.invoke.DirectMethodHandle$Holder.invokeStatic(java.lang.Object, int, java.lang.Object, java.lang.Object)'> (0x000000008a9ec5a0) thrown at [./src/hotspot/share/interpreter/linkResolver.cpp, line 773]
Event: 5.617 Thread 0x00000142016a3000 Exception <a 'java/lang/NoSuchMethodError'{0x000000008a9f9b68}: 'int java.lang.invoke.DirectMethodHandle$Holder.invokeInterface(java.lang.Object, java.lang.Object)'> (0x000000008a9f9b68) thrown at [./src/hotspot/share/interpreter/linkResolver.cpp, line 773]
Event: 5.692 Thread 0x00000142016a3000 Implicit null exception at 0x000001420e4f50f5 to 0x000001420e4f52c8
Event: 5.693 Thread 0x00000142016a3000 Implicit null exception at 0x000001420e4bff2f to 0x000001420e4bff9d
Event: 7.109 Thread 0x00000142016a3000 Exception <a 'java/lang/NoSuchMethodError'{0x000000008ba72a48}: 'java.lang.Object java.lang.invoke.Invokers$Holder.linkToTargetMethod(java.lang.Object, java.lang.Object, java.lang.Object, int, int, java.lang.Object)'> (0x000000008ba72a48) thrown at [./src/hotspot/share/interpreter/linkResolver.cpp, line 773]
Event: 7.133 Thread 0x00000142016a3000 Exception <a 'java/lang/NoSuchMethodError'{0x000000008b908350}: 'java.lang.Object java.lang.invoke.Invokers$Holder.linkToTargetMethod(java.lang.Object, java.lang.Object, java.lang.Object, java.lang.Object, java.lang.Object, java.lang.Object)'> (0x000000008b908350) thrown at [./src/hotspot/share/interpreter/linkResolver.cpp, line 773]
Event: 7.219 Thread 0x00000142016a3000 Exception <a 'java/lang/NoSuchMethodError'{0x000000008b6893c8}: 'int java.lang.invoke.DirectMethodHandle$Holder.invokeVirtual(java.lang.Object, java.lang.Object, java.lang.Object)'> (0x000000008b6893c8) thrown at [./src/hotspot/share/interpreter/linkResolver.cpp, line 773]
Event: 7.351 Thread 0x00000142016a3000 Exception <a 'java/lang/NoSuchMethodError'{0x000000008b274260}: 'java.lang.Object java.lang.invoke.DirectMethodHandle$Holder.invokeSpecial(java.lang.Object, java.lang.Object, java.lang.Object, java.lang.Object, java.lang.Object, int)'> (0x000000008b274260) thrown at [./src/hotspot/share/interpreter/linkResolver.cpp, line 773]
Event: 7.351 Thread 0x00000142016a3000 Exception <a 'java/lang/NoSuchMethodError'{0x000000008b2780a8}: 'java.lang.Object java.lang.invoke.Invokers$Holder.linkToTargetMethod(java.lang.Object, java.lang.Object, java.lang.Object, int, java.lang.Object)'> (0x000000008b2780a8) thrown at [./src/hotspot/share/interpreter/linkResolver.cpp, line 773]
Event: 7.408 Thread 0x00000142016a3000 Exception <a 'java/lang/NoSuchMethodError'{0x000000008b078740}: 'void java.lang.invoke.DirectMethodHandle$Holder.invokeInterface(java.lang.Object, java.lang.Object)'> (0x000000008b078740) thrown at [./src/hotspot/share/interpreter/linkResolver.cpp, line 773]
Event: 7.491 Thread 0x00000142016a3000 Exception <a 'java/lang/IncompatibleClassChangeError'{0x000000008ae2a090}: Found class java.lang.Object, but interface was expected> (0x000000008ae2a090) thrown at [./src/hotspot/share/interpreter/linkResolver.cpp, line 839]
Event: 7.507 Thread 0x00000142016a3000 Implicit null exception at 0x000001420e58e3cc to 0x000001420e58e4a8

Events (20 events):
Event: 7.535 loading class org/jetbrains/kotlin/resolve/ImplicitIntegerCoercion
Event: 7.535 loading class org/jetbrains/kotlin/resolve/ImplicitIntegerCoercion done
Event: 7.536 loading class org/jetbrains/kotlin/resolve/ImplicitIntegerCoercionKt
Event: 7.536 loading class org/jetbrains/kotlin/resolve/ImplicitIntegerCoercionKt done
Event: 7.536 loading class org/jetbrains/kotlin/types/UnwrappedType
Event: 7.536 loading class org/jetbrains/kotlin/types/UnwrappedType done
Event: 7.537 loading class org/jetbrains/kotlin/types/UnwrappedType
Event: 7.537 loading class org/jetbrains/kotlin/types/UnwrappedType done
Event: 7.537 loading class kotlin/jvm/functions/Function1
Event: 7.537 loading class kotlin/jvm/functions/Function1 done
Event: 7.537 loading class org/jetbrains/kotlin/load/java/typeEnhancement/EnhancedTypeAnnotationDescriptor
Event: 7.537 loading class org/jetbrains/kotlin/load/java/typeEnhancement/EnhancedTypeAnnotationDescriptor done
Event: 7.538 loading class org/jetbrains/kotlin/types/error/ErrorUtils$containsUninferredTypeVariable$1
Event: 7.538 loading class org/jetbrains/kotlin/types/error/ErrorUtils$containsUninferredTypeVariable$1 done
Event: 7.538 loading class org/jetbrains/kotlin/resolve/jvm/checkers/JavaNullabilityChecker$findTypeParameterWithWrongBoundsNullability$typeState$1
Event: 7.538 loading class org/jetbrains/kotlin/resolve/jvm/checkers/JavaNullabilityChecker$findTypeParameterWithWrongBoundsNullability$typeState$1 done
Event: 7.539 Executing VM operation: Deoptimize
Event: 7.540 Executing VM operation: Deoptimize done
Event: 7.540 loading class org/jetbrains/kotlin/coroutines/CoroutineUtilKt
Event: 7.540 loading class org/jetbrains/kotlin/coroutines/CoroutineUtilKt done


Dynamic libraries:
0x00007ff703640000 - 0x00007ff70364a000 	C:\Program Files\Android\Android Studio\jre\bin\java.exe
0x00007ffc5c550000 - 0x00007ffc5c748000 	C:\WINDOWS\SYSTEM32\ntdll.dll
0x00007ffc5b5c0000 - 0x00007ffc5b67f000 	C:\WINDOWS\System32\KERNEL32.DLL
0x00007ffc5a090000 - 0x00007ffc5a362000 	C:\WINDOWS\System32\KERNELBASE.dll
0x00007ffc5a430000 - 0x00007ffc5a530000 	C:\WINDOWS\System32\ucrtbase.dll
0x00007ffc521d0000 - 0x00007ffc521e7000 	C:\Program Files\Android\Android Studio\jre\bin\VCRUNTIME140.dll
0x00007ffc53db0000 - 0x00007ffc53dc9000 	C:\Program Files\Android\Android Studio\jre\bin\jli.dll
0x00007ffc5ab40000 - 0x00007ffc5acdd000 	C:\WINDOWS\System32\USER32.dll
0x00007ffc47df0000 - 0x00007ffc4808a000 	C:\WINDOWS\WinSxS\amd64_microsoft.windows.common-controls_6595b64144ccf1df_6.0.19041.1110_none_60b5254171f9507e\COMCTL32.dll
0x00007ffc5a060000 - 0x00007ffc5a082000 	C:\WINDOWS\System32\win32u.dll
0x00007ffc5a840000 - 0x00007ffc5a8de000 	C:\WINDOWS\System32\msvcrt.dll
0x00007ffc5b780000 - 0x00007ffc5b7ab000 	C:\WINDOWS\System32\GDI32.dll
0x00007ffc59c50000 - 0x00007ffc59d5f000 	C:\WINDOWS\System32\gdi32full.dll
0x00007ffc59fc0000 - 0x00007ffc5a05d000 	C:\WINDOWS\System32\msvcp_win.dll
0x00007ffc5b720000 - 0x00007ffc5b752000 	C:\WINDOWS\System32\IMM32.DLL
0x00007ffc249a0000 - 0x00007ffc24a3d000 	C:\Program Files\Android\Android Studio\jre\bin\msvcp140.dll
0x00007ffc14c90000 - 0x00007ffc15792000 	C:\Program Files\Android\Android Studio\jre\bin\server\jvm.dll
0x00007ffc5bb10000 - 0x00007ffc5bbbe000 	C:\WINDOWS\System32\ADVAPI32.dll
0x00007ffc5b680000 - 0x00007ffc5b71c000 	C:\WINDOWS\System32\sechost.dll
0x00007ffc5a8e0000 - 0x00007ffc5aa05000 	C:\WINDOWS\System32\RPCRT4.dll
0x00007ffc5c310000 - 0x00007ffc5c318000 	C:\WINDOWS\System32\PSAPI.DLL
0x00007ffc582d0000 - 0x00007ffc582f7000 	C:\WINDOWS\SYSTEM32\WINMM.dll
0x00007ffc462f0000 - 0x00007ffc462f9000 	C:\WINDOWS\SYSTEM32\WSOCK32.dll
0x00007ffc5c320000 - 0x00007ffc5c38b000 	C:\WINDOWS\System32\WS2_32.dll
0x00007ffc58300000 - 0x00007ffc5830a000 	C:\WINDOWS\SYSTEM32\VERSION.dll
0x00007ffc584d0000 - 0x00007ffc584e2000 	C:\WINDOWS\SYSTEM32\kernel.appcore.dll
0x00007ffc54110000 - 0x00007ffc54121000 	C:\Program Files\Android\Android Studio\jre\bin\verify.dll
0x00007ffc580e0000 - 0x00007ffc582c4000 	C:\WINDOWS\SYSTEM32\DBGHELP.DLL
0x00007ffc580b0000 - 0x00007ffc580dc000 	C:\WINDOWS\SYSTEM32\dbgcore.DLL
0x00007ffc5a370000 - 0x00007ffc5a3f2000 	C:\WINDOWS\System32\bcryptPrimitives.dll
0x00007ffc53d00000 - 0x00007ffc53d29000 	C:\Program Files\Android\Android Studio\jre\bin\java.dll
0x00007ffc53cf0000 - 0x00007ffc53cfb000 	C:\Program Files\Android\Android Studio\jre\bin\jimage.dll
0x00007ffc53cd0000 - 0x00007ffc53ce8000 	C:\Program Files\Android\Android Studio\jre\bin\zip.dll
0x00007ffc5bbc0000 - 0x00007ffc5c303000 	C:\WINDOWS\System32\SHELL32.dll
0x00007ffc57900000 - 0x00007ffc58092000 	C:\WINDOWS\SYSTEM32\windows.storage.dll
0x00007ffc5b7b0000 - 0x00007ffc5bb04000 	C:\WINDOWS\System32\combase.dll
0x00007ffc596b0000 - 0x00007ffc596e0000 	C:\WINDOWS\SYSTEM32\Wldp.dll
0x00007ffc5b480000 - 0x00007ffc5b52d000 	C:\WINDOWS\System32\SHCORE.dll
0x00007ffc5b150000 - 0x00007ffc5b1a5000 	C:\WINDOWS\System32\shlwapi.dll
0x00007ffc59b90000 - 0x00007ffc59baf000 	C:\WINDOWS\SYSTEM32\profapi.dll
0x00007ffc52f90000 - 0x00007ffc52faa000 	C:\Program Files\Android\Android Studio\jre\bin\net.dll
0x00007ffc48e80000 - 0x00007ffc48f8c000 	C:\WINDOWS\SYSTEM32\WINHTTP.dll
0x00007ffc59410000 - 0x00007ffc5947a000 	C:\WINDOWS\system32\mswsock.dll
0x00007ffc52640000 - 0x00007ffc52654000 	C:\Program Files\Android\Android Studio\jre\bin\nio.dll

dbghelp: loaded successfully - version: 4.0.5 - missing functions: none
symbol engine: initialized successfully - sym options: 0x614 - pdb path: .;C:\Program Files\Android\Android Studio\jre\bin;C:\WINDOWS\SYSTEM32;C:\WINDOWS\WinSxS\amd64_microsoft.windows.common-controls_6595b64144ccf1df_6.0.19041.1110_none_60b5254171f9507e;C:\Program Files\Android\Android Studio\jre\bin\server

VM Arguments:
java_command: org.jetbrains.kotlin.cli.jvm.K2JVMCompiler @C:\Users\hp\AndroidStudioProjects\splashscreen2\app\build\20230121_8752749332045883479.compiler.options
java_class_path (initial): C:\Users\hp\.gradle\caches\modules-2\files-2.1\org.jetbrains.kotlin\kotlin-compiler-embeddable\1.7.20\8db18559a581dd2c36ddfd5046af145650f5b126\kotlin-compiler-embeddable-1.7.20.jar;C:\Users\hp\.gradle\caches\modules-2\files-2.1\org.jetbrains.kotlin\kotlin-reflect\1.7.20\12b2501e33bb6373e8e347c86d85481863629381\kotlin-reflect-1.7.20.jar;C:\Users\hp\.gradle\caches\modules-2\files-2.1\org.jetbrains.kotlin\kotlin-stdlib\1.7.20\726594ea9ba2beb2ee113647fefa9a10f9fabe52\kotlin-stdlib-1.7.20.jar;C:\Users\hp\.gradle\caches\modules-2\files-2.1\org.jetbrains.kotlin\kotlin-script-runtime\1.7.20\bcd1cc6f865e632550357fcc59f5ffd532615a8\kotlin-script-runtime-1.7.20.jar;C:\Users\hp\.gradle\caches\modules-2\files-2.1\org.jetbrains.kotlin\kotlin-daemon-embeddable\1.7.20\1e24355adad8d529d75d5b19eab55484057431ba\kotlin-daemon-embeddable-1.7.20.jar;C:\Users\hp\.gradle\caches\modules-2\files-2.1\org.jetbrains.intellij.deps\trove4j\1.0.20200330\3afb14d5f9ceb459d724e907a21145e8ff394f02\trove4j-1.0.20200330.jar;C:\Users\hp\.gradle\caches\modules-2\files-2.1\net.java.dev.jna\jna\5.6.0\330f2244e9030119ab3030fc3fededc86713d9cc\jna-5.6.0.jar;C:\Users\hp\.gradle\caches\modules-2\files-2.1\org.jetbrains.kotlin\kotlin-stdlib-common\1.7.20\e15351bdaf9fa06f009be5da7a202e4184f00ae3\kotlin-stdlib-common-1.7.20.jar;C:\Users\hp\.gradle\caches\modules-2\files-2.1\org.jetbrains\annotations\13.0\919f0dfe192fb4e063e7dacadee7f8bb9a2672a9\annotations-13.0.jar
Launcher Type: SUN_STANDARD

[Global flags]
     intx CICompilerCount                          = 3                                         {product} {ergonomic}
     uint ConcGCThreads                            = 1                                         {product} {ergonomic}
     uint G1ConcRefinementThreads                  = 4                                         {product} {ergonomic}
   size_t G1HeapRegionSize                         = 1048576                                   {product} {ergonomic}
    uintx GCDrainStackTargetSize                   = 64                                        {product} {ergonomic}
   size_t InitialHeapSize                          = 130023424                                 {product} {ergonomic}
   size_t MarkStackSize                            = 4194304                                   {product} {ergonomic}
   size_t MaxHeapSize                              = 2061500416                                {product} {ergonomic}
   size_t MaxNewSize                               = 1236271104                                {product} {ergonomic}
   size_t MinHeapDeltaBytes                        = 1048576                                   {product} {ergonomic}
    uintx NonNMethodCodeHeapSize                   = 5830732                                {pd product} {ergonomic}
    uintx NonProfiledCodeHeapSize                  = 122913754                              {pd product} {ergonomic}
    uintx ProfiledCodeHeapSize                     = 122913754                              {pd product} {ergonomic}
    uintx ReservedCodeCacheSize                    = 251658240                              {pd product} {ergonomic}
     bool SegmentedCodeCache                       = true                                      {product} {ergonomic}
     bool UseCompressedClassPointers               = true                                 {lp64_product} {ergonomic}
     bool UseCompressedOops                        = true                                 {lp64_product} {ergonomic}
     bool UseG1GC                                  = true                                      {product} {ergonomic}
     bool UseLargePagesIndividualAllocation        = false                                  {pd product} {ergonomic}

Logging:
Log output configuration:
 #0: stdout all=warning uptime,level,tags
 #1: stderr all=off uptime,level,tags

Environment Variables:
JAVA_HOME=C:\Program Files\OpenJDK\openjdk-11.0.16_8
PATH=C:\Program Files\Common Files\Oracle\Java\javapath;C:\WINDOWS\system32;C:\WINDOWS;C:\WINDOWS\System32\Wbem;C:\WINDOWS\System32\WindowsPowerShell\v1.0\;C:\WINDOWS\System32\OpenSSH\;C:\Program Files (x86)\Java\jre1.8.0_251\bin;C:\Program Files\Java\jdk-15.0.1\bin;C:\Program Files\swipl\bin;C:\Program Files\dotnet\;C:\Users\hp\Downloads\FLEX_BISON-20211126\win_flex_bison-latest\win_flex_bison-latest;C:\Program Files\Git\cmd;C:\ProgramData\chocolatey\bin;C:\Program Files\OpenJDK\openjdk-11.0.16_8\bin;C:\Program Files\MongoDB\Server\6.0\bin;C:\Program Files\nodejs\;C:\Program Files\MySQL\MySQL Shell 8.0\bin\;C:\Users\hp\AppData\Local\Programs\Python\Python310\Scripts\;C:\Users\hp\AppData\Local\Programs\Python\Python310\;C:\Users\hp\AppData\Local\Microsoft\WindowsApps;D:\Software\softwares\flutter\bin;D:\Software\softwares;C:\Users\hp\AppData\Local\Programs\Microsoft VS Code\bin;C:\MinGW\bin;C:\Program Files (x86)\OpenVPN\bin;C:\Users\hp\.dotnet\tools;C:\Users\hp\Downloads\FLEX_BISON-20211126\win_flex_bison-latest\win_flex_bison-latest;C:\Users\hp\AppData\Local\GitHubDesktop\bin;C:\Users\hp\AppData\Roaming\npm;C:\flutter_windows_3.3.5-stable\flutter\bin;
USERNAME=hp
OS=Windows_NT
PROCESSOR_IDENTIFIER=Intel64 Family 6 Model 78 Stepping 3, GenuineIntel



---------------  S Y S T E M  ---------------

OS: Windows 10 , 64 bit Build 19041 (10.0.19041.2251)
OS uptime: 1 days 12:16 hours

CPU:total 4 (initial active 4) (2 cores per cpu, 2 threads per core) family 6 model 78 stepping 3 microcode 0xcc, cmov, cx8, fxsr, mmx, sse, sse2, sse3, ssse3, sse4.1, sse4.2, popcnt, avx, avx2, aes, clmul, erms, rtm, 3dnowpref, lzcnt, ht, tsc, tscinvbit, bmi1, bmi2, adx, fma

Memory: 4k page, system-wide physical 7861M (795M free)
TotalPageFile size 9909M (AvailPageFile size 5M)
current process WorkingSet (physical memory assigned to process): 296M, peak: 296M
current process commit charge ("private bytes"): 356M, peak: 357M

vm_info: OpenJDK 64-Bit Server VM (11.0.13+0-b1751.21-8125866) for windows-amd64 JRE (11.0.13+0-b1751.21-8125866), built on Feb  2 2022 03:00:22 by "builder" with MS VC++ 14.0 (VS2015)

END.
