#
# There is insufficient memory for the Java Runtime Environment to continue.
# Native memory allocation (malloc) failed to allocate 808 bytes for AllocateHeap
# Possible reasons:
#   The system is out of physical RAM or swap space
#   The process is running with CompressedOops enabled, and the Java Heap may be blocking the growth of the native heap
# Possible solutions:
#   Reduce memory load on the system
#   Increase physical memory or swap space
#   Check if swap backing store is full
#   Decrease Java heap size (-Xmx/-Xms)
#   Decrease number of Java threads
#   Decrease Java thread stack sizes (-Xss)
#   Set larger code cache with -XX:ReservedCodeCacheSize=
#   JVM is running with Unscaled Compressed Oops mode in which the Java heap is
#     placed in the first 4GB address space. The Java Heap base address is the
#     maximum limit for the native heap growth. Please use -XX:HeapBaseMinAddress
#     to set the Java Heap base and to place the Java Heap above 4GB virtual address.
# This output file may be truncated or incomplete.
#
#  Out of Memory Error (./src/hotspot/share/memory/allocation.cpp:46), pid=6472, tid=12676
#
# JRE version: OpenJDK Runtime Environment (11.0.13) (build 11.0.13+0-b1751.21-8125866)
# Java VM: OpenJDK 64-Bit Server VM (11.0.13+0-b1751.21-8125866, mixed mode, tiered, compressed oops, g1 gc, windows-amd64)
# No core dump will be written. Minidumps are not enabled by default on client versions of Windows
#

---------------  S U M M A R Y ------------

Command Line: org.jetbrains.kotlin.cli.jvm.K2JVMCompiler @C:\Users\hp\AndroidStudioProjects\splashscreen2\app\build\20230119_16365010584435292785.compiler.options

Host: Intel(R) Core(TM) i5-6300U CPU @ 2.40GHz, 4 cores, 7G,  Windows 10 , 64 bit Build 19041 (10.0.19041.2251)
Time: Thu Jan 19 21:33:45 2023 Pakistan Standard Time elapsed time: 0.123341 seconds (0d 0h 0m 0s)

---------------  T H R E A D  ---------------

Current thread (0x0000022dbc41c000):  JavaThread "main" [_thread_in_vm, id=12676, stack(0x000000d6d3100000,0x000000d6d3200000)]

Stack: [0x000000d6d3100000,0x000000d6d3200000]
Native frames: (J=compiled Java code, j=interpreted, Vv=VM code, C=native code)
V  [jvm.dll+0x6100fa]
V  [jvm.dll+0x747090]
V  [jvm.dll+0x7486ad]
V  [jvm.dll+0x748d83]
V  [jvm.dll+0x24ab48]
V  [jvm.dll+0xb7984]
V  [jvm.dll+0x5d73e2]
V  [jvm.dll+0x5d8b3a]
V  [jvm.dll+0x3f5b6e]
C  0x0000022dbff4f6d7

Java frames: (J=compiled Java code, j=interpreted, Vv=VM code)
j  java.lang.Module.addReads0(Ljava/lang/Module;Ljava/lang/Module;)V+0 java.base@11.0.13
j  java.lang.Module.defineModules(Ljava/lang/module/Configuration;Ljava/util/function/Function;Ljava/lang/ModuleLayer;)Ljava/util/Map;+619 java.base@11.0.13
j  java.lang.ModuleLayer.<init>(Ljava/lang/module/Configuration;Ljava/util/List;Ljava/util/function/Function;)V+34 java.base@11.0.13
j  java.lang.ModuleLayer.defineModules(Ljava/lang/module/Configuration;Ljava/util/List;Ljava/util/function/Function;)Ljava/lang/ModuleLayer$Controller;+40 java.base@11.0.13
j  java.lang.ModuleLayer.defineModules(Ljava/lang/module/Configuration;Ljava/util/function/Function;)Ljava/lang/ModuleLayer;+6 java.base@11.0.13
j  jdk.internal.module.ModuleBootstrap.boot()Ljava/lang/ModuleLayer;+1201 java.base@11.0.13
j  java.lang.System.initPhase2(ZZ)I+0 java.base@11.0.13
v  ~StubRoutines::call_stub

---------------  P R O C E S S  ---------------

Threads class SMR info:
_java_thread_list=0x0000022dd5d6a700, length=9, elements={
0x0000022dbc41c000, 0x0000022dd5d49000, 0x0000022dd5d52000, 0x0000022dd5d65800,
0x0000022dd5d67000, 0x0000022dd5d69000, 0x0000022dd5d72800, 0x0000022dd5d7b800,
0x0000022dd5d7d000
}

Java Threads: ( => current thread )
=>0x0000022dbc41c000 JavaThread "main" [_thread_in_vm, id=12676, stack(0x000000d6d3100000,0x000000d6d3200000)]
  0x0000022dd5d49000 JavaThread "Reference Handler" daemon [_thread_blocked, id=3420, stack(0x000000d6d3800000,0x000000d6d3900000)]
  0x0000022dd5d52000 JavaThread "Finalizer" daemon [_thread_blocked, id=12156, stack(0x000000d6d3900000,0x000000d6d3a00000)]
  0x0000022dd5d65800 JavaThread "Signal Dispatcher" daemon [_thread_blocked, id=16436, stack(0x000000d6d3a00000,0x000000d6d3b00000)]
  0x0000022dd5d67000 JavaThread "Attach Listener" daemon [_thread_blocked, id=8940, stack(0x000000d6d3b00000,0x000000d6d3c00000)]
  0x0000022dd5d69000 JavaThread "Service Thread" daemon [_thread_blocked, id=1868, stack(0x000000d6d3c00000,0x000000d6d3d00000)]
  0x0000022dd5d72800 JavaThread "C2 CompilerThread0" daemon [_thread_blocked, id=16248, stack(0x000000d6d3d00000,0x000000d6d3e00000)]
  0x0000022dd5d7b800 JavaThread "C1 CompilerThread0" daemon [_thread_blocked, id=8572, stack(0x000000d6d3e00000,0x000000d6d3f00000)]
  0x0000022dd5d7d000 JavaThread "Sweeper thread" daemon [_thread_blocked, id=6976, stack(0x000000d6d3f00000,0x000000d6d4000000)]

Other Threads:
  0x0000022dd5d22000 VMThread "VM Thread" [stack: 0x000000d6d3700000,0x000000d6d3800000] [id=17392]
  0x0000022dbc435000 GCTaskThread "GC Thread#0" [stack: 0x000000d6d3200000,0x000000d6d3300000] [id=8832]
  0x0000022dbc464800 ConcurrentGCThread "G1 Main Marker" [stack: 0x000000d6d3300000,0x000000d6d3400000] [id=16144]
  0x0000022dbc467000 ConcurrentGCThread "G1 Conc#0" [stack: 0x000000d6d3400000,0x000000d6d3500000] [id=11096]
  0x0000022dbc4e8800 ConcurrentGCThread "G1 Refine#0" [stack: 0x000000d6d3500000,0x000000d6d3600000] [id=8384]
  0x0000022dbc4e9800 ConcurrentGCThread "G1 Young RemSet Sampling" [stack: 0x000000d6d3600000,0x000000d6d3700000] [id=16252]

Threads with active compile tasks:

VM state:not at safepoint (normal execution)

VM Mutex/Monitor currently owned by a thread:  ([mutex/lock_event])
[0x0000022dbc4165f0] Module_lock - owner thread: 0x0000022dbc41c000

Heap address: 0x0000000085200000, size: 1966 MB, Compressed Oops mode: 32-bit
Narrow klass base: 0x0000000000000000, Narrow klass shift: 3
Compressed class space size: 1073741824 Address: 0x0000000100000000

Heap:
 garbage-first heap   total 126976K, used 0K [0x0000000085200000, 0x0000000100000000)
  region size 1024K, 1 young (1024K), 0 survivors (0K)
 Metaspace       used 3113K, capacity 3272K, committed 3456K, reserved 1064960K
  class space    used 260K, capacity 384K, committed 384K, reserved 1048576K
Heap Regions: E=young(eden), S=young(survivor), O=old, HS=humongous(starts), HC=humongous(continues), CS=collection set, F=free, A=archive, TAMS=top-at-mark-start (previous, next)
|   0|0x0000000085200000, 0x0000000085200000, 0x0000000085300000|  0%| F|  |TAMS 0x0000000085200000, 0x0000000085200000| Untracked 
|   1|0x0000000085300000, 0x0000000085300000, 0x0000000085400000|  0%| F|  |TAMS 0x0000000085300000, 0x0000000085300000| Untracked 
|   2|0x0000000085400000, 0x0000000085400000, 0x0000000085500000|  0%| F|  |TAMS 0x0000000085400000, 0x0000000085400000| Untracked 
|   3|0x0000000085500000, 0x0000000085500000, 0x0000000085600000|  0%| F|  |TAMS 0x0000000085500000, 0x0000000085500000| Untracked 
|   4|0x0000000085600000, 0x0000000085600000, 0x0000000085700000|  0%| F|  |TAMS 0x0000000085600000, 0x0000000085600000| Untracked 
|   5|0x0000000085700000, 0x0000000085700000, 0x0000000085800000|  0%| F|  |TAMS 0x0000000085700000, 0x0000000085700000| Untracked 
|   6|0x0000000085800000, 0x0000000085800000, 0x0000000085900000|  0%| F|  |TAMS 0x0000000085800000, 0x0000000085800000| Untracked 
|   7|0x0000000085900000, 0x0000000085900000, 0x0000000085a00000|  0%| F|  |TAMS 0x0000000085900000, 0x0000000085900000| Untracked 
|   8|0x0000000085a00000, 0x0000000085a00000, 0x0000000085b00000|  0%| F|  |TAMS 0x0000000085a00000, 0x0000000085a00000| Untracked 
|   9|0x0000000085b00000, 0x0000000085b00000, 0x0000000085c00000|  0%| F|  |TAMS 0x0000000085b00000, 0x0000000085b00000| Untracked 
|  10|0x0000000085c00000, 0x0000000085c00000, 0x0000000085d00000|  0%| F|  |TAMS 0x0000000085c00000, 0x0000000085c00000| Untracked 
|  11|0x0000000085d00000, 0x0000000085d00000, 0x0000000085e00000|  0%| F|  |TAMS 0x0000000085d00000, 0x0000000085d00000| Untracked 
|  12|0x0000000085e00000, 0x0000000085e00000, 0x0000000085f00000|  0%| F|  |TAMS 0x0000000085e00000, 0x0000000085e00000| Untracked 
|  13|0x0000000085f00000, 0x0000000085f00000, 0x0000000086000000|  0%| F|  |TAMS 0x0000000085f00000, 0x0000000085f00000| Untracked 
|  14|0x0000000086000000, 0x0000000086000000, 0x0000000086100000|  0%| F|  |TAMS 0x0000000086000000, 0x0000000086000000| Untracked 
|  15|0x0000000086100000, 0x0000000086100000, 0x0000000086200000|  0%| F|  |TAMS 0x0000000086100000, 0x0000000086100000| Untracked 
|  16|0x0000000086200000, 0x0000000086200000, 0x0000000086300000|  0%| F|  |TAMS 0x0000000086200000, 0x0000000086200000| Untracked 
|  17|0x0000000086300000, 0x0000000086300000, 0x0000000086400000|  0%| F|  |TAMS 0x0000000086300000, 0x0000000086300000| Untracked 
|  18|0x0000000086400000, 0x0000000086400000, 0x0000000086500000|  0%| F|  |TAMS 0x0000000086400000, 0x0000000086400000| Untracked 
|  19|0x0000000086500000, 0x0000000086500000, 0x0000000086600000|  0%| F|  |TAMS 0x0000000086500000, 0x0000000086500000| Untracked 
|  20|0x0000000086600000, 0x0000000086600000, 0x0000000086700000|  0%| F|  |TAMS 0x0000000086600000, 0x0000000086600000| Untracked 
|  21|0x0000000086700000, 0x0000000086700000, 0x0000000086800000|  0%| F|  |TAMS 0x0000000086700000, 0x0000000086700000| Untracked 
|  22|0x0000000086800000, 0x0000000086800000, 0x0000000086900000|  0%| F|  |TAMS 0x0000000086800000, 0x0000000086800000| Untracked 
|  23|0x0000000086900000, 0x0000000086900000, 0x0000000086a00000|  0%| F|  |TAMS 0x0000000086900000, 0x0000000086900000| Untracked 
|  24|0x0000000086a00000, 0x0000000086a00000, 0x0000000086b00000|  0%| F|  |TAMS 0x0000000086a00000, 0x0000000086a00000| Untracked 
|  25|0x0000000086b00000, 0x0000000086b00000, 0x0000000086c00000|  0%| F|  |TAMS 0x0000000086b00000, 0x0000000086b00000| Untracked 
|  26|0x0000000086c00000, 0x0000000086c00000, 0x0000000086d00000|  0%| F|  |TAMS 0x0000000086c00000, 0x0000000086c00000| Untracked 
|  27|0x0000000086d00000, 0x0000000086d00000, 0x0000000086e00000|  0%| F|  |TAMS 0x0000000086d00000, 0x0000000086d00000| Untracked 
|  28|0x0000000086e00000, 0x0000000086e00000, 0x0000000086f00000|  0%| F|  |TAMS 0x0000000086e00000, 0x0000000086e00000| Untracked 
|  29|0x0000000086f00000, 0x0000000086f00000, 0x0000000087000000|  0%| F|  |TAMS 0x0000000086f00000, 0x0000000086f00000| Untracked 
|  30|0x0000000087000000, 0x0000000087000000, 0x0000000087100000|  0%| F|  |TAMS 0x0000000087000000, 0x0000000087000000| Untracked 
|  31|0x0000000087100000, 0x0000000087100000, 0x0000000087200000|  0%| F|  |TAMS 0x0000000087100000, 0x0000000087100000| Untracked 
|  32|0x0000000087200000, 0x0000000087200000, 0x0000000087300000|  0%| F|  |TAMS 0x0000000087200000, 0x0000000087200000| Untracked 
|  33|0x0000000087300000, 0x0000000087300000, 0x0000000087400000|  0%| F|  |TAMS 0x0000000087300000, 0x0000000087300000| Untracked 
|  34|0x0000000087400000, 0x0000000087400000, 0x0000000087500000|  0%| F|  |TAMS 0x0000000087400000, 0x0000000087400000| Untracked 
|  35|0x0000000087500000, 0x0000000087500000, 0x0000000087600000|  0%| F|  |TAMS 0x0000000087500000, 0x0000000087500000| Untracked 
|  36|0x0000000087600000, 0x0000000087600000, 0x0000000087700000|  0%| F|  |TAMS 0x0000000087600000, 0x0000000087600000| Untracked 
|  37|0x0000000087700000, 0x0000000087700000, 0x0000000087800000|  0%| F|  |TAMS 0x0000000087700000, 0x0000000087700000| Untracked 
|  38|0x0000000087800000, 0x0000000087800000, 0x0000000087900000|  0%| F|  |TAMS 0x0000000087800000, 0x0000000087800000| Untracked 
|  39|0x0000000087900000, 0x0000000087900000, 0x0000000087a00000|  0%| F|  |TAMS 0x0000000087900000, 0x0000000087900000| Untracked 
|  40|0x0000000087a00000, 0x0000000087a00000, 0x0000000087b00000|  0%| F|  |TAMS 0x0000000087a00000, 0x0000000087a00000| Untracked 
|  41|0x0000000087b00000, 0x0000000087b00000, 0x0000000087c00000|  0%| F|  |TAMS 0x0000000087b00000, 0x0000000087b00000| Untracked 
|  42|0x0000000087c00000, 0x0000000087c00000, 0x0000000087d00000|  0%| F|  |TAMS 0x0000000087c00000, 0x0000000087c00000| Untracked 
|  43|0x0000000087d00000, 0x0000000087d00000, 0x0000000087e00000|  0%| F|  |TAMS 0x0000000087d00000, 0x0000000087d00000| Untracked 
|  44|0x0000000087e00000, 0x0000000087e00000, 0x0000000087f00000|  0%| F|  |TAMS 0x0000000087e00000, 0x0000000087e00000| Untracked 
|  45|0x0000000087f00000, 0x0000000087f00000, 0x0000000088000000|  0%| F|  |TAMS 0x0000000087f00000, 0x0000000087f00000| Untracked 
|  46|0x0000000088000000, 0x0000000088000000, 0x0000000088100000|  0%| F|  |TAMS 0x0000000088000000, 0x0000000088000000| Untracked 
|  47|0x0000000088100000, 0x0000000088100000, 0x0000000088200000|  0%| F|  |TAMS 0x0000000088100000, 0x0000000088100000| Untracked 
|  48|0x0000000088200000, 0x0000000088200000, 0x0000000088300000|  0%| F|  |TAMS 0x0000000088200000, 0x0000000088200000| Untracked 
|  49|0x0000000088300000, 0x0000000088300000, 0x0000000088400000|  0%| F|  |TAMS 0x0000000088300000, 0x0000000088300000| Untracked 
|  50|0x0000000088400000, 0x0000000088400000, 0x0000000088500000|  0%| F|  |TAMS 0x0000000088400000, 0x0000000088400000| Untracked 
|  51|0x0000000088500000, 0x0000000088500000, 0x0000000088600000|  0%| F|  |TAMS 0x0000000088500000, 0x0000000088500000| Untracked 
|  52|0x0000000088600000, 0x0000000088600000, 0x0000000088700000|  0%| F|  |TAMS 0x0000000088600000, 0x0000000088600000| Untracked 
|  53|0x0000000088700000, 0x0000000088700000, 0x0000000088800000|  0%| F|  |TAMS 0x0000000088700000, 0x0000000088700000| Untracked 
|  54|0x0000000088800000, 0x0000000088800000, 0x0000000088900000|  0%| F|  |TAMS 0x0000000088800000, 0x0000000088800000| Untracked 
|  55|0x0000000088900000, 0x0000000088900000, 0x0000000088a00000|  0%| F|  |TAMS 0x0000000088900000, 0x0000000088900000| Untracked 
|  56|0x0000000088a00000, 0x0000000088a00000, 0x0000000088b00000|  0%| F|  |TAMS 0x0000000088a00000, 0x0000000088a00000| Untracked 
|  57|0x0000000088b00000, 0x0000000088b00000, 0x0000000088c00000|  0%| F|  |TAMS 0x0000000088b00000, 0x0000000088b00000| Untracked 
|  58|0x0000000088c00000, 0x0000000088c00000, 0x0000000088d00000|  0%| F|  |TAMS 0x0000000088c00000, 0x0000000088c00000| Untracked 
|  59|0x0000000088d00000, 0x0000000088d00000, 0x0000000088e00000|  0%| F|  |TAMS 0x0000000088d00000, 0x0000000088d00000| Untracked 
|  60|0x0000000088e00000, 0x0000000088e00000, 0x0000000088f00000|  0%| F|  |TAMS 0x0000000088e00000, 0x0000000088e00000| Untracked 
|  61|0x0000000088f00000, 0x0000000088f00000, 0x0000000089000000|  0%| F|  |TAMS 0x0000000088f00000, 0x0000000088f00000| Untracked 
|  62|0x0000000089000000, 0x0000000089000000, 0x0000000089100000|  0%| F|  |TAMS 0x0000000089000000, 0x0000000089000000| Untracked 
|  63|0x0000000089100000, 0x0000000089100000, 0x0000000089200000|  0%| F|  |TAMS 0x0000000089100000, 0x0000000089100000| Untracked 
|  64|0x0000000089200000, 0x0000000089200000, 0x0000000089300000|  0%| F|  |TAMS 0x0000000089200000, 0x0000000089200000| Untracked 
|  65|0x0000000089300000, 0x0000000089300000, 0x0000000089400000|  0%| F|  |TAMS 0x0000000089300000, 0x0000000089300000| Untracked 
|  66|0x0000000089400000, 0x0000000089400000, 0x0000000089500000|  0%| F|  |TAMS 0x0000000089400000, 0x0000000089400000| Untracked 
|  67|0x0000000089500000, 0x0000000089500000, 0x0000000089600000|  0%| F|  |TAMS 0x0000000089500000, 0x0000000089500000| Untracked 
|  68|0x0000000089600000, 0x0000000089600000, 0x0000000089700000|  0%| F|  |TAMS 0x0000000089600000, 0x0000000089600000| Untracked 
|  69|0x0000000089700000, 0x0000000089700000, 0x0000000089800000|  0%| F|  |TAMS 0x0000000089700000, 0x0000000089700000| Untracked 
|  70|0x0000000089800000, 0x0000000089800000, 0x0000000089900000|  0%| F|  |TAMS 0x0000000089800000, 0x0000000089800000| Untracked 
|  71|0x0000000089900000, 0x0000000089900000, 0x0000000089a00000|  0%| F|  |TAMS 0x0000000089900000, 0x0000000089900000| Untracked 
|  72|0x0000000089a00000, 0x0000000089a00000, 0x0000000089b00000|  0%| F|  |TAMS 0x0000000089a00000, 0x0000000089a00000| Untracked 
|  73|0x0000000089b00000, 0x0000000089b00000, 0x0000000089c00000|  0%| F|  |TAMS 0x0000000089b00000, 0x0000000089b00000| Untracked 
|  74|0x0000000089c00000, 0x0000000089c00000, 0x0000000089d00000|  0%| F|  |TAMS 0x0000000089c00000, 0x0000000089c00000| Untracked 
|  75|0x0000000089d00000, 0x0000000089d00000, 0x0000000089e00000|  0%| F|  |TAMS 0x0000000089d00000, 0x0000000089d00000| Untracked 
|  76|0x0000000089e00000, 0x0000000089e00000, 0x0000000089f00000|  0%| F|  |TAMS 0x0000000089e00000, 0x0000000089e00000| Untracked 
|  77|0x0000000089f00000, 0x0000000089f00000, 0x000000008a000000|  0%| F|  |TAMS 0x0000000089f00000, 0x0000000089f00000| Untracked 
|  78|0x000000008a000000, 0x000000008a000000, 0x000000008a100000|  0%| F|  |TAMS 0x000000008a000000, 0x000000008a000000| Untracked 
|  79|0x000000008a100000, 0x000000008a100000, 0x000000008a200000|  0%| F|  |TAMS 0x000000008a100000, 0x000000008a100000| Untracked 
|  80|0x000000008a200000, 0x000000008a200000, 0x000000008a300000|  0%| F|  |TAMS 0x000000008a200000, 0x000000008a200000| Untracked 
|  81|0x000000008a300000, 0x000000008a300000, 0x000000008a400000|  0%| F|  |TAMS 0x000000008a300000, 0x000000008a300000| Untracked 
|  82|0x000000008a400000, 0x000000008a400000, 0x000000008a500000|  0%| F|  |TAMS 0x000000008a400000, 0x000000008a400000| Untracked 
|  83|0x000000008a500000, 0x000000008a500000, 0x000000008a600000|  0%| F|  |TAMS 0x000000008a500000, 0x000000008a500000| Untracked 
|  84|0x000000008a600000, 0x000000008a600000, 0x000000008a700000|  0%| F|  |TAMS 0x000000008a600000, 0x000000008a600000| Untracked 
|  85|0x000000008a700000, 0x000000008a700000, 0x000000008a800000|  0%| F|  |TAMS 0x000000008a700000, 0x000000008a700000| Untracked 
|  86|0x000000008a800000, 0x000000008a800000, 0x000000008a900000|  0%| F|  |TAMS 0x000000008a800000, 0x000000008a800000| Untracked 
|  87|0x000000008a900000, 0x000000008a900000, 0x000000008aa00000|  0%| F|  |TAMS 0x000000008a900000, 0x000000008a900000| Untracked 
|  88|0x000000008aa00000, 0x000000008aa00000, 0x000000008ab00000|  0%| F|  |TAMS 0x000000008aa00000, 0x000000008aa00000| Untracked 
|  89|0x000000008ab00000, 0x000000008ab00000, 0x000000008ac00000|  0%| F|  |TAMS 0x000000008ab00000, 0x000000008ab00000| Untracked 
|  90|0x000000008ac00000, 0x000000008ac00000, 0x000000008ad00000|  0%| F|  |TAMS 0x000000008ac00000, 0x000000008ac00000| Untracked 
|  91|0x000000008ad00000, 0x000000008ad00000, 0x000000008ae00000|  0%| F|  |TAMS 0x000000008ad00000, 0x000000008ad00000| Untracked 
|  92|0x000000008ae00000, 0x000000008ae00000, 0x000000008af00000|  0%| F|  |TAMS 0x000000008ae00000, 0x000000008ae00000| Untracked 
|  93|0x000000008af00000, 0x000000008af00000, 0x000000008b000000|  0%| F|  |TAMS 0x000000008af00000, 0x000000008af00000| Untracked 
|  94|0x000000008b000000, 0x000000008b000000, 0x000000008b100000|  0%| F|  |TAMS 0x000000008b000000, 0x000000008b000000| Untracked 
|  95|0x000000008b100000, 0x000000008b100000, 0x000000008b200000|  0%| F|  |TAMS 0x000000008b100000, 0x000000008b100000| Untracked 
|  96|0x000000008b200000, 0x000000008b200000, 0x000000008b300000|  0%| F|  |TAMS 0x000000008b200000, 0x000000008b200000| Untracked 
|  97|0x000000008b300000, 0x000000008b300000, 0x000000008b400000|  0%| F|  |TAMS 0x000000008b300000, 0x000000008b300000| Untracked 
|  98|0x000000008b400000, 0x000000008b400000, 0x000000008b500000|  0%| F|  |TAMS 0x000000008b400000, 0x000000008b400000| Untracked 
|  99|0x000000008b500000, 0x000000008b500000, 0x000000008b600000|  0%| F|  |TAMS 0x000000008b500000, 0x000000008b500000| Untracked 
| 100|0x000000008b600000, 0x000000008b600000, 0x000000008b700000|  0%| F|  |TAMS 0x000000008b600000, 0x000000008b600000| Untracked 
| 101|0x000000008b700000, 0x000000008b700000, 0x000000008b800000|  0%| F|  |TAMS 0x000000008b700000, 0x000000008b700000| Untracked 
| 102|0x000000008b800000, 0x000000008b800000, 0x000000008b900000|  0%| F|  |TAMS 0x000000008b800000, 0x000000008b800000| Untracked 
| 103|0x000000008b900000, 0x000000008b900000, 0x000000008ba00000|  0%| F|  |TAMS 0x000000008b900000, 0x000000008b900000| Untracked 
| 104|0x000000008ba00000, 0x000000008ba00000, 0x000000008bb00000|  0%| F|  |TAMS 0x000000008ba00000, 0x000000008ba00000| Untracked 
| 105|0x000000008bb00000, 0x000000008bb00000, 0x000000008bc00000|  0%| F|  |TAMS 0x000000008bb00000, 0x000000008bb00000| Untracked 
| 106|0x000000008bc00000, 0x000000008bc00000, 0x000000008bd00000|  0%| F|  |TAMS 0x000000008bc00000, 0x000000008bc00000| Untracked 
| 107|0x000000008bd00000, 0x000000008bd00000, 0x000000008be00000|  0%| F|  |TAMS 0x000000008bd00000, 0x000000008bd00000| Untracked 
| 108|0x000000008be00000, 0x000000008be00000, 0x000000008bf00000|  0%| F|  |TAMS 0x000000008be00000, 0x000000008be00000| Untracked 
| 109|0x000000008bf00000, 0x000000008bf00000, 0x000000008c000000|  0%| F|  |TAMS 0x000000008bf00000, 0x000000008bf00000| Untracked 
| 110|0x000000008c000000, 0x000000008c000000, 0x000000008c100000|  0%| F|  |TAMS 0x000000008c000000, 0x000000008c000000| Untracked 
| 111|0x000000008c100000, 0x000000008c100000, 0x000000008c200000|  0%| F|  |TAMS 0x000000008c100000, 0x000000008c100000| Untracked 
| 112|0x000000008c200000, 0x000000008c200000, 0x000000008c300000|  0%| F|  |TAMS 0x000000008c200000, 0x000000008c200000| Untracked 
| 113|0x000000008c300000, 0x000000008c300000, 0x000000008c400000|  0%| F|  |TAMS 0x000000008c300000, 0x000000008c300000| Untracked 
| 114|0x000000008c400000, 0x000000008c400000, 0x000000008c500000|  0%| F|  |TAMS 0x000000008c400000, 0x000000008c400000| Untracked 
| 115|0x000000008c500000, 0x000000008c500000, 0x000000008c600000|  0%| F|  |TAMS 0x000000008c500000, 0x000000008c500000| Untracked 
| 116|0x000000008c600000, 0x000000008c600000, 0x000000008c700000|  0%| F|  |TAMS 0x000000008c600000, 0x000000008c600000| Untracked 
| 117|0x000000008c700000, 0x000000008c700000, 0x000000008c800000|  0%| F|  |TAMS 0x000000008c700000, 0x000000008c700000| Untracked 
| 118|0x000000008c800000, 0x000000008c800000, 0x000000008c900000|  0%| F|  |TAMS 0x000000008c800000, 0x000000008c800000| Untracked 
| 119|0x000000008c900000, 0x000000008c900000, 0x000000008ca00000|  0%| F|  |TAMS 0x000000008c900000, 0x000000008c900000| Untracked 
| 120|0x000000008ca00000, 0x000000008ca00000, 0x000000008cb00000|  0%| F|  |TAMS 0x000000008ca00000, 0x000000008ca00000| Untracked 
| 121|0x000000008cb00000, 0x000000008cb00000, 0x000000008cc00000|  0%| F|  |TAMS 0x000000008cb00000, 0x000000008cb00000| Untracked 
| 122|0x000000008cc00000, 0x000000008cc00000, 0x000000008cd00000|  0%| F|  |TAMS 0x000000008cc00000, 0x000000008cc00000| Untracked 
| 123|0x000000008cd00000, 0x000000008ce00000, 0x000000008ce00000|100%| E|  |TAMS 0x000000008cd00000, 0x000000008cd00000| Complete 

Card table byte_map: [0x0000022dcf320000,0x0000022dcf700000] _byte_map_base: 0x0000022dceef7000

Marking Bits (Prev, Next): (CMBitMap*) 0x0000022dbc45c038, (CMBitMap*) 0x0000022dbc45c070
 Prev Bits: [0x0000022dcfae0000, 0x0000022dd1998000)
 Next Bits: [0x0000022dd19a0000, 0x0000022dd3858000)

Polling page: 0x0000022dba380000

Metaspace:

Usage:
  Non-class:      2.82 MB capacity,     2.79 MB ( 99%) used,    31.51 KB (  1%) free+waste,     2.94 KB ( <1%) overhead. 
      Class:    384.00 KB capacity,   260.41 KB ( 68%) used,   123.52 KB ( 32%) free+waste,    64 bytes ( <1%) overhead. 
       Both:      3.20 MB capacity,     3.04 MB ( 95%) used,   155.03 KB (  5%) free+waste,     3.00 KB ( <1%) overhead. 

Virtual space:
  Non-class space:       16.00 MB reserved,       3.00 MB ( 19%) committed 
      Class space:        1.00 GB reserved,     384.00 KB ( <1%) committed 
             Both:        1.02 GB reserved,       3.38 MB ( <1%) committed 

Chunk freelists:
   Non-Class:  56.00 KB
       Class:  0 bytes
        Both:  56.00 KB

MaxMetaspaceSize: 17179869184.00 GB
CompressedClassSpaceSize: 1.00 GB
Initial GC threshold: 20.80 MB
Current GC threshold: 20.80 MB
CDS: off

CodeHeap 'non-profiled nmethods': size=120064Kb used=10Kb max_used=10Kb free=120053Kb
 bounds [0x0000022dc7a00000, 0x0000022dc7c70000, 0x0000022dcef40000]
CodeHeap 'profiled nmethods': size=120000Kb used=86Kb max_used=86Kb free=119913Kb
 bounds [0x0000022dc04d0000, 0x0000022dc0740000, 0x0000022dc7a00000]
CodeHeap 'non-nmethods': size=5696Kb used=1014Kb max_used=1019Kb free=4681Kb
 bounds [0x0000022dbff40000, 0x0000022dc01b0000, 0x0000022dc04d0000]
 total_blobs=294 nmethods=61 adapters=146
 compilation: enabled
              stopped_count=0, restarted_count=0
 full_count=0

Compilation events (20 events):
Event: 0.118 Thread 0x0000022dd5d7b800 nmethod 46 0x0000022dc04df990 code [0x0000022dc04dfb40, 0x0000022dc04dfc68]
Event: 0.118 Thread 0x0000022dd5d7b800   43       3       java.util.concurrent.ConcurrentHashMap::casTabAt (21 bytes)
Event: 0.118 Thread 0x0000022dd5d7b800 nmethod 43 0x0000022dc04dfd10 code [0x0000022dc04dfec0, 0x0000022dc04e0018]
Event: 0.118 Thread 0x0000022dd5d7b800   44       1       java.lang.module.ResolvedModule::reference (5 bytes)
Event: 0.118 Thread 0x0000022dd5d7b800 nmethod 44 0x0000022dc7a01c90 code [0x0000022dc7a01e40, 0x0000022dc7a01ef8]
Event: 0.118 Thread 0x0000022dd5d7b800   48       3       java.util.HashMap$Node::<init> (26 bytes)
Event: 0.119 Thread 0x0000022dd5d7b800 nmethod 48 0x0000022dc04e0090 code [0x0000022dc04e0240, 0x0000022dc04e04b8]
Event: 0.119 Thread 0x0000022dd5d7b800   50       1       java.util.ImmutableCollections$SetN::size (5 bytes)
Event: 0.119 Thread 0x0000022dd5d7b800 nmethod 50 0x0000022dc7a02410 code [0x0000022dc7a025c0, 0x0000022dc7a02678]
Event: 0.119 Thread 0x0000022dd5d7b800   51       3       java.lang.StringLatin1::canEncode (13 bytes)
Event: 0.119 Thread 0x0000022dd5d7b800 nmethod 51 0x0000022dc04e0590 code [0x0000022dc04e0740, 0x0000022dc04e0878]
Event: 0.119 Thread 0x0000022dd5d7b800   52       3       java.util.Optional::ofNullable (15 bytes)
Event: 0.120 Thread 0x0000022dd5d7b800 nmethod 52 0x0000022dc04e0910 code [0x0000022dc04e0b00, 0x0000022dc04e0fc8]
Event: 0.120 Thread 0x0000022dd5d7b800   53       3       java.util.Optional::of (9 bytes)
Event: 0.120 Thread 0x0000022dd5d7b800 nmethod 53 0x0000022dc04e1190 code [0x0000022dc04e1380, 0x0000022dc04e1728]
Event: 0.120 Thread 0x0000022dd5d7b800   55       3       java.util.HashMap::get (23 bytes)
Event: 0.120 Thread 0x0000022dd5d7b800 nmethod 55 0x0000022dc04e1890 code [0x0000022dc04e1a80, 0x0000022dc04e1db8]
Event: 0.120 Thread 0x0000022dd5d7b800   56       3       java.util.HashMap::getNode (148 bytes)
Event: 0.121 Thread 0x0000022dd5d7b800 nmethod 56 0x0000022dc04e1f10 code [0x0000022dc04e2140, 0x0000022dc04e2aa8]
Event: 0.121 Thread 0x0000022dd5d7b800   59       3       java.util.HashMap::putVal (300 bytes)

GC Heap History (0 events):
No events

Deoptimization events (0 events):
No events

Classes redefined (0 events):
No events

Internal exceptions (0 events):
No events

Events (20 events):
Event: 0.114 loading class jdk/internal/module/ModuleLoaderMap$Mapper
Event: 0.114 loading class java/util/function/Function
Event: 0.114 loading class java/util/function/Function done
Event: 0.114 loading class jdk/internal/module/ModuleLoaderMap$Mapper done
Event: 0.115 loading class java/util/concurrent/ConcurrentHashMap$ForwardingNode
Event: 0.115 loading class java/util/concurrent/ConcurrentHashMap$ForwardingNode done
Event: 0.116 loading class java/lang/ModuleLayer
Event: 0.117 loading class java/lang/ModuleLayer done
Event: 0.117 loading class java/util/ImmutableCollections$ListItr
Event: 0.117 loading class java/util/ListIterator
Event: 0.117 loading class java/util/ListIterator done
Event: 0.117 loading class java/util/ImmutableCollections$ListItr done
Event: 0.117 loading class java/util/ArrayList$Itr
Event: 0.117 loading class java/util/ArrayList$Itr done
Event: 0.119 loading class java/util/Collections$UnmodifiableSet
Event: 0.119 loading class java/util/Collections$UnmodifiableCollection
Event: 0.120 loading class java/util/Collections$UnmodifiableCollection done
Event: 0.120 loading class java/util/Collections$UnmodifiableSet done
Event: 0.120 loading class java/util/Collections$UnmodifiableCollection$1
Event: 0.120 loading class java/util/Collections$UnmodifiableCollection$1 done


Dynamic libraries:
0x00007ff7f7e70000 - 0x00007ff7f7e7a000 	C:\Program Files\Android\Android Studio\jre\bin\java.exe
0x00007ffa4f1b0000 - 0x00007ffa4f3a8000 	C:\WINDOWS\SYSTEM32\ntdll.dll
0x00007ffa4d3e0000 - 0x00007ffa4d49f000 	C:\WINDOWS\System32\KERNEL32.DLL
0x00007ffa4cc10000 - 0x00007ffa4cee2000 	C:\WINDOWS\System32\KERNELBASE.dll
0x00007ffa4c940000 - 0x00007ffa4ca40000 	C:\WINDOWS\System32\ucrtbase.dll
0x00007ffa2e3b0000 - 0x00007ffa2e3c9000 	C:\Program Files\Android\Android Studio\jre\bin\jli.dll
0x00007ffa2b9f0000 - 0x00007ffa2ba07000 	C:\Program Files\Android\Android Studio\jre\bin\VCRUNTIME140.dll
0x00007ffa4e510000 - 0x00007ffa4e6ad000 	C:\WINDOWS\System32\USER32.dll
0x00007ffa4d1d0000 - 0x00007ffa4d1f2000 	C:\WINDOWS\System32\win32u.dll
0x00007ffa4d200000 - 0x00007ffa4d22b000 	C:\WINDOWS\System32\GDI32.dll
0x00007ffa3b8a0000 - 0x00007ffa3bb3a000 	C:\WINDOWS\WinSxS\amd64_microsoft.windows.common-controls_6595b64144ccf1df_6.0.19041.1110_none_60b5254171f9507e\COMCTL32.dll
0x00007ffa4d070000 - 0x00007ffa4d17f000 	C:\WINDOWS\System32\gdi32full.dll
0x00007ffa4cfd0000 - 0x00007ffa4d06d000 	C:\WINDOWS\System32\msvcp_win.dll
0x00007ffa4f030000 - 0x00007ffa4f0ce000 	C:\WINDOWS\System32\msvcrt.dll
0x00007ffa4dfe0000 - 0x00007ffa4e012000 	C:\WINDOWS\System32\IMM32.DLL
0x00007ffa13a60000 - 0x00007ffa13afd000 	C:\Program Files\Android\Android Studio\jre\bin\msvcp140.dll
0x00007ffa0b500000 - 0x00007ffa0c002000 	C:\Program Files\Android\Android Studio\jre\bin\server\jvm.dll
0x00007ffa4da50000 - 0x00007ffa4dafe000 	C:\WINDOWS\System32\ADVAPI32.dll
0x00007ffa4f0d0000 - 0x00007ffa4f16c000 	C:\WINDOWS\System32\sechost.dll
0x00007ffa4e3e0000 - 0x00007ffa4e505000 	C:\WINDOWS\System32\RPCRT4.dll
0x00007ffa4e1f0000 - 0x00007ffa4e1f8000 	C:\WINDOWS\System32\PSAPI.DLL
0x00007ffa37c80000 - 0x00007ffa37c89000 	C:\WINDOWS\SYSTEM32\WSOCK32.dll
0x00007ffa4af40000 - 0x00007ffa4af67000 	C:\WINDOWS\SYSTEM32\WINMM.dll
0x00007ffa4af30000 - 0x00007ffa4af3a000 	C:\WINDOWS\SYSTEM32\VERSION.dll
0x00007ffa4e6b0000 - 0x00007ffa4e71b000 	C:\WINDOWS\System32\WS2_32.dll
0x00007ffa4b150000 - 0x00007ffa4b162000 	C:\WINDOWS\SYSTEM32\kernel.appcore.dll
0x00007ffa3cea0000 - 0x00007ffa3ceb1000 	C:\Program Files\Android\Android Studio\jre\bin\verify.dll
0x00007ffa4ad40000 - 0x00007ffa4af24000 	C:\WINDOWS\SYSTEM32\DBGHELP.DLL
0x00007ffa4ad10000 - 0x00007ffa4ad3c000 	C:\WINDOWS\SYSTEM32\dbgcore.DLL
0x00007ffa4c8b0000 - 0x00007ffa4c932000 	C:\WINDOWS\System32\bcryptPrimitives.dll
0x00007ffa3a460000 - 0x00007ffa3a489000 	C:\Program Files\Android\Android Studio\jre\bin\java.dll
0x00007ffa47020000 - 0x00007ffa4702b000 	C:\Program Files\Android\Android Studio\jre\bin\jimage.dll
0x00007ffa3c350000 - 0x00007ffa3c368000 	C:\Program Files\Android\Android Studio\jre\bin\zip.dll
0x00007ffa4e8e0000 - 0x00007ffa4f023000 	C:\WINDOWS\System32\SHELL32.dll
0x00007ffa4a560000 - 0x00007ffa4acf2000 	C:\WINDOWS\SYSTEM32\windows.storage.dll
0x00007ffa4db00000 - 0x00007ffa4de54000 	C:\WINDOWS\System32\combase.dll
0x00007ffa4c310000 - 0x00007ffa4c340000 	C:\WINDOWS\SYSTEM32\Wldp.dll
0x00007ffa4de60000 - 0x00007ffa4df0d000 	C:\WINDOWS\System32\SHCORE.dll
0x00007ffa4e200000 - 0x00007ffa4e255000 	C:\WINDOWS\System32\shlwapi.dll
0x00007ffa4c7f0000 - 0x00007ffa4c80f000 	C:\WINDOWS\SYSTEM32\profapi.dll

dbghelp: loaded successfully - version: 4.0.5 - missing functions: none
symbol engine: initialized successfully - sym options: 0x614 - pdb path: .;C:\Program Files\Android\Android Studio\jre\bin;C:\WINDOWS\SYSTEM32;C:\WINDOWS\WinSxS\amd64_microsoft.windows.common-controls_6595b64144ccf1df_6.0.19041.1110_none_60b5254171f9507e;C:\Program Files\Android\Android Studio\jre\bin\server

VM Arguments:
java_command: org.jetbrains.kotlin.cli.jvm.K2JVMCompiler @C:\Users\hp\AndroidStudioProjects\splashscreen2\app\build\20230119_16365010584435292785.compiler.options
java_class_path (initial): C:\Users\hp\.gradle\caches\modules-2\files-2.1\org.jetbrains.kotlin\kotlin-compiler-embeddable\1.7.20\8db18559a581dd2c36ddfd5046af145650f5b126\kotlin-compiler-embeddable-1.7.20.jar;C:\Users\hp\.gradle\caches\modules-2\files-2.1\org.jetbrains.kotlin\kotlin-reflect\1.7.20\12b2501e33bb6373e8e347c86d85481863629381\kotlin-reflect-1.7.20.jar;C:\Users\hp\.gradle\caches\modules-2\files-2.1\org.jetbrains.kotlin\kotlin-stdlib\1.7.20\726594ea9ba2beb2ee113647fefa9a10f9fabe52\kotlin-stdlib-1.7.20.jar;C:\Users\hp\.gradle\caches\modules-2\files-2.1\org.jetbrains.kotlin\kotlin-script-runtime\1.7.20\bcd1cc6f865e632550357fcc59f5ffd532615a8\kotlin-script-runtime-1.7.20.jar;C:\Users\hp\.gradle\caches\modules-2\files-2.1\org.jetbrains.kotlin\kotlin-daemon-embeddable\1.7.20\1e24355adad8d529d75d5b19eab55484057431ba\kotlin-daemon-embeddable-1.7.20.jar;C:\Users\hp\.gradle\caches\modules-2\files-2.1\org.jetbrains.intellij.deps\trove4j\1.0.20200330\3afb14d5f9ceb459d724e907a21145e8ff394f02\trove4j-1.0.20200330.jar;C:\Users\hp\.gradle\caches\modules-2\files-2.1\net.java.dev.jna\jna\5.6.0\330f2244e9030119ab3030fc3fededc86713d9cc\jna-5.6.0.jar;C:\Users\hp\.gradle\caches\modules-2\files-2.1\org.jetbrains.kotlin\kotlin-stdlib-common\1.7.20\e15351bdaf9fa06f009be5da7a202e4184f00ae3\kotlin-stdlib-common-1.7.20.jar;C:\Users\hp\.gradle\caches\modules-2\files-2.1\org.jetbrains\annotations\13.0\919f0dfe192fb4e063e7dacadee7f8bb9a2672a9\annotations-13.0.jar
Launcher Type: SUN_STANDARD

[Global flags]
     intx CICompilerCount                          = 3                                         {product} {ergonomic}
     uint ConcGCThreads                            = 1                                         {product} {ergonomic}
     uint G1ConcRefinementThreads                  = 4                                         {product} {ergonomic}
   size_t G1HeapRegionSize                         = 1048576                                   {product} {ergonomic}
    uintx GCDrainStackTargetSize                   = 64                                        {product} {ergonomic}
   size_t InitialHeapSize                          = 130023424                                 {product} {ergonomic}
   size_t MarkStackSize                            = 4194304                                   {product} {ergonomic}
   size_t MaxHeapSize                              = 2061500416                                {product} {ergonomic}
   size_t MaxNewSize                               = 1236271104                                {product} {ergonomic}
   size_t MinHeapDeltaBytes                        = 1048576                                   {product} {ergonomic}
    uintx NonNMethodCodeHeapSize                   = 5830732                                {pd product} {ergonomic}
    uintx NonProfiledCodeHeapSize                  = 122913754                              {pd product} {ergonomic}
    uintx ProfiledCodeHeapSize                     = 122913754                              {pd product} {ergonomic}
    uintx ReservedCodeCacheSize                    = 251658240                              {pd product} {ergonomic}
     bool SegmentedCodeCache                       = true                                      {product} {ergonomic}
     bool UseCompressedClassPointers               = true                                 {lp64_product} {ergonomic}
     bool UseCompressedOops                        = true                                 {lp64_product} {ergonomic}
     bool UseG1GC                                  = true                                      {product} {ergonomic}
     bool UseLargePagesIndividualAllocation        = false                                  {pd product} {ergonomic}

Logging:
Log output configuration:
 #0: stdout all=warning uptime,level,tags
 #1: stderr all=off uptime,level,tags

Environment Variables:
JAVA_HOME=C:\Program Files\OpenJDK\openjdk-11.0.16_8
PATH=C:\Program Files\Common Files\Oracle\Java\javapath;C:\WINDOWS\system32;C:\WINDOWS;C:\WINDOWS\System32\Wbem;C:\WINDOWS\System32\WindowsPowerShell\v1.0\;C:\WINDOWS\System32\OpenSSH\;C:\Program Files (x86)\Java\jre1.8.0_251\bin;C:\Program Files\Java\jdk-15.0.1\bin;C:\Program Files\swipl\bin;C:\Program Files\dotnet\;C:\Users\hp\Downloads\FLEX_BISON-20211126\win_flex_bison-latest\win_flex_bison-latest;C:\Program Files\Git\cmd;C:\ProgramData\chocolatey\bin;C:\Program Files\OpenJDK\openjdk-11.0.16_8\bin;C:\Program Files\MongoDB\Server\6.0\bin;C:\Program Files\nodejs\;C:\Program Files\MySQL\MySQL Shell 8.0\bin\;C:\Users\hp\AppData\Local\Programs\Python\Python310\Scripts\;C:\Users\hp\AppData\Local\Programs\Python\Python310\;C:\Users\hp\AppData\Local\Microsoft\WindowsApps;D:\Software\softwares\flutter\bin;D:\Software\softwares;C:\Users\hp\AppData\Local\Programs\Microsoft VS Code\bin;C:\MinGW\bin;C:\Program Files (x86)\OpenVPN\bin;C:\Users\hp\.dotnet\tools;C:\Users\hp\Downloads\FLEX_BISON-20211126\win_flex_bison-latest\win_flex_bison-latest;C:\Users\hp\AppData\Local\GitHubDesktop\bin;C:\Users\hp\AppData\Roaming\npm;C:\flutter_windows_3.3.5-stable\flutter\bin;
USERNAME=hp
OS=Windows_NT
PROCESSOR_IDENTIFIER=Intel64 Family 6 Model 78 Stepping 3, GenuineIntel



---------------  S Y S T E M  ---------------

OS: Windows 10 , 64 bit Build 19041 (10.0.19041.2251)
OS uptime: 30 days 8:57 hours

CPU:total 4 (initial active 4) (2 cores per cpu, 2 threads per core) family 6 model 78 stepping 3 microcode 0xcc, cmov, cx8, fxsr, mmx, sse, sse2, sse3, ssse3, sse4.1, sse4.2, popcnt, avx, avx2, aes, clmul, erms, rtm, 3dnowpref, lzcnt, ht, tsc, tscinvbit, bmi1, bmi2, adx, fma

Memory: 4k page, system-wide physical 7861M (615M free)
TotalPageFile size 9909M (AvailPageFile size 4M)
current process WorkingSet (physical memory assigned to process): 30M, peak: 30M
current process commit charge ("private bytes"): 188M, peak: 188M

vm_info: OpenJDK 64-Bit Server VM (11.0.13+0-b1751.21-8125866) for windows-amd64 JRE (11.0.13+0-b1751.21-8125866), built on Feb  2 2022 03:00:22 by "builder" with MS VC++ 14.0 (VS2015)

END.
