#
# There is insufficient memory for the Java Runtime Environment to continue.
# Native memory allocation (malloc) failed to allocate 1323536 bytes for Chunk::new
# Possible reasons:
#   The system is out of physical RAM or swap space
#   The process is running with CompressedOops enabled, and the Java Heap may be blocking the growth of the native heap
# Possible solutions:
#   Reduce memory load on the system
#   Increase physical memory or swap space
#   Check if swap backing store is full
#   Decrease Java heap size (-Xmx/-Xms)
#   Decrease number of Java threads
#   Decrease Java thread stack sizes (-Xss)
#   Set larger code cache with -XX:ReservedCodeCacheSize=
#   JVM is running with Unscaled Compressed Oops mode in which the Java heap is
#     placed in the first 4GB address space. The Java Heap base address is the
#     maximum limit for the native heap growth. Please use -XX:HeapBaseMinAddress
#     to set the Java Heap base and to place the Java Heap above 4GB virtual address.
# This output file may be truncated or incomplete.
#
#  Out of Memory Error (./src/hotspot/share/memory/arena.cpp:197), pid=10536, tid=10396
#
# JRE version: OpenJDK Runtime Environment (11.0.13) (build 11.0.13+0-b1751.21-8125866)
# Java VM: OpenJDK 64-Bit Server VM (11.0.13+0-b1751.21-8125866, mixed mode, tiered, compressed oops, g1 gc, windows-amd64)
# No core dump will be written. Minidumps are not enabled by default on client versions of Windows
#

---------------  S U M M A R Y ------------

Command Line: --add-opens=java.base/java.util=ALL-UNNAMED --add-opens=java.base/java.lang=ALL-UNNAMED --add-opens=java.base/java.lang.invoke=ALL-UNNAMED --add-opens=java.base/java.util=ALL-UNNAMED --add-opens=java.prefs/java.util.prefs=ALL-UNNAMED --add-opens=java.prefs/java.util.prefs=ALL-UNNAMED --add-opens=java.base/java.nio.charset=ALL-UNNAMED --add-opens=java.base/java.net=ALL-UNNAMED --add-opens=java.base/java.util.concurrent.atomic=ALL-UNNAMED -Xmx2048m -Dfile.encoding=UTF-8 -Duser.country=US -Duser.language=en -Duser.variant org.gradle.launcher.daemon.bootstrap.GradleDaemon 7.4

Host: Intel(R) Core(TM) i5-6300U CPU @ 2.40GHz, 4 cores, 7G,  Windows 10 , 64 bit Build 19041 (10.0.19041.2251)
Time: Sat Jan 21 14:35:19 2023 Pakistan Standard Time elapsed time: 51.618268 seconds (0d 0h 0m 51s)

---------------  T H R E A D  ---------------

Current thread (0x000001fbf77b6800):  JavaThread "C2 CompilerThread0" daemon [_thread_in_native, id=10396, stack(0x000000c5aef00000,0x000000c5af000000)]


Current CompileTask:
C2:  51619 2382   !   4       java.net.URLClassLoader$1::run (81 bytes)

Stack: [0x000000c5aef00000,0x000000c5af000000]
Native frames: (J=compiled Java code, j=interpreted, Vv=VM code, C=native code)
V  [jvm.dll+0x6100fa]
V  [jvm.dll+0x747090]
V  [jvm.dll+0x7486ad]
V  [jvm.dll+0x748d83]
V  [jvm.dll+0x24ab48]
V  [jvm.dll+0xc04dc]
V  [jvm.dll+0xc0a0c]
V  [jvm.dll+0x35eb5b]
V  [jvm.dll+0x19d7bc]
V  [jvm.dll+0x2033be]
V  [jvm.dll+0x202437]
V  [jvm.dll+0x188e01]
V  [jvm.dll+0x21106b]
V  [jvm.dll+0x20f8c1]
V  [jvm.dll+0x70de0f]
V  [jvm.dll+0x706a75]
V  [jvm.dll+0x60ed66]
C  [ucrtbase.dll+0x21bb2]
C  [KERNEL32.DLL+0x174b4]
C  [ntdll.dll+0x526a1]


---------------  P R O C E S S  ---------------

Threads class SMR info:
_java_thread_list=0x000001fbfab349e0, length=28, elements={
0x000001fbddb8d800, 0x000001fbf7790800, 0x000001fbf7799800, 0x000001fbf77aa800,
0x000001fbf77ac800, 0x000001fbf77b1800, 0x000001fbf77b6800, 0x000001fbf77c3800,
0x000001fbf8158800, 0x000001fbf8266800, 0x000001fbfa29f000, 0x000001fbf9b66000,
0x000001fbfb7bf000, 0x000001fbfae7e800, 0x000001fbf9629800, 0x000001fbf873a800,
0x000001fbf94a4800, 0x000001fbf9598000, 0x000001fbf986c800, 0x000001fbf8568000,
0x000001fbf8f65000, 0x000001fbf8f66000, 0x000001fbf8f66800, 0x000001fbf8f69000,
0x000001fbf8f67800, 0x000001fbf8f6a800, 0x000001fbf8f68800, 0x000001fbfa387800
}

Java Threads: ( => current thread )
  0x000001fbddb8d800 JavaThread "main" [_thread_blocked, id=4404, stack(0x000000c5ae300000,0x000000c5ae400000)]
  0x000001fbf7790800 JavaThread "Reference Handler" daemon [_thread_blocked, id=11004, stack(0x000000c5aea00000,0x000000c5aeb00000)]
  0x000001fbf7799800 JavaThread "Finalizer" daemon [_thread_blocked, id=12996, stack(0x000000c5aeb00000,0x000000c5aec00000)]
  0x000001fbf77aa800 JavaThread "Signal Dispatcher" daemon [_thread_blocked, id=13964, stack(0x000000c5aec00000,0x000000c5aed00000)]
  0x000001fbf77ac800 JavaThread "Attach Listener" daemon [_thread_blocked, id=8968, stack(0x000000c5aed00000,0x000000c5aee00000)]
  0x000001fbf77b1800 JavaThread "Service Thread" daemon [_thread_blocked, id=6484, stack(0x000000c5aee00000,0x000000c5aef00000)]
=>0x000001fbf77b6800 JavaThread "C2 CompilerThread0" daemon [_thread_in_native, id=10396, stack(0x000000c5aef00000,0x000000c5af000000)]
  0x000001fbf77c3800 JavaThread "C1 CompilerThread0" daemon [_thread_in_native, id=8980, stack(0x000000c5af000000,0x000000c5af100000)]
  0x000001fbf8158800 JavaThread "Sweeper thread" daemon [_thread_blocked, id=12384, stack(0x000000c5af100000,0x000000c5af200000)]
  0x000001fbf8266800 JavaThread "Common-Cleaner" daemon [_thread_blocked, id=11984, stack(0x000000c5af200000,0x000000c5af300000)]
  0x000001fbfa29f000 JavaThread "Daemon health stats" [_thread_blocked, id=6192, stack(0x000000c5af600000,0x000000c5af700000)]
  0x000001fbf9b66000 JavaThread "Incoming local TCP Connector on port 58709" [_thread_in_native, id=13348, stack(0x000000c5af500000,0x000000c5af600000)]
  0x000001fbfb7bf000 JavaThread "Daemon periodic checks" [_thread_blocked, id=6308, stack(0x000000c5af700000,0x000000c5af800000)]
  0x000001fbfae7e800 JavaThread "Daemon" [_thread_blocked, id=8452, stack(0x000000c5af800000,0x000000c5af900000)]
  0x000001fbf9629800 JavaThread "Handler for socket connection from /127.0.0.1:58709 to /127.0.0.1:58710" [_thread_in_native, id=12484, stack(0x000000c5af900000,0x000000c5afa00000)]
  0x000001fbf873a800 JavaThread "Cancel handler" [_thread_blocked, id=3604, stack(0x000000c5afa00000,0x000000c5afb00000)]
  0x000001fbf94a4800 JavaThread "Daemon worker" [_thread_in_Java, id=10080, stack(0x000000c5afb00000,0x000000c5afc00000)]
  0x000001fbf9598000 JavaThread "Asynchronous log dispatcher for DefaultDaemonConnection: socket connection from /127.0.0.1:58709 to /127.0.0.1:58710" [_thread_blocked, id=2180, stack(0x000000c5afc00000,0x000000c5afd00000)]
  0x000001fbf986c800 JavaThread "Stdin handler" [_thread_blocked, id=7652, stack(0x000000c5afd00000,0x000000c5afe00000)]
  0x000001fbf8568000 JavaThread "Daemon client event forwarder" [_thread_blocked, id=12072, stack(0x000000c5afe00000,0x000000c5aff00000)]
  0x000001fbf8f65000 JavaThread "Cache worker for journal cache (C:\Users\hp\.gradle\caches\journal-1)" [_thread_blocked, id=8976, stack(0x000000c5aff00000,0x000000c5b0000000)]
  0x000001fbf8f66000 JavaThread "File lock request listener" [_thread_in_native, id=284, stack(0x000000c5b0000000,0x000000c5b0100000)]
  0x000001fbf8f66800 JavaThread "Cache worker for file hash cache (C:\Users\hp\.gradle\caches\7.4\fileHashes)" [_thread_blocked, id=10816, stack(0x000000c5b0100000,0x000000c5b0200000)]
  0x000001fbf8f69000 JavaThread "File watcher server" daemon [_thread_in_native, id=12660, stack(0x000000c5b0400000,0x000000c5b0500000)]
  0x000001fbf8f67800 JavaThread "File watcher consumer" daemon [_thread_blocked, id=1300, stack(0x000000c5b0500000,0x000000c5b0600000)]
  0x000001fbf8f6a800 JavaThread "Cache worker for checksums cache (C:\Users\hp\AndroidStudioProjects\splashscreen2\.gradle\7.4\checksums)" [_thread_blocked, id=13332, stack(0x000000c5b0600000,0x000000c5b0700000)]
  0x000001fbf8f68800 JavaThread "Cache worker for cache directory md-rule (C:\Users\hp\.gradle\caches\7.4\md-rule)" [_thread_blocked, id=8504, stack(0x000000c5b0700000,0x000000c5b0800000)]
  0x000001fbfa387800 JavaThread "C2 CompilerThread1" daemon [_thread_in_native, id=10644, stack(0x000000c5b0800000,0x000000c5b0900000)]

Other Threads:
  0x000001fbf778a000 VMThread "VM Thread" [stack: 0x000000c5ae900000,0x000000c5aea00000] [id=12672]
  0x000001fbf8274000 WatcherThread [stack: 0x000000c5af300000,0x000000c5af400000] [id=9884]
  0x000001fbddba6000 GCTaskThread "GC Thread#0" [stack: 0x000000c5ae400000,0x000000c5ae500000] [id=4924]
  0x000001fbf88cc000 GCTaskThread "GC Thread#1" [stack: 0x000000c5af400000,0x000000c5af500000] [id=1340]
  0x000001fbfb69c800 GCTaskThread "GC Thread#2" [stack: 0x000000c5b0200000,0x000000c5b0300000] [id=13472]
  0x000001fbf9fec800 GCTaskThread "GC Thread#3" [stack: 0x000000c5b0300000,0x000000c5b0400000] [id=10208]
  0x000001fbddbd6800 ConcurrentGCThread "G1 Main Marker" [stack: 0x000000c5ae500000,0x000000c5ae600000] [id=8572]
  0x000001fbddbd8000 ConcurrentGCThread "G1 Conc#0" [stack: 0x000000c5ae600000,0x000000c5ae700000] [id=10420]
  0x000001fbddc6a000 ConcurrentGCThread "G1 Refine#0" [stack: 0x000000c5ae700000,0x000000c5ae800000] [id=7728]
  0x000001fbddc6b000 ConcurrentGCThread "G1 Young RemSet Sampling" [stack: 0x000000c5ae800000,0x000000c5ae900000] [id=6224]

Threads with active compile tasks:
C2 CompilerThread0  51868 2382   !   4       java.net.URLClassLoader$1::run (81 bytes)
C1 CompilerThread0  51868 2499       3       org.objectweb.asm.Type::appendDescriptor (90 bytes)
C2 CompilerThread1  51869 2399   !   4       java.net.URL::<init> (543 bytes)

VM state:not at safepoint (normal execution)

VM Mutex/Monitor currently owned by a thread:  ([mutex/lock_event])
[0x000001fbddb889e0] CodeCache_lock - owner thread: 0x0000000000000000

Heap address: 0x0000000080000000, size: 2048 MB, Compressed Oops mode: 32-bit
Narrow klass base: 0x0000000000000000, Narrow klass shift: 3
Compressed class space size: 1073741824 Address: 0x0000000100000000

Heap:
 garbage-first heap   total 126976K, used 36928K [0x0000000080000000, 0x0000000100000000)
  region size 1024K, 24 young (24576K), 6 survivors (6144K)
 Metaspace       used 28231K, capacity 28817K, committed 28924K, reserved 1075200K
  class space    used 3668K, capacity 3876K, committed 3916K, reserved 1048576K
Heap Regions: E=young(eden), S=young(survivor), O=old, HS=humongous(starts), HC=humongous(continues), CS=collection set, F=free, A=archive, TAMS=top-at-mark-start (previous, next)
|   0|0x0000000080000000, 0x0000000080100000, 0x0000000080100000|100%|HS|  |TAMS 0x0000000080100000, 0x0000000080000000| Complete 
|   1|0x0000000080100000, 0x0000000080200000, 0x0000000080200000|100%|HC|  |TAMS 0x0000000080200000, 0x0000000080100000| Complete 
|   2|0x0000000080200000, 0x0000000080300000, 0x0000000080300000|100%|HC|  |TAMS 0x0000000080300000, 0x0000000080200000| Complete 
|   3|0x0000000080300000, 0x0000000080400000, 0x0000000080400000|100%| O|  |TAMS 0x0000000080400000, 0x0000000080300000| Untracked 
|   4|0x0000000080400000, 0x0000000080500000, 0x0000000080500000|100%| O|  |TAMS 0x0000000080500000, 0x0000000080400000| Untracked 
|   5|0x0000000080500000, 0x0000000080600000, 0x0000000080600000|100%| O|  |TAMS 0x0000000080600000, 0x0000000080500000| Untracked 
|   6|0x0000000080600000, 0x0000000080700000, 0x0000000080700000|100%| O|  |TAMS 0x0000000080700000, 0x0000000080600000| Untracked 
|   7|0x0000000080700000, 0x0000000080800000, 0x0000000080800000|100%| O|  |TAMS 0x0000000080800000, 0x0000000080700000| Untracked 
|   8|0x0000000080800000, 0x0000000080900000, 0x0000000080900000|100%| O|  |TAMS 0x0000000080900000, 0x0000000080800000| Untracked 
|   9|0x0000000080900000, 0x0000000080a00000, 0x0000000080a00000|100%| O|  |TAMS 0x0000000080900000, 0x0000000080900000| Untracked 
|  10|0x0000000080a00000, 0x0000000080b00000, 0x0000000080b00000|100%| O|  |TAMS 0x0000000080b00000, 0x0000000080a00000| Untracked 
|  11|0x0000000080b00000, 0x0000000080c00000, 0x0000000080c00000|100%| O|  |TAMS 0x0000000080b32c00, 0x0000000080b00000| Untracked 
|  12|0x0000000080c00000, 0x0000000080d00000, 0x0000000080d00000|100%| O|  |TAMS 0x0000000080c00000, 0x0000000080c00000| Untracked 
|  13|0x0000000080d00000, 0x0000000080dd9e00, 0x0000000080e00000| 85%| O|  |TAMS 0x0000000080d00000, 0x0000000080d00000| Untracked 
|  14|0x0000000080e00000, 0x0000000080e00000, 0x0000000080f00000|  0%| F|  |TAMS 0x0000000080e00000, 0x0000000080e00000| Untracked 
|  15|0x0000000080f00000, 0x0000000080f00000, 0x0000000081000000|  0%| F|  |TAMS 0x0000000080f00000, 0x0000000080f00000| Untracked 
|  16|0x0000000081000000, 0x0000000081000000, 0x0000000081100000|  0%| F|  |TAMS 0x0000000081000000, 0x0000000081000000| Untracked 
|  17|0x0000000081100000, 0x0000000081100000, 0x0000000081200000|  0%| F|  |TAMS 0x0000000081100000, 0x0000000081100000| Untracked 
|  18|0x0000000081200000, 0x0000000081200000, 0x0000000081300000|  0%| F|  |TAMS 0x0000000081200000, 0x0000000081200000| Untracked 
|  19|0x0000000081300000, 0x0000000081300000, 0x0000000081400000|  0%| F|  |TAMS 0x0000000081300000, 0x0000000081300000| Untracked 
|  20|0x0000000081400000, 0x0000000081400000, 0x0000000081500000|  0%| F|  |TAMS 0x0000000081400000, 0x0000000081400000| Untracked 
|  21|0x0000000081500000, 0x0000000081500000, 0x0000000081600000|  0%| F|  |TAMS 0x0000000081500000, 0x0000000081500000| Untracked 
|  22|0x0000000081600000, 0x0000000081600000, 0x0000000081700000|  0%| F|  |TAMS 0x0000000081600000, 0x0000000081600000| Untracked 
|  23|0x0000000081700000, 0x0000000081700000, 0x0000000081800000|  0%| F|  |TAMS 0x0000000081700000, 0x0000000081700000| Untracked 
|  24|0x0000000081800000, 0x0000000081800000, 0x0000000081900000|  0%| F|  |TAMS 0x0000000081800000, 0x0000000081800000| Untracked 
|  25|0x0000000081900000, 0x0000000081900000, 0x0000000081a00000|  0%| F|  |TAMS 0x0000000081900000, 0x0000000081900000| Untracked 
|  26|0x0000000081a00000, 0x0000000081a00000, 0x0000000081b00000|  0%| F|  |TAMS 0x0000000081a00000, 0x0000000081a00000| Untracked 
|  27|0x0000000081b00000, 0x0000000081b00000, 0x0000000081c00000|  0%| F|  |TAMS 0x0000000081b00000, 0x0000000081b00000| Untracked 
|  28|0x0000000081c00000, 0x0000000081c00000, 0x0000000081d00000|  0%| F|  |TAMS 0x0000000081c00000, 0x0000000081c00000| Untracked 
|  29|0x0000000081d00000, 0x0000000081d00000, 0x0000000081e00000|  0%| F|  |TAMS 0x0000000081d00000, 0x0000000081d00000| Untracked 
|  30|0x0000000081e00000, 0x0000000081e00000, 0x0000000081f00000|  0%| F|  |TAMS 0x0000000081e00000, 0x0000000081e00000| Untracked 
|  31|0x0000000081f00000, 0x0000000081f00000, 0x0000000082000000|  0%| F|  |TAMS 0x0000000081f00000, 0x0000000081f00000| Untracked 
|  32|0x0000000082000000, 0x0000000082000000, 0x0000000082100000|  0%| F|  |TAMS 0x0000000082000000, 0x0000000082000000| Untracked 
|  33|0x0000000082100000, 0x0000000082100000, 0x0000000082200000|  0%| F|  |TAMS 0x0000000082100000, 0x0000000082100000| Untracked 
|  34|0x0000000082200000, 0x0000000082200000, 0x0000000082300000|  0%| F|  |TAMS 0x0000000082200000, 0x0000000082200000| Untracked 
|  35|0x0000000082300000, 0x0000000082300000, 0x0000000082400000|  0%| F|  |TAMS 0x0000000082300000, 0x0000000082300000| Untracked 
|  36|0x0000000082400000, 0x0000000082400000, 0x0000000082500000|  0%| F|  |TAMS 0x0000000082400000, 0x0000000082400000| Untracked 
|  37|0x0000000082500000, 0x0000000082500000, 0x0000000082600000|  0%| F|  |TAMS 0x0000000082500000, 0x0000000082500000| Untracked 
|  38|0x0000000082600000, 0x0000000082600000, 0x0000000082700000|  0%| F|  |TAMS 0x0000000082600000, 0x0000000082600000| Untracked 
|  39|0x0000000082700000, 0x0000000082700000, 0x0000000082800000|  0%| F|  |TAMS 0x0000000082700000, 0x0000000082700000| Untracked 
|  40|0x0000000082800000, 0x0000000082800000, 0x0000000082900000|  0%| F|  |TAMS 0x0000000082800000, 0x0000000082800000| Untracked 
|  41|0x0000000082900000, 0x0000000082900000, 0x0000000082a00000|  0%| F|  |TAMS 0x0000000082900000, 0x0000000082900000| Untracked 
|  42|0x0000000082a00000, 0x0000000082a00000, 0x0000000082b00000|  0%| F|  |TAMS 0x0000000082a00000, 0x0000000082a00000| Untracked 
|  43|0x0000000082b00000, 0x0000000082b00000, 0x0000000082c00000|  0%| F|  |TAMS 0x0000000082b00000, 0x0000000082b00000| Untracked 
|  44|0x0000000082c00000, 0x0000000082c00000, 0x0000000082d00000|  0%| F|  |TAMS 0x0000000082c00000, 0x0000000082c00000| Untracked 
|  45|0x0000000082d00000, 0x0000000082d00000, 0x0000000082e00000|  0%| F|  |TAMS 0x0000000082d00000, 0x0000000082d00000| Untracked 
|  46|0x0000000082e00000, 0x0000000082e00000, 0x0000000082f00000|  0%| F|  |TAMS 0x0000000082e00000, 0x0000000082e00000| Untracked 
|  47|0x0000000082f00000, 0x0000000082f00000, 0x0000000083000000|  0%| F|  |TAMS 0x0000000082f00000, 0x0000000082f00000| Untracked 
|  48|0x0000000083000000, 0x0000000083000000, 0x0000000083100000|  0%| F|  |TAMS 0x0000000083000000, 0x0000000083000000| Untracked 
|  49|0x0000000083100000, 0x0000000083100000, 0x0000000083200000|  0%| F|  |TAMS 0x0000000083100000, 0x0000000083100000| Untracked 
|  50|0x0000000083200000, 0x0000000083200000, 0x0000000083300000|  0%| F|  |TAMS 0x0000000083200000, 0x0000000083200000| Untracked 
|  51|0x0000000083300000, 0x0000000083300000, 0x0000000083400000|  0%| F|  |TAMS 0x0000000083300000, 0x0000000083300000| Untracked 
|  52|0x0000000083400000, 0x0000000083400000, 0x0000000083500000|  0%| F|  |TAMS 0x0000000083400000, 0x0000000083400000| Untracked 
|  53|0x0000000083500000, 0x0000000083500000, 0x0000000083600000|  0%| F|  |TAMS 0x0000000083500000, 0x0000000083500000| Untracked 
|  54|0x0000000083600000, 0x0000000083600000, 0x0000000083700000|  0%| F|  |TAMS 0x0000000083600000, 0x0000000083600000| Untracked 
|  55|0x0000000083700000, 0x0000000083700000, 0x0000000083800000|  0%| F|  |TAMS 0x0000000083700000, 0x0000000083700000| Untracked 
|  56|0x0000000083800000, 0x00000000838364f8, 0x0000000083900000| 21%| S|CS|TAMS 0x0000000083800000, 0x0000000083800000| Complete 
|  57|0x0000000083900000, 0x0000000083a00000, 0x0000000083a00000|100%| S|CS|TAMS 0x0000000083900000, 0x0000000083900000| Complete 
|  58|0x0000000083a00000, 0x0000000083a00000, 0x0000000083b00000|  0%| F|  |TAMS 0x0000000083a00000, 0x0000000083a00000| Untracked 
|  59|0x0000000083b00000, 0x0000000083b00000, 0x0000000083c00000|  0%| F|  |TAMS 0x0000000083b00000, 0x0000000083b00000| Untracked 
|  60|0x0000000083c00000, 0x0000000083c00000, 0x0000000083d00000|  0%| F|  |TAMS 0x0000000083c00000, 0x0000000083c00000| Untracked 
|  61|0x0000000083d00000, 0x0000000083d00000, 0x0000000083e00000|  0%| F|  |TAMS 0x0000000083d00000, 0x0000000083d00000| Untracked 
|  62|0x0000000083e00000, 0x0000000083e00000, 0x0000000083f00000|  0%| F|  |TAMS 0x0000000083e00000, 0x0000000083e00000| Untracked 
|  63|0x0000000083f00000, 0x0000000083f00000, 0x0000000084000000|  0%| F|  |TAMS 0x0000000083f00000, 0x0000000083f00000| Untracked 
|  64|0x0000000084000000, 0x0000000084000000, 0x0000000084100000|  0%| F|  |TAMS 0x0000000084000000, 0x0000000084000000| Untracked 
|  65|0x0000000084100000, 0x0000000084200000, 0x0000000084200000|100%| S|CS|TAMS 0x0000000084100000, 0x0000000084100000| Complete 
|  66|0x0000000084200000, 0x0000000084300000, 0x0000000084300000|100%| S|CS|TAMS 0x0000000084200000, 0x0000000084200000| Complete 
|  67|0x0000000084300000, 0x0000000084400000, 0x0000000084400000|100%| S|CS|TAMS 0x0000000084300000, 0x0000000084300000| Complete 
|  68|0x0000000084400000, 0x0000000084500000, 0x0000000084500000|100%| S|CS|TAMS 0x0000000084400000, 0x0000000084400000| Complete 
|  69|0x0000000084500000, 0x0000000084500000, 0x0000000084600000|  0%| F|  |TAMS 0x0000000084500000, 0x0000000084500000| Untracked 
|  70|0x0000000084600000, 0x0000000084600000, 0x0000000084700000|  0%| F|  |TAMS 0x0000000084600000, 0x0000000084600000| Untracked 
|  71|0x0000000084700000, 0x0000000084700000, 0x0000000084800000|  0%| F|  |TAMS 0x0000000084700000, 0x0000000084700000| Untracked 
|  72|0x0000000084800000, 0x0000000084800000, 0x0000000084900000|  0%| F|  |TAMS 0x0000000084800000, 0x0000000084800000| Untracked 
|  73|0x0000000084900000, 0x0000000084900000, 0x0000000084a00000|  0%| F|  |TAMS 0x0000000084900000, 0x0000000084900000| Untracked 
|  74|0x0000000084a00000, 0x0000000084a00000, 0x0000000084b00000|  0%| F|  |TAMS 0x0000000084a00000, 0x0000000084a00000| Untracked 
|  75|0x0000000084b00000, 0x0000000084b00000, 0x0000000084c00000|  0%| F|  |TAMS 0x0000000084b00000, 0x0000000084b00000| Untracked 
|  76|0x0000000084c00000, 0x0000000084c00000, 0x0000000084d00000|  0%| F|  |TAMS 0x0000000084c00000, 0x0000000084c00000| Untracked 
|  77|0x0000000084d00000, 0x0000000084d00000, 0x0000000084e00000|  0%| F|  |TAMS 0x0000000084d00000, 0x0000000084d00000| Untracked 
|  78|0x0000000084e00000, 0x0000000084e00000, 0x0000000084f00000|  0%| F|  |TAMS 0x0000000084e00000, 0x0000000084e00000| Untracked 
|  79|0x0000000084f00000, 0x0000000084f00000, 0x0000000085000000|  0%| F|  |TAMS 0x0000000084f00000, 0x0000000084f00000| Untracked 
|  80|0x0000000085000000, 0x0000000085000000, 0x0000000085100000|  0%| F|  |TAMS 0x0000000085000000, 0x0000000085000000| Untracked 
|  81|0x0000000085100000, 0x0000000085100000, 0x0000000085200000|  0%| F|  |TAMS 0x0000000085100000, 0x0000000085100000| Untracked 
|  82|0x0000000085200000, 0x0000000085200000, 0x0000000085300000|  0%| F|  |TAMS 0x0000000085200000, 0x0000000085200000| Untracked 
|  83|0x0000000085300000, 0x0000000085300000, 0x0000000085400000|  0%| F|  |TAMS 0x0000000085300000, 0x0000000085300000| Untracked 
|  84|0x0000000085400000, 0x0000000085400000, 0x0000000085500000|  0%| F|  |TAMS 0x0000000085400000, 0x0000000085400000| Untracked 
|  85|0x0000000085500000, 0x0000000085500000, 0x0000000085600000|  0%| F|  |TAMS 0x0000000085500000, 0x0000000085500000| Untracked 
|  86|0x0000000085600000, 0x0000000085600000, 0x0000000085700000|  0%| F|  |TAMS 0x0000000085600000, 0x0000000085600000| Untracked 
|  87|0x0000000085700000, 0x0000000085700000, 0x0000000085800000|  0%| F|  |TAMS 0x0000000085700000, 0x0000000085700000| Untracked 
|  88|0x0000000085800000, 0x0000000085800000, 0x0000000085900000|  0%| F|  |TAMS 0x0000000085800000, 0x0000000085800000| Untracked 
|  89|0x0000000085900000, 0x0000000085900000, 0x0000000085a00000|  0%| F|  |TAMS 0x0000000085900000, 0x0000000085900000| Untracked 
|  90|0x0000000085a00000, 0x0000000085a00000, 0x0000000085b00000|  0%| F|  |TAMS 0x0000000085a00000, 0x0000000085a00000| Untracked 
|  91|0x0000000085b00000, 0x0000000085b00000, 0x0000000085c00000|  0%| F|  |TAMS 0x0000000085b00000, 0x0000000085b00000| Untracked 
|  92|0x0000000085c00000, 0x0000000085c00000, 0x0000000085d00000|  0%| F|  |TAMS 0x0000000085c00000, 0x0000000085c00000| Untracked 
|  93|0x0000000085d00000, 0x0000000085d00000, 0x0000000085e00000|  0%| F|  |TAMS 0x0000000085d00000, 0x0000000085d00000| Untracked 
|  94|0x0000000085e00000, 0x0000000085e00000, 0x0000000085f00000|  0%| F|  |TAMS 0x0000000085e00000, 0x0000000085e00000| Untracked 
|  95|0x0000000085f00000, 0x0000000085f00000, 0x0000000086000000|  0%| F|  |TAMS 0x0000000085f00000, 0x0000000085f00000| Untracked 
|  96|0x0000000086000000, 0x0000000086000000, 0x0000000086100000|  0%| F|  |TAMS 0x0000000086000000, 0x0000000086000000| Untracked 
|  97|0x0000000086100000, 0x0000000086100000, 0x0000000086200000|  0%| F|  |TAMS 0x0000000086100000, 0x0000000086100000| Untracked 
|  98|0x0000000086200000, 0x0000000086200000, 0x0000000086300000|  0%| F|  |TAMS 0x0000000086200000, 0x0000000086200000| Untracked 
|  99|0x0000000086300000, 0x0000000086300000, 0x0000000086400000|  0%| F|  |TAMS 0x0000000086300000, 0x0000000086300000| Untracked 
| 100|0x0000000086400000, 0x0000000086400000, 0x0000000086500000|  0%| F|  |TAMS 0x0000000086400000, 0x0000000086400000| Untracked 
| 101|0x0000000086500000, 0x0000000086500000, 0x0000000086600000|  0%| F|  |TAMS 0x0000000086500000, 0x0000000086500000| Untracked 
| 102|0x0000000086600000, 0x0000000086600000, 0x0000000086700000|  0%| F|  |TAMS 0x0000000086600000, 0x0000000086600000| Untracked 
| 103|0x0000000086700000, 0x0000000086700000, 0x0000000086800000|  0%| F|  |TAMS 0x0000000086700000, 0x0000000086700000| Untracked 
| 104|0x0000000086800000, 0x0000000086800000, 0x0000000086900000|  0%| F|  |TAMS 0x0000000086800000, 0x0000000086800000| Untracked 
| 105|0x0000000086900000, 0x0000000086900000, 0x0000000086a00000|  0%| F|  |TAMS 0x0000000086900000, 0x0000000086900000| Untracked 
| 106|0x0000000086a00000, 0x0000000086a80800, 0x0000000086b00000| 50%| E|  |TAMS 0x0000000086a00000, 0x0000000086a00000| Complete 
| 107|0x0000000086b00000, 0x0000000086c00000, 0x0000000086c00000|100%| E|CS|TAMS 0x0000000086b00000, 0x0000000086b00000| Complete 
| 108|0x0000000086c00000, 0x0000000086d00000, 0x0000000086d00000|100%| E|CS|TAMS 0x0000000086c00000, 0x0000000086c00000| Complete 
| 109|0x0000000086d00000, 0x0000000086e00000, 0x0000000086e00000|100%| E|CS|TAMS 0x0000000086d00000, 0x0000000086d00000| Complete 
| 110|0x0000000086e00000, 0x0000000086f00000, 0x0000000086f00000|100%| E|CS|TAMS 0x0000000086e00000, 0x0000000086e00000| Complete 
| 111|0x0000000086f00000, 0x0000000087000000, 0x0000000087000000|100%| E|CS|TAMS 0x0000000086f00000, 0x0000000086f00000| Complete 
| 112|0x0000000087000000, 0x0000000087100000, 0x0000000087100000|100%| E|CS|TAMS 0x0000000087000000, 0x0000000087000000| Complete 
| 113|0x0000000087100000, 0x0000000087200000, 0x0000000087200000|100%| E|CS|TAMS 0x0000000087100000, 0x0000000087100000| Complete 
| 114|0x0000000087200000, 0x0000000087300000, 0x0000000087300000|100%| E|CS|TAMS 0x0000000087200000, 0x0000000087200000| Complete 
| 115|0x0000000087300000, 0x0000000087400000, 0x0000000087400000|100%| E|CS|TAMS 0x0000000087300000, 0x0000000087300000| Complete 
| 116|0x0000000087400000, 0x0000000087500000, 0x0000000087500000|100%| E|CS|TAMS 0x0000000087400000, 0x0000000087400000| Complete 
| 117|0x0000000087500000, 0x0000000087600000, 0x0000000087600000|100%| E|CS|TAMS 0x0000000087500000, 0x0000000087500000| Complete 
| 118|0x0000000087600000, 0x0000000087700000, 0x0000000087700000|100%| E|CS|TAMS 0x0000000087600000, 0x0000000087600000| Complete 
| 119|0x0000000087700000, 0x0000000087800000, 0x0000000087800000|100%| E|CS|TAMS 0x0000000087700000, 0x0000000087700000| Complete 
| 120|0x0000000087800000, 0x0000000087900000, 0x0000000087900000|100%| E|CS|TAMS 0x0000000087800000, 0x0000000087800000| Complete 
| 121|0x0000000087900000, 0x0000000087a00000, 0x0000000087a00000|100%| E|CS|TAMS 0x0000000087900000, 0x0000000087900000| Complete 
| 122|0x0000000087a00000, 0x0000000087b00000, 0x0000000087b00000|100%| E|CS|TAMS 0x0000000087a00000, 0x0000000087a00000| Complete 
| 123|0x0000000087b00000, 0x0000000087c00000, 0x0000000087c00000|100%| E|CS|TAMS 0x0000000087b00000, 0x0000000087b00000| Complete 

Card table byte_map: [0x000001fbf0ab0000,0x000001fbf0eb0000] _byte_map_base: 0x000001fbf06b0000

Marking Bits (Prev, Next): (CMBitMap*) 0x000001fbddbcde30, (CMBitMap*) 0x000001fbddbcddf8
 Prev Bits: [0x000001fbf32b0000, 0x000001fbf52b0000)
 Next Bits: [0x000001fbf12b0000, 0x000001fbf32b0000)

Polling page: 0x000001fbdd370000

Metaspace:

Usage:
  Non-class:     24.36 MB capacity,    24.02 MB ( 99%) used,   292.65 KB (  1%) free+waste,    54.50 KB ( <1%) overhead. 
      Class:      3.79 MB capacity,     3.59 MB ( 95%) used,   174.51 KB (  5%) free+waste,    27.13 KB ( <1%) overhead. 
       Both:     28.14 MB capacity,    27.61 MB ( 98%) used,   467.16 KB (  2%) free+waste,    81.63 KB ( <1%) overhead. 

Virtual space:
  Non-class space:       26.00 MB reserved,      24.42 MB ( 94%) committed 
      Class space:        1.00 GB reserved,       3.82 MB ( <1%) committed 
             Both:        1.03 GB reserved,      28.25 MB (  3%) committed 

Chunk freelists:
   Non-Class:  3.00 KB
       Class:  28.00 KB
        Both:  31.00 KB

MaxMetaspaceSize: 17179869184.00 GB
CompressedClassSpaceSize: 1.00 GB
Initial GC threshold: 20.80 MB
Current GC threshold: 35.20 MB
CDS: off

CodeHeap 'non-profiled nmethods': size=120064Kb used=1162Kb max_used=1162Kb free=118902Kb
 bounds [0x000001fbe9170000, 0x000001fbe93e0000, 0x000001fbf06b0000]
CodeHeap 'profiled nmethods': size=120000Kb used=5466Kb max_used=5466Kb free=114533Kb
 bounds [0x000001fbe1c40000, 0x000001fbe21a0000, 0x000001fbe9170000]
CodeHeap 'non-nmethods': size=5696Kb used=1227Kb max_used=1249Kb free=4469Kb
 bounds [0x000001fbe16b0000, 0x000001fbe1920000, 0x000001fbe1c40000]
 total_blobs=2985 nmethods=2481 adapters=416
 compilation: enabled
              stopped_count=0, restarted_count=0
 full_count=0

Compilation events (20 events):
Event: 51.173 Thread 0x000001fbf77c3800 2448       3       org.objectweb.asm.MethodWriter::addSuccessorToCurrentBasicBlock (24 bytes)
Event: 51.175 Thread 0x000001fbf77c3800 nmethod 2448 0x000001fbe2173d90 code [0x000001fbe2173f60, 0x000001fbe2174298]
Event: 51.175 Thread 0x000001fbf77c3800 2451       3       org.objectweb.asm.SymbolTable::hash (15 bytes)
Event: 51.177 Thread 0x000001fbf77c3800 nmethod 2451 0x000001fbe2174410 code [0x000001fbe21745e0, 0x000001fbe2174758]
Event: 51.333 Thread 0x000001fbf77c3800 2453       3       java.lang.invoke.MethodHandles$Lookup::findBoundCallerLookup (26 bytes)
Event: 51.338 Thread 0x000001fbf77c3800 nmethod 2453 0x000001fbe2174890 code [0x000001fbe2174ac0, 0x000001fbe21752b8]
Event: 51.338 Thread 0x000001fbf77c3800 2454       3       java.lang.invoke.MethodHandles$Lookup::getDirectMethodCommon (275 bytes)
Event: 51.354 Thread 0x000001fbf77c3800 nmethod 2454 0x000001fbe2175510 code [0x000001fbe2175860, 0x000001fbe2176ad8]
Event: 51.355 Thread 0x000001fbf77c3800 2455       3       java.lang.invoke.MethodHandles$Lookup::checkMethod (83 bytes)
Event: 51.361 Thread 0x000001fbf77c3800 nmethod 2455 0x000001fbe2177110 code [0x000001fbe2177340, 0x000001fbe2177a98]
Event: 51.362 Thread 0x000001fbf77c3800 2456       3       java.lang.invoke.MethodHandles$Lookup::maybeBindCaller (47 bytes)
Event: 51.368 Thread 0x000001fbf77c3800 nmethod 2456 0x000001fbe2177d10 code [0x000001fbe2177f60, 0x000001fbe2178848]
Event: 51.452 Thread 0x000001fbf77c3800 2457       3       org.gradle.internal.reflect.MethodSet$MethodKey::equals (89 bytes)
Event: 51.458 Thread 0x000001fbf77c3800 nmethod 2457 0x000001fbe2178b90 code [0x000001fbe2178dc0, 0x000001fbe2179658]
Event: 51.476 Thread 0x000001fbf77c3800 2458       3       org.gradle.internal.reflect.MutableClassDetails::instanceMethod (9 bytes)
Event: 51.477 Thread 0x000001fbf77c3800 nmethod 2458 0x000001fbe2179890 code [0x000001fbe2179a40, 0x000001fbe2179b88]
Event: 51.492 Thread 0x000001fbf77c3800 2459       3       java.util.TreeMap::get (19 bytes)
Event: 51.494 Thread 0x000001fbf77c3800 nmethod 2459 0x000001fbe2179c90 code [0x000001fbe2179e60, 0x000001fbe217a008]
Event: 51.499 Thread 0x000001fbf77c3800 2460       3       org.gradle.internal.reflect.MethodSet::shouldReplace (45 bytes)
Event: 51.503 Thread 0x000001fbf77c3800 nmethod 2460 0x000001fbe217a110 code [0x000001fbe217a300, 0x000001fbe217a838]

GC Heap History (14 events):
Event: 9.839 GC heap before
{Heap before GC invocations=0 (full 0):
 garbage-first heap   total 126976K, used 17408K [0x0000000080000000, 0x0000000100000000)
  region size 1024K, 14 young (14336K), 0 survivors (0K)
 Metaspace       used 6746K, capacity 6989K, committed 7168K, reserved 1056768K
  class space    used 572K, capacity 650K, committed 768K, reserved 1048576K
}
Event: 9.888 GC heap after
{Heap after GC invocations=1 (full 0):
 garbage-first heap   total 126976K, used 4363K [0x0000000080000000, 0x0000000100000000)
  region size 1024K, 2 young (2048K), 2 survivors (2048K)
 Metaspace       used 6746K, capacity 6989K, committed 7168K, reserved 1056768K
  class space    used 572K, capacity 650K, committed 768K, reserved 1048576K
}
Event: 11.238 GC heap before
{Heap before GC invocations=1 (full 0):
 garbage-first heap   total 126976K, used 11531K [0x0000000080000000, 0x0000000100000000)
  region size 1024K, 6 young (6144K), 2 survivors (2048K)
 Metaspace       used 7698K, capacity 7859K, committed 7936K, reserved 1056768K
  class space    used 698K, capacity 748K, committed 768K, reserved 1048576K
}
Event: 11.266 GC heap after
{Heap after GC invocations=2 (full 0):
 garbage-first heap   total 126976K, used 8520K [0x0000000080000000, 0x0000000100000000)
  region size 1024K, 1 young (1024K), 1 survivors (1024K)
 Metaspace       used 7698K, capacity 7859K, committed 7936K, reserved 1056768K
  class space    used 698K, capacity 748K, committed 768K, reserved 1048576K
}
Event: 14.887 GC heap before
{Heap before GC invocations=2 (full 0):
 garbage-first heap   total 126976K, used 19784K [0x0000000080000000, 0x0000000100000000)
  region size 1024K, 12 young (12288K), 1 survivors (1024K)
 Metaspace       used 10117K, capacity 10374K, committed 10624K, reserved 1058816K
  class space    used 1034K, capacity 1102K, committed 1152K, reserved 1048576K
}
Event: 14.906 GC heap after
{Heap after GC invocations=3 (full 0):
 garbage-first heap   total 126976K, used 9272K [0x0000000080000000, 0x0000000100000000)
  region size 1024K, 2 young (2048K), 2 survivors (2048K)
 Metaspace       used 10117K, capacity 10374K, committed 10624K, reserved 1058816K
  class space    used 1034K, capacity 1102K, committed 1152K, reserved 1048576K
}
Event: 18.530 GC heap before
{Heap before GC invocations=3 (full 0):
 garbage-first heap   total 126976K, used 27704K [0x0000000080000000, 0x0000000100000000)
  region size 1024K, 20 young (20480K), 2 survivors (2048K)
 Metaspace       used 10856K, capacity 11073K, committed 11264K, reserved 1058816K
  class space    used 1112K, capacity 1207K, committed 1280K, reserved 1048576K
}
Event: 18.561 GC heap after
{Heap after GC invocations=4 (full 0):
 garbage-first heap   total 126976K, used 9801K [0x0000000080000000, 0x0000000100000000)
  region size 1024K, 2 young (2048K), 2 survivors (2048K)
 Metaspace       used 10856K, capacity 11073K, committed 11264K, reserved 1058816K
  class space    used 1112K, capacity 1207K, committed 1280K, reserved 1048576K
}
Event: 22.048 GC heap before
{Heap before GC invocations=4 (full 0):
 garbage-first heap   total 126976K, used 34377K [0x0000000080000000, 0x0000000100000000)
  region size 1024K, 26 young (26624K), 2 survivors (2048K)
 Metaspace       used 11256K, capacity 11513K, committed 11648K, reserved 1058816K
  class space    used 1195K, capacity 1311K, committed 1408K, reserved 1048576K
}
Event: 22.102 GC heap after
{Heap after GC invocations=5 (full 0):
 garbage-first heap   total 126976K, used 14539K [0x0000000080000000, 0x0000000100000000)
  region size 1024K, 4 young (4096K), 4 survivors (4096K)
 Metaspace       used 11256K, capacity 11513K, committed 11648K, reserved 1058816K
  class space    used 1195K, capacity 1311K, committed 1408K, reserved 1048576K
}
Event: 42.787 GC heap before
{Heap before GC invocations=5 (full 0):
 garbage-first heap   total 126976K, used 69835K [0x0000000080000000, 0x0000000100000000)
  region size 1024K, 59 young (60416K), 4 survivors (4096K)
 Metaspace       used 20838K, capacity 21182K, committed 21296K, reserved 1069056K
  class space    used 2521K, capacity 2682K, committed 2688K, reserved 1048576K
}
Event: 42.859 GC heap after
{Heap after GC invocations=6 (full 0):
 garbage-first heap   total 126976K, used 17574K [0x0000000080000000, 0x0000000100000000)
  region size 1024K, 7 young (7168K), 7 survivors (7168K)
 Metaspace       used 20838K, capacity 21182K, committed 21296K, reserved 1069056K
  class space    used 2521K, capacity 2682K, committed 2688K, reserved 1048576K
}
Event: 49.463 GC heap before
{Heap before GC invocations=7 (full 0):
 garbage-first heap   total 126976K, used 73894K [0x0000000080000000, 0x0000000100000000)
  region size 1024K, 62 young (63488K), 7 survivors (7168K)
 Metaspace       used 26832K, capacity 27435K, committed 27772K, reserved 1073152K
  class space    used 3457K, capacity 3670K, committed 3788K, reserved 1048576K
}
Event: 49.530 GC heap after
{Heap after GC invocations=8 (full 0):
 garbage-first heap   total 126976K, used 19520K [0x0000000080000000, 0x0000000100000000)
  region size 1024K, 6 young (6144K), 6 survivors (6144K)
 Metaspace       used 26832K, capacity 27435K, committed 27772K, reserved 1073152K
  class space    used 3457K, capacity 3670K, committed 3788K, reserved 1048576K
}

Deoptimization events (20 events):
Event: 42.504 Thread 0x000001fbf94a4800 Uncommon trap: trap_request=0xffffff4d fr.pc=0x000001fbe91df834 relative=0x0000000000000474
Event: 42.504 Thread 0x000001fbf94a4800 Uncommon trap: reason=unstable_if action=reinterpret pc=0x000001fbe91df834 method=java.lang.String.substring(I)Ljava/lang/String; @ 34 c2
Event: 42.504 Thread 0x000001fbf94a4800 DEOPT PACKING pc=0x000001fbe91df834 sp=0x000000c5afbfb4b0
Event: 42.504 Thread 0x000001fbf94a4800 DEOPT UNPACKING pc=0x000001fbe16fa1af sp=0x000000c5afbfb488 mode 2
Event: 43.739 Thread 0x000001fbf94a4800 Uncommon trap: trap_request=0xffffff4d fr.pc=0x000001fbe9258330 relative=0x00000000000003b0
Event: 43.739 Thread 0x000001fbf94a4800 Uncommon trap: reason=unstable_if action=reinterpret pc=0x000001fbe9258330 method=jdk.internal.org.objectweb.asm.Type.getArgumentsAndReturnSizes(Ljava/lang/String;)I @ 88 c2
Event: 43.740 Thread 0x000001fbf94a4800 DEOPT PACKING pc=0x000001fbe9258330 sp=0x000000c5afbf9a80
Event: 43.740 Thread 0x000001fbf94a4800 DEOPT UNPACKING pc=0x000001fbe16fa1af sp=0x000000c5afbf9a08 mode 2
Event: 45.677 Thread 0x000001fbf94a4800 Uncommon trap: trap_request=0xffffff4d fr.pc=0x000001fbe9214a74 relative=0x0000000000000234
Event: 45.677 Thread 0x000001fbf94a4800 Uncommon trap: reason=unstable_if action=reinterpret pc=0x000001fbe9214a74 method=java.util.concurrent.ConcurrentHashMap.get(Ljava/lang/Object;)Ljava/lang/Object; @ 76 c2
Event: 45.678 Thread 0x000001fbf94a4800 DEOPT PACKING pc=0x000001fbe9214a74 sp=0x000000c5afbf8b10
Event: 45.678 Thread 0x000001fbf94a4800 DEOPT UNPACKING pc=0x000001fbe16fa1af sp=0x000000c5afbf8a78 mode 2
Event: 48.353 Thread 0x000001fbf94a4800 Uncommon trap: trap_request=0xffffff7e fr.pc=0x000001fbe9280810 relative=0x0000000000000150
Event: 48.354 Thread 0x000001fbf94a4800 Uncommon trap: reason=predicate action=maybe_recompile pc=0x000001fbe9280810 method=com.google.common.base.CharMatcher.indexIn(Ljava/lang/CharSequence;I)I @ 19 c2
Event: 48.354 Thread 0x000001fbf94a4800 DEOPT PACKING pc=0x000001fbe9280810 sp=0x000000c5afbfb810
Event: 48.354 Thread 0x000001fbf94a4800 DEOPT UNPACKING pc=0x000001fbe16fa1af sp=0x000000c5afbfb7a0 mode 2
Event: 48.488 Thread 0x000001fbf94a4800 Uncommon trap: trap_request=0xffffff4d fr.pc=0x000001fbe922c034 relative=0x0000000000001374
Event: 48.489 Thread 0x000001fbf94a4800 Uncommon trap: reason=unstable_if action=reinterpret pc=0x000001fbe922c034 method=java.util.concurrent.ConcurrentHashMap.putVal(Ljava/lang/Object;Ljava/lang/Object;Z)Ljava/lang/Object; @ 231 c2
Event: 48.489 Thread 0x000001fbf94a4800 DEOPT PACKING pc=0x000001fbe922c034 sp=0x000000c5afbfca70
Event: 48.489 Thread 0x000001fbf94a4800 DEOPT UNPACKING pc=0x000001fbe16fa1af sp=0x000000c5afbfc9f0 mode 2

Classes redefined (0 events):
No events

Internal exceptions (20 events):
Event: 41.834 Thread 0x000001fbf94a4800 Exception <a 'java/lang/NoSuchMethodError'{0x00000000847f08e8}: 'java.lang.Object java.lang.invoke.DirectMethodHandle$Holder.invokeSpecial(java.lang.Object, java.lang.Object, java.lang.Object, java.lang.Object, int)'> (0x00000000847f08e8) thrown at [./src/hotspot/share/interpreter/linkResolver.cpp, line 773]
Event: 41.835 Thread 0x000001fbf94a4800 Exception <a 'java/lang/NoSuchMethodError'{0x00000000847f4820}: 'java.lang.Object java.lang.invoke.Invokers$Holder.linkToTargetMethod(java.lang.Object, java.lang.Object, int, java.lang.Object)'> (0x00000000847f4820) thrown at [./src/hotspot/share/interpreter/linkResolver.cpp, line 773]
Event: 43.118 Thread 0x000001fbf94a4800 Exception <a 'java/lang/NoSuchMethodError'{0x0000000087a19f98}: 'int java.lang.invoke.DirectMethodHandle$Holder.invokeSpecialIFC(java.lang.Object, java.lang.Object, java.lang.Object, java.lang.Object)'> (0x0000000087a19f98) thrown at [./src/hotspot/share/interpreter/linkResolver.cpp, line 773]
Event: 43.139 Thread 0x000001fbf94a4800 Exception <a 'java/lang/NoSuchMethodError'{0x0000000087a27f50}: 'java.lang.Object java.lang.invoke.DirectMethodHandle$Holder.invokeInterface(java.lang.Object, java.lang.Object, java.lang.Object)'> (0x0000000087a27f50) thrown at [./src/hotspot/share/interpreter/linkResolver.cpp, line 773]
Event: 43.142 Thread 0x000001fbf94a4800 Exception <a 'java/lang/IncompatibleClassChangeError'{0x0000000087a2b428}: Found class java.lang.Object, but interface was expected> (0x0000000087a2b428) thrown at [./src/hotspot/share/interpreter/linkResolver.cpp, line 839]
Event: 44.131 Thread 0x000001fbf94a4800 Exception <a 'java/lang/NoSuchMethodError'{0x00000000873cbd78}: 'void java.lang.invoke.DirectMethodHandle$Holder.invokeSpecial(java.lang.Object, java.lang.Object, java.lang.Object, java.lang.Object, java.lang.Object)'> (0x00000000873cbd78) thrown at [./src/hotspot/share/interpreter/linkResolver.cpp, line 773]
Event: 44.347 Thread 0x000001fbf94a4800 Exception <a 'java/lang/NoSuchMethodError'{0x00000000871f5bd0}: 'java.lang.Object java.lang.invoke.DirectMethodHandle$Holder.invokeSpecial(java.lang.Object, java.lang.Object, java.lang.Object, java.lang.Object, java.lang.Object, java.lang.Object, java.lang.Object, java.lang.Object, java.lang.Object)'> (0x00000000871f5bd0) thrown at [./src/hotspot/share/interpreter/linkResolver.cpp, line 773]
Event: 45.158 Thread 0x000001fbf94a4800 Exception <a 'java/lang/NoSuchMethodError'{0x00000000867c14a8}: 'java.lang.Object java.lang.invoke.DirectMethodHandle$Holder.invokeVirtual(java.lang.Object, java.lang.Object, java.lang.Object, java.lang.Object)'> (0x00000000867c14a8) thrown at [./src/hotspot/share/interpreter/linkResolver.cpp, line 773]
Event: 45.988 Thread 0x000001fbf94a4800 Exception <a 'java/lang/NoSuchMethodError'{0x000000008600dab8}: 'void java.lang.invoke.DirectMethodHandle$Holder.invokeSpecial(java.lang.Object, java.lang.Object, java.lang.Object, java.lang.Object, java.lang.Object, java.lang.Object)'> (0x000000008600dab8) thrown at [./src/hotspot/share/interpreter/linkResolver.cpp, line 773]
Event: 46.097 Thread 0x000001fbf94a4800 Exception <a 'java/lang/NoSuchMethodError'{0x000000008607c9f8}: 'void java.lang.invoke.DirectMethodHandle$Holder.invokeSpecial(java.lang.Object, java.lang.Object, java.lang.Object, java.lang.Object, java.lang.Object, java.lang.Object, java.lang.Object)'> (0x000000008607c9f8) thrown at [./src/hotspot/share/interpreter/linkResolver.cpp, line 773]
Event: 46.101 Thread 0x000001fbf94a4800 Exception <a 'java/lang/NoSuchMethodError'{0x0000000086085138}: 'java.lang.Object java.lang.invoke.Invokers$Holder.linkToTargetMethod(java.lang.Object, java.lang.Object, java.lang.Object, java.lang.Object, java.lang.Object, java.lang.Object)'> (0x0000000086085138) thrown at [./src/hotspot/share/interpreter/linkResolver.cpp, line 773]
Event: 46.361 Thread 0x000001fbf94a4800 Exception <a 'java/lang/NoSuchMethodError'{0x0000000085e4e348}: 'java.lang.Object java.lang.invoke.DirectMethodHandle$Holder.invokeVirtual(java.lang.Object, java.lang.Object, java.lang.Object, java.lang.Object, java.lang.Object, java.lang.Object, java.lang.Object, java.lang.Object, java.lang.Object, java.lang.Object, java.lang.Object, java.lang.Object, java.lang.Object, java.lang.Object, java.lang.Object, java.lang.Object, java.lang.Object, java.lang.Object, java.lang.Object, java.lang.Object, java.lang.Ob
Event: 46.969 Thread 0x000001fbf94a4800 Exception <a 'java/lang/NoSuchMethodError'{0x000000008564cc00}: 'int java.lang.invoke.DirectMethodHandle$Holder.invokeStaticInit(java.lang.Object, java.lang.Object, java.lang.Object)'> (0x000000008564cc00) thrown at [./src/hotspot/share/interpreter/linkResolver.cpp, line 773]
Event: 47.763 Thread 0x000001fbf94a4800 Exception <a 'java/lang/NoSuchMethodError'{0x00000000852d7290}: 'void java.lang.invoke.DirectMethodHandle$Holder.invokeStaticInit(java.lang.Object, java.lang.Object)'> (0x00000000852d7290) thrown at [./src/hotspot/share/interpreter/linkResolver.cpp, line 773]
Event: 48.643 Thread 0x000001fbf94a4800 Exception <a 'java/lang/NoSuchMethodError'{0x0000000084c8b740}: 'void java.lang.invoke.DirectMethodHandle$Holder.invokeStatic(java.lang.Object, java.lang.Object, java.lang.Object, java.lang.Object)'> (0x0000000084c8b740) thrown at [./src/hotspot/share/interpreter/linkResolver.cpp, line 773]
Event: 48.659 Thread 0x000001fbf94a4800 Exception <a 'java/lang/NoSuchMethodError'{0x0000000084caa848}: 'int java.lang.invoke.DirectMethodHandle$Holder.invokeVirtual(java.lang.Object, java.lang.Object)'> (0x0000000084caa848) thrown at [./src/hotspot/share/interpreter/linkResolver.cpp, line 773]
Event: 48.674 Thread 0x000001fbf94a4800 Exception <a 'java/lang/NoSuchMethodError'{0x0000000084cc3390}: 'java.lang.Object java.lang.invoke.DirectMethodHandle$Holder.invokeVirtual(java.lang.Object, java.lang.Object, java.lang.Object)'> (0x0000000084cc3390) thrown at [./src/hotspot/share/interpreter/linkResolver.cpp, line 773]
Event: 48.712 Thread 0x000001fbf94a4800 Exception <a 'java/lang/NoSuchMethodError'{0x0000000084cef6e8}: 'int java.lang.invoke.DirectMethodHandle$Holder.invokeVirtual(java.lang.Object, java.lang.Object, java.lang.Object)'> (0x0000000084cef6e8) thrown at [./src/hotspot/share/interpreter/linkResolver.cpp, line 773]
Event: 48.942 Thread 0x000001fbf94a4800 Exception <a 'java/lang/NoSuchMethodError'{0x0000000084ab7ae8}: 'void java.lang.invoke.DirectMethodHandle$Holder.invokeSpecial(java.lang.Object, java.lang.Object)'> (0x0000000084ab7ae8) thrown at [./src/hotspot/share/interpreter/linkResolver.cpp, line 773]
Event: 50.361 Thread 0x000001fbf94a4800 Exception <a 'java/lang/NoSuchMethodError'{0x00000000873fcbb0}: 'java.lang.Object java.lang.invoke.DirectMethodHandle$Holder.invokeSpecialIFC(java.lang.Object, java.lang.Object, java.lang.Object, java.lang.Object)'> (0x00000000873fcbb0) thrown at [./src/hotspot/share/interpreter/linkResolver.cpp, line 773]

Events (20 events):
Event: 51.545 loading class com/google/common/reflect/TypeToken$2
Event: 51.545 loading class com/google/common/reflect/TypeToken$2 done
Event: 51.547 loading class com/google/common/reflect/Invokable$ConstructorInvokable
Event: 51.547 loading class com/google/common/reflect/Invokable$ConstructorInvokable done
Event: 51.550 loading class com/google/common/reflect/TypeToken$SimpleTypeToken
Event: 51.550 loading class com/google/common/reflect/TypeToken$SimpleTypeToken done
Event: 51.557 loading class com/google/common/reflect/TypeToken$4
Event: 51.557 loading class com/google/common/reflect/TypeToken$4 done
Event: 51.560 loading class com/google/common/reflect/TypeVisitor
Event: 51.560 loading class com/google/common/reflect/TypeVisitor done
Event: 51.570 loading class com/google/common/reflect/TypeResolver
Event: 51.570 loading class com/google/common/reflect/TypeResolver done
Event: 51.579 loading class com/google/common/reflect/TypeResolver$TypeTable
Event: 51.579 loading class com/google/common/reflect/TypeResolver$TypeTable done
Event: 51.584 loading class com/google/common/reflect/TypeResolver$TypeTable$1
Event: 51.584 loading class com/google/common/reflect/TypeResolver$TypeTable$1 done
Event: 51.588 loading class com/google/common/reflect/TypeResolver$TypeMappingIntrospector
Event: 51.588 loading class com/google/common/reflect/TypeResolver$TypeMappingIntrospector done
Event: 51.597 loading class com/google/common/reflect/TypeResolver$TypeVariableKey
Event: 51.597 loading class com/google/common/reflect/TypeResolver$TypeVariableKey done


Dynamic libraries:
0x00007ff703640000 - 0x00007ff70364a000 	C:\Program Files\Android\Android Studio\jre\bin\java.exe
0x00007ffc5c550000 - 0x00007ffc5c748000 	C:\WINDOWS\SYSTEM32\ntdll.dll
0x00007ffc5b5c0000 - 0x00007ffc5b67f000 	C:\WINDOWS\System32\KERNEL32.DLL
0x00007ffc5a090000 - 0x00007ffc5a362000 	C:\WINDOWS\System32\KERNELBASE.dll
0x00007ffc5a430000 - 0x00007ffc5a530000 	C:\WINDOWS\System32\ucrtbase.dll
0x00007ffc53db0000 - 0x00007ffc53dc9000 	C:\Program Files\Android\Android Studio\jre\bin\jli.dll
0x00007ffc5ab40000 - 0x00007ffc5acdd000 	C:\WINDOWS\System32\USER32.dll
0x00007ffc521d0000 - 0x00007ffc521e7000 	C:\Program Files\Android\Android Studio\jre\bin\VCRUNTIME140.dll
0x00007ffc5a060000 - 0x00007ffc5a082000 	C:\WINDOWS\System32\win32u.dll
0x00007ffc5b780000 - 0x00007ffc5b7ab000 	C:\WINDOWS\System32\GDI32.dll
0x00007ffc59c50000 - 0x00007ffc59d5f000 	C:\WINDOWS\System32\gdi32full.dll
0x00007ffc47df0000 - 0x00007ffc4808a000 	C:\WINDOWS\WinSxS\amd64_microsoft.windows.common-controls_6595b64144ccf1df_6.0.19041.1110_none_60b5254171f9507e\COMCTL32.dll
0x00007ffc5a840000 - 0x00007ffc5a8de000 	C:\WINDOWS\System32\msvcrt.dll
0x00007ffc59fc0000 - 0x00007ffc5a05d000 	C:\WINDOWS\System32\msvcp_win.dll
0x00007ffc5b720000 - 0x00007ffc5b752000 	C:\WINDOWS\System32\IMM32.DLL
0x00007ffc249a0000 - 0x00007ffc24a3d000 	C:\Program Files\Android\Android Studio\jre\bin\msvcp140.dll
0x00007ffc14c90000 - 0x00007ffc15792000 	C:\Program Files\Android\Android Studio\jre\bin\server\jvm.dll
0x00007ffc5bb10000 - 0x00007ffc5bbbe000 	C:\WINDOWS\System32\ADVAPI32.dll
0x00007ffc5b680000 - 0x00007ffc5b71c000 	C:\WINDOWS\System32\sechost.dll
0x00007ffc5a8e0000 - 0x00007ffc5aa05000 	C:\WINDOWS\System32\RPCRT4.dll
0x00007ffc5c310000 - 0x00007ffc5c318000 	C:\WINDOWS\System32\PSAPI.DLL
0x00007ffc462f0000 - 0x00007ffc462f9000 	C:\WINDOWS\SYSTEM32\WSOCK32.dll
0x00007ffc5c320000 - 0x00007ffc5c38b000 	C:\WINDOWS\System32\WS2_32.dll
0x00007ffc582d0000 - 0x00007ffc582f7000 	C:\WINDOWS\SYSTEM32\WINMM.dll
0x00007ffc58300000 - 0x00007ffc5830a000 	C:\WINDOWS\SYSTEM32\VERSION.dll
0x00007ffc584d0000 - 0x00007ffc584e2000 	C:\WINDOWS\SYSTEM32\kernel.appcore.dll
0x00007ffc54110000 - 0x00007ffc54121000 	C:\Program Files\Android\Android Studio\jre\bin\verify.dll
0x00007ffc580e0000 - 0x00007ffc582c4000 	C:\WINDOWS\SYSTEM32\DBGHELP.DLL
0x00007ffc580b0000 - 0x00007ffc580dc000 	C:\WINDOWS\SYSTEM32\dbgcore.DLL
0x00007ffc5a370000 - 0x00007ffc5a3f2000 	C:\WINDOWS\System32\bcryptPrimitives.dll
0x00007ffc53d00000 - 0x00007ffc53d29000 	C:\Program Files\Android\Android Studio\jre\bin\java.dll
0x00007ffc53cf0000 - 0x00007ffc53cfb000 	C:\Program Files\Android\Android Studio\jre\bin\jimage.dll
0x00007ffc53cd0000 - 0x00007ffc53ce8000 	C:\Program Files\Android\Android Studio\jre\bin\zip.dll
0x00007ffc5bbc0000 - 0x00007ffc5c303000 	C:\WINDOWS\System32\SHELL32.dll
0x00007ffc57900000 - 0x00007ffc58092000 	C:\WINDOWS\SYSTEM32\windows.storage.dll
0x00007ffc5b7b0000 - 0x00007ffc5bb04000 	C:\WINDOWS\System32\combase.dll
0x00007ffc596b0000 - 0x00007ffc596e0000 	C:\WINDOWS\SYSTEM32\Wldp.dll
0x00007ffc5b480000 - 0x00007ffc5b52d000 	C:\WINDOWS\System32\SHCORE.dll
0x00007ffc5b150000 - 0x00007ffc5b1a5000 	C:\WINDOWS\System32\shlwapi.dll
0x00007ffc59b90000 - 0x00007ffc59baf000 	C:\WINDOWS\SYSTEM32\profapi.dll
0x00007ffc52f90000 - 0x00007ffc52faa000 	C:\Program Files\Android\Android Studio\jre\bin\net.dll
0x00007ffc48e80000 - 0x00007ffc48f8c000 	C:\WINDOWS\SYSTEM32\WINHTTP.dll
0x00007ffc59410000 - 0x00007ffc5947a000 	C:\WINDOWS\system32\mswsock.dll
0x00007ffc52640000 - 0x00007ffc52654000 	C:\Program Files\Android\Android Studio\jre\bin\nio.dll
0x00007ffc53df0000 - 0x00007ffc53e17000 	C:\Users\hp\.gradle\native\e1d6ef7f7dcc3fd88c89a11ec53ec762bb8ba0a96d01ffa2cd45eb1d1d8dd5c5\windows-amd64\native-platform.dll
0x00007ffc331b0000 - 0x00007ffc332f4000 	C:\Users\hp\.gradle\native\0d407fdbe67a94daf76414ababcb853783967236a71b16ec16e742cd7a986fd3\windows-amd64\native-platform-file-events.dll
0x00007ffc53ca0000 - 0x00007ffc53caa000 	C:\Program Files\Android\Android Studio\jre\bin\management.dll
0x00007ffc52630000 - 0x00007ffc5263d000 	C:\Program Files\Android\Android Studio\jre\bin\management_ext.dll
0x00007ffc59610000 - 0x00007ffc59628000 	C:\WINDOWS\SYSTEM32\CRYPTSP.dll
0x00007ffc58cc0000 - 0x00007ffc58cf4000 	C:\WINDOWS\system32\rsaenh.dll
0x00007ffc5a400000 - 0x00007ffc5a427000 	C:\WINDOWS\System32\bcrypt.dll
0x00007ffc59b50000 - 0x00007ffc59b7e000 	C:\WINDOWS\SYSTEM32\USERENV.dll
0x00007ffc59600000 - 0x00007ffc5960c000 	C:\WINDOWS\SYSTEM32\CRYPTBASE.dll
0x00007ffc590b0000 - 0x00007ffc590eb000 	C:\WINDOWS\SYSTEM32\IPHLPAPI.DLL
0x00007ffc5b360000 - 0x00007ffc5b368000 	C:\WINDOWS\System32\NSI.dll
0x00007ffc505f0000 - 0x00007ffc50607000 	C:\WINDOWS\SYSTEM32\dhcpcsvc6.DLL
0x00007ffc4fb60000 - 0x00007ffc4fb7d000 	C:\WINDOWS\SYSTEM32\dhcpcsvc.DLL
0x00007ffc59100000 - 0x00007ffc591ca000 	C:\WINDOWS\SYSTEM32\DNSAPI.dll

dbghelp: loaded successfully - version: 4.0.5 - missing functions: none
symbol engine: initialized successfully - sym options: 0x614 - pdb path: .;C:\Program Files\Android\Android Studio\jre\bin;C:\WINDOWS\SYSTEM32;C:\WINDOWS\WinSxS\amd64_microsoft.windows.common-controls_6595b64144ccf1df_6.0.19041.1110_none_60b5254171f9507e;C:\Program Files\Android\Android Studio\jre\bin\server;C:\Users\hp\.gradle\native\e1d6ef7f7dcc3fd88c89a11ec53ec762bb8ba0a96d01ffa2cd45eb1d1d8dd5c5\windows-amd64;C:\Users\hp\.gradle\native\0d407fdbe67a94daf76414ababcb853783967236a71b16ec16e742cd7a986fd3\windows-amd64

VM Arguments:
jvm_args: --add-opens=java.base/java.util=ALL-UNNAMED --add-opens=java.base/java.lang=ALL-UNNAMED --add-opens=java.base/java.lang.invoke=ALL-UNNAMED --add-opens=java.base/java.util=ALL-UNNAMED --add-opens=java.prefs/java.util.prefs=ALL-UNNAMED --add-opens=java.prefs/java.util.prefs=ALL-UNNAMED --add-opens=java.base/java.nio.charset=ALL-UNNAMED --add-opens=java.base/java.net=ALL-UNNAMED --add-opens=java.base/java.util.concurrent.atomic=ALL-UNNAMED -Xmx2048m -Dfile.encoding=UTF-8 -Duser.country=US -Duser.language=en -Duser.variant 
java_command: org.gradle.launcher.daemon.bootstrap.GradleDaemon 7.4
java_class_path (initial): C:\Users\hp\.gradle\wrapper\dists\gradle-7.4-bin\c0gwcg53nkjbqw7r0h0umtfvt\gradle-7.4\lib\gradle-launcher-7.4.jar
Launcher Type: SUN_STANDARD

[Global flags]
     intx CICompilerCount                          = 3                                         {product} {ergonomic}
     uint ConcGCThreads                            = 1                                         {product} {ergonomic}
     uint G1ConcRefinementThreads                  = 4                                         {product} {ergonomic}
   size_t G1HeapRegionSize                         = 1048576                                   {product} {ergonomic}
    uintx GCDrainStackTargetSize                   = 64                                        {product} {ergonomic}
   size_t InitialHeapSize                          = 130023424                                 {product} {ergonomic}
   size_t MarkStackSize                            = 4194304                                   {product} {ergonomic}
   size_t MaxHeapSize                              = 2147483648                                {product} {command line}
   size_t MaxNewSize                               = 1287651328                                {product} {ergonomic}
   size_t MinHeapDeltaBytes                        = 1048576                                   {product} {ergonomic}
    uintx NonNMethodCodeHeapSize                   = 5830732                                {pd product} {ergonomic}
    uintx NonProfiledCodeHeapSize                  = 122913754                              {pd product} {ergonomic}
    uintx ProfiledCodeHeapSize                     = 122913754                              {pd product} {ergonomic}
    uintx ReservedCodeCacheSize                    = 251658240                              {pd product} {ergonomic}
     bool SegmentedCodeCache                       = true                                      {product} {ergonomic}
     bool UseCompressedClassPointers               = true                                 {lp64_product} {ergonomic}
     bool UseCompressedOops                        = true                                 {lp64_product} {ergonomic}
     bool UseG1GC                                  = true                                      {product} {ergonomic}
     bool UseLargePagesIndividualAllocation        = false                                  {pd product} {ergonomic}

Logging:
Log output configuration:
 #0: stdout all=warning uptime,level,tags
 #1: stderr all=off uptime,level,tags

Environment Variables:
JAVA_HOME=C:\Program Files\OpenJDK\openjdk-11.0.16_8
PATH=C:\Program Files\Common Files\Oracle\Java\javapath;C:\WINDOWS\system32;C:\WINDOWS;C:\WINDOWS\System32\Wbem;C:\WINDOWS\System32\WindowsPowerShell\v1.0\;C:\WINDOWS\System32\OpenSSH\;C:\Program Files (x86)\Java\jre1.8.0_251\bin;C:\Program Files\Java\jdk-15.0.1\bin;C:\Program Files\swipl\bin;C:\Program Files\dotnet\;C:\Users\hp\Downloads\FLEX_BISON-20211126\win_flex_bison-latest\win_flex_bison-latest;C:\Program Files\Git\cmd;C:\ProgramData\chocolatey\bin;C:\Program Files\OpenJDK\openjdk-11.0.16_8\bin;C:\Program Files\MongoDB\Server\6.0\bin;C:\Program Files\nodejs\;C:\Program Files\MySQL\MySQL Shell 8.0\bin\;C:\Users\hp\AppData\Local\Programs\Python\Python310\Scripts\;C:\Users\hp\AppData\Local\Programs\Python\Python310\;C:\Users\hp\AppData\Local\Microsoft\WindowsApps;D:\Software\softwares\flutter\bin;D:\Software\softwares;C:\Users\hp\AppData\Local\Programs\Microsoft VS Code\bin;C:\MinGW\bin;C:\Program Files (x86)\OpenVPN\bin;C:\Users\hp\.dotnet\tools;C:\Users\hp\Downloads\FLEX_BISON-20211126\win_flex_bison-latest\win_flex_bison-latest;C:\Users\hp\AppData\Local\GitHubDesktop\bin;C:\Users\hp\AppData\Roaming\npm;C:\flutter_windows_3.3.5-stable\flutter\bin;
USERNAME=hp
OS=Windows_NT
PROCESSOR_IDENTIFIER=Intel64 Family 6 Model 78 Stepping 3, GenuineIntel



---------------  S Y S T E M  ---------------

OS: Windows 10 , 64 bit Build 19041 (10.0.19041.2251)
OS uptime: 1 days 12:51 hours

CPU:total 4 (initial active 4) (2 cores per cpu, 2 threads per core) family 6 model 78 stepping 3 microcode 0xcc, cmov, cx8, fxsr, mmx, sse, sse2, sse3, ssse3, sse4.1, sse4.2, popcnt, avx, avx2, aes, clmul, erms, rtm, 3dnowpref, lzcnt, ht, tsc, tscinvbit, bmi1, bmi2, adx, fma

Memory: 4k page, system-wide physical 7861M (1245M free)
TotalPageFile size 9909M (AvailPageFile size 5M)
current process WorkingSet (physical memory assigned to process): 205M, peak: 205M
current process commit charge ("private bytes"): 279M, peak: 280M

vm_info: OpenJDK 64-Bit Server VM (11.0.13+0-b1751.21-8125866) for windows-amd64 JRE (11.0.13+0-b1751.21-8125866), built on Feb  2 2022 03:00:22 by "builder" with MS VC++ 14.0 (VS2015)

END.
