#
# There is insufficient memory for the Java Runtime Environment to continue.
# Native memory allocation (malloc) failed to allocate 736656 bytes for Chunk::new
# Possible reasons:
#   The system is out of physical RAM or swap space
#   The process is running with CompressedOops enabled, and the Java Heap may be blocking the growth of the native heap
# Possible solutions:
#   Reduce memory load on the system
#   Increase physical memory or swap space
#   Check if swap backing store is full
#   Decrease Java heap size (-Xmx/-Xms)
#   Decrease number of Java threads
#   Decrease Java thread stack sizes (-Xss)
#   Set larger code cache with -XX:ReservedCodeCacheSize=
#   JVM is running with Unscaled Compressed Oops mode in which the Java heap is
#     placed in the first 4GB address space. The Java Heap base address is the
#     maximum limit for the native heap growth. Please use -XX:HeapBaseMinAddress
#     to set the Java Heap base and to place the Java Heap above 4GB virtual address.
# This output file may be truncated or incomplete.
#
#  Out of Memory Error (./src/hotspot/share/memory/arena.cpp:197), pid=8292, tid=13288
#
# JRE version: OpenJDK Runtime Environment (11.0.13) (build 11.0.13+0-b1751.21-8125866)
# Java VM: OpenJDK 64-Bit Server VM (11.0.13+0-b1751.21-8125866, mixed mode, tiered, compressed oops, g1 gc, windows-amd64)
# No core dump will be written. Minidumps are not enabled by default on client versions of Windows
#

---------------  S U M M A R Y ------------

Command Line: --add-opens=java.base/java.util=ALL-UNNAMED --add-opens=java.base/java.lang=ALL-UNNAMED --add-opens=java.base/java.lang.invoke=ALL-UNNAMED --add-opens=java.base/java.util=ALL-UNNAMED --add-opens=java.prefs/java.util.prefs=ALL-UNNAMED --add-opens=java.prefs/java.util.prefs=ALL-UNNAMED --add-opens=java.base/java.nio.charset=ALL-UNNAMED --add-opens=java.base/java.net=ALL-UNNAMED --add-opens=java.base/java.util.concurrent.atomic=ALL-UNNAMED -Xmx2048m -Dfile.encoding=UTF-8 -Duser.country=US -Duser.language=en -Duser.variant org.gradle.launcher.daemon.bootstrap.GradleDaemon 7.4

Host: Intel(R) Core(TM) i5-6300U CPU @ 2.40GHz, 4 cores, 7G,  Windows 10 , 64 bit Build 19041 (10.0.19041.2251)
Time: Sat Jan 21 14:29:06 2023 Pakistan Standard Time elapsed time: 63.756597 seconds (0d 0h 1m 3s)

---------------  T H R E A D  ---------------

Current thread (0x0000016bef06c800):  JavaThread "C2 CompilerThread0" daemon [_thread_in_native, id=13288, stack(0x0000002272f00000,0x0000002273000000)]


Current CompileTask:
C2:  63757 2419   !   4       java.net.URL::<init> (543 bytes)

Stack: [0x0000002272f00000,0x0000002273000000]
Native frames: (J=compiled Java code, j=interpreted, Vv=VM code, C=native code)
V  [jvm.dll+0x6100fa]
V  [jvm.dll+0x747090]
V  [jvm.dll+0x7486ad]
V  [jvm.dll+0x748d83]
V  [jvm.dll+0x24ab48]
V  [jvm.dll+0xc04dc]
V  [jvm.dll+0xc0a0c]
V  [jvm.dll+0x2bfab4]
V  [jvm.dll+0x524238]
V  [jvm.dll+0x20b193]
V  [jvm.dll+0x204ca0]
V  [jvm.dll+0x2023c2]
V  [jvm.dll+0x188e01]
V  [jvm.dll+0x21106b]
V  [jvm.dll+0x20f8c1]
V  [jvm.dll+0x70de0f]
V  [jvm.dll+0x706a75]
V  [jvm.dll+0x60ed66]
C  [ucrtbase.dll+0x21bb2]
C  [KERNEL32.DLL+0x174b4]
C  [ntdll.dll+0x526a1]


---------------  P R O C E S S  ---------------

Threads class SMR info:
_java_thread_list=0x0000016bf252e530, length=27, elements={
0x0000016bd543f800, 0x0000016bef03f800, 0x0000016bef041000, 0x0000016bef05c800,
0x0000016bef05d000, 0x0000016bef05f000, 0x0000016bef06c800, 0x0000016bef070800,
0x0000016bef07a000, 0x0000016befb1c000, 0x0000016bf0664000, 0x0000016bf0664800,
0x0000016bf0665800, 0x0000016bf0666800, 0x0000016bf0663000, 0x0000016bf0662000,
0x0000016bf0667000, 0x0000016bf0668000, 0x0000016bf0668800, 0x0000016bf0ca7000,
0x0000016bf0ca3800, 0x0000016bf0ca7800, 0x0000016bf0ca4800, 0x0000016bf0ca5000,
0x0000016bf0caa000, 0x0000016bf0ca8800, 0x0000016bf0ca9800
}

Java Threads: ( => current thread )
  0x0000016bd543f800 JavaThread "main" [_thread_blocked, id=8888, stack(0x0000002272300000,0x0000002272400000)]
  0x0000016bef03f800 JavaThread "Reference Handler" daemon [_thread_blocked, id=2512, stack(0x0000002272a00000,0x0000002272b00000)]
  0x0000016bef041000 JavaThread "Finalizer" daemon [_thread_blocked, id=11568, stack(0x0000002272b00000,0x0000002272c00000)]
  0x0000016bef05c800 JavaThread "Signal Dispatcher" daemon [_thread_blocked, id=7516, stack(0x0000002272c00000,0x0000002272d00000)]
  0x0000016bef05d000 JavaThread "Attach Listener" daemon [_thread_blocked, id=13668, stack(0x0000002272d00000,0x0000002272e00000)]
  0x0000016bef05f000 JavaThread "Service Thread" daemon [_thread_blocked, id=4572, stack(0x0000002272e00000,0x0000002272f00000)]
=>0x0000016bef06c800 JavaThread "C2 CompilerThread0" daemon [_thread_in_native, id=13288, stack(0x0000002272f00000,0x0000002273000000)]
  0x0000016bef070800 JavaThread "C1 CompilerThread0" daemon [_thread_blocked, id=14312, stack(0x0000002273000000,0x0000002273100000)]
  0x0000016bef07a000 JavaThread "Sweeper thread" daemon [_thread_blocked, id=3304, stack(0x0000002273100000,0x0000002273200000)]
  0x0000016befb1c000 JavaThread "Common-Cleaner" daemon [_thread_blocked, id=8156, stack(0x0000002273200000,0x0000002273300000)]
  0x0000016bf0664000 JavaThread "Daemon health stats" [_thread_blocked, id=1696, stack(0x0000002273600000,0x0000002273700000)]
  0x0000016bf0664800 JavaThread "Incoming local TCP Connector on port 58673" [_thread_in_native, id=13688, stack(0x0000002272100000,0x0000002272200000)]
  0x0000016bf0665800 JavaThread "Daemon periodic checks" [_thread_blocked, id=6540, stack(0x0000002273500000,0x0000002273600000)]
  0x0000016bf0666800 JavaThread "Daemon" [_thread_blocked, id=1964, stack(0x0000002273700000,0x0000002273800000)]
  0x0000016bf0663000 JavaThread "Handler for socket connection from /127.0.0.1:58673 to /127.0.0.1:58674" [_thread_in_native, id=10964, stack(0x0000002273800000,0x0000002273900000)]
  0x0000016bf0662000 JavaThread "Cancel handler" [_thread_blocked, id=3156, stack(0x0000002273900000,0x0000002273a00000)]
  0x0000016bf0667000 JavaThread "Daemon worker" [_thread_in_native, id=7624, stack(0x0000002273a00000,0x0000002273b00000)]
  0x0000016bf0668000 JavaThread "Asynchronous log dispatcher for DefaultDaemonConnection: socket connection from /127.0.0.1:58673 to /127.0.0.1:58674" [_thread_blocked, id=2908, stack(0x0000002273b00000,0x0000002273c00000)]
  0x0000016bf0668800 JavaThread "Stdin handler" [_thread_blocked, id=13164, stack(0x0000002273c00000,0x0000002273d00000)]
  0x0000016bf0ca7000 JavaThread "Daemon client event forwarder" [_thread_blocked, id=2776, stack(0x0000002273d00000,0x0000002273e00000)]
  0x0000016bf0ca3800 JavaThread "Cache worker for journal cache (C:\Users\hp\.gradle\caches\journal-1)" [_thread_blocked, id=1324, stack(0x0000002273e00000,0x0000002273f00000)]
  0x0000016bf0ca7800 JavaThread "File lock request listener" [_thread_in_native, id=12388, stack(0x0000002273f00000,0x0000002274000000)]
  0x0000016bf0ca4800 JavaThread "Cache worker for file hash cache (C:\Users\hp\.gradle\caches\7.4\fileHashes)" [_thread_blocked, id=10904, stack(0x0000002274000000,0x0000002274100000)]
  0x0000016bf0ca5000 JavaThread "File watcher server" daemon [_thread_in_native, id=13656, stack(0x0000002272000000,0x0000002272100000)]
  0x0000016bf0caa000 JavaThread "File watcher consumer" daemon [_thread_blocked, id=10560, stack(0x0000002272200000,0x0000002272300000)]
  0x0000016bf0ca8800 JavaThread "Cache worker for checksums cache (C:\Users\hp\AndroidStudioProjects\splashscreen2\.gradle\7.4\checksums)" [_thread_blocked, id=11028, stack(0x0000002274500000,0x0000002274600000)]
  0x0000016bf0ca9800 JavaThread "Cache worker for cache directory md-rule (C:\Users\hp\.gradle\caches\7.4\md-rule)" [_thread_blocked, id=776, stack(0x0000002274600000,0x0000002274700000)]

Other Threads:
  0x0000016bef03b800 VMThread "VM Thread" [stack: 0x0000002272900000,0x0000002272a00000] [id=6840]
  0x0000016befb5d800 WatcherThread [stack: 0x0000002273300000,0x0000002273400000] [id=7684]
  0x0000016bd5458000 GCTaskThread "GC Thread#0" [stack: 0x0000002272400000,0x0000002272500000] [id=13512]
  0x0000016befd87800 GCTaskThread "GC Thread#1" [stack: 0x0000002273400000,0x0000002273500000] [id=13008]
  0x0000016bf2bd9000 GCTaskThread "GC Thread#2" [stack: 0x0000002274100000,0x0000002274200000] [id=4776]
  0x0000016bf0d64800 GCTaskThread "GC Thread#3" [stack: 0x0000002274200000,0x0000002274300000] [id=10248]
  0x0000016bd5488800 ConcurrentGCThread "G1 Main Marker" [stack: 0x0000002272500000,0x0000002272600000] [id=13424]
  0x0000016bd548a000 ConcurrentGCThread "G1 Conc#0" [stack: 0x0000002272600000,0x0000002272700000] [id=9248]
  0x0000016bd551a800 ConcurrentGCThread "G1 Refine#0" [stack: 0x0000002272700000,0x0000002272800000] [id=3592]
  0x0000016bd551b800 ConcurrentGCThread "G1 Young RemSet Sampling" [stack: 0x0000002272800000,0x0000002272900000] [id=13624]

Threads with active compile tasks:
C2 CompilerThread0  64021 2419   !   4       java.net.URL::<init> (543 bytes)

VM state:not at safepoint (normal execution)

VM Mutex/Monitor currently owned by a thread: None

Heap address: 0x0000000080000000, size: 2048 MB, Compressed Oops mode: 32-bit
Narrow klass base: 0x0000000000000000, Narrow klass shift: 3
Compressed class space size: 1073741824 Address: 0x0000000100000000

Heap:
 garbage-first heap   total 152576K, used 35272K [0x0000000080000000, 0x0000000100000000)
  region size 1024K, 22 young (22528K), 6 survivors (6144K)
 Metaspace       used 27930K, capacity 28531K, committed 28720K, reserved 1075200K
  class space    used 3631K, capacity 3842K, committed 3968K, reserved 1048576K
Heap Regions: E=young(eden), S=young(survivor), O=old, HS=humongous(starts), HC=humongous(continues), CS=collection set, F=free, A=archive, TAMS=top-at-mark-start (previous, next)
|   0|0x0000000080000000, 0x0000000080100000, 0x0000000080100000|100%|HS|  |TAMS 0x0000000080100000, 0x0000000080000000| Complete 
|   1|0x0000000080100000, 0x0000000080200000, 0x0000000080200000|100%|HC|  |TAMS 0x0000000080200000, 0x0000000080100000| Complete 
|   2|0x0000000080200000, 0x0000000080300000, 0x0000000080300000|100%|HC|  |TAMS 0x0000000080300000, 0x0000000080200000| Complete 
|   3|0x0000000080300000, 0x0000000080400000, 0x0000000080400000|100%| O|  |TAMS 0x0000000080400000, 0x0000000080300000| Untracked 
|   4|0x0000000080400000, 0x0000000080500000, 0x0000000080500000|100%| O|  |TAMS 0x0000000080500000, 0x0000000080400000| Untracked 
|   5|0x0000000080500000, 0x0000000080600000, 0x0000000080600000|100%| O|  |TAMS 0x0000000080600000, 0x0000000080500000| Untracked 
|   6|0x0000000080600000, 0x0000000080700000, 0x0000000080700000|100%| O|  |TAMS 0x0000000080700000, 0x0000000080600000| Untracked 
|   7|0x0000000080700000, 0x0000000080800000, 0x0000000080800000|100%| O|  |TAMS 0x0000000080800000, 0x0000000080700000| Untracked 
|   8|0x0000000080800000, 0x0000000080900000, 0x0000000080900000|100%| O|  |TAMS 0x0000000080900000, 0x0000000080800000| Untracked 
|   9|0x0000000080900000, 0x0000000080a00000, 0x0000000080a00000|100%| O|  |TAMS 0x0000000080900000, 0x0000000080900000| Untracked 
|  10|0x0000000080a00000, 0x0000000080b00000, 0x0000000080b00000|100%| O|  |TAMS 0x0000000080b00000, 0x0000000080a00000| Untracked 
|  11|0x0000000080b00000, 0x0000000080c00000, 0x0000000080c00000|100%| O|  |TAMS 0x0000000080b39600, 0x0000000080b00000| Untracked 
|  12|0x0000000080c00000, 0x0000000080d00000, 0x0000000080d00000|100%| O|  |TAMS 0x0000000080c00000, 0x0000000080c00000| Untracked 
|  13|0x0000000080d00000, 0x0000000080e00000, 0x0000000080e00000|100%| O|  |TAMS 0x0000000080d00000, 0x0000000080d00000| Untracked 
|  14|0x0000000080e00000, 0x0000000080e01400, 0x0000000080f00000|  0%| O|  |TAMS 0x0000000080e00000, 0x0000000080e00000| Untracked 
|  15|0x0000000080f00000, 0x0000000080f00000, 0x0000000081000000|  0%| F|  |TAMS 0x0000000080f00000, 0x0000000080f00000| Untracked 
|  16|0x0000000081000000, 0x0000000081000000, 0x0000000081100000|  0%| F|  |TAMS 0x0000000081000000, 0x0000000081000000| Untracked 
|  17|0x0000000081100000, 0x0000000081100000, 0x0000000081200000|  0%| F|  |TAMS 0x0000000081100000, 0x0000000081100000| Untracked 
|  18|0x0000000081200000, 0x0000000081200000, 0x0000000081300000|  0%| F|  |TAMS 0x0000000081200000, 0x0000000081200000| Untracked 
|  19|0x0000000081300000, 0x0000000081300000, 0x0000000081400000|  0%| F|  |TAMS 0x0000000081300000, 0x0000000081300000| Untracked 
|  20|0x0000000081400000, 0x0000000081400000, 0x0000000081500000|  0%| F|  |TAMS 0x0000000081400000, 0x0000000081400000| Untracked 
|  21|0x0000000081500000, 0x0000000081500000, 0x0000000081600000|  0%| F|  |TAMS 0x0000000081500000, 0x0000000081500000| Untracked 
|  22|0x0000000081600000, 0x0000000081600000, 0x0000000081700000|  0%| F|  |TAMS 0x0000000081600000, 0x0000000081600000| Untracked 
|  23|0x0000000081700000, 0x0000000081700000, 0x0000000081800000|  0%| F|  |TAMS 0x0000000081700000, 0x0000000081700000| Untracked 
|  24|0x0000000081800000, 0x0000000081800000, 0x0000000081900000|  0%| F|  |TAMS 0x0000000081800000, 0x0000000081800000| Untracked 
|  25|0x0000000081900000, 0x0000000081900000, 0x0000000081a00000|  0%| F|  |TAMS 0x0000000081900000, 0x0000000081900000| Untracked 
|  26|0x0000000081a00000, 0x0000000081a00000, 0x0000000081b00000|  0%| F|  |TAMS 0x0000000081a00000, 0x0000000081a00000| Untracked 
|  27|0x0000000081b00000, 0x0000000081b00000, 0x0000000081c00000|  0%| F|  |TAMS 0x0000000081b00000, 0x0000000081b00000| Untracked 
|  28|0x0000000081c00000, 0x0000000081c00000, 0x0000000081d00000|  0%| F|  |TAMS 0x0000000081c00000, 0x0000000081c00000| Untracked 
|  29|0x0000000081d00000, 0x0000000081d00000, 0x0000000081e00000|  0%| F|  |TAMS 0x0000000081d00000, 0x0000000081d00000| Untracked 
|  30|0x0000000081e00000, 0x0000000081e00000, 0x0000000081f00000|  0%| F|  |TAMS 0x0000000081e00000, 0x0000000081e00000| Untracked 
|  31|0x0000000081f00000, 0x0000000081f00000, 0x0000000082000000|  0%| F|  |TAMS 0x0000000081f00000, 0x0000000081f00000| Untracked 
|  32|0x0000000082000000, 0x0000000082000000, 0x0000000082100000|  0%| F|  |TAMS 0x0000000082000000, 0x0000000082000000| Untracked 
|  33|0x0000000082100000, 0x0000000082100000, 0x0000000082200000|  0%| F|  |TAMS 0x0000000082100000, 0x0000000082100000| Untracked 
|  34|0x0000000082200000, 0x0000000082200000, 0x0000000082300000|  0%| F|  |TAMS 0x0000000082200000, 0x0000000082200000| Untracked 
|  35|0x0000000082300000, 0x0000000082300000, 0x0000000082400000|  0%| F|  |TAMS 0x0000000082300000, 0x0000000082300000| Untracked 
|  36|0x0000000082400000, 0x0000000082400000, 0x0000000082500000|  0%| F|  |TAMS 0x0000000082400000, 0x0000000082400000| Untracked 
|  37|0x0000000082500000, 0x0000000082500000, 0x0000000082600000|  0%| F|  |TAMS 0x0000000082500000, 0x0000000082500000| Untracked 
|  38|0x0000000082600000, 0x0000000082600000, 0x0000000082700000|  0%| F|  |TAMS 0x0000000082600000, 0x0000000082600000| Untracked 
|  39|0x0000000082700000, 0x0000000082700000, 0x0000000082800000|  0%| F|  |TAMS 0x0000000082700000, 0x0000000082700000| Untracked 
|  40|0x0000000082800000, 0x0000000082800000, 0x0000000082900000|  0%| F|  |TAMS 0x0000000082800000, 0x0000000082800000| Untracked 
|  41|0x0000000082900000, 0x0000000082900000, 0x0000000082a00000|  0%| F|  |TAMS 0x0000000082900000, 0x0000000082900000| Untracked 
|  42|0x0000000082a00000, 0x0000000082a00000, 0x0000000082b00000|  0%| F|  |TAMS 0x0000000082a00000, 0x0000000082a00000| Untracked 
|  43|0x0000000082b00000, 0x0000000082b00000, 0x0000000082c00000|  0%| F|  |TAMS 0x0000000082b00000, 0x0000000082b00000| Untracked 
|  44|0x0000000082c00000, 0x0000000082c00000, 0x0000000082d00000|  0%| F|  |TAMS 0x0000000082c00000, 0x0000000082c00000| Untracked 
|  45|0x0000000082d00000, 0x0000000082d00000, 0x0000000082e00000|  0%| F|  |TAMS 0x0000000082d00000, 0x0000000082d00000| Untracked 
|  46|0x0000000082e00000, 0x0000000082e00000, 0x0000000082f00000|  0%| F|  |TAMS 0x0000000082e00000, 0x0000000082e00000| Untracked 
|  47|0x0000000082f00000, 0x0000000082f00000, 0x0000000083000000|  0%| F|  |TAMS 0x0000000082f00000, 0x0000000082f00000| Untracked 
|  48|0x0000000083000000, 0x0000000083000000, 0x0000000083100000|  0%| F|  |TAMS 0x0000000083000000, 0x0000000083000000| Untracked 
|  49|0x0000000083100000, 0x0000000083100000, 0x0000000083200000|  0%| F|  |TAMS 0x0000000083100000, 0x0000000083100000| Untracked 
|  50|0x0000000083200000, 0x0000000083200000, 0x0000000083300000|  0%| F|  |TAMS 0x0000000083200000, 0x0000000083200000| Untracked 
|  51|0x0000000083300000, 0x0000000083300000, 0x0000000083400000|  0%| F|  |TAMS 0x0000000083300000, 0x0000000083300000| Untracked 
|  52|0x0000000083400000, 0x0000000083400000, 0x0000000083500000|  0%| F|  |TAMS 0x0000000083400000, 0x0000000083400000| Untracked 
|  53|0x0000000083500000, 0x0000000083500000, 0x0000000083600000|  0%| F|  |TAMS 0x0000000083500000, 0x0000000083500000| Untracked 
|  54|0x0000000083600000, 0x0000000083600000, 0x0000000083700000|  0%| F|  |TAMS 0x0000000083600000, 0x0000000083600000| Untracked 
|  55|0x0000000083700000, 0x0000000083700000, 0x0000000083800000|  0%| F|  |TAMS 0x0000000083700000, 0x0000000083700000| Untracked 
|  56|0x0000000083800000, 0x0000000083800000, 0x0000000083900000|  0%| F|  |TAMS 0x0000000083800000, 0x0000000083800000| Untracked 
|  57|0x0000000083900000, 0x0000000083900000, 0x0000000083a00000|  0%| F|  |TAMS 0x0000000083900000, 0x0000000083900000| Untracked 
|  58|0x0000000083a00000, 0x0000000083a00000, 0x0000000083b00000|  0%| F|  |TAMS 0x0000000083a00000, 0x0000000083a00000| Untracked 
|  59|0x0000000083b00000, 0x0000000083b00000, 0x0000000083c00000|  0%| F|  |TAMS 0x0000000083b00000, 0x0000000083b00000| Untracked 
|  60|0x0000000083c00000, 0x0000000083c00000, 0x0000000083d00000|  0%| F|  |TAMS 0x0000000083c00000, 0x0000000083c00000| Untracked 
|  61|0x0000000083d00000, 0x0000000083d00000, 0x0000000083e00000|  0%| F|  |TAMS 0x0000000083d00000, 0x0000000083d00000| Untracked 
|  62|0x0000000083e00000, 0x0000000083e00000, 0x0000000083f00000|  0%| F|  |TAMS 0x0000000083e00000, 0x0000000083e00000| Untracked 
|  63|0x0000000083f00000, 0x0000000083f00000, 0x0000000084000000|  0%| F|  |TAMS 0x0000000083f00000, 0x0000000083f00000| Untracked 
|  64|0x0000000084000000, 0x0000000084000000, 0x0000000084100000|  0%| F|  |TAMS 0x0000000084000000, 0x0000000084000000| Untracked 
|  65|0x0000000084100000, 0x0000000084100000, 0x0000000084200000|  0%| F|  |TAMS 0x0000000084100000, 0x0000000084100000| Untracked 
|  66|0x0000000084200000, 0x0000000084200000, 0x0000000084300000|  0%| F|  |TAMS 0x0000000084200000, 0x0000000084200000| Untracked 
|  67|0x0000000084300000, 0x0000000084300000, 0x0000000084400000|  0%| F|  |TAMS 0x0000000084300000, 0x0000000084300000| Untracked 
|  68|0x0000000084400000, 0x0000000084400000, 0x0000000084500000|  0%| F|  |TAMS 0x0000000084400000, 0x0000000084400000| Untracked 
|  69|0x0000000084500000, 0x0000000084500000, 0x0000000084600000|  0%| F|  |TAMS 0x0000000084500000, 0x0000000084500000| Untracked 
|  70|0x0000000084600000, 0x0000000084600000, 0x0000000084700000|  0%| F|  |TAMS 0x0000000084600000, 0x0000000084600000| Untracked 
|  71|0x0000000084700000, 0x0000000084700000, 0x0000000084800000|  0%| F|  |TAMS 0x0000000084700000, 0x0000000084700000| Untracked 
|  72|0x0000000084800000, 0x0000000084800000, 0x0000000084900000|  0%| F|  |TAMS 0x0000000084800000, 0x0000000084800000| Untracked 
|  73|0x0000000084900000, 0x0000000084900000, 0x0000000084a00000|  0%| F|  |TAMS 0x0000000084900000, 0x0000000084900000| Untracked 
|  74|0x0000000084a00000, 0x0000000084a00000, 0x0000000084b00000|  0%| F|  |TAMS 0x0000000084a00000, 0x0000000084a00000| Untracked 
|  75|0x0000000084b00000, 0x0000000084b00000, 0x0000000084c00000|  0%| F|  |TAMS 0x0000000084b00000, 0x0000000084b00000| Untracked 
|  76|0x0000000084c00000, 0x0000000084c00000, 0x0000000084d00000|  0%| F|  |TAMS 0x0000000084c00000, 0x0000000084c00000| Untracked 
|  77|0x0000000084d00000, 0x0000000084d00000, 0x0000000084e00000|  0%| F|  |TAMS 0x0000000084d00000, 0x0000000084d00000| Untracked 
|  78|0x0000000084e00000, 0x0000000084e00000, 0x0000000084f00000|  0%| F|  |TAMS 0x0000000084e00000, 0x0000000084e00000| Untracked 
|  79|0x0000000084f00000, 0x0000000084f00000, 0x0000000085000000|  0%| F|  |TAMS 0x0000000084f00000, 0x0000000084f00000| Untracked 
|  80|0x0000000085000000, 0x0000000085000000, 0x0000000085100000|  0%| F|  |TAMS 0x0000000085000000, 0x0000000085000000| Untracked 
|  81|0x0000000085100000, 0x0000000085100000, 0x0000000085200000|  0%| F|  |TAMS 0x0000000085100000, 0x0000000085100000| Untracked 
|  82|0x0000000085200000, 0x0000000085200000, 0x0000000085300000|  0%| F|  |TAMS 0x0000000085200000, 0x0000000085200000| Untracked 
|  83|0x0000000085300000, 0x0000000085300000, 0x0000000085400000|  0%| F|  |TAMS 0x0000000085300000, 0x0000000085300000| Untracked 
|  84|0x0000000085400000, 0x0000000085400000, 0x0000000085500000|  0%| F|  |TAMS 0x0000000085400000, 0x0000000085400000| Untracked 
|  85|0x0000000085500000, 0x0000000085500000, 0x0000000085600000|  0%| F|  |TAMS 0x0000000085500000, 0x0000000085500000| Untracked 
|  86|0x0000000085600000, 0x0000000085600000, 0x0000000085700000|  0%| F|  |TAMS 0x0000000085600000, 0x0000000085600000| Untracked 
|  87|0x0000000085700000, 0x0000000085700000, 0x0000000085800000|  0%| F|  |TAMS 0x0000000085700000, 0x0000000085700000| Untracked 
|  88|0x0000000085800000, 0x0000000085870e10, 0x0000000085900000| 44%| S|CS|TAMS 0x0000000085800000, 0x0000000085800000| Complete 
|  89|0x0000000085900000, 0x0000000085a00000, 0x0000000085a00000|100%| S|CS|TAMS 0x0000000085900000, 0x0000000085900000| Complete 
|  90|0x0000000085a00000, 0x0000000085b00000, 0x0000000085b00000|100%| S|CS|TAMS 0x0000000085a00000, 0x0000000085a00000| Complete 
|  91|0x0000000085b00000, 0x0000000085c00000, 0x0000000085c00000|100%| S|CS|TAMS 0x0000000085b00000, 0x0000000085b00000| Complete 
|  92|0x0000000085c00000, 0x0000000085d00000, 0x0000000085d00000|100%| S|CS|TAMS 0x0000000085c00000, 0x0000000085c00000| Complete 
|  93|0x0000000085d00000, 0x0000000085e00000, 0x0000000085e00000|100%| S|CS|TAMS 0x0000000085d00000, 0x0000000085d00000| Complete 
|  94|0x0000000085e00000, 0x0000000085e00000, 0x0000000085f00000|  0%| F|  |TAMS 0x0000000085e00000, 0x0000000085e00000| Untracked 
|  95|0x0000000085f00000, 0x0000000085f00000, 0x0000000086000000|  0%| F|  |TAMS 0x0000000085f00000, 0x0000000085f00000| Untracked 
|  96|0x0000000086000000, 0x0000000086000000, 0x0000000086100000|  0%| F|  |TAMS 0x0000000086000000, 0x0000000086000000| Untracked 
|  97|0x0000000086100000, 0x0000000086100000, 0x0000000086200000|  0%| F|  |TAMS 0x0000000086100000, 0x0000000086100000| Untracked 
|  98|0x0000000086200000, 0x0000000086200000, 0x0000000086300000|  0%| F|  |TAMS 0x0000000086200000, 0x0000000086200000| Untracked 
|  99|0x0000000086300000, 0x0000000086300000, 0x0000000086400000|  0%| F|  |TAMS 0x0000000086300000, 0x0000000086300000| Untracked 
| 100|0x0000000086400000, 0x0000000086400000, 0x0000000086500000|  0%| F|  |TAMS 0x0000000086400000, 0x0000000086400000| Untracked 
| 101|0x0000000086500000, 0x0000000086500000, 0x0000000086600000|  0%| F|  |TAMS 0x0000000086500000, 0x0000000086500000| Untracked 
| 102|0x0000000086600000, 0x0000000086600000, 0x0000000086700000|  0%| F|  |TAMS 0x0000000086600000, 0x0000000086600000| Untracked 
| 103|0x0000000086700000, 0x0000000086700000, 0x0000000086800000|  0%| F|  |TAMS 0x0000000086700000, 0x0000000086700000| Untracked 
| 104|0x0000000086800000, 0x0000000086800000, 0x0000000086900000|  0%| F|  |TAMS 0x0000000086800000, 0x0000000086800000| Untracked 
| 105|0x0000000086900000, 0x0000000086900000, 0x0000000086a00000|  0%| F|  |TAMS 0x0000000086900000, 0x0000000086900000| Untracked 
| 106|0x0000000086a00000, 0x0000000086a00000, 0x0000000086b00000|  0%| F|  |TAMS 0x0000000086a00000, 0x0000000086a00000| Untracked 
| 107|0x0000000086b00000, 0x0000000086b00000, 0x0000000086c00000|  0%| F|  |TAMS 0x0000000086b00000, 0x0000000086b00000| Untracked 
| 108|0x0000000086c00000, 0x0000000086c00000, 0x0000000086d00000|  0%| F|  |TAMS 0x0000000086c00000, 0x0000000086c00000| Untracked 
| 109|0x0000000086d00000, 0x0000000086d00000, 0x0000000086e00000|  0%| F|  |TAMS 0x0000000086d00000, 0x0000000086d00000| Untracked 
| 110|0x0000000086e00000, 0x0000000086e00000, 0x0000000086f00000|  0%| F|  |TAMS 0x0000000086e00000, 0x0000000086e00000| Untracked 
| 111|0x0000000086f00000, 0x0000000086f00000, 0x0000000087000000|  0%| F|  |TAMS 0x0000000086f00000, 0x0000000086f00000| Untracked 
| 112|0x0000000087000000, 0x0000000087000000, 0x0000000087100000|  0%| F|  |TAMS 0x0000000087000000, 0x0000000087000000| Untracked 
| 113|0x0000000087100000, 0x0000000087100000, 0x0000000087200000|  0%| F|  |TAMS 0x0000000087100000, 0x0000000087100000| Untracked 
| 114|0x0000000087200000, 0x0000000087200000, 0x0000000087300000|  0%| F|  |TAMS 0x0000000087200000, 0x0000000087200000| Untracked 
| 115|0x0000000087300000, 0x0000000087300000, 0x0000000087400000|  0%| F|  |TAMS 0x0000000087300000, 0x0000000087300000| Untracked 
| 116|0x0000000087400000, 0x0000000087400000, 0x0000000087500000|  0%| F|  |TAMS 0x0000000087400000, 0x0000000087400000| Untracked 
| 117|0x0000000087500000, 0x0000000087500000, 0x0000000087600000|  0%| F|  |TAMS 0x0000000087500000, 0x0000000087500000| Untracked 
| 118|0x0000000087600000, 0x0000000087600000, 0x0000000087700000|  0%| F|  |TAMS 0x0000000087600000, 0x0000000087600000| Untracked 
| 119|0x0000000087700000, 0x0000000087700000, 0x0000000087800000|  0%| F|  |TAMS 0x0000000087700000, 0x0000000087700000| Untracked 
| 120|0x0000000087800000, 0x0000000087800000, 0x0000000087900000|  0%| F|  |TAMS 0x0000000087800000, 0x0000000087800000| Untracked 
| 121|0x0000000087900000, 0x0000000087900000, 0x0000000087a00000|  0%| F|  |TAMS 0x0000000087900000, 0x0000000087900000| Untracked 
| 122|0x0000000087a00000, 0x0000000087a00000, 0x0000000087b00000|  0%| F|  |TAMS 0x0000000087a00000, 0x0000000087a00000| Untracked 
| 123|0x0000000087b00000, 0x0000000087b00000, 0x0000000087c00000|  0%| F|  |TAMS 0x0000000087b00000, 0x0000000087b00000| Untracked 
| 124|0x0000000087c00000, 0x0000000087c00000, 0x0000000087d00000|  0%| F|  |TAMS 0x0000000087c00000, 0x0000000087c00000| Untracked 
| 125|0x0000000087d00000, 0x0000000087d00000, 0x0000000087e00000|  0%| F|  |TAMS 0x0000000087d00000, 0x0000000087d00000| Untracked 
| 126|0x0000000087e00000, 0x0000000087e00000, 0x0000000087f00000|  0%| F|  |TAMS 0x0000000087e00000, 0x0000000087e00000| Untracked 
| 127|0x0000000087f00000, 0x0000000087f00000, 0x0000000088000000|  0%| F|  |TAMS 0x0000000087f00000, 0x0000000087f00000| Untracked 
| 128|0x0000000088000000, 0x0000000088000000, 0x0000000088100000|  0%| F|  |TAMS 0x0000000088000000, 0x0000000088000000| Untracked 
| 129|0x0000000088100000, 0x0000000088100000, 0x0000000088200000|  0%| F|  |TAMS 0x0000000088100000, 0x0000000088100000| Untracked 
| 130|0x0000000088200000, 0x0000000088200000, 0x0000000088300000|  0%| F|  |TAMS 0x0000000088200000, 0x0000000088200000| Untracked 
| 131|0x0000000088300000, 0x0000000088300000, 0x0000000088400000|  0%| F|  |TAMS 0x0000000088300000, 0x0000000088300000| Untracked 
| 132|0x0000000088400000, 0x0000000088400000, 0x0000000088500000|  0%| F|  |TAMS 0x0000000088400000, 0x0000000088400000| Untracked 
| 133|0x0000000088500000, 0x0000000088600000, 0x0000000088600000|100%| E|  |TAMS 0x0000000088500000, 0x0000000088500000| Complete 
| 134|0x0000000088600000, 0x0000000088700000, 0x0000000088700000|100%| E|CS|TAMS 0x0000000088600000, 0x0000000088600000| Complete 
| 135|0x0000000088700000, 0x0000000088800000, 0x0000000088800000|100%| E|CS|TAMS 0x0000000088700000, 0x0000000088700000| Complete 
| 136|0x0000000088800000, 0x0000000088900000, 0x0000000088900000|100%| E|CS|TAMS 0x0000000088800000, 0x0000000088800000| Complete 
| 137|0x0000000088900000, 0x0000000088a00000, 0x0000000088a00000|100%| E|CS|TAMS 0x0000000088900000, 0x0000000088900000| Complete 
| 138|0x0000000088a00000, 0x0000000088b00000, 0x0000000088b00000|100%| E|CS|TAMS 0x0000000088a00000, 0x0000000088a00000| Complete 
| 139|0x0000000088b00000, 0x0000000088c00000, 0x0000000088c00000|100%| E|CS|TAMS 0x0000000088b00000, 0x0000000088b00000| Complete 
| 140|0x0000000088c00000, 0x0000000088d00000, 0x0000000088d00000|100%| E|CS|TAMS 0x0000000088c00000, 0x0000000088c00000| Complete 
| 141|0x0000000088d00000, 0x0000000088e00000, 0x0000000088e00000|100%| E|CS|TAMS 0x0000000088d00000, 0x0000000088d00000| Complete 
| 142|0x0000000088e00000, 0x0000000088f00000, 0x0000000088f00000|100%| E|CS|TAMS 0x0000000088e00000, 0x0000000088e00000| Complete 
| 143|0x0000000088f00000, 0x0000000089000000, 0x0000000089000000|100%| E|CS|TAMS 0x0000000088f00000, 0x0000000088f00000| Complete 
| 144|0x0000000089000000, 0x0000000089100000, 0x0000000089100000|100%| E|CS|TAMS 0x0000000089000000, 0x0000000089000000| Complete 
| 145|0x0000000089100000, 0x0000000089200000, 0x0000000089200000|100%| E|CS|TAMS 0x0000000089100000, 0x0000000089100000| Complete 
| 146|0x0000000089200000, 0x0000000089300000, 0x0000000089300000|100%| E|CS|TAMS 0x0000000089200000, 0x0000000089200000| Complete 
| 147|0x0000000089300000, 0x0000000089400000, 0x0000000089400000|100%| E|CS|TAMS 0x0000000089300000, 0x0000000089300000| Complete 
| 148|0x0000000089400000, 0x0000000089500000, 0x0000000089500000|100%| E|CS|TAMS 0x0000000089400000, 0x0000000089400000| Complete 

Card table byte_map: [0x0000016be8360000,0x0000016be8760000] _byte_map_base: 0x0000016be7f60000

Marking Bits (Prev, Next): (CMBitMap*) 0x0000016bd547fbc0, (CMBitMap*) 0x0000016bd547fb88
 Prev Bits: [0x0000016beab60000, 0x0000016becb60000)
 Next Bits: [0x0000016be8b60000, 0x0000016beab60000)

Polling page: 0x0000016bd4c20000

Metaspace:

Usage:
  Non-class:     24.17 MB capacity,    23.76 MB ( 98%) used,   371.86 KB (  2%) free+waste,    54.31 KB ( <1%) overhead. 
      Class:      3.75 MB capacity,     3.55 MB ( 95%) used,   178.43 KB (  5%) free+waste,    27.00 KB ( <1%) overhead. 
       Both:     27.93 MB capacity,    27.31 MB ( 98%) used,   550.29 KB (  2%) free+waste,    81.31 KB ( <1%) overhead. 

Virtual space:
  Non-class space:       26.00 MB reserved,      24.42 MB ( 94%) committed 
      Class space:        1.00 GB reserved,       3.88 MB ( <1%) committed 
             Both:        1.03 GB reserved,      28.30 MB (  3%) committed 

Chunk freelists:
   Non-Class:  61.00 KB
       Class:  29.00 KB
        Both:  90.00 KB

MaxMetaspaceSize: 17179869184.00 GB
CompressedClassSpaceSize: 1.00 GB
Initial GC threshold: 20.80 MB
Current GC threshold: 35.08 MB
CDS: off

CodeHeap 'non-profiled nmethods': size=120064Kb used=1201Kb max_used=1201Kb free=118862Kb
 bounds [0x0000016be0a20000, 0x0000016be0c90000, 0x0000016be7f60000]
CodeHeap 'profiled nmethods': size=120000Kb used=5365Kb max_used=5365Kb free=114634Kb
 bounds [0x0000016bd94f0000, 0x0000016bd9a30000, 0x0000016be0a20000]
CodeHeap 'non-nmethods': size=5696Kb used=1226Kb max_used=1260Kb free=4469Kb
 bounds [0x0000016bd8f60000, 0x0000016bd91d0000, 0x0000016bd94f0000]
 total_blobs=2944 nmethods=2441 adapters=415
 compilation: enabled
              stopped_count=0, restarted_count=0
 full_count=0

Compilation events (20 events):
Event: 63.552 Thread 0x0000016bef070800 nmethod 2442 0x0000016bd9a1df10 code [0x0000016bd9a1e0c0, 0x0000016bd9a1e278]
Event: 63.552 Thread 0x0000016bef070800 2443       3       org.objectweb.asm.Label::getCanonicalInstance (19 bytes)
Event: 63.553 Thread 0x0000016bef070800 nmethod 2443 0x0000016bd9a1e310 code [0x0000016bd9a1e4c0, 0x0000016bd9a1e618]
Event: 63.554 Thread 0x0000016bef070800 2444       3       org.objectweb.asm.Type::appendDescriptor (90 bytes)
Event: 63.557 Thread 0x0000016bef070800 nmethod 2444 0x0000016bd9a1e710 code [0x0000016bd9a1e940, 0x0000016bd9a1ee28]
Event: 63.557 Thread 0x0000016bef070800 2445       3       org.objectweb.asm.Type::getArgumentsAndReturnSizes (140 bytes)
Event: 63.577 Thread 0x0000016bef070800 nmethod 2445 0x0000016bd9a1f090 code [0x0000016bd9a1f4a0, 0x0000016bd9a21298]
Event: 63.577 Thread 0x0000016bef070800 2446       3       org.objectweb.asm.Handler::getExceptionTableSize (10 bytes)
Event: 63.579 Thread 0x0000016bef070800 nmethod 2446 0x0000016bd9a21d90 code [0x0000016bd9a21f40, 0x0000016bd9a22138]
Event: 63.579 Thread 0x0000016bef070800 2447       1       org.objectweb.asm.MethodWriter::hasAsmInstructions (5 bytes)
Event: 63.580 Thread 0x0000016bef070800 nmethod 2447 0x0000016be0b4bb10 code [0x0000016be0b4bcc0, 0x0000016be0b4bd78]
Event: 63.713 Thread 0x0000016bef070800 2448       3       org.gradle.internal.reflect.MutableClassDetails::method (12 bytes)
Event: 63.715 Thread 0x0000016bef070800 nmethod 2448 0x0000016bd9a22290 code [0x0000016bd9a22440, 0x0000016bd9a22608]
Event: 63.721 Thread 0x0000016bef070800 2449       3       org.gradle.internal.reflect.MethodSet::add (50 bytes)
Event: 63.728 Thread 0x0000016bef070800 nmethod 2449 0x0000016bd9a22710 code [0x0000016bd9a22940, 0x0000016bd9a231b8]
Event: 63.728 Thread 0x0000016bef070800 2450       3       org.gradle.internal.reflect.MethodSet$MethodKey::<init> (6 bytes)
Event: 63.733 Thread 0x0000016bef070800 nmethod 2450 0x0000016bd9a23490 code [0x0000016bd9a23680, 0x0000016bd9a23b08]
Event: 63.733 Thread 0x0000016bef070800 2454       3       org.objectweb.asm.SymbolTable::addConstantClass (8 bytes)
Event: 63.734 Thread 0x0000016bef070800 nmethod 2454 0x0000016bd9a23c90 code [0x0000016bd9a23e40, 0x0000016bd9a23f68]
Event: 63.734 Thread 0x0000016bef070800 2453       3       org.objectweb.asm.Frame::getAbstractTypeFromDescriptor (415 bytes)

GC Heap History (14 events):
Event: 6.607 GC heap before
{Heap before GC invocations=0 (full 0):
 garbage-first heap   total 126976K, used 17408K [0x0000000080000000, 0x0000000100000000)
  region size 1024K, 14 young (14336K), 0 survivors (0K)
 Metaspace       used 6747K, capacity 6993K, committed 7168K, reserved 1056768K
  class space    used 572K, capacity 650K, committed 768K, reserved 1048576K
}
Event: 6.648 GC heap after
{Heap after GC invocations=1 (full 0):
 garbage-first heap   total 126976K, used 4329K [0x0000000080000000, 0x0000000100000000)
  region size 1024K, 2 young (2048K), 2 survivors (2048K)
 Metaspace       used 6747K, capacity 6993K, committed 7168K, reserved 1056768K
  class space    used 572K, capacity 650K, committed 768K, reserved 1048576K
}
Event: 7.673 GC heap before
{Heap before GC invocations=1 (full 0):
 garbage-first heap   total 126976K, used 11497K [0x0000000080000000, 0x0000000100000000)
  region size 1024K, 6 young (6144K), 2 survivors (2048K)
 Metaspace       used 7696K, capacity 7863K, committed 7936K, reserved 1056768K
  class space    used 698K, capacity 748K, committed 768K, reserved 1048576K
}
Event: 7.699 GC heap after
{Heap after GC invocations=2 (full 0):
 garbage-first heap   total 126976K, used 9002K [0x0000000080000000, 0x0000000100000000)
  region size 1024K, 1 young (1024K), 1 survivors (1024K)
 Metaspace       used 7696K, capacity 7863K, committed 7936K, reserved 1056768K
  class space    used 698K, capacity 748K, committed 768K, reserved 1048576K
}
Event: 10.745 GC heap before
{Heap before GC invocations=2 (full 0):
 garbage-first heap   total 126976K, used 20266K [0x0000000080000000, 0x0000000100000000)
  region size 1024K, 12 young (12288K), 1 survivors (1024K)
 Metaspace       used 10108K, capacity 10250K, committed 10368K, reserved 1058816K
  class space    used 1034K, capacity 1102K, committed 1152K, reserved 1048576K
}
Event: 10.764 GC heap after
{Heap after GC invocations=3 (full 0):
 garbage-first heap   total 126976K, used 9780K [0x0000000080000000, 0x0000000100000000)
  region size 1024K, 2 young (2048K), 2 survivors (2048K)
 Metaspace       used 10108K, capacity 10250K, committed 10368K, reserved 1058816K
  class space    used 1034K, capacity 1102K, committed 1152K, reserved 1048576K
}
Event: 14.642 GC heap before
{Heap before GC invocations=3 (full 0):
 garbage-first heap   total 126976K, used 28212K [0x0000000080000000, 0x0000000100000000)
  region size 1024K, 20 young (20480K), 2 survivors (2048K)
 Metaspace       used 10845K, capacity 11077K, committed 11264K, reserved 1058816K
  class space    used 1112K, capacity 1207K, committed 1280K, reserved 1048576K
}
Event: 14.672 GC heap after
{Heap after GC invocations=4 (full 0):
 garbage-first heap   total 126976K, used 10233K [0x0000000080000000, 0x0000000100000000)
  region size 1024K, 2 young (2048K), 2 survivors (2048K)
 Metaspace       used 10845K, capacity 11077K, committed 11264K, reserved 1058816K
  class space    used 1112K, capacity 1207K, committed 1280K, reserved 1048576K
}
Event: 17.263 GC heap before
{Heap before GC invocations=4 (full 0):
 garbage-first heap   total 126976K, used 34809K [0x0000000080000000, 0x0000000100000000)
  region size 1024K, 26 young (26624K), 2 survivors (2048K)
 Metaspace       used 11243K, capacity 11517K, committed 11648K, reserved 1058816K
  class space    used 1194K, capacity 1311K, committed 1408K, reserved 1048576K
}
Event: 17.319 GC heap after
{Heap after GC invocations=5 (full 0):
 garbage-first heap   total 126976K, used 14565K [0x0000000080000000, 0x0000000100000000)
  region size 1024K, 4 young (4096K), 4 survivors (4096K)
 Metaspace       used 11243K, capacity 11517K, committed 11648K, reserved 1058816K
  class space    used 1194K, capacity 1311K, committed 1408K, reserved 1048576K
}
Event: 48.970 GC heap before
{Heap before GC invocations=5 (full 0):
 garbage-first heap   total 126976K, used 69861K [0x0000000080000000, 0x0000000100000000)
  region size 1024K, 59 young (60416K), 4 survivors (4096K)
 Metaspace       used 20843K, capacity 21183K, committed 21296K, reserved 1069056K
  class space    used 2521K, capacity 2681K, committed 2688K, reserved 1048576K
}
Event: 49.081 GC heap after
{Heap after GC invocations=6 (full 0):
 garbage-first heap   total 152576K, used 17743K [0x0000000080000000, 0x0000000100000000)
  region size 1024K, 8 young (8192K), 8 survivors (8192K)
 Metaspace       used 20843K, capacity 21183K, committed 21296K, reserved 1069056K
  class space    used 2521K, capacity 2681K, committed 2688K, reserved 1048576K
}
Event: 62.304 GC heap before
{Heap before GC invocations=7 (full 0):
 garbage-first heap   total 152576K, used 74063K [0x0000000080000000, 0x0000000100000000)
  region size 1024K, 63 young (64512K), 8 survivors (8192K)
 Metaspace       used 26839K, capacity 27443K, committed 27696K, reserved 1073152K
  class space    used 3457K, capacity 3670K, committed 3712K, reserved 1048576K
}
Event: 62.375 GC heap after
{Heap after GC invocations=8 (full 0):
 garbage-first heap   total 152576K, used 19912K [0x0000000080000000, 0x0000000100000000)
  region size 1024K, 6 young (6144K), 6 survivors (6144K)
 Metaspace       used 26839K, capacity 27443K, committed 27696K, reserved 1073152K
  class space    used 3457K, capacity 3670K, committed 3712K, reserved 1048576K
}

Deoptimization events (20 events):
Event: 50.421 Thread 0x0000016bf0667000 Uncommon trap: trap_request=0xffffff4d fr.pc=0x0000016be0b03698 relative=0x0000000000000398
Event: 50.421 Thread 0x0000016bf0667000 Uncommon trap: reason=unstable_if action=reinterpret pc=0x0000016be0b03698 method=jdk.internal.org.objectweb.asm.Type.getArgumentsAndReturnSizes(Ljava/lang/String;)I @ 88 c2
Event: 50.421 Thread 0x0000016bf0667000 DEOPT PACKING pc=0x0000016be0b03698 sp=0x0000002273af9a60
Event: 50.422 Thread 0x0000016bf0667000 DEOPT UNPACKING pc=0x0000016bd8faa1af sp=0x0000002273af99e8 mode 2
Event: 50.590 Thread 0x0000016bf0667000 Uncommon trap: trap_request=0xffffffcc fr.pc=0x0000016be0b0f378 relative=0x00000000000002b8
Event: 50.590 Thread 0x0000016bf0667000 Uncommon trap: reason=intrinsic_or_type_checked_inlining action=make_not_entrant pc=0x0000016be0b0f378 method=java.util.Arrays.copyOf([Ljava/lang/Object;ILjava/lang/Class;)[Ljava/lang/Object; @ 35 c2
Event: 50.590 Thread 0x0000016bf0667000 DEOPT PACKING pc=0x0000016be0b0f378 sp=0x0000002273afbb70
Event: 50.590 Thread 0x0000016bf0667000 DEOPT UNPACKING pc=0x0000016bd8faa1af sp=0x0000002273afbb00 mode 2
Event: 54.052 Thread 0x0000016bf0667000 Uncommon trap: trap_request=0xffffff4d fr.pc=0x0000016be0a6feb4 relative=0x0000000000000274
Event: 54.052 Thread 0x0000016bf0667000 Uncommon trap: reason=unstable_if action=reinterpret pc=0x0000016be0a6feb4 method=java.util.concurrent.ConcurrentHashMap.get(Ljava/lang/Object;)Ljava/lang/Object; @ 152 c2
Event: 54.053 Thread 0x0000016bf0667000 DEOPT PACKING pc=0x0000016be0a6feb4 sp=0x0000002273af8af0
Event: 54.053 Thread 0x0000016bf0667000 DEOPT UNPACKING pc=0x0000016bd8faa1af sp=0x0000002273af8a58 mode 2
Event: 61.109 Thread 0x0000016bf0667000 Uncommon trap: trap_request=0xffffff7e fr.pc=0x0000016be0b4029c relative=0x000000000000015c
Event: 61.109 Thread 0x0000016bf0667000 Uncommon trap: reason=predicate action=maybe_recompile pc=0x0000016be0b4029c method=com.google.common.base.CharMatcher.indexIn(Ljava/lang/CharSequence;I)I @ 19 c2
Event: 61.109 Thread 0x0000016bf0667000 DEOPT PACKING pc=0x0000016be0b4029c sp=0x0000002273afb850
Event: 61.109 Thread 0x0000016bf0667000 DEOPT UNPACKING pc=0x0000016bd8faa1af sp=0x0000002273afb7e0 mode 2
Event: 61.258 Thread 0x0000016bf0667000 Uncommon trap: trap_request=0xffffff4d fr.pc=0x0000016be0abfd24 relative=0x00000000000013e4
Event: 61.258 Thread 0x0000016bf0667000 Uncommon trap: reason=unstable_if action=reinterpret pc=0x0000016be0abfd24 method=java.util.concurrent.ConcurrentHashMap.putVal(Ljava/lang/Object;Ljava/lang/Object;Z)Ljava/lang/Object; @ 231 c2
Event: 61.259 Thread 0x0000016bf0667000 DEOPT PACKING pc=0x0000016be0abfd24 sp=0x0000002273afca50
Event: 61.259 Thread 0x0000016bf0667000 DEOPT UNPACKING pc=0x0000016bd8faa1af sp=0x0000002273afc9d0 mode 2

Classes redefined (0 events):
No events

Internal exceptions (20 events):
Event: 47.666 Thread 0x0000016bf0667000 Exception <a 'java/lang/NoSuchMethodError'{0x00000000847f08e8}: 'java.lang.Object java.lang.invoke.DirectMethodHandle$Holder.invokeSpecial(java.lang.Object, java.lang.Object, java.lang.Object, java.lang.Object, int)'> (0x00000000847f08e8) thrown at [./src/hotspot/share/interpreter/linkResolver.cpp, line 773]
Event: 47.668 Thread 0x0000016bf0667000 Exception <a 'java/lang/NoSuchMethodError'{0x00000000847f4820}: 'java.lang.Object java.lang.invoke.Invokers$Holder.linkToTargetMethod(java.lang.Object, java.lang.Object, int, java.lang.Object)'> (0x00000000847f4820) thrown at [./src/hotspot/share/interpreter/linkResolver.cpp, line 773]
Event: 49.462 Thread 0x0000016bf0667000 Exception <a 'java/lang/NoSuchMethodError'{0x0000000089371800}: 'int java.lang.invoke.DirectMethodHandle$Holder.invokeSpecialIFC(java.lang.Object, java.lang.Object, java.lang.Object, java.lang.Object)'> (0x0000000089371800) thrown at [./src/hotspot/share/interpreter/linkResolver.cpp, line 773]
Event: 49.476 Thread 0x0000016bf0667000 Exception <a 'java/lang/NoSuchMethodError'{0x000000008937f7b8}: 'java.lang.Object java.lang.invoke.DirectMethodHandle$Holder.invokeInterface(java.lang.Object, java.lang.Object, java.lang.Object)'> (0x000000008937f7b8) thrown at [./src/hotspot/share/interpreter/linkResolver.cpp, line 773]
Event: 49.485 Thread 0x0000016bf0667000 Exception <a 'java/lang/IncompatibleClassChangeError'{0x0000000089382c90}: Found class java.lang.Object, but interface was expected> (0x0000000089382c90) thrown at [./src/hotspot/share/interpreter/linkResolver.cpp, line 839]
Event: 51.024 Thread 0x0000016bf0667000 Exception <a 'java/lang/NoSuchMethodError'{0x0000000088cd4a98}: 'void java.lang.invoke.DirectMethodHandle$Holder.invokeSpecial(java.lang.Object, java.lang.Object, java.lang.Object, java.lang.Object, java.lang.Object)'> (0x0000000088cd4a98) thrown at [./src/hotspot/share/interpreter/linkResolver.cpp, line 773]
Event: 51.384 Thread 0x0000016bf0667000 Exception <a 'java/lang/NoSuchMethodError'{0x0000000088afe068}: 'java.lang.Object java.lang.invoke.DirectMethodHandle$Holder.invokeSpecial(java.lang.Object, java.lang.Object, java.lang.Object, java.lang.Object, java.lang.Object, java.lang.Object, java.lang.Object, java.lang.Object, java.lang.Object)'> (0x0000000088afe068) thrown at [./src/hotspot/share/interpreter/linkResolver.cpp, line 773]
Event: 52.445 Thread 0x0000016bf0667000 Exception <a 'java/lang/NoSuchMethodError'{0x0000000087f071a0}: 'java.lang.Object java.lang.invoke.DirectMethodHandle$Holder.invokeVirtual(java.lang.Object, java.lang.Object, java.lang.Object, java.lang.Object)'> (0x0000000087f071a0) thrown at [./src/hotspot/share/interpreter/linkResolver.cpp, line 773]
Event: 55.203 Thread 0x0000016bf0667000 Exception <a 'java/lang/NoSuchMethodError'{0x0000000087954aa0}: 'void java.lang.invoke.DirectMethodHandle$Holder.invokeSpecial(java.lang.Object, java.lang.Object, java.lang.Object, java.lang.Object, java.lang.Object, java.lang.Object)'> (0x0000000087954aa0) thrown at [./src/hotspot/share/interpreter/linkResolver.cpp, line 773]
Event: 55.515 Thread 0x0000016bf0667000 Exception <a 'java/lang/NoSuchMethodError'{0x00000000879c3c40}: 'void java.lang.invoke.DirectMethodHandle$Holder.invokeSpecial(java.lang.Object, java.lang.Object, java.lang.Object, java.lang.Object, java.lang.Object, java.lang.Object, java.lang.Object)'> (0x00000000879c3c40) thrown at [./src/hotspot/share/interpreter/linkResolver.cpp, line 773]
Event: 55.520 Thread 0x0000016bf0667000 Exception <a 'java/lang/NoSuchMethodError'{0x00000000879cc130}: 'java.lang.Object java.lang.invoke.Invokers$Holder.linkToTargetMethod(java.lang.Object, java.lang.Object, java.lang.Object, java.lang.Object, java.lang.Object, java.lang.Object)'> (0x00000000879cc130) thrown at [./src/hotspot/share/interpreter/linkResolver.cpp, line 773]
Event: 56.164 Thread 0x0000016bf0667000 Exception <a 'java/lang/NoSuchMethodError'{0x00000000877940f8}: 'java.lang.Object java.lang.invoke.DirectMethodHandle$Holder.invokeVirtual(java.lang.Object, java.lang.Object, java.lang.Object, java.lang.Object, java.lang.Object, java.lang.Object, java.lang.Object, java.lang.Object, java.lang.Object, java.lang.Object, java.lang.Object, java.lang.Object, java.lang.Object, java.lang.Object, java.lang.Object, java.lang.Object, java.lang.Object, java.lang.Object, java.lang.Object, java.lang.Object, java.lang.Ob
Event: 57.852 Thread 0x0000016bf0667000 Exception <a 'java/lang/NoSuchMethodError'{0x0000000086f93138}: 'int java.lang.invoke.DirectMethodHandle$Holder.invokeStaticInit(java.lang.Object, java.lang.Object, java.lang.Object)'> (0x0000000086f93138) thrown at [./src/hotspot/share/interpreter/linkResolver.cpp, line 773]
Event: 60.246 Thread 0x0000016bf0667000 Exception <a 'java/lang/NoSuchMethodError'{0x0000000086a1dfe8}: 'void java.lang.invoke.DirectMethodHandle$Holder.invokeStaticInit(java.lang.Object, java.lang.Object)'> (0x0000000086a1dfe8) thrown at [./src/hotspot/share/interpreter/linkResolver.cpp, line 773]
Event: 61.425 Thread 0x0000016bf0667000 Exception <a 'java/lang/NoSuchMethodError'{0x0000000086591cd0}: 'void java.lang.invoke.DirectMethodHandle$Holder.invokeStatic(java.lang.Object, java.lang.Object, java.lang.Object, java.lang.Object)'> (0x0000000086591cd0) thrown at [./src/hotspot/share/interpreter/linkResolver.cpp, line 773]
Event: 61.442 Thread 0x0000016bf0667000 Exception <a 'java/lang/NoSuchMethodError'{0x00000000865b0dd8}: 'int java.lang.invoke.DirectMethodHandle$Holder.invokeVirtual(java.lang.Object, java.lang.Object)'> (0x00000000865b0dd8) thrown at [./src/hotspot/share/interpreter/linkResolver.cpp, line 773]
Event: 61.460 Thread 0x0000016bf0667000 Exception <a 'java/lang/NoSuchMethodError'{0x00000000865c9920}: 'java.lang.Object java.lang.invoke.DirectMethodHandle$Holder.invokeVirtual(java.lang.Object, java.lang.Object, java.lang.Object)'> (0x00000000865c9920) thrown at [./src/hotspot/share/interpreter/linkResolver.cpp, line 773]
Event: 61.510 Thread 0x0000016bf0667000 Exception <a 'java/lang/NoSuchMethodError'{0x00000000865f5c78}: 'int java.lang.invoke.DirectMethodHandle$Holder.invokeVirtual(java.lang.Object, java.lang.Object, java.lang.Object)'> (0x00000000865f5c78) thrown at [./src/hotspot/share/interpreter/linkResolver.cpp, line 773]
Event: 61.767 Thread 0x0000016bf0667000 Exception <a 'java/lang/NoSuchMethodError'{0x00000000863bf538}: 'void java.lang.invoke.DirectMethodHandle$Holder.invokeSpecial(java.lang.Object, java.lang.Object)'> (0x00000000863bf538) thrown at [./src/hotspot/share/interpreter/linkResolver.cpp, line 773]
Event: 63.219 Thread 0x0000016bf0667000 Exception <a 'java/lang/NoSuchMethodError'{0x0000000088b60168}: 'java.lang.Object java.lang.invoke.DirectMethodHandle$Holder.invokeSpecialIFC(java.lang.Object, java.lang.Object, java.lang.Object, java.lang.Object)'> (0x0000000088b60168) thrown at [./src/hotspot/share/interpreter/linkResolver.cpp, line 773]

Events (20 events):
Event: 63.685 loading class org/gradle/internal/isolated/IsolationScheme
Event: 63.685 loading class org/gradle/internal/isolated/IsolationScheme done
Event: 63.690 loading class org/gradle/api/provider/ValueSource
Event: 63.690 loading class org/gradle/api/provider/ValueSource done
Event: 63.692 loading class org/gradle/api/provider/ValueSourceParameters
Event: 63.692 loading class org/gradle/api/provider/ValueSourceParameters done
Event: 63.694 loading class org/gradle/api/provider/ValueSourceParameters$None
Event: 63.694 loading class org/gradle/api/provider/ValueSourceParameters$None done
Event: 63.696 loading class org/gradle/api/internal/provider/ValueSourceProviderFactory$Listener
Event: 63.696 loading class org/gradle/api/internal/provider/ValueSourceProviderFactory$Listener done
Event: 63.700 loading class org/gradle/api/internal/provider/DefaultProviderFactory
Event: 63.700 loading class org/gradle/api/internal/provider/DefaultProviderFactory done
Event: 63.707 loading class org/gradle/api/file/FileContents
Event: 63.707 loading class org/gradle/api/file/FileContents done
Event: 63.710 loading class org/gradle/api/provider/ValueSourceSpec
Event: 63.710 loading class org/gradle/api/provider/ValueSourceSpec done
Event: 63.713 loading class org/gradle/api/internal/provider/CredentialsProviderFactory
Event: 63.714 loading class org/gradle/api/internal/provider/CredentialsProviderFactory done
Event: 63.740 loading class org/gradle/api/internal/DefaultCollectionCallbackActionDecorator
Event: 63.740 loading class org/gradle/api/internal/DefaultCollectionCallbackActionDecorator done


Dynamic libraries:
0x00007ff703640000 - 0x00007ff70364a000 	C:\Program Files\Android\Android Studio\jre\bin\java.exe
0x00007ffc5c550000 - 0x00007ffc5c748000 	C:\WINDOWS\SYSTEM32\ntdll.dll
0x00007ffc5b5c0000 - 0x00007ffc5b67f000 	C:\WINDOWS\System32\KERNEL32.DLL
0x00007ffc5a090000 - 0x00007ffc5a362000 	C:\WINDOWS\System32\KERNELBASE.dll
0x00007ffc5a430000 - 0x00007ffc5a530000 	C:\WINDOWS\System32\ucrtbase.dll
0x00007ffc521d0000 - 0x00007ffc521e7000 	C:\Program Files\Android\Android Studio\jre\bin\VCRUNTIME140.dll
0x00007ffc53db0000 - 0x00007ffc53dc9000 	C:\Program Files\Android\Android Studio\jre\bin\jli.dll
0x00007ffc5ab40000 - 0x00007ffc5acdd000 	C:\WINDOWS\System32\USER32.dll
0x00007ffc5a060000 - 0x00007ffc5a082000 	C:\WINDOWS\System32\win32u.dll
0x00007ffc5b780000 - 0x00007ffc5b7ab000 	C:\WINDOWS\System32\GDI32.dll
0x00007ffc59c50000 - 0x00007ffc59d5f000 	C:\WINDOWS\System32\gdi32full.dll
0x00007ffc59fc0000 - 0x00007ffc5a05d000 	C:\WINDOWS\System32\msvcp_win.dll
0x00007ffc47df0000 - 0x00007ffc4808a000 	C:\WINDOWS\WinSxS\amd64_microsoft.windows.common-controls_6595b64144ccf1df_6.0.19041.1110_none_60b5254171f9507e\COMCTL32.dll
0x00007ffc5a840000 - 0x00007ffc5a8de000 	C:\WINDOWS\System32\msvcrt.dll
0x00007ffc5b720000 - 0x00007ffc5b752000 	C:\WINDOWS\System32\IMM32.DLL
0x00007ffc249a0000 - 0x00007ffc24a3d000 	C:\Program Files\Android\Android Studio\jre\bin\msvcp140.dll
0x00007ffc14c90000 - 0x00007ffc15792000 	C:\Program Files\Android\Android Studio\jre\bin\server\jvm.dll
0x00007ffc5bb10000 - 0x00007ffc5bbbe000 	C:\WINDOWS\System32\ADVAPI32.dll
0x00007ffc5b680000 - 0x00007ffc5b71c000 	C:\WINDOWS\System32\sechost.dll
0x00007ffc5a8e0000 - 0x00007ffc5aa05000 	C:\WINDOWS\System32\RPCRT4.dll
0x00007ffc5c310000 - 0x00007ffc5c318000 	C:\WINDOWS\System32\PSAPI.DLL
0x00007ffc462f0000 - 0x00007ffc462f9000 	C:\WINDOWS\SYSTEM32\WSOCK32.dll
0x00007ffc5c320000 - 0x00007ffc5c38b000 	C:\WINDOWS\System32\WS2_32.dll
0x00007ffc582d0000 - 0x00007ffc582f7000 	C:\WINDOWS\SYSTEM32\WINMM.dll
0x00007ffc58300000 - 0x00007ffc5830a000 	C:\WINDOWS\SYSTEM32\VERSION.dll
0x00007ffc584d0000 - 0x00007ffc584e2000 	C:\WINDOWS\SYSTEM32\kernel.appcore.dll
0x00007ffc54110000 - 0x00007ffc54121000 	C:\Program Files\Android\Android Studio\jre\bin\verify.dll
0x00007ffc580e0000 - 0x00007ffc582c4000 	C:\WINDOWS\SYSTEM32\DBGHELP.DLL
0x00007ffc580b0000 - 0x00007ffc580dc000 	C:\WINDOWS\SYSTEM32\dbgcore.DLL
0x00007ffc5a370000 - 0x00007ffc5a3f2000 	C:\WINDOWS\System32\bcryptPrimitives.dll
0x00007ffc53d00000 - 0x00007ffc53d29000 	C:\Program Files\Android\Android Studio\jre\bin\java.dll
0x00007ffc53cf0000 - 0x00007ffc53cfb000 	C:\Program Files\Android\Android Studio\jre\bin\jimage.dll
0x00007ffc53cd0000 - 0x00007ffc53ce8000 	C:\Program Files\Android\Android Studio\jre\bin\zip.dll
0x00007ffc5bbc0000 - 0x00007ffc5c303000 	C:\WINDOWS\System32\SHELL32.dll
0x00007ffc57900000 - 0x00007ffc58092000 	C:\WINDOWS\SYSTEM32\windows.storage.dll
0x00007ffc5b7b0000 - 0x00007ffc5bb04000 	C:\WINDOWS\System32\combase.dll
0x00007ffc596b0000 - 0x00007ffc596e0000 	C:\WINDOWS\SYSTEM32\Wldp.dll
0x00007ffc5b480000 - 0x00007ffc5b52d000 	C:\WINDOWS\System32\SHCORE.dll
0x00007ffc5b150000 - 0x00007ffc5b1a5000 	C:\WINDOWS\System32\shlwapi.dll
0x00007ffc59b90000 - 0x00007ffc59baf000 	C:\WINDOWS\SYSTEM32\profapi.dll
0x00007ffc52f90000 - 0x00007ffc52faa000 	C:\Program Files\Android\Android Studio\jre\bin\net.dll
0x00007ffc48e80000 - 0x00007ffc48f8c000 	C:\WINDOWS\SYSTEM32\WINHTTP.dll
0x00007ffc59410000 - 0x00007ffc5947a000 	C:\WINDOWS\system32\mswsock.dll
0x00007ffc52640000 - 0x00007ffc52654000 	C:\Program Files\Android\Android Studio\jre\bin\nio.dll
0x00007ffc53df0000 - 0x00007ffc53e17000 	C:\Users\hp\.gradle\native\e1d6ef7f7dcc3fd88c89a11ec53ec762bb8ba0a96d01ffa2cd45eb1d1d8dd5c5\windows-amd64\native-platform.dll
0x00007ffc1ea10000 - 0x00007ffc1eb54000 	C:\Users\hp\.gradle\native\0d407fdbe67a94daf76414ababcb853783967236a71b16ec16e742cd7a986fd3\windows-amd64\native-platform-file-events.dll
0x00007ffc53ca0000 - 0x00007ffc53caa000 	C:\Program Files\Android\Android Studio\jre\bin\management.dll
0x00007ffc52630000 - 0x00007ffc5263d000 	C:\Program Files\Android\Android Studio\jre\bin\management_ext.dll
0x00007ffc59610000 - 0x00007ffc59628000 	C:\WINDOWS\SYSTEM32\CRYPTSP.dll
0x00007ffc58cc0000 - 0x00007ffc58cf4000 	C:\WINDOWS\system32\rsaenh.dll
0x00007ffc5a400000 - 0x00007ffc5a427000 	C:\WINDOWS\System32\bcrypt.dll
0x00007ffc59b50000 - 0x00007ffc59b7e000 	C:\WINDOWS\SYSTEM32\USERENV.dll
0x00007ffc59600000 - 0x00007ffc5960c000 	C:\WINDOWS\SYSTEM32\CRYPTBASE.dll
0x00007ffc590b0000 - 0x00007ffc590eb000 	C:\WINDOWS\SYSTEM32\IPHLPAPI.DLL
0x00007ffc5b360000 - 0x00007ffc5b368000 	C:\WINDOWS\System32\NSI.dll
0x00007ffc505f0000 - 0x00007ffc50607000 	C:\WINDOWS\SYSTEM32\dhcpcsvc6.DLL
0x00007ffc4fb60000 - 0x00007ffc4fb7d000 	C:\WINDOWS\SYSTEM32\dhcpcsvc.DLL
0x00007ffc59100000 - 0x00007ffc591ca000 	C:\WINDOWS\SYSTEM32\DNSAPI.dll

dbghelp: loaded successfully - version: 4.0.5 - missing functions: none
symbol engine: initialized successfully - sym options: 0x614 - pdb path: .;C:\Program Files\Android\Android Studio\jre\bin;C:\WINDOWS\SYSTEM32;C:\WINDOWS\WinSxS\amd64_microsoft.windows.common-controls_6595b64144ccf1df_6.0.19041.1110_none_60b5254171f9507e;C:\Program Files\Android\Android Studio\jre\bin\server;C:\Users\hp\.gradle\native\e1d6ef7f7dcc3fd88c89a11ec53ec762bb8ba0a96d01ffa2cd45eb1d1d8dd5c5\windows-amd64;C:\Users\hp\.gradle\native\0d407fdbe67a94daf76414ababcb853783967236a71b16ec16e742cd7a986fd3\windows-amd64

VM Arguments:
jvm_args: --add-opens=java.base/java.util=ALL-UNNAMED --add-opens=java.base/java.lang=ALL-UNNAMED --add-opens=java.base/java.lang.invoke=ALL-UNNAMED --add-opens=java.base/java.util=ALL-UNNAMED --add-opens=java.prefs/java.util.prefs=ALL-UNNAMED --add-opens=java.prefs/java.util.prefs=ALL-UNNAMED --add-opens=java.base/java.nio.charset=ALL-UNNAMED --add-opens=java.base/java.net=ALL-UNNAMED --add-opens=java.base/java.util.concurrent.atomic=ALL-UNNAMED -Xmx2048m -Dfile.encoding=UTF-8 -Duser.country=US -Duser.language=en -Duser.variant 
java_command: org.gradle.launcher.daemon.bootstrap.GradleDaemon 7.4
java_class_path (initial): C:\Users\hp\.gradle\wrapper\dists\gradle-7.4-bin\c0gwcg53nkjbqw7r0h0umtfvt\gradle-7.4\lib\gradle-launcher-7.4.jar
Launcher Type: SUN_STANDARD

[Global flags]
     intx CICompilerCount                          = 3                                         {product} {ergonomic}
     uint ConcGCThreads                            = 1                                         {product} {ergonomic}
     uint G1ConcRefinementThreads                  = 4                                         {product} {ergonomic}
   size_t G1HeapRegionSize                         = 1048576                                   {product} {ergonomic}
    uintx GCDrainStackTargetSize                   = 64                                        {product} {ergonomic}
   size_t InitialHeapSize                          = 130023424                                 {product} {ergonomic}
   size_t MarkStackSize                            = 4194304                                   {product} {ergonomic}
   size_t MaxHeapSize                              = 2147483648                                {product} {command line}
   size_t MaxNewSize                               = 1287651328                                {product} {ergonomic}
   size_t MinHeapDeltaBytes                        = 1048576                                   {product} {ergonomic}
    uintx NonNMethodCodeHeapSize                   = 5830732                                {pd product} {ergonomic}
    uintx NonProfiledCodeHeapSize                  = 122913754                              {pd product} {ergonomic}
    uintx ProfiledCodeHeapSize                     = 122913754                              {pd product} {ergonomic}
    uintx ReservedCodeCacheSize                    = 251658240                              {pd product} {ergonomic}
     bool SegmentedCodeCache                       = true                                      {product} {ergonomic}
     bool UseCompressedClassPointers               = true                                 {lp64_product} {ergonomic}
     bool UseCompressedOops                        = true                                 {lp64_product} {ergonomic}
     bool UseG1GC                                  = true                                      {product} {ergonomic}
     bool UseLargePagesIndividualAllocation        = false                                  {pd product} {ergonomic}

Logging:
Log output configuration:
 #0: stdout all=warning uptime,level,tags
 #1: stderr all=off uptime,level,tags

Environment Variables:
JAVA_HOME=C:\Program Files\OpenJDK\openjdk-11.0.16_8
PATH=C:\Program Files\Common Files\Oracle\Java\javapath;C:\WINDOWS\system32;C:\WINDOWS;C:\WINDOWS\System32\Wbem;C:\WINDOWS\System32\WindowsPowerShell\v1.0\;C:\WINDOWS\System32\OpenSSH\;C:\Program Files (x86)\Java\jre1.8.0_251\bin;C:\Program Files\Java\jdk-15.0.1\bin;C:\Program Files\swipl\bin;C:\Program Files\dotnet\;C:\Users\hp\Downloads\FLEX_BISON-20211126\win_flex_bison-latest\win_flex_bison-latest;C:\Program Files\Git\cmd;C:\ProgramData\chocolatey\bin;C:\Program Files\OpenJDK\openjdk-11.0.16_8\bin;C:\Program Files\MongoDB\Server\6.0\bin;C:\Program Files\nodejs\;C:\Program Files\MySQL\MySQL Shell 8.0\bin\;C:\Users\hp\AppData\Local\Programs\Python\Python310\Scripts\;C:\Users\hp\AppData\Local\Programs\Python\Python310\;C:\Users\hp\AppData\Local\Microsoft\WindowsApps;D:\Software\softwares\flutter\bin;D:\Software\softwares;C:\Users\hp\AppData\Local\Programs\Microsoft VS Code\bin;C:\MinGW\bin;C:\Program Files (x86)\OpenVPN\bin;C:\Users\hp\.dotnet\tools;C:\Users\hp\Downloads\FLEX_BISON-20211126\win_flex_bison-latest\win_flex_bison-latest;C:\Users\hp\AppData\Local\GitHubDesktop\bin;C:\Users\hp\AppData\Roaming\npm;C:\flutter_windows_3.3.5-stable\flutter\bin;
USERNAME=hp
OS=Windows_NT
PROCESSOR_IDENTIFIER=Intel64 Family 6 Model 78 Stepping 3, GenuineIntel



---------------  S Y S T E M  ---------------

OS: Windows 10 , 64 bit Build 19041 (10.0.19041.2251)
OS uptime: 1 days 12:45 hours

CPU:total 4 (initial active 4) (2 cores per cpu, 2 threads per core) family 6 model 78 stepping 3 microcode 0xcc, cmov, cx8, fxsr, mmx, sse, sse2, sse3, ssse3, sse4.1, sse4.2, popcnt, avx, avx2, aes, clmul, erms, rtm, 3dnowpref, lzcnt, ht, tsc, tscinvbit, bmi1, bmi2, adx, fma

Memory: 4k page, system-wide physical 7861M (954M free)
TotalPageFile size 9909M (AvailPageFile size 5M)
current process WorkingSet (physical memory assigned to process): 208M, peak: 210M
current process commit charge ("private bytes"): 284M, peak: 292M

vm_info: OpenJDK 64-Bit Server VM (11.0.13+0-b1751.21-8125866) for windows-amd64 JRE (11.0.13+0-b1751.21-8125866), built on Feb  2 2022 03:00:22 by "builder" with MS VC++ 14.0 (VS2015)

END.
