#
# There is insufficient memory for the Java Runtime Environment to continue.
# Native memory allocation (mmap) failed to map 28311552 bytes for Failed to commit area from 0x000000008ce00000 to 0x000000008e900000 of length 28311552.
# Possible reasons:
#   The system is out of physical RAM or swap space
#   The process is running with CompressedOops enabled, and the Java Heap may be blocking the growth of the native heap
# Possible solutions:
#   Reduce memory load on the system
#   Increase physical memory or swap space
#   Check if swap backing store is full
#   Decrease Java heap size (-Xmx/-Xms)
#   Decrease number of Java threads
#   Decrease Java thread stack sizes (-Xss)
#   Set larger code cache with -XX:ReservedCodeCacheSize=
#   JVM is running with Unscaled Compressed Oops mode in which the Java heap is
#     placed in the first 4GB address space. The Java Heap base address is the
#     maximum limit for the native heap growth. Please use -XX:HeapBaseMinAddress
#     to set the Java Heap base and to place the Java Heap above 4GB virtual address.
# This output file may be truncated or incomplete.
#
#  Out of Memory Error (./src/hotspot/os/windows/os_windows.cpp:3619), pid=12236, tid=16820
#
# JRE version: OpenJDK Runtime Environment (11.0.13) (build 11.0.13+0-b1751.21-8125866)
# Java VM: OpenJDK 64-Bit Server VM (11.0.13+0-b1751.21-8125866, mixed mode, tiered, compressed oops, g1 gc, windows-amd64)
# No core dump will be written. Minidumps are not enabled by default on client versions of Windows
#

---------------  S U M M A R Y ------------

Command Line: org.jetbrains.kotlin.cli.jvm.K2JVMCompiler @C:\Users\hp\AndroidStudioProjects\splashscreen2\app\build\20230119_6205174607174011516.compiler.options

Host: Intel(R) Core(TM) i5-6300U CPU @ 2.40GHz, 4 cores, 7G,  Windows 10 , 64 bit Build 19041 (10.0.19041.2251)
Time: Thu Jan 19 22:04:00 2023 Pakistan Standard Time elapsed time: 3.593733 seconds (0d 0h 0m 3s)

---------------  T H R E A D  ---------------

Current thread (0x00000241fe9d3000):  VMThread "VM Thread" [stack: 0x000000619a500000,0x000000619a600000] [id=16820]

Stack: [0x000000619a500000,0x000000619a600000]
[error occurred during error reporting (printing stack bounds), id 0xc0000005, EXCEPTION_ACCESS_VIOLATION (0xc0000005) at pc=0x00000241e8bf112d]

Native frames: (J=compiled Java code, j=interpreted, Vv=VM code, C=native code)
V  [jvm.dll+0x6100fa]
V  [jvm.dll+0x747090]
V  [jvm.dll+0x7486ad]
V  [jvm.dll+0x748ce5]
V  [jvm.dll+0x748c9b]
V  [jvm.dll+0x60f224]
V  [jvm.dll+0x60f9b8]
C  [ntdll.dll+0xa241f]
C  [ntdll.dll+0x514a4]
C  [ntdll.dll+0xa0f4e]
C  0x00000241e8bf112d

VM_Operation (0x0000006199ffa610): CollectForMetadataAllocation, mode: safepoint, requested by thread 0x00000241e50cb800


---------------  P R O C E S S  ---------------

Threads class SMR info:
_java_thread_list=0x0000024180f97160, length=11, elements={
0x00000241e50cb800, 0x00000241fe9f8000, 0x00000241fe9fb000, 0x00000241ff383000,
0x00000241fea16000, 0x00000241fea17000, 0x00000241fea22000, 0x00000241fea28800,
0x00000241fea37000, 0x00000241ff4da000, 0x00000241fea23800
}

Java Threads: ( => current thread )
  0x00000241e50cb800 JavaThread "main" [_thread_blocked, id=11508, stack(0x0000006199f00000,0x000000619a000000)]
  0x00000241fe9f8000 JavaThread "Reference Handler" daemon [_thread_blocked, id=14292, stack(0x000000619a600000,0x000000619a700000)]
  0x00000241fe9fb000 JavaThread "Finalizer" daemon [_thread_blocked, id=4700, stack(0x000000619a700000,0x000000619a800000)]
  0x00000241ff383000 JavaThread "Signal Dispatcher" daemon [_thread_blocked, id=17300, stack(0x000000619a800000,0x000000619a900000)]
  0x00000241fea16000 JavaThread "Attach Listener" daemon [_thread_blocked, id=8868, stack(0x000000619a900000,0x000000619aa00000)]
  0x00000241fea17000 JavaThread "Service Thread" daemon [_thread_blocked, id=16876, stack(0x000000619aa00000,0x000000619ab00000)]
  0x00000241fea22000 JavaThread "C2 CompilerThread0" daemon [_thread_blocked, id=6444, stack(0x000000619ab00000,0x000000619ac00000)]
  0x00000241fea28800 JavaThread "C1 CompilerThread0" daemon [_thread_blocked, id=1340, stack(0x000000619ac00000,0x000000619ad00000)]
  0x00000241fea37000 JavaThread "Sweeper thread" daemon [_thread_blocked, id=3440, stack(0x000000619ad00000,0x000000619ae00000)]
  0x00000241ff4da000 JavaThread "Common-Cleaner" daemon [_thread_blocked, id=14720, stack(0x000000619af00000,0x000000619b000000)]
  0x00000241fea23800 JavaThread "C2 CompilerThread1" daemon [_thread_blocked, id=11568, stack(0x000000619b000000,0x000000619b100000)]

Other Threads:
=>0x00000241fe9d3000 VMThread "VM Thread" [stack: 0x000000619a500000,0x000000619a600000] [id=16820]
  0x00000241ff4ce000 WatcherThread [stack: 0x000000619ae00000,0x000000619af00000] [id=6612]
  0x00000241e50e3000 GCTaskThread "GC Thread#0" [stack: 0x000000619a000000,0x000000619a100000] [id=7052]
  0x00000241ff91e800 GCTaskThread "GC Thread#1" [stack: 0x000000619b100000,0x000000619b200000] [id=15688]
  0x00000241e5112800 ConcurrentGCThread "G1 Main Marker" [stack: 0x000000619a100000,0x000000619a200000] [id=10172]
  0x00000241e5115000 ConcurrentGCThread "G1 Conc#0" [stack: 0x000000619a200000,0x000000619a300000] [id=14820]
  0x00000241e5197800 ConcurrentGCThread "G1 Refine#0" [stack: 0x000000619a300000,0x000000619a400000] [id=12120]
  0x00000241e5198800 ConcurrentGCThread "G1 Young RemSet Sampling" [stack: 0x000000619a400000,0x000000619a500000] [id=15672]

Threads with active compile tasks:

VM state:at safepoint (normal execution)

VM Mutex/Monitor currently owned by a thread:  ([mutex/lock_event])
[0x00000241e50bf920] Threads_lock - owner thread: 0x00000241fe9d3000
[0x00000241e50c9900] Heap_lock - owner thread: 0x00000241e50cb800

Heap address: 0x0000000085200000, size: 1966 MB, Compressed Oops mode: 32-bit
Narrow klass base: 0x0000000000000000, Narrow klass shift: 3
Compressed class space size: 1073741824 Address: 0x0000000100000000

Heap:
 garbage-first heap   total 154624K, used 26413K [0x0000000085200000, 0x0000000100000000)
  region size 1024K, 5 young (5120K), 5 survivors (5120K)
 Metaspace       used 41548K, capacity 41974K, committed 42112K, reserved 1099776K
  class space    used 4943K, capacity 5152K, committed 5248K, reserved 1048576K
Heap Regions: E=young(eden), S=young(survivor), O=old, HS=humongous(starts), HC=humongous(continues), CS=collection set, F=free, A=archive, TAMS=top-at-mark-start (previous, next)
|   0|0x0000000085200000, 0x0000000085300000, 0x0000000085300000|100%|HS|  |TAMS 0x0000000085300000, 0x0000000085300000| Complete 
|   1|0x0000000085300000, 0x0000000085400000, 0x0000000085400000|100%|HC|  |TAMS 0x0000000085400000, 0x0000000085400000| Complete 
|   2|0x0000000085400000, 0x0000000085500000, 0x0000000085500000|100%|HC|  |TAMS 0x0000000085500000, 0x0000000085500000| Complete 
|   3|0x0000000085500000, 0x0000000085600000, 0x0000000085600000|100%|HC|  |TAMS 0x0000000085600000, 0x0000000085600000| Complete 
|   4|0x0000000085600000, 0x0000000085700000, 0x0000000085700000|100%| O|  |TAMS 0x0000000085700000, 0x0000000085700000| Untracked 
|   5|0x0000000085700000, 0x0000000085800000, 0x0000000085800000|100%| O|  |TAMS 0x0000000085800000, 0x0000000085800000| Untracked 
|   6|0x0000000085800000, 0x0000000085900000, 0x0000000085900000|100%|HS|  |TAMS 0x0000000085900000, 0x0000000085900000| Complete 
|   7|0x0000000085900000, 0x0000000085a00000, 0x0000000085a00000|100%|HC|  |TAMS 0x0000000085a00000, 0x0000000085a00000| Complete 
|   8|0x0000000085a00000, 0x0000000085b00000, 0x0000000085b00000|100%|HC|  |TAMS 0x0000000085b00000, 0x0000000085b00000| Complete 
|   9|0x0000000085b00000, 0x0000000085c00000, 0x0000000085c00000|100%|HC|  |TAMS 0x0000000085c00000, 0x0000000085c00000| Complete 
|  10|0x0000000085c00000, 0x0000000085c00000, 0x0000000085d00000|  0%| F|  |TAMS 0x0000000085c00000, 0x0000000085c00000| Untracked 
|  11|0x0000000085d00000, 0x0000000085d00000, 0x0000000085e00000|  0%| F|  |TAMS 0x0000000085d00000, 0x0000000085d00000| Untracked 
|  12|0x0000000085e00000, 0x0000000085f00000, 0x0000000085f00000|100%| O|  |TAMS 0x0000000085f00000, 0x0000000085f00000| Untracked 
|  13|0x0000000085f00000, 0x0000000086000000, 0x0000000086000000|100%| O|  |TAMS 0x0000000086000000, 0x0000000086000000| Untracked 
|  14|0x0000000086000000, 0x0000000086100000, 0x0000000086100000|100%| O|  |TAMS 0x0000000086100000, 0x0000000086100000| Untracked 
|  15|0x0000000086100000, 0x0000000086200000, 0x0000000086200000|100%| O|  |TAMS 0x0000000086200000, 0x0000000086200000| Untracked 
|  16|0x0000000086200000, 0x0000000086300000, 0x0000000086300000|100%| O|  |TAMS 0x0000000086300000, 0x0000000086300000| Untracked 
|  17|0x0000000086300000, 0x0000000086400000, 0x0000000086400000|100%| O|  |TAMS 0x0000000086400000, 0x0000000086400000| Untracked 
|  18|0x0000000086400000, 0x0000000086500000, 0x0000000086500000|100%| O|  |TAMS 0x0000000086500000, 0x0000000086500000| Untracked 
|  19|0x0000000086500000, 0x0000000086600000, 0x0000000086600000|100%| O|  |TAMS 0x0000000086600000, 0x0000000086600000| Untracked 
|  20|0x0000000086600000, 0x0000000086700000, 0x0000000086700000|100%| O|  |TAMS 0x0000000086700000, 0x0000000086700000| Untracked 
|  21|0x0000000086700000, 0x0000000086800000, 0x0000000086800000|100%| O|  |TAMS 0x0000000086800000, 0x0000000086800000| Untracked 
|  22|0x0000000086800000, 0x00000000868cb400, 0x0000000086900000| 79%| O|  |TAMS 0x00000000868cb400, 0x00000000868cb400| Untracked 
|  23|0x0000000086900000, 0x0000000086900000, 0x0000000086a00000|  0%| F|  |TAMS 0x0000000086900000, 0x0000000086900000| Untracked 
|  24|0x0000000086a00000, 0x0000000086a00000, 0x0000000086b00000|  0%| F|  |TAMS 0x0000000086a00000, 0x0000000086a00000| Untracked 
|  25|0x0000000086b00000, 0x0000000086b00000, 0x0000000086c00000|  0%| F|  |TAMS 0x0000000086b00000, 0x0000000086b00000| Untracked 
|  26|0x0000000086c00000, 0x0000000086c00000, 0x0000000086d00000|  0%| F|  |TAMS 0x0000000086c00000, 0x0000000086c00000| Untracked 
|  27|0x0000000086d00000, 0x0000000086d00000, 0x0000000086e00000|  0%| F|  |TAMS 0x0000000086d00000, 0x0000000086d00000| Untracked 
|  28|0x0000000086e00000, 0x0000000086e00000, 0x0000000086f00000|  0%| F|  |TAMS 0x0000000086e00000, 0x0000000086e00000| Untracked 
|  29|0x0000000086f00000, 0x0000000086f00000, 0x0000000087000000|  0%| F|  |TAMS 0x0000000086f00000, 0x0000000086f00000| Untracked 
|  30|0x0000000087000000, 0x0000000087000000, 0x0000000087100000|  0%| F|  |TAMS 0x0000000087000000, 0x0000000087000000| Untracked 
|  31|0x0000000087100000, 0x0000000087100000, 0x0000000087200000|  0%| F|  |TAMS 0x0000000087100000, 0x0000000087100000| Untracked 
|  32|0x0000000087200000, 0x0000000087200000, 0x0000000087300000|  0%| F|  |TAMS 0x0000000087200000, 0x0000000087200000| Untracked 
|  33|0x0000000087300000, 0x0000000087300000, 0x0000000087400000|  0%| F|  |TAMS 0x0000000087300000, 0x0000000087300000| Untracked 
|  34|0x0000000087400000, 0x0000000087400000, 0x0000000087500000|  0%| F|  |TAMS 0x0000000087400000, 0x0000000087400000| Untracked 
|  35|0x0000000087500000, 0x0000000087500000, 0x0000000087600000|  0%| F|  |TAMS 0x0000000087500000, 0x0000000087500000| Untracked 
|  36|0x0000000087600000, 0x0000000087600000, 0x0000000087700000|  0%| F|  |TAMS 0x0000000087600000, 0x0000000087600000| Untracked 
|  37|0x0000000087700000, 0x0000000087700000, 0x0000000087800000|  0%| F|  |TAMS 0x0000000087700000, 0x0000000087700000| Untracked 
|  38|0x0000000087800000, 0x0000000087800000, 0x0000000087900000|  0%| F|  |TAMS 0x0000000087800000, 0x0000000087800000| Untracked 
|  39|0x0000000087900000, 0x0000000087900000, 0x0000000087a00000|  0%| F|  |TAMS 0x0000000087900000, 0x0000000087900000| Untracked 
|  40|0x0000000087a00000, 0x0000000087a00000, 0x0000000087b00000|  0%| F|  |TAMS 0x0000000087a00000, 0x0000000087a00000| Untracked 
|  41|0x0000000087b00000, 0x0000000087b00000, 0x0000000087c00000|  0%| F|  |TAMS 0x0000000087b00000, 0x0000000087b00000| Untracked 
|  42|0x0000000087c00000, 0x0000000087c00000, 0x0000000087d00000|  0%| F|  |TAMS 0x0000000087c00000, 0x0000000087c00000| Untracked 
|  43|0x0000000087d00000, 0x0000000087d00000, 0x0000000087e00000|  0%| F|  |TAMS 0x0000000087d00000, 0x0000000087d00000| Untracked 
|  44|0x0000000087e00000, 0x0000000087e00000, 0x0000000087f00000|  0%| F|  |TAMS 0x0000000087e00000, 0x0000000087e00000| Untracked 
|  45|0x0000000087f00000, 0x0000000087f00000, 0x0000000088000000|  0%| F|  |TAMS 0x0000000087f00000, 0x0000000087f00000| Untracked 
|  46|0x0000000088000000, 0x0000000088000000, 0x0000000088100000|  0%| F|  |TAMS 0x0000000088000000, 0x0000000088000000| Untracked 
|  47|0x0000000088100000, 0x0000000088100000, 0x0000000088200000|  0%| F|  |TAMS 0x0000000088100000, 0x0000000088100000| Untracked 
|  48|0x0000000088200000, 0x0000000088200000, 0x0000000088300000|  0%| F|  |TAMS 0x0000000088200000, 0x0000000088200000| Untracked 
|  49|0x0000000088300000, 0x0000000088300000, 0x0000000088400000|  0%| F|  |TAMS 0x0000000088300000, 0x0000000088300000| Untracked 
|  50|0x0000000088400000, 0x0000000088400000, 0x0000000088500000|  0%| F|  |TAMS 0x0000000088400000, 0x0000000088400000| Untracked 
|  51|0x0000000088500000, 0x0000000088500000, 0x0000000088600000|  0%| F|  |TAMS 0x0000000088500000, 0x0000000088500000| Untracked 
|  52|0x0000000088600000, 0x0000000088600000, 0x0000000088700000|  0%| F|  |TAMS 0x0000000088600000, 0x0000000088600000| Untracked 
|  53|0x0000000088700000, 0x0000000088700000, 0x0000000088800000|  0%| F|  |TAMS 0x0000000088700000, 0x0000000088700000| Untracked 
|  54|0x0000000088800000, 0x0000000088800000, 0x0000000088900000|  0%| F|  |TAMS 0x0000000088800000, 0x0000000088800000| Untracked 
|  55|0x0000000088900000, 0x0000000088900000, 0x0000000088a00000|  0%| F|  |TAMS 0x0000000088900000, 0x0000000088900000| Untracked 
|  56|0x0000000088a00000, 0x0000000088a00000, 0x0000000088b00000|  0%| F|  |TAMS 0x0000000088a00000, 0x0000000088a00000| Untracked 
|  57|0x0000000088b00000, 0x0000000088b00000, 0x0000000088c00000|  0%| F|  |TAMS 0x0000000088b00000, 0x0000000088b00000| Untracked 
|  58|0x0000000088c00000, 0x0000000088c00000, 0x0000000088d00000|  0%| F|  |TAMS 0x0000000088c00000, 0x0000000088c00000| Untracked 
|  59|0x0000000088d00000, 0x0000000088d00000, 0x0000000088e00000|  0%| F|  |TAMS 0x0000000088d00000, 0x0000000088d00000| Untracked 
|  60|0x0000000088e00000, 0x0000000088e00000, 0x0000000088f00000|  0%| F|  |TAMS 0x0000000088e00000, 0x0000000088e00000| Untracked 
|  61|0x0000000088f00000, 0x0000000088f00000, 0x0000000089000000|  0%| F|  |TAMS 0x0000000088f00000, 0x0000000088f00000| Untracked 
|  62|0x0000000089000000, 0x0000000089000000, 0x0000000089100000|  0%| F|  |TAMS 0x0000000089000000, 0x0000000089000000| Untracked 
|  63|0x0000000089100000, 0x0000000089100000, 0x0000000089200000|  0%| F|  |TAMS 0x0000000089100000, 0x0000000089100000| Untracked 
|  64|0x0000000089200000, 0x0000000089200000, 0x0000000089300000|  0%| F|  |TAMS 0x0000000089200000, 0x0000000089200000| Untracked 
|  65|0x0000000089300000, 0x0000000089300000, 0x0000000089400000|  0%| F|  |TAMS 0x0000000089300000, 0x0000000089300000| Untracked 
|  66|0x0000000089400000, 0x0000000089400000, 0x0000000089500000|  0%| F|  |TAMS 0x0000000089400000, 0x0000000089400000| Untracked 
|  67|0x0000000089500000, 0x0000000089500000, 0x0000000089600000|  0%| F|  |TAMS 0x0000000089500000, 0x0000000089500000| Untracked 
|  68|0x0000000089600000, 0x0000000089600000, 0x0000000089700000|  0%| F|  |TAMS 0x0000000089600000, 0x0000000089600000| Untracked 
|  69|0x0000000089700000, 0x0000000089700000, 0x0000000089800000|  0%| F|  |TAMS 0x0000000089700000, 0x0000000089700000| Untracked 
|  70|0x0000000089800000, 0x0000000089800000, 0x0000000089900000|  0%| F|  |TAMS 0x0000000089800000, 0x0000000089800000| Untracked 
|  71|0x0000000089900000, 0x0000000089900000, 0x0000000089a00000|  0%| F|  |TAMS 0x0000000089900000, 0x0000000089900000| Untracked 
|  72|0x0000000089a00000, 0x0000000089a00000, 0x0000000089b00000|  0%| F|  |TAMS 0x0000000089a00000, 0x0000000089a00000| Untracked 
|  73|0x0000000089b00000, 0x0000000089b00000, 0x0000000089c00000|  0%| F|  |TAMS 0x0000000089b00000, 0x0000000089b00000| Untracked 
|  74|0x0000000089c00000, 0x0000000089c00000, 0x0000000089d00000|  0%| F|  |TAMS 0x0000000089c00000, 0x0000000089c00000| Untracked 
|  75|0x0000000089d00000, 0x0000000089d00000, 0x0000000089e00000|  0%| F|  |TAMS 0x0000000089d00000, 0x0000000089d00000| Untracked 
|  76|0x0000000089e00000, 0x0000000089e00000, 0x0000000089f00000|  0%| F|  |TAMS 0x0000000089e00000, 0x0000000089e00000| Untracked 
|  77|0x0000000089f00000, 0x0000000089f00000, 0x000000008a000000|  0%| F|  |TAMS 0x0000000089f00000, 0x0000000089f00000| Untracked 
|  78|0x000000008a000000, 0x000000008a000000, 0x000000008a100000|  0%| F|  |TAMS 0x000000008a000000, 0x000000008a000000| Untracked 
|  79|0x000000008a100000, 0x000000008a100000, 0x000000008a200000|  0%| F|  |TAMS 0x000000008a100000, 0x000000008a100000| Untracked 
|  80|0x000000008a200000, 0x000000008a300000, 0x000000008a300000|100%| S|CS|TAMS 0x000000008a200000, 0x000000008a200000| Complete 
|  81|0x000000008a300000, 0x000000008a400000, 0x000000008a400000|100%| S|CS|TAMS 0x000000008a300000, 0x000000008a300000| Complete 
|  82|0x000000008a400000, 0x000000008a500000, 0x000000008a500000|100%| S|CS|TAMS 0x000000008a400000, 0x000000008a400000| Complete 
|  83|0x000000008a500000, 0x000000008a600000, 0x000000008a600000|100%| S|CS|TAMS 0x000000008a500000, 0x000000008a500000| Complete 
|  84|0x000000008a600000, 0x000000008a700000, 0x000000008a700000|100%| S|CS|TAMS 0x000000008a600000, 0x000000008a600000| Complete 
|  85|0x000000008a700000, 0x000000008a700000, 0x000000008a800000|  0%| F|  |TAMS 0x000000008a700000, 0x000000008a700000| Untracked 
|  86|0x000000008a800000, 0x000000008a800000, 0x000000008a900000|  0%| F|  |TAMS 0x000000008a800000, 0x000000008a800000| Untracked 
|  87|0x000000008a900000, 0x000000008a900000, 0x000000008aa00000|  0%| F|  |TAMS 0x000000008a900000, 0x000000008a900000| Untracked 
|  88|0x000000008aa00000, 0x000000008aa00000, 0x000000008ab00000|  0%| F|  |TAMS 0x000000008aa00000, 0x000000008aa00000| Untracked 
|  89|0x000000008ab00000, 0x000000008ab00000, 0x000000008ac00000|  0%| F|  |TAMS 0x000000008ab00000, 0x000000008ab00000| Untracked 
|  90|0x000000008ac00000, 0x000000008ac00000, 0x000000008ad00000|  0%| F|  |TAMS 0x000000008ac00000, 0x000000008ac00000| Untracked 
|  91|0x000000008ad00000, 0x000000008ad00000, 0x000000008ae00000|  0%| F|  |TAMS 0x000000008ad00000, 0x000000008ad00000| Untracked 
|  92|0x000000008ae00000, 0x000000008ae00000, 0x000000008af00000|  0%| F|  |TAMS 0x000000008ae00000, 0x000000008ae00000| Untracked 
|  93|0x000000008af00000, 0x000000008af00000, 0x000000008b000000|  0%| F|  |TAMS 0x000000008af00000, 0x000000008af00000| Untracked 
|  94|0x000000008b000000, 0x000000008b000000, 0x000000008b100000|  0%| F|  |TAMS 0x000000008b000000, 0x000000008b000000| Untracked 
|  95|0x000000008b100000, 0x000000008b100000, 0x000000008b200000|  0%| F|  |TAMS 0x000000008b100000, 0x000000008b100000| Untracked 
|  96|0x000000008b200000, 0x000000008b200000, 0x000000008b300000|  0%| F|  |TAMS 0x000000008b200000, 0x000000008b200000| Untracked 
|  97|0x000000008b300000, 0x000000008b300000, 0x000000008b400000|  0%| F|  |TAMS 0x000000008b300000, 0x000000008b300000| Untracked 
|  98|0x000000008b400000, 0x000000008b400000, 0x000000008b500000|  0%| F|  |TAMS 0x000000008b400000, 0x000000008b400000| Untracked 
|  99|0x000000008b500000, 0x000000008b500000, 0x000000008b600000|  0%| F|  |TAMS 0x000000008b500000, 0x000000008b500000| Untracked 
| 100|0x000000008b600000, 0x000000008b600000, 0x000000008b700000|  0%| F|  |TAMS 0x000000008b600000, 0x000000008b600000| Untracked 
| 101|0x000000008b700000, 0x000000008b700000, 0x000000008b800000|  0%| F|  |TAMS 0x000000008b700000, 0x000000008b700000| Untracked 
| 102|0x000000008b800000, 0x000000008b800000, 0x000000008b900000|  0%| F|  |TAMS 0x000000008b800000, 0x000000008b800000| Untracked 
| 103|0x000000008b900000, 0x000000008b900000, 0x000000008ba00000|  0%| F|  |TAMS 0x000000008b900000, 0x000000008b900000| Untracked 
| 104|0x000000008ba00000, 0x000000008ba00000, 0x000000008bb00000|  0%| F|  |TAMS 0x000000008ba00000, 0x000000008ba00000| Untracked 
| 105|0x000000008bb00000, 0x000000008bb00000, 0x000000008bc00000|  0%| F|  |TAMS 0x000000008bb00000, 0x000000008bb00000| Untracked 
| 106|0x000000008bc00000, 0x000000008bc00000, 0x000000008bd00000|  0%| F|  |TAMS 0x000000008bc00000, 0x000000008bc00000| Untracked 
| 107|0x000000008bd00000, 0x000000008bd00000, 0x000000008be00000|  0%| F|  |TAMS 0x000000008bd00000, 0x000000008bd00000| Untracked 
| 108|0x000000008be00000, 0x000000008be00000, 0x000000008bf00000|  0%| F|  |TAMS 0x000000008be00000, 0x000000008be00000| Untracked 
| 109|0x000000008bf00000, 0x000000008bf00000, 0x000000008c000000|  0%| F|  |TAMS 0x000000008bf00000, 0x000000008bf00000| Untracked 
| 110|0x000000008c000000, 0x000000008c000000, 0x000000008c100000|  0%| F|  |TAMS 0x000000008c000000, 0x000000008c000000| Untracked 
| 111|0x000000008c100000, 0x000000008c100000, 0x000000008c200000|  0%| F|  |TAMS 0x000000008c100000, 0x000000008c100000| Untracked 
| 112|0x000000008c200000, 0x000000008c200000, 0x000000008c300000|  0%| F|  |TAMS 0x000000008c200000, 0x000000008c200000| Untracked 
| 113|0x000000008c300000, 0x000000008c300000, 0x000000008c400000|  0%| F|  |TAMS 0x000000008c300000, 0x000000008c300000| Untracked 
| 114|0x000000008c400000, 0x000000008c400000, 0x000000008c500000|  0%| F|  |TAMS 0x000000008c400000, 0x000000008c400000| Untracked 
| 115|0x000000008c500000, 0x000000008c500000, 0x000000008c600000|  0%| F|  |TAMS 0x000000008c500000, 0x000000008c500000| Untracked 
| 116|0x000000008c600000, 0x000000008c600000, 0x000000008c700000|  0%| F|  |TAMS 0x000000008c600000, 0x000000008c600000| Untracked 
| 117|0x000000008c700000, 0x000000008c700000, 0x000000008c800000|  0%| F|  |TAMS 0x000000008c700000, 0x000000008c700000| Untracked 
| 118|0x000000008c800000, 0x000000008c800000, 0x000000008c900000|  0%| F|  |TAMS 0x000000008c800000, 0x000000008c800000| Untracked 
| 119|0x000000008c900000, 0x000000008c900000, 0x000000008ca00000|  0%| F|  |TAMS 0x000000008c900000, 0x000000008c900000| Untracked 
| 120|0x000000008ca00000, 0x000000008ca00000, 0x000000008cb00000|  0%| F|  |TAMS 0x000000008ca00000, 0x000000008ca00000| Untracked 
| 121|0x000000008cb00000, 0x000000008cb00000, 0x000000008cc00000|  0%| F|  |TAMS 0x000000008cb00000, 0x000000008cb00000| Untracked 
| 122|0x000000008cc00000, 0x000000008cc00000, 0x000000008cd00000|  0%| F|  |TAMS 0x000000008cc00000, 0x000000008cc00000| Untracked 
| 123|0x000000008cd00000, 0x000000008cd00000, 0x000000008ce00000|  0%| F|  |TAMS 0x000000008cd00000, 0x000000008cd00000| Untracked 

Card table byte_map: [0x00000241f7fd0000,0x00000241f83b0000] _byte_map_base: 0x00000241f7ba7000

Marking Bits (Prev, Next): (CMBitMap*) 0x00000241e510a088, (CMBitMap*) 0x00000241e510a0c0
 Prev Bits: [0x00000241f8790000, 0x00000241fa648000)
 Next Bits: [0x00000241fa650000, 0x00000241fc508000)

Polling page: 0x00000241e2f60000

Metaspace:

Usage:
  Non-class:     35.96 MB capacity,    35.75 MB (>99%) used,   159.55 KB ( <1%) free+waste,    58.13 KB ( <1%) overhead. 
      Class:      5.03 MB capacity,     4.83 MB ( 96%) used,   182.16 KB (  4%) free+waste,    26.06 KB ( <1%) overhead. 
       Both:     40.99 MB capacity,    40.57 MB ( 99%) used,   341.72 KB ( <1%) free+waste,    84.19 KB ( <1%) overhead. 

Virtual space:
  Non-class space:       50.00 MB reserved,      36.00 MB ( 72%) committed 
      Class space:        1.00 GB reserved,       5.13 MB ( <1%) committed 
             Both:        1.05 GB reserved,      41.13 MB (  4%) committed 

Chunk freelists:
   Non-Class:  42.00 KB
       Class:  0 bytes
        Both:  42.00 KB

MaxMetaspaceSize: 17179869184.00 GB
CompressedClassSpaceSize: 1.00 GB
Initial GC threshold: 20.80 MB
Current GC threshold: 58.34 MB
CDS: off

CodeHeap 'non-profiled nmethods': size=120064Kb used=1205Kb max_used=1205Kb free=118859Kb
 bounds [0x00000241f06b0000, 0x00000241f0920000, 0x00000241f7bf0000]
CodeHeap 'profiled nmethods': size=120000Kb used=5933Kb max_used=5933Kb free=114066Kb
 bounds [0x00000241e9180000, 0x00000241e9750000, 0x00000241f06b0000]
CodeHeap 'non-nmethods': size=5696Kb used=1259Kb max_used=1307Kb free=4436Kb
 bounds [0x00000241e8bf0000, 0x00000241e8e60000, 0x00000241e9180000]
 total_blobs=3394 nmethods=2849 adapters=457
 compilation: enabled
              stopped_count=0, restarted_count=0
 full_count=0

Compilation events (20 events):
Event: 3.554 Thread 0x00000241fea28800 2852       3       java.lang.String::indexOf (113 bytes)
Event: 3.554 Thread 0x00000241fea28800 nmethod 2852 0x00000241e9744b90 code [0x00000241e9744e20, 0x00000241e9745848]
Event: 3.555 Thread 0x00000241fea28800 2854       1       org.jetbrains.kotlin.container.ComponentResolveContext::getRequestingDescriptor (5 bytes)
Event: 3.555 Thread 0x00000241fea28800 nmethod 2854 0x00000241f07dc810 code [0x00000241f07dc9c0, 0x00000241f07dca78]
Event: 3.563 Thread 0x00000241fea28800 2855       3       org.jetbrains.kotlin.container.ComponentRegistry::tryGetEntry (67 bytes)
Event: 3.565 Thread 0x00000241fea28800 nmethod 2855 0x00000241e9745c90 code [0x00000241e9746020, 0x00000241e9747658]
Event: 3.565 Thread 0x00000241fea28800 2856       1       org.jetbrains.kotlin.container.ConstructorBinding::getArgumentDescriptors (5 bytes)
Event: 3.565 Thread 0x00000241fea28800 nmethod 2856 0x00000241f07dcb10 code [0x00000241f07dccc0, 0x00000241f07dcd78]
Event: 3.565 Thread 0x00000241fea28800 2857       3       org.jetbrains.kotlin.com.intellij.util.containers.ConcurrentWeakKeySoftValueHashMap$HardKey::equals (6 bytes)
Event: 3.565 Thread 0x00000241fea28800 nmethod 2857 0x00000241e9747d10 code [0x00000241e9747ec0, 0x00000241e9748088]
Event: 3.565 Thread 0x00000241fea28800 2858       3       org.jetbrains.kotlin.com.intellij.util.containers.ConcurrentWeakKeySoftValueHashMap$WeakKey::equals (79 bytes)
Event: 3.566 Thread 0x00000241fea28800 nmethod 2858 0x00000241e9748190 code [0x00000241e97483a0, 0x00000241e9748be8]
Event: 3.566 Thread 0x00000241fea28800 2859       3       org.jetbrains.kotlin.container.ComponentResolveContext::resolve (43 bytes)
Event: 3.567 Thread 0x00000241fea28800 nmethod 2859 0x00000241e9748d90 code [0x00000241e9749080, 0x00000241e9749d88]
Event: 3.567 Thread 0x00000241fea28800 2860       3       org.jetbrains.kotlin.container.StorageComponentContainer::resolve (33 bytes)
Event: 3.567 Thread 0x00000241fea28800 nmethod 2860 0x00000241e974a290 code [0x00000241e974a540, 0x00000241e974b038]
Event: 3.568 Thread 0x00000241fea28800 2861       1       org.jetbrains.kotlin.container.InstanceComponentDescriptor::getValue (5 bytes)
Event: 3.568 Thread 0x00000241fea28800 nmethod 2861 0x00000241f07dce10 code [0x00000241f07dcfc0, 0x00000241f07dd078]
Event: 3.572 Thread 0x00000241fea22000 2862       4       jdk.internal.misc.VM::isModuleSystemInited (13 bytes)
Event: 3.572 Thread 0x00000241fea22000 nmethod 2862 0x00000241f07dd110 code [0x00000241f07dd2a0, 0x00000241f07dd318]

GC Heap History (9 events):
Event: 0.510 GC heap before
{Heap before GC invocations=0 (full 0):
 garbage-first heap   total 126976K, used 18432K [0x0000000085200000, 0x0000000100000000)
  region size 1024K, 14 young (14336K), 0 survivors (0K)
 Metaspace       used 9867K, capacity 9970K, committed 10112K, reserved 1058816K
  class space    used 828K, capacity 853K, committed 896K, reserved 1048576K
}
Event: 0.513 GC heap after
{Heap after GC invocations=1 (full 0):
 garbage-first heap   total 126976K, used 6326K [0x0000000085200000, 0x0000000100000000)
  region size 1024K, 2 young (2048K), 2 survivors (2048K)
 Metaspace       used 9867K, capacity 9970K, committed 10112K, reserved 1058816K
  class space    used 828K, capacity 853K, committed 896K, reserved 1048576K
}
Event: 1.495 GC heap before
{Heap before GC invocations=1 (full 0):
 garbage-first heap   total 126976K, used 53430K [0x0000000085200000, 0x0000000100000000)
  region size 1024K, 49 young (50176K), 2 survivors (2048K)
 Metaspace       used 20912K, capacity 21124K, committed 21248K, reserved 1069056K
  class space    used 2218K, capacity 2303K, committed 2304K, reserved 1048576K
}
Event: 1.510 GC heap after
{Heap after GC invocations=2 (full 0):
 garbage-first heap   total 126976K, used 10835K [0x0000000085200000, 0x0000000100000000)
  region size 1024K, 7 young (7168K), 7 survivors (7168K)
 Metaspace       used 20912K, capacity 21124K, committed 21248K, reserved 1069056K
  class space    used 2218K, capacity 2303K, committed 2304K, reserved 1048576K
}
Event: 2.567 GC heap before
{Heap before GC invocations=3 (full 0):
 garbage-first heap   total 126976K, used 64083K [0x0000000085200000, 0x0000000100000000)
  region size 1024K, 53 young (54272K), 7 survivors (7168K)
 Metaspace       used 32185K, capacity 32608K, committed 32896K, reserved 1077248K
  class space    used 3989K, capacity 4144K, committed 4224K, reserved 1048576K
}
Event: 2.592 GC heap after
{Heap after GC invocations=4 (full 0):
 garbage-first heap   total 126976K, used 22927K [0x0000000085200000, 0x0000000100000000)
  region size 1024K, 6 young (6144K), 6 survivors (6144K)
 Metaspace       used 32185K, capacity 32608K, committed 32896K, reserved 1077248K
  class space    used 3989K, capacity 4144K, committed 4224K, reserved 1048576K
}
Event: 2.841 GC heap before
{Heap before GC invocations=4 (full 0):
 garbage-first heap   total 126976K, used 35215K [0x0000000085200000, 0x0000000100000000)
  region size 1024K, 19 young (19456K), 6 survivors (6144K)
 Metaspace       used 35072K, capacity 35461K, committed 35584K, reserved 1081344K
  class space    used 4317K, capacity 4498K, committed 4608K, reserved 1048576K
}
Event: 2.855 GC heap after
{Heap after GC invocations=5 (full 0):
 garbage-first heap   total 126976K, used 24877K [0x0000000085200000, 0x0000000100000000)
  region size 1024K, 2 young (2048K), 2 survivors (2048K)
 Metaspace       used 35072K, capacity 35461K, committed 35584K, reserved 1081344K
  class space    used 4317K, capacity 4498K, committed 4608K, reserved 1048576K
}
Event: 3.574 GC heap before
{Heap before GC invocations=6 (full 0):
 garbage-first heap   total 126976K, used 61741K [0x0000000085200000, 0x0000000100000000)
  region size 1024K, 39 young (39936K), 2 survivors (2048K)
 Metaspace       used 41548K, capacity 41974K, committed 42112K, reserved 1099776K
  class space    used 4943K, capacity 5152K, committed 5248K, reserved 1048576K
}

Deoptimization events (20 events):
Event: 3.367 Thread 0x00000241e50cb800 Uncommon trap: trap_request=0xffffffd6 fr.pc=0x00000241f07c21d0 relative=0x00000000000004f0
Event: 3.367 Thread 0x00000241e50cb800 Uncommon trap: reason=array_check action=maybe_recompile pc=0x00000241f07c21d0 method=java.util.AbstractCollection.toArray([Ljava/lang/Object;)[Ljava/lang/Object; @ 116 c2
Event: 3.367 Thread 0x00000241e50cb800 DEOPT PACKING pc=0x00000241f07c21d0 sp=0x0000006199ffd4d0
Event: 3.367 Thread 0x00000241e50cb800 DEOPT UNPACKING pc=0x00000241e8c3a1af sp=0x0000006199ffd470 mode 2
Event: 3.367 Thread 0x00000241e50cb800 Uncommon trap: trap_request=0xffffffd6 fr.pc=0x00000241f07c21d0 relative=0x00000000000004f0
Event: 3.367 Thread 0x00000241e50cb800 Uncommon trap: reason=array_check action=maybe_recompile pc=0x00000241f07c21d0 method=java.util.AbstractCollection.toArray([Ljava/lang/Object;)[Ljava/lang/Object; @ 116 c2
Event: 3.367 Thread 0x00000241e50cb800 DEOPT PACKING pc=0x00000241f07c21d0 sp=0x0000006199ffd4d0
Event: 3.367 Thread 0x00000241e50cb800 DEOPT UNPACKING pc=0x00000241e8c3a1af sp=0x0000006199ffd470 mode 2
Event: 3.367 Thread 0x00000241e50cb800 Uncommon trap: trap_request=0xffffffd6 fr.pc=0x00000241f07c21d0 relative=0x00000000000004f0
Event: 3.367 Thread 0x00000241e50cb800 Uncommon trap: reason=array_check action=maybe_recompile pc=0x00000241f07c21d0 method=java.util.AbstractCollection.toArray([Ljava/lang/Object;)[Ljava/lang/Object; @ 116 c2
Event: 3.367 Thread 0x00000241e50cb800 DEOPT PACKING pc=0x00000241f07c21d0 sp=0x0000006199ffd4d0
Event: 3.367 Thread 0x00000241e50cb800 DEOPT UNPACKING pc=0x00000241e8c3a1af sp=0x0000006199ffd470 mode 2
Event: 3.367 Thread 0x00000241e50cb800 Uncommon trap: trap_request=0xffffffd6 fr.pc=0x00000241f07c21d0 relative=0x00000000000004f0
Event: 3.367 Thread 0x00000241e50cb800 Uncommon trap: reason=array_check action=maybe_recompile pc=0x00000241f07c21d0 method=java.util.AbstractCollection.toArray([Ljava/lang/Object;)[Ljava/lang/Object; @ 116 c2
Event: 3.367 Thread 0x00000241e50cb800 DEOPT PACKING pc=0x00000241f07c21d0 sp=0x0000006199ffd4d0
Event: 3.367 Thread 0x00000241e50cb800 DEOPT UNPACKING pc=0x00000241e8c3a1af sp=0x0000006199ffd470 mode 2
Event: 3.539 Thread 0x00000241e50cb800 Uncommon trap: trap_request=0xffffff4d fr.pc=0x00000241f06e79cc relative=0x000000000000048c
Event: 3.539 Thread 0x00000241e50cb800 Uncommon trap: reason=unstable_if action=reinterpret pc=0x00000241f06e79cc method=java.lang.StringLatin1.indexOf([BI[BII)I @ 27 c2
Event: 3.539 Thread 0x00000241e50cb800 DEOPT PACKING pc=0x00000241f06e79cc sp=0x0000006199ffbe90
Event: 3.539 Thread 0x00000241e50cb800 DEOPT UNPACKING pc=0x00000241e8c3a1af sp=0x0000006199ffbe18 mode 2

Classes redefined (0 events):
No events

Internal exceptions (20 events):
Event: 1.216 Thread 0x00000241e50cb800 Exception <a 'java/lang/NoSuchMethodError'{0x000000008aa5bb78}: 'long java.lang.invoke.DelegatingMethodHandle$Holder.reinvoke_L(java.lang.Object, java.lang.Object, java.lang.Object)'> (0x000000008aa5bb78) thrown at [./src/hotspot/share/interpreter/linkResolver.cpp, line 773]
Event: 1.217 Thread 0x00000241e50cb800 Exception <a 'java/lang/NoSuchMethodError'{0x000000008aa65838}: 'int java.lang.invoke.DirectMethodHandle$Holder.invokeSpecial(java.lang.Object, java.lang.Object, java.lang.Object, java.lang.Object)'> (0x000000008aa65838) thrown at [./src/hotspot/share/interpreter/linkResolver.cpp, line 773]
Event: 1.219 Thread 0x00000241e50cb800 Exception <a 'java/lang/NoSuchMethodError'{0x000000008aa74618}: 'int java.lang.invoke.DelegatingMethodHandle$Holder.reinvoke_L(java.lang.Object, java.lang.Object, java.lang.Object, long, int)'> (0x000000008aa74618) thrown at [./src/hotspot/share/interpreter/linkResolver.cpp, line 773]
Event: 1.462 Thread 0x00000241e50cb800 Exception <a 'java/lang/NoSuchMethodError'{0x0000000089f98958}: 'java.lang.Object java.lang.invoke.DirectMethodHandle$Holder.invokeStaticInit(java.lang.Object, int)'> (0x0000000089f98958) thrown at [./src/hotspot/share/interpreter/linkResolver.cpp, line 773]
Event: 1.491 Thread 0x00000241e50cb800 Exception <a 'java/lang/NoSuchMethodError'{0x0000000089d74038}: 'long java.lang.invoke.DirectMethodHandle$Holder.invokeStatic(java.lang.Object)'> (0x0000000089d74038) thrown at [./src/hotspot/share/interpreter/linkResolver.cpp, line 773]
Event: 1.492 Thread 0x00000241e50cb800 Exception <a 'java/lang/NoSuchMethodError'{0x0000000089d76e90}: 'long java.lang.invoke.DirectMethodHandle$Holder.invokeStaticInit(java.lang.Object)'> (0x0000000089d76e90) thrown at [./src/hotspot/share/interpreter/linkResolver.cpp, line 773]
Event: 1.544 Thread 0x00000241e50cb800 Exception <a 'java/lang/NoSuchMethodError'{0x000000008cc56b38}: 'int java.lang.invoke.DirectMethodHandle$Holder.invokeSpecialIFC(java.lang.Object, java.lang.Object, int)'> (0x000000008cc56b38) thrown at [./src/hotspot/share/interpreter/linkResolver.cpp, line 773]
Event: 1.597 Thread 0x00000241e50cb800 Exception <a 'java/lang/NoSuchMethodError'{0x000000008c915018}: 'int java.lang.invoke.DirectMethodHandle$Holder.invokeStaticInit(java.lang.Object, java.lang.Object, java.lang.Object)'> (0x000000008c915018) thrown at [./src/hotspot/share/interpreter/linkResolver.cpp, line 773]
Event: 1.601 Thread 0x00000241e50cb800 Exception <a 'java/lang/NoSuchMethodError'{0x000000008c940708}: 'int java.lang.invoke.DirectMethodHandle$Holder.invokeStaticInit(java.lang.Object, java.lang.Object)'> (0x000000008c940708) thrown at [./src/hotspot/share/interpreter/linkResolver.cpp, line 773]
Event: 1.648 Thread 0x00000241e50cb800 Exception <a 'java/lang/NoSuchMethodError'{0x000000008c7538f8}: 'void java.lang.invoke.DirectMethodHandle$Holder.invokeSpecial(java.lang.Object, java.lang.Object)'> (0x000000008c7538f8) thrown at [./src/hotspot/share/interpreter/linkResolver.cpp, line 773]
Event: 1.856 Thread 0x00000241e50cb800 Exception <a 'java/lang/NoSuchMethodError'{0x000000008bffd6b8}: 'java.lang.Object java.lang.invoke.DirectMethodHandle$Holder.invokeStatic(java.lang.Object, java.lang.Object, java.lang.Object, java.lang.Object, java.lang.Object, java.lang.Object, java.lang.Object, java.lang.Object, java.lang.Object, java.lang.Object, java.lang.Object, java.lang.Object, java.lang.Object, java.lang.Object, java.lang.Object)'> (0x000000008bffd6b8) thrown at [./src/hotspot/share/interpreter/linkResolver.cpp, line 773]
Event: 1.858 Thread 0x00000241e50cb800 Exception <a 'java/lang/NoSuchMethodError'{0x000000008be0bd48}: 'java.lang.Object java.lang.invoke.DirectMethodHandle$Holder.invokeStatic(java.lang.Object, java.lang.Object, java.lang.Object, java.lang.Object, java.lang.Object, java.lang.Object, java.lang.Object, java.lang.Object, java.lang.Object, java.lang.Object, java.lang.Object, java.lang.Object, java.lang.Object, java.lang.Object, java.lang.Object, java.lang.Object)'> (0x000000008be0bd48) thrown at [./src/hotspot/share/interpreter/linkResolver.cpp, l
Event: 1.860 Thread 0x00000241e50cb800 Exception <a 'java/lang/NoSuchMethodError'{0x000000008be19c60}: 'java.lang.Object java.lang.invoke.DirectMethodHandle$Holder.invokeSpecial(java.lang.Object, java.lang.Object, int, int, java.lang.Object, java.lang.Object, java.lang.Object)'> (0x000000008be19c60) thrown at [./src/hotspot/share/interpreter/linkResolver.cpp, line 773]
Event: 1.860 Thread 0x00000241e50cb800 Exception <a 'java/lang/NoSuchMethodError'{0x000000008be1d498}: 'java.lang.Object java.lang.invoke.DelegatingMethodHandle$Holder.reinvoke_L(java.lang.Object, int, int, java.lang.Object, java.lang.Object, java.lang.Object)'> (0x000000008be1d498) thrown at [./src/hotspot/share/interpreter/linkResolver.cpp, line 773]
Event: 1.860 Thread 0x00000241e50cb800 Exception <a 'java/lang/NoSuchMethodError'{0x000000008be21820}: 'java.lang.Object java.lang.invoke.DirectMethodHandle$Holder.invokeStatic(java.lang.Object, java.lang.Object, java.lang.Object, java.lang.Object, int)'> (0x000000008be21820) thrown at [./src/hotspot/share/interpreter/linkResolver.cpp, line 773]
Event: 1.903 Thread 0x00000241e50cb800 Exception <a 'java/lang/NoSuchMethodError'{0x000000008bd467b8}: 'void java.lang.invoke.DirectMethodHandle$Holder.invokeStatic(java.lang.Object, java.lang.Object, java.lang.Object, java.lang.Object)'> (0x000000008bd467b8) thrown at [./src/hotspot/share/interpreter/linkResolver.cpp, line 773]
Event: 1.977 Thread 0x00000241e50cb800 Exception <a 'java/lang/NoSuchMethodError'{0x000000008b931360}: 'void java.lang.invoke.DirectMethodHandle$Holder.invokeStaticInit(java.lang.Object, java.lang.Object)'> (0x000000008b931360) thrown at [./src/hotspot/share/interpreter/linkResolver.cpp, line 773]
Event: 2.068 Thread 0x00000241e50cb800 Exception <a 'java/lang/NoSuchMethodError'{0x000000008b572ef8}: 'void java.lang.invoke.DirectMethodHandle$Holder.invokeVirtual(java.lang.Object, java.lang.Object)'> (0x000000008b572ef8) thrown at [./src/hotspot/share/interpreter/linkResolver.cpp, line 773]
Event: 2.084 Thread 0x00000241e50cb800 Exception <a 'java/lang/NoSuchMethodError'{0x000000008b43d250}: 'int java.lang.invoke.DirectMethodHandle$Holder.invokeVirtual(java.lang.Object, java.lang.Object)'> (0x000000008b43d250) thrown at [./src/hotspot/share/interpreter/linkResolver.cpp, line 773]
Event: 2.926 Thread 0x00000241e50cb800 Exception <a 'java/lang/NoSuchMethodError'{0x000000008cbbe198}: 'java.lang.Object java.lang.invoke.DirectMethodHandle$Holder.invokeVirtual(java.lang.Object, java.lang.Object, java.lang.Object)'> (0x000000008cbbe198) thrown at [./src/hotspot/share/interpreter/linkResolver.cpp, line 773]

Events (20 events):
Event: 3.570 Executing VM operation: CollectForMetadataAllocation done
Event: 3.571 loading class org/jetbrains/kotlin/resolve/calls/components/NewOverloadingConflictResolver$2
Event: 3.571 loading class org/jetbrains/kotlin/resolve/calls/components/NewOverloadingConflictResolver$2 done
Event: 3.571 loading class org/jetbrains/kotlin/resolve/calls/components/NewOverloadingConflictResolver$3
Event: 3.571 loading class org/jetbrains/kotlin/resolve/calls/components/NewOverloadingConflictResolver$3 done
Event: 3.571 loading class org/jetbrains/kotlin/resolve/calls/components/NewOverloadingConflictResolver$4
Event: 3.571 loading class org/jetbrains/kotlin/resolve/calls/components/NewOverloadingConflictResolver$4 done
Event: 3.571 loading class org/jetbrains/kotlin/resolve/calls/components/NewOverloadingConflictResolver$5
Event: 3.571 loading class org/jetbrains/kotlin/resolve/calls/components/NewOverloadingConflictResolver$5 done
Event: 3.571 loading class org/jetbrains/kotlin/resolve/calls/components/NewOverloadingConflictResolver$6
Event: 3.571 loading class org/jetbrains/kotlin/resolve/calls/components/NewOverloadingConflictResolver$6 done
Event: 3.572 loading class org/jetbrains/kotlin/resolve/calls/checkers/CallCheckerWithAdditionalResolve
Event: 3.572 loading class org/jetbrains/kotlin/resolve/calls/checkers/CallCheckerWithAdditionalResolve done
Event: 3.572 loading class org/jetbrains/kotlin/resolve/checkers/PassingProgressionAsCollectionCallChecker
Event: 3.572 loading class org/jetbrains/kotlin/resolve/checkers/PassingProgressionAsCollectionCallChecker done
Event: 3.573 loading class org/jetbrains/kotlin/types/checker/ClassicTypeCheckerState
Event: 3.573 loading class org/jetbrains/kotlin/types/checker/ClassicTypeCheckerState done
Event: 3.573 loading class org/jetbrains/kotlin/types/checker/SimpleClassicTypeSystemContext
Event: 3.573 loading class org/jetbrains/kotlin/types/checker/SimpleClassicTypeSystemContext done
Event: 3.574 Executing VM operation: CollectForMetadataAllocation


Dynamic libraries:
0x00007ff7f7e70000 - 0x00007ff7f7e7a000 	C:\Program Files\Android\Android Studio\jre\bin\java.exe
0x00007ffa4f1b0000 - 0x00007ffa4f3a8000 	C:\WINDOWS\SYSTEM32\ntdll.dll
0x00007ffa4d3e0000 - 0x00007ffa4d49f000 	C:\WINDOWS\System32\KERNEL32.DLL
0x00007ffa4cc10000 - 0x00007ffa4cee2000 	C:\WINDOWS\System32\KERNELBASE.dll
0x00007ffa4c940000 - 0x00007ffa4ca40000 	C:\WINDOWS\System32\ucrtbase.dll
0x00007ffa30ca0000 - 0x00007ffa30cb9000 	C:\Program Files\Android\Android Studio\jre\bin\jli.dll
0x00007ffa26760000 - 0x00007ffa26777000 	C:\Program Files\Android\Android Studio\jre\bin\VCRUNTIME140.dll
0x00007ffa4e510000 - 0x00007ffa4e6ad000 	C:\WINDOWS\System32\USER32.dll
0x00007ffa3b8a0000 - 0x00007ffa3bb3a000 	C:\WINDOWS\WinSxS\amd64_microsoft.windows.common-controls_6595b64144ccf1df_6.0.19041.1110_none_60b5254171f9507e\COMCTL32.dll
0x00007ffa4d1d0000 - 0x00007ffa4d1f2000 	C:\WINDOWS\System32\win32u.dll
0x00007ffa4f030000 - 0x00007ffa4f0ce000 	C:\WINDOWS\System32\msvcrt.dll
0x00007ffa4d200000 - 0x00007ffa4d22b000 	C:\WINDOWS\System32\GDI32.dll
0x00007ffa4d070000 - 0x00007ffa4d17f000 	C:\WINDOWS\System32\gdi32full.dll
0x00007ffa4cfd0000 - 0x00007ffa4d06d000 	C:\WINDOWS\System32\msvcp_win.dll
0x00007ffa4dfe0000 - 0x00007ffa4e012000 	C:\WINDOWS\System32\IMM32.DLL
0x00007ffa139b0000 - 0x00007ffa13a4d000 	C:\Program Files\Android\Android Studio\jre\bin\msvcp140.dll
0x00007ffa0b500000 - 0x00007ffa0c002000 	C:\Program Files\Android\Android Studio\jre\bin\server\jvm.dll
0x00007ffa4da50000 - 0x00007ffa4dafe000 	C:\WINDOWS\System32\ADVAPI32.dll
0x00007ffa4f0d0000 - 0x00007ffa4f16c000 	C:\WINDOWS\System32\sechost.dll
0x00007ffa4e3e0000 - 0x00007ffa4e505000 	C:\WINDOWS\System32\RPCRT4.dll
0x00007ffa4e1f0000 - 0x00007ffa4e1f8000 	C:\WINDOWS\System32\PSAPI.DLL
0x00007ffa37c80000 - 0x00007ffa37c89000 	C:\WINDOWS\SYSTEM32\WSOCK32.dll
0x00007ffa4af40000 - 0x00007ffa4af67000 	C:\WINDOWS\SYSTEM32\WINMM.dll
0x00007ffa4af30000 - 0x00007ffa4af3a000 	C:\WINDOWS\SYSTEM32\VERSION.dll
0x00007ffa4e6b0000 - 0x00007ffa4e71b000 	C:\WINDOWS\System32\WS2_32.dll
0x00007ffa4b150000 - 0x00007ffa4b162000 	C:\WINDOWS\SYSTEM32\kernel.appcore.dll
0x00007ffa3cea0000 - 0x00007ffa3ceb1000 	C:\Program Files\Android\Android Studio\jre\bin\verify.dll
0x00007ffa4ad40000 - 0x00007ffa4af24000 	C:\WINDOWS\SYSTEM32\DBGHELP.DLL
0x00007ffa4ad10000 - 0x00007ffa4ad3c000 	C:\WINDOWS\SYSTEM32\dbgcore.DLL
0x00007ffa4c8b0000 - 0x00007ffa4c932000 	C:\WINDOWS\System32\bcryptPrimitives.dll
0x00007ffa3a460000 - 0x00007ffa3a489000 	C:\Program Files\Android\Android Studio\jre\bin\java.dll
0x00007ffa47020000 - 0x00007ffa4702b000 	C:\Program Files\Android\Android Studio\jre\bin\jimage.dll
0x00007ffa3c350000 - 0x00007ffa3c368000 	C:\Program Files\Android\Android Studio\jre\bin\zip.dll
0x00007ffa4e8e0000 - 0x00007ffa4f023000 	C:\WINDOWS\System32\SHELL32.dll
0x00007ffa4a560000 - 0x00007ffa4acf2000 	C:\WINDOWS\SYSTEM32\windows.storage.dll
0x00007ffa4db00000 - 0x00007ffa4de54000 	C:\WINDOWS\System32\combase.dll
0x00007ffa4c310000 - 0x00007ffa4c340000 	C:\WINDOWS\SYSTEM32\Wldp.dll
0x00007ffa4de60000 - 0x00007ffa4df0d000 	C:\WINDOWS\System32\SHCORE.dll
0x00007ffa4e200000 - 0x00007ffa4e255000 	C:\WINDOWS\System32\shlwapi.dll
0x00007ffa4c7f0000 - 0x00007ffa4c80f000 	C:\WINDOWS\SYSTEM32\profapi.dll
0x00007ffa3a500000 - 0x00007ffa3a51a000 	C:\Program Files\Android\Android Studio\jre\bin\net.dll
0x00007ffa3bc80000 - 0x00007ffa3bd8c000 	C:\WINDOWS\SYSTEM32\WINHTTP.dll
0x00007ffa4c070000 - 0x00007ffa4c0da000 	C:\WINDOWS\system32\mswsock.dll
0x00007ffa3a440000 - 0x00007ffa3a454000 	C:\Program Files\Android\Android Studio\jre\bin\nio.dll

dbghelp: loaded successfully - version: 4.0.5 - missing functions: none
symbol engine: initialized successfully - sym options: 0x614 - pdb path: .;C:\Program Files\Android\Android Studio\jre\bin;C:\WINDOWS\SYSTEM32;C:\WINDOWS\WinSxS\amd64_microsoft.windows.common-controls_6595b64144ccf1df_6.0.19041.1110_none_60b5254171f9507e;C:\Program Files\Android\Android Studio\jre\bin\server

VM Arguments:
java_command: org.jetbrains.kotlin.cli.jvm.K2JVMCompiler @C:\Users\hp\AndroidStudioProjects\splashscreen2\app\build\20230119_6205174607174011516.compiler.options
java_class_path (initial): C:\Users\hp\.gradle\caches\modules-2\files-2.1\org.jetbrains.kotlin\kotlin-compiler-embeddable\1.7.20\8db18559a581dd2c36ddfd5046af145650f5b126\kotlin-compiler-embeddable-1.7.20.jar;C:\Users\hp\.gradle\caches\modules-2\files-2.1\org.jetbrains.kotlin\kotlin-reflect\1.7.20\12b2501e33bb6373e8e347c86d85481863629381\kotlin-reflect-1.7.20.jar;C:\Users\hp\.gradle\caches\modules-2\files-2.1\org.jetbrains.kotlin\kotlin-stdlib\1.7.20\726594ea9ba2beb2ee113647fefa9a10f9fabe52\kotlin-stdlib-1.7.20.jar;C:\Users\hp\.gradle\caches\modules-2\files-2.1\org.jetbrains.kotlin\kotlin-script-runtime\1.7.20\bcd1cc6f865e632550357fcc59f5ffd532615a8\kotlin-script-runtime-1.7.20.jar;C:\Users\hp\.gradle\caches\modules-2\files-2.1\org.jetbrains.kotlin\kotlin-daemon-embeddable\1.7.20\1e24355adad8d529d75d5b19eab55484057431ba\kotlin-daemon-embeddable-1.7.20.jar;C:\Users\hp\.gradle\caches\modules-2\files-2.1\org.jetbrains.intellij.deps\trove4j\1.0.20200330\3afb14d5f9ceb459d724e907a21145e8ff394f02\trove4j-1.0.20200330.jar;C:\Users\hp\.gradle\caches\modules-2\files-2.1\net.java.dev.jna\jna\5.6.0\330f2244e9030119ab3030fc3fededc86713d9cc\jna-5.6.0.jar;C:\Users\hp\.gradle\caches\modules-2\files-2.1\org.jetbrains.kotlin\kotlin-stdlib-common\1.7.20\e15351bdaf9fa06f009be5da7a202e4184f00ae3\kotlin-stdlib-common-1.7.20.jar;C:\Users\hp\.gradle\caches\modules-2\files-2.1\org.jetbrains\annotations\13.0\919f0dfe192fb4e063e7dacadee7f8bb9a2672a9\annotations-13.0.jar
Launcher Type: SUN_STANDARD

[Global flags]
     intx CICompilerCount                          = 3                                         {product} {ergonomic}
     uint ConcGCThreads                            = 1                                         {product} {ergonomic}
     uint G1ConcRefinementThreads                  = 4                                         {product} {ergonomic}
   size_t G1HeapRegionSize                         = 1048576                                   {product} {ergonomic}
    uintx GCDrainStackTargetSize                   = 64                                        {product} {ergonomic}
   size_t InitialHeapSize                          = 130023424                                 {product} {ergonomic}
   size_t MarkStackSize                            = 4194304                                   {product} {ergonomic}
   size_t MaxHeapSize                              = 2061500416                                {product} {ergonomic}
   size_t MaxNewSize                               = 1236271104                                {product} {ergonomic}
   size_t MinHeapDeltaBytes                        = 1048576                                   {product} {ergonomic}
    uintx NonNMethodCodeHeapSize                   = 5830732                                {pd product} {ergonomic}
    uintx NonProfiledCodeHeapSize                  = 122913754                              {pd product} {ergonomic}
    uintx ProfiledCodeHeapSize                     = 122913754                              {pd product} {ergonomic}
    uintx ReservedCodeCacheSize                    = 251658240                              {pd product} {ergonomic}
     bool SegmentedCodeCache                       = true                                      {product} {ergonomic}
     bool UseCompressedClassPointers               = true                                 {lp64_product} {ergonomic}
     bool UseCompressedOops                        = true                                 {lp64_product} {ergonomic}
     bool UseG1GC                                  = true                                      {product} {ergonomic}
     bool UseLargePagesIndividualAllocation        = false                                  {pd product} {ergonomic}

Logging:
Log output configuration:
 #0: stdout all=warning uptime,level,tags
 #1: stderr all=off uptime,level,tags

Environment Variables:
JAVA_HOME=C:\Program Files\OpenJDK\openjdk-11.0.16_8
PATH=C:\Program Files\Common Files\Oracle\Java\javapath;C:\WINDOWS\system32;C:\WINDOWS;C:\WINDOWS\System32\Wbem;C:\WINDOWS\System32\WindowsPowerShell\v1.0\;C:\WINDOWS\System32\OpenSSH\;C:\Program Files (x86)\Java\jre1.8.0_251\bin;C:\Program Files\Java\jdk-15.0.1\bin;C:\Program Files\swipl\bin;C:\Program Files\dotnet\;C:\Users\hp\Downloads\FLEX_BISON-20211126\win_flex_bison-latest\win_flex_bison-latest;C:\Program Files\Git\cmd;C:\ProgramData\chocolatey\bin;C:\Program Files\OpenJDK\openjdk-11.0.16_8\bin;C:\Program Files\MongoDB\Server\6.0\bin;C:\Program Files\nodejs\;C:\Program Files\MySQL\MySQL Shell 8.0\bin\;C:\Users\hp\AppData\Local\Programs\Python\Python310\Scripts\;C:\Users\hp\AppData\Local\Programs\Python\Python310\;C:\Users\hp\AppData\Local\Microsoft\WindowsApps;D:\Software\softwares\flutter\bin;D:\Software\softwares;C:\Users\hp\AppData\Local\Programs\Microsoft VS Code\bin;C:\MinGW\bin;C:\Program Files (x86)\OpenVPN\bin;C:\Users\hp\.dotnet\tools;C:\Users\hp\Downloads\FLEX_BISON-20211126\win_flex_bison-latest\win_flex_bison-latest;C:\Users\hp\AppData\Local\GitHubDesktop\bin;C:\Users\hp\AppData\Roaming\npm;C:\flutter_windows_3.3.5-stable\flutter\bin;
USERNAME=hp
OS=Windows_NT
PROCESSOR_IDENTIFIER=Intel64 Family 6 Model 78 Stepping 3, GenuineIntel



---------------  S Y S T E M  ---------------

OS: Windows 10 , 64 bit Build 19041 (10.0.19041.2251)
OS uptime: 30 days 9:27 hours

CPU:total 4 (initial active 4) (2 cores per cpu, 2 threads per core) family 6 model 78 stepping 3 microcode 0xcc, cmov, cx8, fxsr, mmx, sse, sse2, sse3, ssse3, sse4.1, sse4.2, popcnt, avx, avx2, aes, clmul, erms, rtm, 3dnowpref, lzcnt, ht, tsc, tscinvbit, bmi1, bmi2, adx, fma

Memory: 4k page, system-wide physical 7861M (763M free)
TotalPageFile size 9909M (AvailPageFile size 4M)
current process WorkingSet (physical memory assigned to process): 207M, peak: 208M
current process commit charge ("private bytes"): 280M, peak: 307M

vm_info: OpenJDK 64-Bit Server VM (11.0.13+0-b1751.21-8125866) for windows-amd64 JRE (11.0.13+0-b1751.21-8125866), built on Feb  2 2022 03:00:22 by "builder" with MS VC++ 14.0 (VS2015)

END.
