#
# There is insufficient memory for the Java Runtime Environment to continue.
# Native memory allocation (malloc) failed to allocate 1234576 bytes for Chunk::new
# Possible reasons:
#   The system is out of physical RAM or swap space
#   The process is running with CompressedOops enabled, and the Java Heap may be blocking the growth of the native heap
# Possible solutions:
#   Reduce memory load on the system
#   Increase physical memory or swap space
#   Check if swap backing store is full
#   Decrease Java heap size (-Xmx/-Xms)
#   Decrease number of Java threads
#   Decrease Java thread stack sizes (-Xss)
#   Set larger code cache with -XX:ReservedCodeCacheSize=
#   JVM is running with Unscaled Compressed Oops mode in which the Java heap is
#     placed in the first 4GB address space. The Java Heap base address is the
#     maximum limit for the native heap growth. Please use -XX:HeapBaseMinAddress
#     to set the Java Heap base and to place the Java Heap above 4GB virtual address.
# This output file may be truncated or incomplete.
#
#  Out of Memory Error (./src/hotspot/share/memory/arena.cpp:197), pid=14220, tid=12772
#
# JRE version: OpenJDK Runtime Environment (11.0.13) (build 11.0.13+0-b1751.21-8125866)
# Java VM: OpenJDK 64-Bit Server VM (11.0.13+0-b1751.21-8125866, mixed mode, tiered, compressed oops, g1 gc, windows-amd64)
# No core dump will be written. Minidumps are not enabled by default on client versions of Windows
#

---------------  S U M M A R Y ------------

Command Line: --add-opens=java.base/java.util=ALL-UNNAMED --add-opens=java.base/java.lang=ALL-UNNAMED --add-opens=java.base/java.lang.invoke=ALL-UNNAMED --add-opens=java.base/java.util=ALL-UNNAMED --add-opens=java.prefs/java.util.prefs=ALL-UNNAMED --add-opens=java.prefs/java.util.prefs=ALL-UNNAMED --add-opens=java.base/java.nio.charset=ALL-UNNAMED --add-opens=java.base/java.net=ALL-UNNAMED --add-opens=java.base/java.util.concurrent.atomic=ALL-UNNAMED -Xmx2048m -Dfile.encoding=UTF-8 -Duser.country=US -Duser.language=en -Duser.variant org.gradle.launcher.daemon.bootstrap.GradleDaemon 7.4

Host: Intel(R) Core(TM) i5-6300U CPU @ 2.40GHz, 4 cores, 7G,  Windows 10 , 64 bit Build 19041 (10.0.19041.2251)
Time: Sat Jan 21 13:51:46 2023 Pakistan Standard Time elapsed time: 1521.868349 seconds (0d 0h 25m 21s)

---------------  T H R E A D  ---------------

Current thread (0x0000028e1e878000):  JavaThread "C2 CompilerThread0" daemon [_thread_in_native, id=12772, stack(0x000000e0f4400000,0x000000e0f4500000)]


Current CompileTask:
C2:1521868 16710   !   4       java.io.ObjectOutputStream::writeObject0 (619 bytes)

Stack: [0x000000e0f4400000,0x000000e0f4500000]
Native frames: (J=compiled Java code, j=interpreted, Vv=VM code, C=native code)
V  [jvm.dll+0x6100fa]
V  [jvm.dll+0x747090]
V  [jvm.dll+0x7486ad]
V  [jvm.dll+0x748d83]
V  [jvm.dll+0x24ab48]
V  [jvm.dll+0xc04dc]
V  [jvm.dll+0xc0a0c]
V  [jvm.dll+0x2bfab4]
V  [jvm.dll+0x524238]
V  [jvm.dll+0x20b193]
V  [jvm.dll+0x204ca0]
V  [jvm.dll+0x2023c2]
V  [jvm.dll+0x188e01]
V  [jvm.dll+0x21106b]
V  [jvm.dll+0x20f8c1]
V  [jvm.dll+0x70de0f]
V  [jvm.dll+0x706a75]
V  [jvm.dll+0x60ed66]
C  [ucrtbase.dll+0x21bb2]
C  [KERNEL32.DLL+0x174b4]
C  [ntdll.dll+0x526a1]


---------------  P R O C E S S  ---------------

Threads class SMR info:
_java_thread_list=0x0000028e26117ee0, length=89, elements={
0x0000028e04c50800, 0x0000028e1e850000, 0x0000028e1e859800, 0x0000028e1e86c800,
0x0000028e1e86d800, 0x0000028e1e86f800, 0x0000028e1e878000, 0x0000028e1e881000,
0x0000028e1e882800, 0x0000028e1f32b000, 0x0000028e2218a800, 0x0000028e22188800,
0x0000028e2218d000, 0x0000028e21354000, 0x0000028e21350800, 0x0000028e21351800,
0x0000028e21352800, 0x0000028e2134e800, 0x0000028e21355000, 0x0000028e21353000,
0x0000028e2134f000, 0x0000028e2135a800, 0x0000028e21356800, 0x0000028e2135d000,
0x0000028e24de4800, 0x0000028e24de5800, 0x0000028e24de3000, 0x0000028e24de0800,
0x0000028e24de7000, 0x0000028e24de1000, 0x0000028e24de7800, 0x0000028e24de2000,
0x0000028e24dec000, 0x0000028e24de8800, 0x0000028e24ded800, 0x0000028e24dec800,
0x0000028e24de9800, 0x0000028e24dea000, 0x0000028e24dee000, 0x0000028e24deb000,
0x0000028e24def000, 0x0000028e21355800, 0x0000028e21350000, 0x0000028e21357000,
0x0000028e2135b800, 0x0000028e21359800, 0x0000028e2135c000, 0x0000028e2218b800,
0x0000028e22189000, 0x0000028e2218c800, 0x0000028e2218a000, 0x0000028e2218e000,
0x0000028e2218f000, 0x0000028e25765800, 0x0000028e25763000, 0x0000028e25765000,
0x0000028e25762800, 0x0000028e25760000, 0x0000028e25764000, 0x0000028e25766800,
0x0000028e25761800, 0x0000028e25761000, 0x0000028e25768000, 0x0000028e25769000,
0x0000028e2576b800, 0x0000028e2576d000, 0x0000028e25767800, 0x0000028e2576e000,
0x0000028e2576c000, 0x0000028e2576e800, 0x0000028e2576a000, 0x0000028e2576a800,
0x0000028e264fe800, 0x0000028e264fd000, 0x0000028e264fb800, 0x0000028e264ff800,
0x0000028e264fc000, 0x0000028e26500000, 0x0000028e264fa800, 0x0000028e26502800,
0x0000028e26502000, 0x0000028e26501000, 0x0000028e264fe000, 0x0000028e26509000,
0x0000028e26508800, 0x0000028e25819800, 0x0000028e26506800, 0x0000028e26503800,
0x0000028e26504800
}

Java Threads: ( => current thread )
  0x0000028e04c50800 JavaThread "main" [_thread_blocked, id=3016, stack(0x000000e0f3800000,0x000000e0f3900000)]
  0x0000028e1e850000 JavaThread "Reference Handler" daemon [_thread_blocked, id=12596, stack(0x000000e0f3f00000,0x000000e0f4000000)]
  0x0000028e1e859800 JavaThread "Finalizer" daemon [_thread_blocked, id=8928, stack(0x000000e0f4000000,0x000000e0f4100000)]
  0x0000028e1e86c800 JavaThread "Signal Dispatcher" daemon [_thread_blocked, id=11172, stack(0x000000e0f4100000,0x000000e0f4200000)]
  0x0000028e1e86d800 JavaThread "Attach Listener" daemon [_thread_blocked, id=680, stack(0x000000e0f4200000,0x000000e0f4300000)]
  0x0000028e1e86f800 JavaThread "Service Thread" daemon [_thread_blocked, id=9652, stack(0x000000e0f4300000,0x000000e0f4400000)]
=>0x0000028e1e878000 JavaThread "C2 CompilerThread0" daemon [_thread_in_native, id=12772, stack(0x000000e0f4400000,0x000000e0f4500000)]
  0x0000028e1e881000 JavaThread "C1 CompilerThread0" daemon [_thread_blocked, id=4652, stack(0x000000e0f4500000,0x000000e0f4600000)]
  0x0000028e1e882800 JavaThread "Sweeper thread" daemon [_thread_blocked, id=13552, stack(0x000000e0f4600000,0x000000e0f4700000)]
  0x0000028e1f32b000 JavaThread "Common-Cleaner" daemon [_thread_blocked, id=11436, stack(0x000000e0f4700000,0x000000e0f4800000)]
  0x0000028e2218a800 JavaThread "Daemon health stats" [_thread_blocked, id=4704, stack(0x000000e0f4b00000,0x000000e0f4c00000)]
  0x0000028e22188800 JavaThread "Incoming local TCP Connector on port 62278" [_thread_in_native, id=12280, stack(0x000000e0f4900000,0x000000e0f4a00000)]
  0x0000028e2218d000 JavaThread "Daemon periodic checks" [_thread_blocked, id=3524, stack(0x000000e0f4c00000,0x000000e0f4d00000)]
  0x0000028e21354000 JavaThread "Cache worker for journal cache (C:\Users\hp\.gradle\caches\journal-1)" [_thread_blocked, id=5396, stack(0x000000e0f5600000,0x000000e0f5700000)]
  0x0000028e21350800 JavaThread "File lock request listener" [_thread_in_native, id=13736, stack(0x000000e0f5700000,0x000000e0f5800000)]
  0x0000028e21351800 JavaThread "Cache worker for file hash cache (C:\Users\hp\.gradle\caches\7.4\fileHashes)" [_thread_blocked, id=10628, stack(0x000000e0f5800000,0x000000e0f5900000)]
  0x0000028e21352800 JavaThread "File watcher server" daemon [_thread_in_native, id=13576, stack(0x000000e0f5a00000,0x000000e0f5b00000)]
  0x0000028e2134e800 JavaThread "File watcher consumer" daemon [_thread_blocked, id=8504, stack(0x000000e0f5b00000,0x000000e0f5c00000)]
  0x0000028e21355000 JavaThread "jar transforms" [_thread_blocked, id=12948, stack(0x000000e0f5c00000,0x000000e0f5d00000)]
  0x0000028e21353000 JavaThread "jar transforms Thread 2" [_thread_blocked, id=5212, stack(0x000000e0f5d00000,0x000000e0f5e00000)]
  0x0000028e2134f000 JavaThread "jar transforms Thread 3" [_thread_blocked, id=2428, stack(0x000000e0f5e00000,0x000000e0f5f00000)]
  0x0000028e2135a800 JavaThread "jar transforms Thread 4" [_thread_blocked, id=7340, stack(0x000000e0f5f00000,0x000000e0f6000000)]
  0x0000028e21356800 JavaThread "Cache worker for execution history cache (C:\Users\hp\.gradle\caches\7.4\executionHistory)" [_thread_blocked, id=11668, stack(0x000000e0f6300000,0x000000e0f6400000)]
  0x0000028e2135d000 JavaThread "Cache worker for file content cache (C:\Users\hp\.gradle\caches\7.4\fileContent)" [_thread_blocked, id=4424, stack(0x000000e0f6500000,0x000000e0f6600000)]
  0x0000028e24de4800 JavaThread "Memory manager" [_thread_blocked, id=10468, stack(0x000000e0f9000000,0x000000e0f9100000)]
  0x0000028e24de5800 JavaThread "Daemon Thread 2" [_thread_blocked, id=7288, stack(0x000000e0f3500000,0x000000e0f3600000)]
  0x0000028e24de3000 JavaThread "Handler for socket connection from /127.0.0.1:62278 to /127.0.0.1:57570" [_thread_in_native, id=13712, stack(0x000000e0f3600000,0x000000e0f3700000)]
  0x0000028e24de0800 JavaThread "Cancel handler" [_thread_blocked, id=8460, stack(0x000000e0f3700000,0x000000e0f3800000)]
  0x0000028e24de7000 JavaThread "Daemon worker Thread 2" [_thread_blocked, id=2780, stack(0x000000e0f4d00000,0x000000e0f4e00000)]
  0x0000028e24de1000 JavaThread "Asynchronous log dispatcher for DefaultDaemonConnection: socket connection from /127.0.0.1:62278 to /127.0.0.1:57570" [_thread_blocked, id=9088, stack(0x000000e0f4e00000,0x000000e0f4f00000)]
  0x0000028e24de7800 JavaThread "Stdin handler" [_thread_blocked, id=8992, stack(0x000000e0f5100000,0x000000e0f5200000)]
  0x0000028e24de2000 JavaThread "Daemon client event forwarder" [_thread_blocked, id=9336, stack(0x000000e0f5200000,0x000000e0f5300000)]
  0x0000028e24dec000 JavaThread "Cache worker for checksums cache (C:\Users\hp\AndroidStudioProjects\splashscreen2\.gradle\7.4\checksums)" [_thread_blocked, id=2080, stack(0x000000e0f5300000,0x000000e0f5400000)]
  0x0000028e24de8800 JavaThread "Cache worker for cache directory md-rule (C:\Users\hp\.gradle\caches\7.4\md-rule)" [_thread_blocked, id=7444, stack(0x000000e0f5400000,0x000000e0f5500000)]
  0x0000028e24ded800 JavaThread "Cache worker for file hash cache (C:\Users\hp\AndroidStudioProjects\splashscreen2\.gradle\7.4\fileHashes)" [_thread_blocked, id=5976, stack(0x000000e0f5500000,0x000000e0f5600000)]
  0x0000028e24dec800 JavaThread "Cache worker for cache directory md-supplier (C:\Users\hp\.gradle\caches\7.4\md-supplier)" [_thread_blocked, id=10644, stack(0x000000e0f5900000,0x000000e0f5a00000)]
  0x0000028e24de9800 JavaThread "Cache worker for dependencies-accessors (C:\Users\hp\AndroidStudioProjects\splashscreen2\.gradle\7.4\dependencies-accessors)" [_thread_blocked, id=9764, stack(0x000000e0f6000000,0x000000e0f6100000)]
  0x0000028e24dea000 JavaThread "Cache worker for Build Output Cleanup Cache (C:\Users\hp\AndroidStudioProjects\splashscreen2\.gradle\buildOutputCleanup)" [_thread_blocked, id=9396, stack(0x000000e0f6200000,0x000000e0f6300000)]
  0x0000028e24dee000 JavaThread "Unconstrained build operations" [_thread_blocked, id=2288, stack(0x000000e0f6400000,0x000000e0f6500000)]
  0x0000028e24deb000 JavaThread "Unconstrained build operations Thread 2" [_thread_blocked, id=13468, stack(0x000000e0f6600000,0x000000e0f6700000)]
  0x0000028e24def000 JavaThread "Unconstrained build operations Thread 3" [_thread_blocked, id=8748, stack(0x000000e0f6700000,0x000000e0f6800000)]
  0x0000028e21355800 JavaThread "Unconstrained build operations Thread 4" [_thread_blocked, id=1404, stack(0x000000e0f6800000,0x000000e0f6900000)]
  0x0000028e21350000 JavaThread "Unconstrained build operations Thread 5" [_thread_blocked, id=4156, stack(0x000000e0f6900000,0x000000e0f6a00000)]
  0x0000028e21357000 JavaThread "Unconstrained build operations Thread 6" [_thread_blocked, id=10472, stack(0x000000e0f6a00000,0x000000e0f6b00000)]
  0x0000028e2135b800 JavaThread "Unconstrained build operations Thread 7" [_thread_blocked, id=7256, stack(0x000000e0f6b00000,0x000000e0f6c00000)]
  0x0000028e21359800 JavaThread "Unconstrained build operations Thread 8" [_thread_blocked, id=2588, stack(0x000000e0f6c00000,0x000000e0f6d00000)]
  0x0000028e2135c000 JavaThread "Unconstrained build operations Thread 9" [_thread_blocked, id=10596, stack(0x000000e0f6d00000,0x000000e0f6e00000)]
  0x0000028e2218b800 JavaThread "Unconstrained build operations Thread 10" [_thread_blocked, id=11924, stack(0x000000e0f6e00000,0x000000e0f6f00000)]
  0x0000028e22189000 JavaThread "Unconstrained build operations Thread 11" [_thread_blocked, id=2744, stack(0x000000e0f6f00000,0x000000e0f7000000)]
  0x0000028e2218c800 JavaThread "Unconstrained build operations Thread 12" [_thread_blocked, id=1764, stack(0x000000e0f7000000,0x000000e0f7100000)]
  0x0000028e2218a000 JavaThread "Unconstrained build operations Thread 13" [_thread_blocked, id=12276, stack(0x000000e0f7100000,0x000000e0f7200000)]
  0x0000028e2218e000 JavaThread "Unconstrained build operations Thread 14" [_thread_blocked, id=14120, stack(0x000000e0f7200000,0x000000e0f7300000)]
  0x0000028e2218f000 JavaThread "Unconstrained build operations Thread 15" [_thread_blocked, id=13648, stack(0x000000e0f7300000,0x000000e0f7400000)]
  0x0000028e25765800 JavaThread "Unconstrained build operations Thread 16" [_thread_blocked, id=9004, stack(0x000000e0f7400000,0x000000e0f7500000)]
  0x0000028e25763000 JavaThread "Unconstrained build operations Thread 17" [_thread_blocked, id=14028, stack(0x000000e0f7500000,0x000000e0f7600000)]
  0x0000028e25765000 JavaThread "Unconstrained build operations Thread 18" [_thread_blocked, id=412, stack(0x000000e0f7600000,0x000000e0f7700000)]
  0x0000028e25762800 JavaThread "Unconstrained build operations Thread 19" [_thread_blocked, id=7640, stack(0x000000e0f7700000,0x000000e0f7800000)]
  0x0000028e25760000 JavaThread "Unconstrained build operations Thread 20" [_thread_blocked, id=14320, stack(0x000000e0f7800000,0x000000e0f7900000)]
  0x0000028e25764000 JavaThread "Unconstrained build operations Thread 21" [_thread_blocked, id=1716, stack(0x000000e0f7900000,0x000000e0f7a00000)]
  0x0000028e25766800 JavaThread "Unconstrained build operations Thread 22" [_thread_blocked, id=13508, stack(0x000000e0f7a00000,0x000000e0f7b00000)]
  0x0000028e25761800 JavaThread "Unconstrained build operations Thread 23" [_thread_blocked, id=9892, stack(0x000000e0f7b00000,0x000000e0f7c00000)]
  0x0000028e25761000 JavaThread "Unconstrained build operations Thread 24" [_thread_blocked, id=500, stack(0x000000e0f7c00000,0x000000e0f7d00000)]
  0x0000028e25768000 JavaThread "Unconstrained build operations Thread 25" [_thread_blocked, id=12808, stack(0x000000e0f7d00000,0x000000e0f7e00000)]
  0x0000028e25769000 JavaThread "Unconstrained build operations Thread 26" [_thread_blocked, id=10496, stack(0x000000e0f7e00000,0x000000e0f7f00000)]
  0x0000028e2576b800 JavaThread "Unconstrained build operations Thread 27" [_thread_blocked, id=7236, stack(0x000000e0f7f00000,0x000000e0f8000000)]
  0x0000028e2576d000 JavaThread "Unconstrained build operations Thread 28" [_thread_blocked, id=5508, stack(0x000000e0f8000000,0x000000e0f8100000)]
  0x0000028e25767800 JavaThread "Unconstrained build operations Thread 29" [_thread_blocked, id=1252, stack(0x000000e0f8100000,0x000000e0f8200000)]
  0x0000028e2576e000 JavaThread "Unconstrained build operations Thread 30" [_thread_blocked, id=13708, stack(0x000000e0f8200000,0x000000e0f8300000)]
  0x0000028e2576c000 JavaThread "Unconstrained build operations Thread 31" [_thread_blocked, id=6476, stack(0x000000e0f8300000,0x000000e0f8400000)]
  0x0000028e2576e800 JavaThread "Unconstrained build operations Thread 32" [_thread_blocked, id=5284, stack(0x000000e0f8400000,0x000000e0f8500000)]
  0x0000028e2576a000 JavaThread "Unconstrained build operations Thread 33" [_thread_blocked, id=6168, stack(0x000000e0f8500000,0x000000e0f8600000)]
  0x0000028e2576a800 JavaThread "Unconstrained build operations Thread 34" [_thread_blocked, id=9540, stack(0x000000e0f8600000,0x000000e0f8700000)]
  0x0000028e264fe800 JavaThread "Unconstrained build operations Thread 35" [_thread_blocked, id=10052, stack(0x000000e0f8700000,0x000000e0f8800000)]
  0x0000028e264fd000 JavaThread "Unconstrained build operations Thread 36" [_thread_blocked, id=10884, stack(0x000000e0f8800000,0x000000e0f8900000)]
  0x0000028e264fb800 JavaThread "Unconstrained build operations Thread 37" [_thread_blocked, id=12664, stack(0x000000e0f8900000,0x000000e0f8a00000)]
  0x0000028e264ff800 JavaThread "Unconstrained build operations Thread 38" [_thread_blocked, id=10568, stack(0x000000e0f8a00000,0x000000e0f8b00000)]
  0x0000028e264fc000 JavaThread "Unconstrained build operations Thread 39" [_thread_blocked, id=1340, stack(0x000000e0f8b00000,0x000000e0f8c00000)]
  0x0000028e26500000 JavaThread "Unconstrained build operations Thread 40" [_thread_blocked, id=3848, stack(0x000000e0f8c00000,0x000000e0f8d00000)]
  0x0000028e264fa800 JavaThread "build event listener" [_thread_blocked, id=5648, stack(0x000000e0f8d00000,0x000000e0f8e00000)]
  0x0000028e26502800 JavaThread "included builds" [_thread_blocked, id=9128, stack(0x000000e0f8e00000,0x000000e0f8f00000)]
  0x0000028e26502000 JavaThread "Execution worker for ':'" [_thread_in_Java, id=1312, stack(0x000000e0f8f00000,0x000000e0f9000000)]
  0x0000028e26501000 JavaThread "Execution worker for ':' Thread 2" [_thread_blocked, id=3044, stack(0x000000e0f9100000,0x000000e0f9200000)]
  0x0000028e264fe000 JavaThread "Execution worker for ':' Thread 3" [_thread_blocked, id=6788, stack(0x000000e0f9200000,0x000000e0f9300000)]
  0x0000028e26509000 JavaThread "Cache worker for execution history cache (C:\Users\hp\AndroidStudioProjects\splashscreen2\.gradle\7.4\executionHistory)" [_thread_blocked, id=10408, stack(0x000000e0f6100000,0x000000e0f6200000)]
  0x0000028e26508800 JavaThread "WorkerExecutor Queue" [_thread_in_vm, id=7732, stack(0x000000e0f9400000,0x000000e0f9500000)]
  0x0000028e25819800 JavaThread "C2 CompilerThread1" daemon [_thread_in_native, id=5248, stack(0x000000e0f9300000,0x000000e0f9400000)]
  0x0000028e26506800 JavaThread "WorkerExecutor Queue Thread 2" [_thread_in_vm, id=13072, stack(0x000000e0f9500000,0x000000e0f9600000)]
  0x0000028e26503800 JavaThread "WorkerExecutor Queue Thread 3" [_thread_in_vm, id=5580, stack(0x000000e0f9600000,0x000000e0f9700000)]
  0x0000028e26504800 JavaThread "WorkerExecutor Queue Thread 4" [_thread_blocked, id=12024, stack(0x000000e0f9700000,0x000000e0f9800000)]

Other Threads:
  0x0000028e1e849800 VMThread "VM Thread" [stack: 0x000000e0f3e00000,0x000000e0f3f00000] [id=1560]
  0x0000028e1f33c000 WatcherThread [stack: 0x000000e0f4800000,0x000000e0f4900000] [id=7896]
  0x0000028e04c69000 GCTaskThread "GC Thread#0" [stack: 0x000000e0f3900000,0x000000e0f3a00000] [id=13452]
  0x0000028e1fd82800 GCTaskThread "GC Thread#1" [stack: 0x000000e0f4a00000,0x000000e0f4b00000] [id=5448]
  0x0000028e212b2800 GCTaskThread "GC Thread#2" [stack: 0x000000e0f4f00000,0x000000e0f5000000] [id=9220]
  0x0000028e201f5800 GCTaskThread "GC Thread#3" [stack: 0x000000e0f5000000,0x000000e0f5100000] [id=2476]
  0x0000028e04c99800 ConcurrentGCThread "G1 Main Marker" [stack: 0x000000e0f3a00000,0x000000e0f3b00000] [id=13844]
  0x0000028e04c9b000 ConcurrentGCThread "G1 Conc#0" [stack: 0x000000e0f3b00000,0x000000e0f3c00000] [id=13764]
  0x0000028e04d2b000 ConcurrentGCThread "G1 Refine#0" [stack: 0x000000e0f3c00000,0x000000e0f3d00000] [id=12168]
  0x0000028e04d2c000 ConcurrentGCThread "G1 Young RemSet Sampling" [stack: 0x000000e0f3d00000,0x000000e0f3e00000] [id=4996]

Threads with active compile tasks:
C2 CompilerThread01521952 16710   !   4       java.io.ObjectOutputStream::writeObject0 (619 bytes)
C1 CompilerThread01521952 16873 %     2       java.lang.StringLatin1::toLowerCase @ 114 (180 bytes)
C2 CompilerThread11521952 16827   !   4       java.io.ObjectInputStream::readSerialData (563 bytes)

VM state:not at safepoint (normal execution)

VM Mutex/Monitor currently owned by a thread: None

Heap address: 0x0000000080000000, size: 2048 MB, Compressed Oops mode: 32-bit
Narrow klass base: 0x0000000000000000, Narrow klass shift: 3
Compressed class space size: 1073741824 Address: 0x0000000100000000

Heap:
 garbage-first heap   total 317440K, used 230111K [0x0000000080000000, 0x0000000100000000)
  region size 1024K, 7 young (7168K), 5 survivors (5120K)
 Metaspace       used 119672K, capacity 122751K, committed 123008K, reserved 1157120K
  class space    used 15019K, capacity 16138K, committed 16256K, reserved 1048576K
Heap Regions: E=young(eden), S=young(survivor), O=old, HS=humongous(starts), HC=humongous(continues), CS=collection set, F=free, A=archive, TAMS=top-at-mark-start (previous, next)
|   0|0x0000000080000000, 0x0000000080100000, 0x0000000080100000|100%|HS|  |TAMS 0x0000000080100000, 0x0000000080000000| Complete 
|   1|0x0000000080100000, 0x0000000080200000, 0x0000000080200000|100%|HC|  |TAMS 0x0000000080200000, 0x0000000080100000| Complete 
|   2|0x0000000080200000, 0x0000000080300000, 0x0000000080300000|100%|HC|  |TAMS 0x0000000080300000, 0x0000000080200000| Complete 
|   3|0x0000000080300000, 0x0000000080400000, 0x0000000080400000|100%| O|  |TAMS 0x0000000080400000, 0x0000000080300000| Untracked 
|   4|0x0000000080400000, 0x0000000080500000, 0x0000000080500000|100%| O|  |TAMS 0x0000000080500000, 0x0000000080400000| Untracked 
|   5|0x0000000080500000, 0x0000000080600000, 0x0000000080600000|100%| O|  |TAMS 0x0000000080600000, 0x0000000080500000| Untracked 
|   6|0x0000000080600000, 0x0000000080700000, 0x0000000080700000|100%| O|  |TAMS 0x0000000080700000, 0x0000000080600000| Complete 
|   7|0x0000000080700000, 0x0000000080800000, 0x0000000080800000|100%| O|  |TAMS 0x0000000080800000, 0x0000000080700000| Complete 
|   8|0x0000000080800000, 0x0000000080900000, 0x0000000080900000|100%| O|  |TAMS 0x0000000080900000, 0x0000000080800000| Untracked 
|   9|0x0000000080900000, 0x0000000080a00000, 0x0000000080a00000|100%| O|  |TAMS 0x0000000080a00000, 0x0000000080900000| Untracked 
|  10|0x0000000080a00000, 0x0000000080b00000, 0x0000000080b00000|100%| O|  |TAMS 0x0000000080b00000, 0x0000000080a00000| Untracked 
|  11|0x0000000080b00000, 0x0000000080c00000, 0x0000000080c00000|100%| O|  |TAMS 0x0000000080c00000, 0x0000000080b00000| Untracked 
|  12|0x0000000080c00000, 0x0000000080d00000, 0x0000000080d00000|100%| O|  |TAMS 0x0000000080d00000, 0x0000000080c00000| Untracked 
|  13|0x0000000080d00000, 0x0000000080e00000, 0x0000000080e00000|100%| O|  |TAMS 0x0000000080e00000, 0x0000000080d00000| Complete 
|  14|0x0000000080e00000, 0x0000000080f00000, 0x0000000080f00000|100%| O|  |TAMS 0x0000000080f00000, 0x0000000080e00000| Untracked 
|  15|0x0000000080f00000, 0x0000000081000000, 0x0000000081000000|100%| O|  |TAMS 0x0000000081000000, 0x0000000080f00000| Complete 
|  16|0x0000000081000000, 0x0000000081100000, 0x0000000081100000|100%| O|  |TAMS 0x0000000081100000, 0x0000000081000000| Complete 
|  17|0x0000000081100000, 0x0000000081200000, 0x0000000081200000|100%|HS|  |TAMS 0x0000000081200000, 0x0000000081100000| Complete 
|  18|0x0000000081200000, 0x0000000081300000, 0x0000000081300000|100%|HC|  |TAMS 0x0000000081300000, 0x0000000081200000| Complete 
|  19|0x0000000081300000, 0x0000000081400000, 0x0000000081400000|100%|HS|  |TAMS 0x0000000081400000, 0x0000000081300000| Complete 
|  20|0x0000000081400000, 0x0000000081500000, 0x0000000081500000|100%|HC|  |TAMS 0x0000000081500000, 0x0000000081400000| Complete 
|  21|0x0000000081500000, 0x0000000081600000, 0x0000000081600000|100%|HC|  |TAMS 0x0000000081600000, 0x0000000081500000| Complete 
|  22|0x0000000081600000, 0x0000000081700000, 0x0000000081700000|100%|HS|  |TAMS 0x0000000081700000, 0x0000000081600000| Complete 
|  23|0x0000000081700000, 0x0000000081800000, 0x0000000081800000|100%|HC|  |TAMS 0x0000000081800000, 0x0000000081700000| Complete 
|  24|0x0000000081800000, 0x0000000081900000, 0x0000000081900000|100%|HC|  |TAMS 0x0000000081900000, 0x0000000081800000| Complete 
|  25|0x0000000081900000, 0x0000000081a00000, 0x0000000081a00000|100%|HS|  |TAMS 0x0000000081a00000, 0x0000000081900000| Complete 
|  26|0x0000000081a00000, 0x0000000081b00000, 0x0000000081b00000|100%|HC|  |TAMS 0x0000000081b00000, 0x0000000081a00000| Complete 
|  27|0x0000000081b00000, 0x0000000081c00000, 0x0000000081c00000|100%|HC|  |TAMS 0x0000000081c00000, 0x0000000081b00000| Complete 
|  28|0x0000000081c00000, 0x0000000081d00000, 0x0000000081d00000|100%|HC|  |TAMS 0x0000000081d00000, 0x0000000081c00000| Complete 
|  29|0x0000000081d00000, 0x0000000081e00000, 0x0000000081e00000|100%|HC|  |TAMS 0x0000000081e00000, 0x0000000081d00000| Complete 
|  30|0x0000000081e00000, 0x0000000081f00000, 0x0000000081f00000|100%|HS|  |TAMS 0x0000000081f00000, 0x0000000081e00000| Complete 
|  31|0x0000000081f00000, 0x0000000082000000, 0x0000000082000000|100%|HS|  |TAMS 0x0000000082000000, 0x0000000081f00000| Complete 
|  32|0x0000000082000000, 0x0000000082100000, 0x0000000082100000|100%|HC|  |TAMS 0x0000000082100000, 0x0000000082000000| Complete 
|  33|0x0000000082100000, 0x0000000082200000, 0x0000000082200000|100%|HC|  |TAMS 0x0000000082200000, 0x0000000082100000| Complete 
|  34|0x0000000082200000, 0x0000000082300000, 0x0000000082300000|100%|HC|  |TAMS 0x0000000082300000, 0x0000000082200000| Complete 
|  35|0x0000000082300000, 0x0000000082400000, 0x0000000082400000|100%| O|  |TAMS 0x0000000082400000, 0x0000000082300000| Untracked 
|  36|0x0000000082400000, 0x0000000082500000, 0x0000000082500000|100%| O|  |TAMS 0x0000000082500000, 0x0000000082400000| Untracked 
|  37|0x0000000082500000, 0x0000000082600000, 0x0000000082600000|100%| O|  |TAMS 0x0000000082600000, 0x0000000082500000| Complete 
|  38|0x0000000082600000, 0x0000000082700000, 0x0000000082700000|100%| O|  |TAMS 0x0000000082700000, 0x0000000082600000| Untracked 
|  39|0x0000000082700000, 0x0000000082800000, 0x0000000082800000|100%| O|  |TAMS 0x0000000082800000, 0x0000000082700000| Untracked 
|  40|0x0000000082800000, 0x0000000082900000, 0x0000000082900000|100%| O|  |TAMS 0x0000000082900000, 0x0000000082800000| Untracked 
|  41|0x0000000082900000, 0x0000000082a00000, 0x0000000082a00000|100%| O|  |TAMS 0x0000000082a00000, 0x0000000082900000| Complete 
|  42|0x0000000082a00000, 0x0000000082b00000, 0x0000000082b00000|100%| O|  |TAMS 0x0000000082b00000, 0x0000000082a00000| Untracked 
|  43|0x0000000082b00000, 0x0000000082c00000, 0x0000000082c00000|100%| O|  |TAMS 0x0000000082c00000, 0x0000000082b00000| Complete 
|  44|0x0000000082c00000, 0x0000000082d00000, 0x0000000082d00000|100%| O|  |TAMS 0x0000000082d00000, 0x0000000082c00000| Untracked 
|  45|0x0000000082d00000, 0x0000000082e00000, 0x0000000082e00000|100%|HS|  |TAMS 0x0000000082e00000, 0x0000000082d00000| Complete 
|  46|0x0000000082e00000, 0x0000000082f00000, 0x0000000082f00000|100%|HC|  |TAMS 0x0000000082f00000, 0x0000000082e00000| Complete 
|  47|0x0000000082f00000, 0x0000000083000000, 0x0000000083000000|100%|HC|  |TAMS 0x0000000083000000, 0x0000000082f00000| Complete 
|  48|0x0000000083000000, 0x0000000083100000, 0x0000000083100000|100%|HC|  |TAMS 0x0000000083100000, 0x0000000083000000| Complete 
|  49|0x0000000083100000, 0x0000000083200000, 0x0000000083200000|100%|HS|  |TAMS 0x0000000083200000, 0x0000000083100000| Complete 
|  50|0x0000000083200000, 0x0000000083300000, 0x0000000083300000|100%|HC|  |TAMS 0x0000000083300000, 0x0000000083200000| Complete 
|  51|0x0000000083300000, 0x0000000083400000, 0x0000000083400000|100%|HC|  |TAMS 0x0000000083400000, 0x0000000083300000| Complete 
|  52|0x0000000083400000, 0x0000000083500000, 0x0000000083500000|100%|HS|  |TAMS 0x0000000083500000, 0x0000000083400000| Complete 
|  53|0x0000000083500000, 0x0000000083600000, 0x0000000083600000|100%|HC|  |TAMS 0x0000000083600000, 0x0000000083500000| Complete 
|  54|0x0000000083600000, 0x0000000083700000, 0x0000000083700000|100%|HS|  |TAMS 0x0000000083700000, 0x0000000083600000| Complete 
|  55|0x0000000083700000, 0x0000000083800000, 0x0000000083800000|100%|HC|  |TAMS 0x0000000083800000, 0x0000000083700000| Complete 
|  56|0x0000000083800000, 0x0000000083900000, 0x0000000083900000|100%|HC|  |TAMS 0x0000000083900000, 0x0000000083800000| Complete 
|  57|0x0000000083900000, 0x0000000083a00000, 0x0000000083a00000|100%| O|  |TAMS 0x0000000083a00000, 0x0000000083900000| Untracked 
|  58|0x0000000083a00000, 0x0000000083b00000, 0x0000000083b00000|100%| O|  |TAMS 0x0000000083b00000, 0x0000000083a00000| Untracked 
|  59|0x0000000083b00000, 0x0000000083c00000, 0x0000000083c00000|100%| O|  |TAMS 0x0000000083c00000, 0x0000000083b00000| Untracked 
|  60|0x0000000083c00000, 0x0000000083d00000, 0x0000000083d00000|100%| O|  |TAMS 0x0000000083d00000, 0x0000000083c00000| Untracked 
|  61|0x0000000083d00000, 0x0000000083e00000, 0x0000000083e00000|100%| O|  |TAMS 0x0000000083e00000, 0x0000000083d00000| Untracked 
|  62|0x0000000083e00000, 0x0000000083f00000, 0x0000000083f00000|100%| O|  |TAMS 0x0000000083f00000, 0x0000000083e00000| Complete 
|  63|0x0000000083f00000, 0x0000000084000000, 0x0000000084000000|100%|HS|  |TAMS 0x0000000084000000, 0x0000000083f00000| Complete 
|  64|0x0000000084000000, 0x0000000084100000, 0x0000000084100000|100%|HC|  |TAMS 0x0000000084100000, 0x0000000084000000| Complete 
|  65|0x0000000084100000, 0x0000000084200000, 0x0000000084200000|100%|HC|  |TAMS 0x0000000084200000, 0x0000000084100000| Complete 
|  66|0x0000000084200000, 0x0000000084300000, 0x0000000084300000|100%|HC|  |TAMS 0x0000000084300000, 0x0000000084200000| Complete 
|  67|0x0000000084300000, 0x0000000084400000, 0x0000000084400000|100%|HC|  |TAMS 0x0000000084400000, 0x0000000084300000| Complete 
|  68|0x0000000084400000, 0x0000000084500000, 0x0000000084500000|100%| O|  |TAMS 0x0000000084500000, 0x0000000084400000| Untracked 
|  69|0x0000000084500000, 0x0000000084600000, 0x0000000084600000|100%| O|  |TAMS 0x0000000084600000, 0x0000000084500000| Untracked 
|  70|0x0000000084600000, 0x0000000084700000, 0x0000000084700000|100%| O|  |TAMS 0x0000000084700000, 0x0000000084600000| Complete 
|  71|0x0000000084700000, 0x0000000084800000, 0x0000000084800000|100%| O|  |TAMS 0x0000000084800000, 0x0000000084700000| Complete 
|  72|0x0000000084800000, 0x0000000084900000, 0x0000000084900000|100%|HS|  |TAMS 0x0000000084900000, 0x0000000084800000| Complete 
|  73|0x0000000084900000, 0x0000000084a00000, 0x0000000084a00000|100%|HS|  |TAMS 0x0000000084a00000, 0x0000000084900000| Complete 
|  74|0x0000000084a00000, 0x0000000084b00000, 0x0000000084b00000|100%|HS|  |TAMS 0x0000000084b00000, 0x0000000084a00000| Complete 
|  75|0x0000000084b00000, 0x0000000084c00000, 0x0000000084c00000|100%|HS|  |TAMS 0x0000000084c00000, 0x0000000084b00000| Complete 
|  76|0x0000000084c00000, 0x0000000084d00000, 0x0000000084d00000|100%|HC|  |TAMS 0x0000000084d00000, 0x0000000084c00000| Complete 
|  77|0x0000000084d00000, 0x0000000084e00000, 0x0000000084e00000|100%|HC|  |TAMS 0x0000000084e00000, 0x0000000084d00000| Complete 
|  78|0x0000000084e00000, 0x0000000084f00000, 0x0000000084f00000|100%|HC|  |TAMS 0x0000000084f00000, 0x0000000084e00000| Complete 
|  79|0x0000000084f00000, 0x0000000085000000, 0x0000000085000000|100%| O|  |TAMS 0x0000000085000000, 0x0000000084f00000| Untracked 
|  80|0x0000000085000000, 0x0000000085100000, 0x0000000085100000|100%| O|  |TAMS 0x0000000085100000, 0x0000000085000000| Untracked 
|  81|0x0000000085100000, 0x0000000085200000, 0x0000000085200000|100%| O|  |TAMS 0x0000000085200000, 0x0000000085100000| Untracked 
|  82|0x0000000085200000, 0x0000000085300000, 0x0000000085300000|100%| O|  |TAMS 0x0000000085300000, 0x0000000085200000| Complete 
|  83|0x0000000085300000, 0x0000000085400000, 0x0000000085400000|100%| O|  |TAMS 0x0000000085400000, 0x0000000085300000| Untracked 
|  84|0x0000000085400000, 0x0000000085500000, 0x0000000085500000|100%| O|  |TAMS 0x0000000085500000, 0x0000000085400000| Untracked 
|  85|0x0000000085500000, 0x0000000085600000, 0x0000000085600000|100%| O|  |TAMS 0x0000000085600000, 0x0000000085500000| Untracked 
|  86|0x0000000085600000, 0x0000000085700000, 0x0000000085700000|100%| O|  |TAMS 0x0000000085700000, 0x0000000085600000| Untracked 
|  87|0x0000000085700000, 0x0000000085800000, 0x0000000085800000|100%| O|  |TAMS 0x0000000085800000, 0x0000000085700000| Untracked 
|  88|0x0000000085800000, 0x0000000085900000, 0x0000000085900000|100%| O|  |TAMS 0x0000000085900000, 0x0000000085800000| Untracked 
|  89|0x0000000085900000, 0x0000000085a00000, 0x0000000085a00000|100%| O|  |TAMS 0x0000000085a00000, 0x0000000085900000| Complete 
|  90|0x0000000085a00000, 0x0000000085b00000, 0x0000000085b00000|100%| O|  |TAMS 0x0000000085b00000, 0x0000000085a00000| Complete 
|  91|0x0000000085b00000, 0x0000000085c00000, 0x0000000085c00000|100%| O|  |TAMS 0x0000000085c00000, 0x0000000085b00000| Complete 
|  92|0x0000000085c00000, 0x0000000085d00000, 0x0000000085d00000|100%| O|  |TAMS 0x0000000085d00000, 0x0000000085c00000| Untracked 
|  93|0x0000000085d00000, 0x0000000085e00000, 0x0000000085e00000|100%|HS|  |TAMS 0x0000000085e00000, 0x0000000085d00000| Complete 
|  94|0x0000000085e00000, 0x0000000085f00000, 0x0000000085f00000|100%|HC|  |TAMS 0x0000000085f00000, 0x0000000085e00000| Complete 
|  95|0x0000000085f00000, 0x0000000086000000, 0x0000000086000000|100%| O|  |TAMS 0x0000000086000000, 0x0000000085f00000| Untracked 
|  96|0x0000000086000000, 0x0000000086100000, 0x0000000086100000|100%| O|  |TAMS 0x0000000086100000, 0x0000000086000000| Untracked 
|  97|0x0000000086100000, 0x0000000086200000, 0x0000000086200000|100%| O|  |TAMS 0x0000000086200000, 0x0000000086100000| Untracked 
|  98|0x0000000086200000, 0x0000000086300000, 0x0000000086300000|100%| O|  |TAMS 0x0000000086300000, 0x0000000086200000| Untracked 
|  99|0x0000000086300000, 0x0000000086400000, 0x0000000086400000|100%| O|  |TAMS 0x0000000086400000, 0x0000000086300000| Untracked 
| 100|0x0000000086400000, 0x0000000086500000, 0x0000000086500000|100%| O|  |TAMS 0x0000000086500000, 0x0000000086400000| Untracked 
| 101|0x0000000086500000, 0x0000000086600000, 0x0000000086600000|100%| O|  |TAMS 0x0000000086600000, 0x0000000086500000| Untracked 
| 102|0x0000000086600000, 0x0000000086700000, 0x0000000086700000|100%| O|  |TAMS 0x0000000086700000, 0x0000000086600000| Untracked 
| 103|0x0000000086700000, 0x0000000086800000, 0x0000000086800000|100%| O|  |TAMS 0x0000000086800000, 0x0000000086700000| Complete 
| 104|0x0000000086800000, 0x0000000086900000, 0x0000000086900000|100%| O|  |TAMS 0x0000000086900000, 0x0000000086800000| Complete 
| 105|0x0000000086900000, 0x0000000086a00000, 0x0000000086a00000|100%| O|  |TAMS 0x0000000086a00000, 0x0000000086900000| Complete 
| 106|0x0000000086a00000, 0x0000000086b00000, 0x0000000086b00000|100%| O|  |TAMS 0x0000000086b00000, 0x0000000086a00000| Untracked 
| 107|0x0000000086b00000, 0x0000000086c00000, 0x0000000086c00000|100%| O|  |TAMS 0x0000000086c00000, 0x0000000086b00000| Untracked 
| 108|0x0000000086c00000, 0x0000000086d00000, 0x0000000086d00000|100%| O|  |TAMS 0x0000000086d00000, 0x0000000086c00000| Complete 
| 109|0x0000000086d00000, 0x0000000086e00000, 0x0000000086e00000|100%| O|  |TAMS 0x0000000086e00000, 0x0000000086d00000| Complete 
| 110|0x0000000086e00000, 0x0000000086f00000, 0x0000000086f00000|100%| O|  |TAMS 0x0000000086f00000, 0x0000000086e00000| Complete 
| 111|0x0000000086f00000, 0x0000000087000000, 0x0000000087000000|100%|HS|  |TAMS 0x0000000087000000, 0x0000000086f00000| Complete 
| 112|0x0000000087000000, 0x0000000087100000, 0x0000000087100000|100%|HC|  |TAMS 0x0000000087100000, 0x0000000087000000| Complete 
| 113|0x0000000087100000, 0x0000000087200000, 0x0000000087200000|100%|HS|  |TAMS 0x0000000087200000, 0x0000000087100000| Complete 
| 114|0x0000000087200000, 0x0000000087300000, 0x0000000087300000|100%|HC|  |TAMS 0x0000000087300000, 0x0000000087200000| Complete 
| 115|0x0000000087300000, 0x0000000087400000, 0x0000000087400000|100%|HC|  |TAMS 0x0000000087400000, 0x0000000087300000| Complete 
| 116|0x0000000087400000, 0x0000000087500000, 0x0000000087500000|100%|HS|  |TAMS 0x0000000087500000, 0x0000000087400000| Complete 
| 117|0x0000000087500000, 0x0000000087600000, 0x0000000087600000|100%|HC|  |TAMS 0x0000000087600000, 0x0000000087500000| Complete 
| 118|0x0000000087600000, 0x0000000087700000, 0x0000000087700000|100%|HC|  |TAMS 0x0000000087700000, 0x0000000087600000| Complete 
| 119|0x0000000087700000, 0x0000000087800000, 0x0000000087800000|100%|HS|  |TAMS 0x0000000087800000, 0x0000000087700000| Complete 
| 120|0x0000000087800000, 0x0000000087900000, 0x0000000087900000|100%|HC|  |TAMS 0x0000000087900000, 0x0000000087800000| Complete 
| 121|0x0000000087900000, 0x0000000087a00000, 0x0000000087a00000|100%|HC|  |TAMS 0x0000000087a00000, 0x0000000087900000| Complete 
| 122|0x0000000087a00000, 0x0000000087b00000, 0x0000000087b00000|100%|HC|  |TAMS 0x0000000087b00000, 0x0000000087a00000| Complete 
| 123|0x0000000087b00000, 0x0000000087c00000, 0x0000000087c00000|100%|HC|  |TAMS 0x0000000087c00000, 0x0000000087b00000| Complete 
| 124|0x0000000087c00000, 0x0000000087d00000, 0x0000000087d00000|100%|HS|  |TAMS 0x0000000087d00000, 0x0000000087c00000| Complete 
| 125|0x0000000087d00000, 0x0000000087e00000, 0x0000000087e00000|100%|HS|  |TAMS 0x0000000087e00000, 0x0000000087d00000| Complete 
| 126|0x0000000087e00000, 0x0000000087f00000, 0x0000000087f00000|100%|HC|  |TAMS 0x0000000087f00000, 0x0000000087e00000| Complete 
| 127|0x0000000087f00000, 0x0000000088000000, 0x0000000088000000|100%|HC|  |TAMS 0x0000000088000000, 0x0000000087f00000| Complete 
| 128|0x0000000088000000, 0x0000000088100000, 0x0000000088100000|100%|HC|  |TAMS 0x0000000088100000, 0x0000000088000000| Complete 
| 129|0x0000000088100000, 0x0000000088200000, 0x0000000088200000|100%| O|  |TAMS 0x0000000088200000, 0x0000000088100000| Complete 
| 130|0x0000000088200000, 0x0000000088300000, 0x0000000088300000|100%| O|  |TAMS 0x0000000088300000, 0x0000000088200000| Complete 
| 131|0x0000000088300000, 0x0000000088400000, 0x0000000088400000|100%| O|  |TAMS 0x0000000088400000, 0x0000000088300000| Complete 
| 132|0x0000000088400000, 0x0000000088500000, 0x0000000088500000|100%| O|  |TAMS 0x000000008842fa00, 0x0000000088400000| Untracked 
| 133|0x0000000088500000, 0x0000000088600000, 0x0000000088600000|100%| O|  |TAMS 0x0000000088600000, 0x0000000088500000| Complete 
| 134|0x0000000088600000, 0x0000000088700000, 0x0000000088700000|100%| O|  |TAMS 0x0000000088700000, 0x0000000088600000| Complete 
| 135|0x0000000088700000, 0x0000000088800000, 0x0000000088800000|100%| O|  |TAMS 0x0000000088800000, 0x0000000088700000| Untracked 
| 136|0x0000000088800000, 0x0000000088900000, 0x0000000088900000|100%| O|  |TAMS 0x0000000088900000, 0x0000000088800000| Complete 
| 137|0x0000000088900000, 0x0000000088a00000, 0x0000000088a00000|100%| O|  |TAMS 0x0000000088a00000, 0x0000000088900000| Complete 
| 138|0x0000000088a00000, 0x0000000088b00000, 0x0000000088b00000|100%| O|  |TAMS 0x0000000088b00000, 0x0000000088a00000| Untracked 
| 139|0x0000000088b00000, 0x0000000088c00000, 0x0000000088c00000|100%| O|  |TAMS 0x0000000088c00000, 0x0000000088b00000| Complete 
| 140|0x0000000088c00000, 0x0000000088d00000, 0x0000000088d00000|100%| O|  |TAMS 0x0000000088d00000, 0x0000000088c00000| Untracked 
| 141|0x0000000088d00000, 0x0000000088e00000, 0x0000000088e00000|100%| O|  |TAMS 0x0000000088e00000, 0x0000000088d00000| Untracked 
| 142|0x0000000088e00000, 0x0000000088f00000, 0x0000000088f00000|100%| O|  |TAMS 0x0000000088f00000, 0x0000000088e00000| Complete 
| 143|0x0000000088f00000, 0x0000000089000000, 0x0000000089000000|100%| O|  |TAMS 0x0000000089000000, 0x0000000088f00000| Complete 
| 144|0x0000000089000000, 0x0000000089100000, 0x0000000089100000|100%| O|  |TAMS 0x0000000089100000, 0x0000000089000000| Complete 
| 145|0x0000000089100000, 0x0000000089200000, 0x0000000089200000|100%| O|  |TAMS 0x0000000089200000, 0x0000000089100000| Complete 
| 146|0x0000000089200000, 0x0000000089300000, 0x0000000089300000|100%| O|  |TAMS 0x0000000089300000, 0x0000000089200000| Complete 
| 147|0x0000000089300000, 0x0000000089400000, 0x0000000089400000|100%| O|  |TAMS 0x0000000089400000, 0x0000000089300000| Complete 
| 148|0x0000000089400000, 0x0000000089500000, 0x0000000089500000|100%| O|  |TAMS 0x0000000089500000, 0x0000000089400000| Untracked 
| 149|0x0000000089500000, 0x0000000089600000, 0x0000000089600000|100%| O|  |TAMS 0x0000000089600000, 0x0000000089500000| Untracked 
| 150|0x0000000089600000, 0x0000000089700000, 0x0000000089700000|100%| O|  |TAMS 0x0000000089700000, 0x0000000089600000| Complete 
| 151|0x0000000089700000, 0x0000000089800000, 0x0000000089800000|100%| O|  |TAMS 0x0000000089800000, 0x0000000089700000| Complete 
| 152|0x0000000089800000, 0x0000000089900000, 0x0000000089900000|100%| O|  |TAMS 0x0000000089900000, 0x0000000089800000| Complete 
| 153|0x0000000089900000, 0x0000000089900000, 0x0000000089a00000|  0%| F|  |TAMS 0x0000000089900000, 0x0000000089900000| Untracked 
| 154|0x0000000089a00000, 0x0000000089b00000, 0x0000000089b00000|100%| O|  |TAMS 0x0000000089b00000, 0x0000000089a00000| Complete 
| 155|0x0000000089b00000, 0x0000000089c00000, 0x0000000089c00000|100%| O|  |TAMS 0x0000000089c00000, 0x0000000089b00000| Complete 
| 156|0x0000000089c00000, 0x0000000089d00000, 0x0000000089d00000|100%| O|  |TAMS 0x0000000089d00000, 0x0000000089c00000| Untracked 
| 157|0x0000000089d00000, 0x0000000089e00000, 0x0000000089e00000|100%| O|  |TAMS 0x0000000089e00000, 0x0000000089d00000| Untracked 
| 158|0x0000000089e00000, 0x0000000089f00000, 0x0000000089f00000|100%| O|  |TAMS 0x0000000089f00000, 0x0000000089e00000| Untracked 
| 159|0x0000000089f00000, 0x000000008a000000, 0x000000008a000000|100%| O|  |TAMS 0x000000008a000000, 0x0000000089f00000| Untracked 
| 160|0x000000008a000000, 0x000000008a100000, 0x000000008a100000|100%| O|  |TAMS 0x000000008a100000, 0x000000008a000000| Untracked 
| 161|0x000000008a100000, 0x000000008a200000, 0x000000008a200000|100%| O|  |TAMS 0x000000008a200000, 0x000000008a100000| Untracked 
| 162|0x000000008a200000, 0x000000008a300000, 0x000000008a300000|100%| O|  |TAMS 0x000000008a300000, 0x000000008a200000| Complete 
| 163|0x000000008a300000, 0x000000008a400000, 0x000000008a400000|100%| O|  |TAMS 0x000000008a400000, 0x000000008a300000| Untracked 
| 164|0x000000008a400000, 0x000000008a500000, 0x000000008a500000|100%| O|  |TAMS 0x000000008a500000, 0x000000008a400000| Complete 
| 165|0x000000008a500000, 0x000000008a600000, 0x000000008a600000|100%| O|  |TAMS 0x000000008a600000, 0x000000008a500000| Untracked 
| 166|0x000000008a600000, 0x000000008a700000, 0x000000008a700000|100%| O|  |TAMS 0x000000008a700000, 0x000000008a600000| Untracked 
| 167|0x000000008a700000, 0x000000008a800000, 0x000000008a800000|100%| O|  |TAMS 0x000000008a800000, 0x000000008a700000| Untracked 
| 168|0x000000008a800000, 0x000000008a900000, 0x000000008a900000|100%| O|  |TAMS 0x000000008a900000, 0x000000008a800000| Untracked 
| 169|0x000000008a900000, 0x000000008aa00000, 0x000000008aa00000|100%| O|  |TAMS 0x000000008aa00000, 0x000000008a900000| Untracked 
| 170|0x000000008aa00000, 0x000000008ab00000, 0x000000008ab00000|100%| O|  |TAMS 0x000000008ab00000, 0x000000008aa00000| Untracked 
| 171|0x000000008ab00000, 0x000000008ac00000, 0x000000008ac00000|100%| O|  |TAMS 0x000000008ac00000, 0x000000008ab00000| Untracked 
| 172|0x000000008ac00000, 0x000000008ad00000, 0x000000008ad00000|100%| O|  |TAMS 0x000000008ad00000, 0x000000008ac00000| Untracked 
| 173|0x000000008ad00000, 0x000000008ae00000, 0x000000008ae00000|100%| O|  |TAMS 0x000000008ae00000, 0x000000008ad00000| Untracked 
| 174|0x000000008ae00000, 0x000000008af00000, 0x000000008af00000|100%| O|  |TAMS 0x000000008af00000, 0x000000008ae00000| Untracked 
| 175|0x000000008af00000, 0x000000008b000000, 0x000000008b000000|100%| O|  |TAMS 0x000000008b000000, 0x000000008af00000| Untracked 
| 176|0x000000008b000000, 0x000000008b100000, 0x000000008b100000|100%| O|  |TAMS 0x000000008b100000, 0x000000008b000000| Untracked 
| 177|0x000000008b100000, 0x000000008b200000, 0x000000008b200000|100%| O|  |TAMS 0x000000008b200000, 0x000000008b100000| Untracked 
| 178|0x000000008b200000, 0x000000008b300000, 0x000000008b300000|100%| O|  |TAMS 0x000000008b300000, 0x000000008b200000| Untracked 
| 179|0x000000008b300000, 0x000000008b400000, 0x000000008b400000|100%| O|  |TAMS 0x000000008b400000, 0x000000008b300000| Untracked 
| 180|0x000000008b400000, 0x000000008b500000, 0x000000008b500000|100%| O|  |TAMS 0x000000008b500000, 0x000000008b400000| Untracked 
| 181|0x000000008b500000, 0x000000008b600000, 0x000000008b600000|100%| O|  |TAMS 0x000000008b600000, 0x000000008b500000| Untracked 
| 182|0x000000008b600000, 0x000000008b700000, 0x000000008b700000|100%| O|  |TAMS 0x000000008b700000, 0x000000008b600000| Untracked 
| 183|0x000000008b700000, 0x000000008b800000, 0x000000008b800000|100%| O|  |TAMS 0x000000008b800000, 0x000000008b700000| Complete 
| 184|0x000000008b800000, 0x000000008b900000, 0x000000008b900000|100%|HS|  |TAMS 0x000000008b900000, 0x000000008b800000| Complete 
| 185|0x000000008b900000, 0x000000008ba00000, 0x000000008ba00000|100%| O|  |TAMS 0x000000008ba00000, 0x000000008b900000| Untracked 
| 186|0x000000008ba00000, 0x000000008bb00000, 0x000000008bb00000|100%| O|  |TAMS 0x000000008bb00000, 0x000000008ba00000| Untracked 
| 187|0x000000008bb00000, 0x000000008bc00000, 0x000000008bc00000|100%| O|  |TAMS 0x000000008bc00000, 0x000000008bb00000| Untracked 
| 188|0x000000008bc00000, 0x000000008bd00000, 0x000000008bd00000|100%| O|  |TAMS 0x000000008bd00000, 0x000000008bc00000| Untracked 
| 189|0x000000008bd00000, 0x000000008be00000, 0x000000008be00000|100%| O|  |TAMS 0x000000008be00000, 0x000000008bd00000| Untracked 
| 190|0x000000008be00000, 0x000000008bf00000, 0x000000008bf00000|100%| O|  |TAMS 0x000000008bf00000, 0x000000008be00000| Untracked 
| 191|0x000000008bf00000, 0x000000008c000000, 0x000000008c000000|100%| O|  |TAMS 0x000000008c000000, 0x000000008bf00000| Untracked 
| 192|0x000000008c000000, 0x000000008c100000, 0x000000008c100000|100%| O|  |TAMS 0x000000008c100000, 0x000000008c000000| Untracked 
| 193|0x000000008c100000, 0x000000008c200000, 0x000000008c200000|100%| O|  |TAMS 0x000000008c200000, 0x000000008c100000| Untracked 
| 194|0x000000008c200000, 0x000000008c300000, 0x000000008c300000|100%| O|  |TAMS 0x000000008c300000, 0x000000008c200000| Untracked 
| 195|0x000000008c300000, 0x000000008c400000, 0x000000008c400000|100%| O|  |TAMS 0x000000008c400000, 0x000000008c300000| Untracked 
| 196|0x000000008c400000, 0x000000008c500000, 0x000000008c500000|100%| O|  |TAMS 0x000000008c500000, 0x000000008c400000| Untracked 
| 197|0x000000008c500000, 0x000000008c600000, 0x000000008c600000|100%| O|  |TAMS 0x000000008c600000, 0x000000008c500000| Untracked 
| 198|0x000000008c600000, 0x000000008c700000, 0x000000008c700000|100%| O|  |TAMS 0x000000008c700000, 0x000000008c600000| Untracked 
| 199|0x000000008c700000, 0x000000008c800000, 0x000000008c800000|100%| O|  |TAMS 0x000000008c800000, 0x000000008c700000| Complete 
| 200|0x000000008c800000, 0x000000008c900000, 0x000000008c900000|100%| O|  |TAMS 0x000000008c900000, 0x000000008c800000| Complete 
| 201|0x000000008c900000, 0x000000008ca00000, 0x000000008ca00000|100%| O|  |TAMS 0x000000008ca00000, 0x000000008c900000| Complete 
| 202|0x000000008ca00000, 0x000000008cb00000, 0x000000008cb00000|100%| O|  |TAMS 0x000000008cb00000, 0x000000008ca00000| Untracked 
| 203|0x000000008cb00000, 0x000000008cc00000, 0x000000008cc00000|100%| O|  |TAMS 0x000000008cc00000, 0x000000008cb00000| Untracked 
| 204|0x000000008cc00000, 0x000000008cd00000, 0x000000008cd00000|100%| O|  |TAMS 0x000000008cd00000, 0x000000008cc00000| Untracked 
| 205|0x000000008cd00000, 0x000000008ce00000, 0x000000008ce00000|100%| O|  |TAMS 0x000000008ce00000, 0x000000008cd00000| Untracked 
| 206|0x000000008ce00000, 0x000000008cf00000, 0x000000008cf00000|100%| O|  |TAMS 0x000000008cf00000, 0x000000008ce00000| Untracked 
| 207|0x000000008cf00000, 0x000000008d000000, 0x000000008d000000|100%| O|  |TAMS 0x000000008d000000, 0x000000008cf00000| Untracked 
| 208|0x000000008d000000, 0x000000008d100000, 0x000000008d100000|100%| O|  |TAMS 0x000000008d100000, 0x000000008d000000| Complete 
| 209|0x000000008d100000, 0x000000008d200000, 0x000000008d200000|100%| O|  |TAMS 0x000000008d200000, 0x000000008d100000| Complete 
| 210|0x000000008d200000, 0x000000008d300000, 0x000000008d300000|100%| O|  |TAMS 0x000000008d300000, 0x000000008d200000| Untracked 
| 211|0x000000008d300000, 0x000000008d400000, 0x000000008d400000|100%| O|  |TAMS 0x000000008d300000, 0x000000008d300000| Untracked 
| 212|0x000000008d400000, 0x000000008d500000, 0x000000008d500000|100%| O|  |TAMS 0x000000008d400000, 0x000000008d400000| Untracked 
| 213|0x000000008d500000, 0x000000008d600000, 0x000000008d600000|100%| O|  |TAMS 0x000000008d600000, 0x000000008d500000| Untracked 
| 214|0x000000008d600000, 0x000000008d700000, 0x000000008d700000|100%| O|  |TAMS 0x000000008d700000, 0x000000008d600000| Untracked 
| 215|0x000000008d700000, 0x000000008d800000, 0x000000008d800000|100%| O|  |TAMS 0x000000008d800000, 0x000000008d700000| Untracked 
| 216|0x000000008d800000, 0x000000008d900000, 0x000000008d900000|100%| O|  |TAMS 0x000000008d900000, 0x000000008d800000| Complete 
| 217|0x000000008d900000, 0x000000008d900000, 0x000000008da00000|  0%| F|  |TAMS 0x000000008d900000, 0x000000008d900000| Untracked 
| 218|0x000000008da00000, 0x000000008da00000, 0x000000008db00000|  0%| F|  |TAMS 0x000000008da00000, 0x000000008da00000| Untracked 
| 219|0x000000008db00000, 0x000000008db00000, 0x000000008dc00000|  0%| F|  |TAMS 0x000000008db00000, 0x000000008db00000| Untracked 
| 220|0x000000008dc00000, 0x000000008dc00000, 0x000000008dd00000|  0%| F|  |TAMS 0x000000008dc00000, 0x000000008dc00000| Untracked 
| 221|0x000000008dd00000, 0x000000008dd00000, 0x000000008de00000|  0%| F|  |TAMS 0x000000008dd00000, 0x000000008dd00000| Untracked 
| 222|0x000000008de00000, 0x000000008de00000, 0x000000008df00000|  0%| F|  |TAMS 0x000000008de00000, 0x000000008de00000| Untracked 
| 223|0x000000008df00000, 0x000000008df00000, 0x000000008e000000|  0%| F|  |TAMS 0x000000008df00000, 0x000000008df00000| Untracked 
| 224|0x000000008e000000, 0x000000008e000000, 0x000000008e100000|  0%| F|  |TAMS 0x000000008e000000, 0x000000008e000000| Untracked 
| 225|0x000000008e100000, 0x000000008e100000, 0x000000008e200000|  0%| F|  |TAMS 0x000000008e100000, 0x000000008e100000| Untracked 
| 226|0x000000008e200000, 0x000000008e200000, 0x000000008e300000|  0%| F|  |TAMS 0x000000008e200000, 0x000000008e200000| Untracked 
| 227|0x000000008e300000, 0x000000008e300000, 0x000000008e400000|  0%| F|  |TAMS 0x000000008e300000, 0x000000008e300000| Untracked 
| 228|0x000000008e400000, 0x000000008e400000, 0x000000008e500000|  0%| F|  |TAMS 0x000000008e400000, 0x000000008e400000| Untracked 
| 229|0x000000008e500000, 0x000000008e500000, 0x000000008e600000|  0%| F|  |TAMS 0x000000008e500000, 0x000000008e500000| Untracked 
| 230|0x000000008e600000, 0x000000008e600000, 0x000000008e700000|  0%| F|  |TAMS 0x000000008e600000, 0x000000008e600000| Untracked 
| 231|0x000000008e700000, 0x000000008e700000, 0x000000008e800000|  0%| F|  |TAMS 0x000000008e700000, 0x000000008e700000| Untracked 
| 232|0x000000008e800000, 0x000000008e800000, 0x000000008e900000|  0%| F|  |TAMS 0x000000008e800000, 0x000000008e800000| Untracked 
| 233|0x000000008e900000, 0x000000008ea00000, 0x000000008ea00000|100%| O|  |TAMS 0x000000008e900000, 0x000000008e900000| Untracked 
| 234|0x000000008ea00000, 0x000000008eb00000, 0x000000008eb00000|100%| O|  |TAMS 0x000000008ea00000, 0x000000008ea00000| Untracked 
| 235|0x000000008eb00000, 0x000000008ebb7c00, 0x000000008ec00000| 71%| O|  |TAMS 0x000000008eb00000, 0x000000008eb00000| Untracked 
| 236|0x000000008ec00000, 0x000000008ec00000, 0x000000008ed00000|  0%| F|  |TAMS 0x000000008ec00000, 0x000000008ec00000| Untracked 
| 237|0x000000008ed00000, 0x000000008ed00000, 0x000000008ee00000|  0%| F|  |TAMS 0x000000008ed00000, 0x000000008ed00000| Untracked 
| 238|0x000000008ee00000, 0x000000008ee00000, 0x000000008ef00000|  0%| F|  |TAMS 0x000000008ee00000, 0x000000008ee00000| Untracked 
| 239|0x000000008ef00000, 0x000000008ef00000, 0x000000008f000000|  0%| F|  |TAMS 0x000000008ef00000, 0x000000008ef00000| Untracked 
| 240|0x000000008f000000, 0x000000008f000000, 0x000000008f100000|  0%| F|  |TAMS 0x000000008f000000, 0x000000008f000000| Untracked 
| 241|0x000000008f100000, 0x000000008f100000, 0x000000008f200000|  0%| F|  |TAMS 0x000000008f100000, 0x000000008f100000| Untracked 
| 242|0x000000008f200000, 0x000000008f200000, 0x000000008f300000|  0%| F|  |TAMS 0x000000008f200000, 0x000000008f200000| Untracked 
| 243|0x000000008f300000, 0x000000008f300000, 0x000000008f400000|  0%| F|  |TAMS 0x000000008f300000, 0x000000008f300000| Untracked 
| 244|0x000000008f400000, 0x000000008f400000, 0x000000008f500000|  0%| F|  |TAMS 0x000000008f400000, 0x000000008f400000| Untracked 
| 245|0x000000008f500000, 0x000000008f500000, 0x000000008f600000|  0%| F|  |TAMS 0x000000008f500000, 0x000000008f500000| Untracked 
| 246|0x000000008f600000, 0x000000008f600000, 0x000000008f700000|  0%| F|  |TAMS 0x000000008f600000, 0x000000008f600000| Untracked 
| 247|0x000000008f700000, 0x000000008f700000, 0x000000008f800000|  0%| F|  |TAMS 0x000000008f700000, 0x000000008f700000| Untracked 
| 248|0x000000008f800000, 0x000000008f800000, 0x000000008f900000|  0%| F|  |TAMS 0x000000008f800000, 0x000000008f800000| Untracked 
| 249|0x000000008f900000, 0x000000008f900000, 0x000000008fa00000|  0%| F|  |TAMS 0x000000008f900000, 0x000000008f900000| Untracked 
| 250|0x000000008fa00000, 0x000000008fa00000, 0x000000008fb00000|  0%| F|  |TAMS 0x000000008fa00000, 0x000000008fa00000| Untracked 
| 251|0x000000008fb00000, 0x000000008fb00000, 0x000000008fc00000|  0%| F|  |TAMS 0x000000008fb00000, 0x000000008fb00000| Untracked 
| 252|0x000000008fc00000, 0x000000008fc00000, 0x000000008fd00000|  0%| F|  |TAMS 0x000000008fc00000, 0x000000008fc00000| Untracked 
| 253|0x000000008fd00000, 0x000000008fd00000, 0x000000008fe00000|  0%| F|  |TAMS 0x000000008fd00000, 0x000000008fd00000| Untracked 
| 254|0x000000008fe00000, 0x000000008fe00000, 0x000000008ff00000|  0%| F|  |TAMS 0x000000008fe00000, 0x000000008fe00000| Untracked 
| 255|0x000000008ff00000, 0x000000008ff00000, 0x0000000090000000|  0%| F|  |TAMS 0x000000008ff00000, 0x000000008ff00000| Untracked 
| 256|0x0000000090000000, 0x0000000090000000, 0x0000000090100000|  0%| F|  |TAMS 0x0000000090000000, 0x0000000090000000| Untracked 
| 257|0x0000000090100000, 0x0000000090100000, 0x0000000090200000|  0%| F|  |TAMS 0x0000000090100000, 0x0000000090100000| Untracked 
| 258|0x0000000090200000, 0x0000000090200000, 0x0000000090300000|  0%| F|  |TAMS 0x0000000090200000, 0x0000000090200000| Untracked 
| 259|0x0000000090300000, 0x0000000090300000, 0x0000000090400000|  0%| F|  |TAMS 0x0000000090300000, 0x0000000090300000| Untracked 
| 260|0x0000000090400000, 0x0000000090400000, 0x0000000090500000|  0%| F|  |TAMS 0x0000000090400000, 0x0000000090400000| Untracked 
| 261|0x0000000090500000, 0x0000000090500000, 0x0000000090600000|  0%| F|  |TAMS 0x0000000090500000, 0x0000000090500000| Untracked 
| 262|0x0000000090600000, 0x0000000090600000, 0x0000000090700000|  0%| F|  |TAMS 0x0000000090600000, 0x0000000090600000| Untracked 
| 263|0x0000000090700000, 0x0000000090700000, 0x0000000090800000|  0%| F|  |TAMS 0x0000000090700000, 0x0000000090700000| Untracked 
| 264|0x0000000090800000, 0x0000000090800000, 0x0000000090900000|  0%| F|  |TAMS 0x0000000090800000, 0x0000000090800000| Untracked 
| 265|0x0000000090900000, 0x0000000090900000, 0x0000000090a00000|  0%| F|  |TAMS 0x0000000090900000, 0x0000000090900000| Untracked 
| 266|0x0000000090a00000, 0x0000000090a00000, 0x0000000090b00000|  0%| F|  |TAMS 0x0000000090a00000, 0x0000000090a00000| Untracked 
| 267|0x0000000090b00000, 0x0000000090b00000, 0x0000000090c00000|  0%| F|  |TAMS 0x0000000090b00000, 0x0000000090b00000| Untracked 
| 268|0x0000000090c00000, 0x0000000090c00000, 0x0000000090d00000|  0%| F|  |TAMS 0x0000000090c00000, 0x0000000090c00000| Untracked 
| 269|0x0000000090d00000, 0x0000000090e00000, 0x0000000090e00000|100%| S|CS|TAMS 0x0000000090d00000, 0x0000000090d00000| Complete 
| 270|0x0000000090e00000, 0x0000000090f00000, 0x0000000090f00000|100%| S|CS|TAMS 0x0000000090e00000, 0x0000000090e00000| Complete 
| 271|0x0000000090f00000, 0x0000000091000000, 0x0000000091000000|100%| S|CS|TAMS 0x0000000090f00000, 0x0000000090f00000| Complete 
| 272|0x0000000091000000, 0x0000000091100000, 0x0000000091100000|100%| S|CS|TAMS 0x0000000091000000, 0x0000000091000000| Complete 
| 273|0x0000000091100000, 0x0000000091200000, 0x0000000091200000|100%| S|CS|TAMS 0x0000000091100000, 0x0000000091100000| Complete 
| 274|0x0000000091200000, 0x0000000091200000, 0x0000000091300000|  0%| F|  |TAMS 0x0000000091200000, 0x0000000091200000| Untracked 
| 275|0x0000000091300000, 0x0000000091300000, 0x0000000091400000|  0%| F|  |TAMS 0x0000000091300000, 0x0000000091300000| Untracked 
| 276|0x0000000091400000, 0x0000000091400000, 0x0000000091500000|  0%| F|  |TAMS 0x0000000091400000, 0x0000000091400000| Untracked 
| 277|0x0000000091500000, 0x0000000091500000, 0x0000000091600000|  0%| F|  |TAMS 0x0000000091500000, 0x0000000091500000| Untracked 
| 278|0x0000000091600000, 0x0000000091600000, 0x0000000091700000|  0%| F|  |TAMS 0x0000000091600000, 0x0000000091600000| Untracked 
| 279|0x0000000091700000, 0x0000000091700000, 0x0000000091800000|  0%| F|  |TAMS 0x0000000091700000, 0x0000000091700000| Untracked 
| 280|0x0000000091800000, 0x0000000091800000, 0x0000000091900000|  0%| F|  |TAMS 0x0000000091800000, 0x0000000091800000| Untracked 
| 281|0x0000000091900000, 0x0000000091900000, 0x0000000091a00000|  0%| F|  |TAMS 0x0000000091900000, 0x0000000091900000| Untracked 
| 282|0x0000000091a00000, 0x0000000091a00000, 0x0000000091b00000|  0%| F|  |TAMS 0x0000000091a00000, 0x0000000091a00000| Untracked 
| 283|0x0000000091b00000, 0x0000000091b00000, 0x0000000091c00000|  0%| F|  |TAMS 0x0000000091b00000, 0x0000000091b00000| Untracked 
| 284|0x0000000091c00000, 0x0000000091c00000, 0x0000000091d00000|  0%| F|  |TAMS 0x0000000091c00000, 0x0000000091c00000| Untracked 
| 285|0x0000000091d00000, 0x0000000091d00000, 0x0000000091e00000|  0%| F|  |TAMS 0x0000000091d00000, 0x0000000091d00000| Untracked 
| 286|0x0000000091e00000, 0x0000000091e00000, 0x0000000091f00000|  0%| F|  |TAMS 0x0000000091e00000, 0x0000000091e00000| Untracked 
| 287|0x0000000091f00000, 0x0000000091f00000, 0x0000000092000000|  0%| F|  |TAMS 0x0000000091f00000, 0x0000000091f00000| Untracked 
| 288|0x0000000092000000, 0x0000000092000000, 0x0000000092100000|  0%| F|  |TAMS 0x0000000092000000, 0x0000000092000000| Untracked 
| 289|0x0000000092100000, 0x0000000092100000, 0x0000000092200000|  0%| F|  |TAMS 0x0000000092100000, 0x0000000092100000| Untracked 
| 290|0x0000000092200000, 0x0000000092200000, 0x0000000092300000|  0%| F|  |TAMS 0x0000000092200000, 0x0000000092200000| Untracked 
| 291|0x0000000092300000, 0x0000000092300000, 0x0000000092400000|  0%| F|  |TAMS 0x0000000092300000, 0x0000000092300000| Untracked 
| 292|0x0000000092400000, 0x0000000092400000, 0x0000000092500000|  0%| F|  |TAMS 0x0000000092400000, 0x0000000092400000| Untracked 
| 293|0x0000000092500000, 0x0000000092500000, 0x0000000092600000|  0%| F|  |TAMS 0x0000000092500000, 0x0000000092500000| Untracked 
| 294|0x0000000092600000, 0x0000000092600000, 0x0000000092700000|  0%| F|  |TAMS 0x0000000092600000, 0x0000000092600000| Untracked 
| 295|0x0000000092700000, 0x0000000092700000, 0x0000000092800000|  0%| F|  |TAMS 0x0000000092700000, 0x0000000092700000| Untracked 
| 296|0x0000000092800000, 0x0000000092800000, 0x0000000092900000|  0%| F|  |TAMS 0x0000000092800000, 0x0000000092800000| Untracked 
| 297|0x0000000092900000, 0x0000000092900000, 0x0000000092a00000|  0%| F|  |TAMS 0x0000000092900000, 0x0000000092900000| Untracked 
| 298|0x0000000092a00000, 0x0000000092a00000, 0x0000000092b00000|  0%| F|  |TAMS 0x0000000092a00000, 0x0000000092a00000| Untracked 
| 299|0x0000000092b00000, 0x0000000092b00000, 0x0000000092c00000|  0%| F|  |TAMS 0x0000000092b00000, 0x0000000092b00000| Untracked 
| 300|0x0000000092c00000, 0x0000000092c00000, 0x0000000092d00000|  0%| F|  |TAMS 0x0000000092c00000, 0x0000000092c00000| Untracked 
| 301|0x0000000092d00000, 0x0000000092d00000, 0x0000000092e00000|  0%| F|  |TAMS 0x0000000092d00000, 0x0000000092d00000| Untracked 
| 302|0x0000000092e00000, 0x0000000092e00000, 0x0000000092f00000|  0%| F|  |TAMS 0x0000000092e00000, 0x0000000092e00000| Untracked 
| 303|0x0000000092f00000, 0x0000000092f00000, 0x0000000093000000|  0%| F|  |TAMS 0x0000000092f00000, 0x0000000092f00000| Untracked 
| 304|0x0000000093000000, 0x0000000093000000, 0x0000000093100000|  0%| F|  |TAMS 0x0000000093000000, 0x0000000093000000| Untracked 
| 305|0x0000000093100000, 0x0000000093100000, 0x0000000093200000|  0%| F|  |TAMS 0x0000000093100000, 0x0000000093100000| Untracked 
| 306|0x0000000093200000, 0x0000000093200000, 0x0000000093300000|  0%| F|  |TAMS 0x0000000093200000, 0x0000000093200000| Untracked 
| 307|0x0000000093300000, 0x0000000093331ac0, 0x0000000093400000| 19%| E|  |TAMS 0x0000000093300000, 0x0000000093300000| Complete 
| 308|0x0000000093400000, 0x0000000093500000, 0x0000000093500000|100%| E|CS|TAMS 0x0000000093400000, 0x0000000093400000| Complete 
| 309|0x0000000093500000, 0x0000000093600000, 0x0000000093600000|100%| E|CS|TAMS 0x0000000093500000, 0x0000000093500000| Complete 

Card table byte_map: [0x0000028e17b70000,0x0000028e17f70000] _byte_map_base: 0x0000028e17770000

Marking Bits (Prev, Next): (CMBitMap*) 0x0000028e04c90d20, (CMBitMap*) 0x0000028e04c90ce8
 Prev Bits: [0x0000028e1a370000, 0x0000028e1c370000)
 Next Bits: [0x0000028e18370000, 0x0000028e1a370000)

Polling page: 0x0000028e02b00000

Metaspace:

Usage:
  Non-class:    104.12 MB capacity,   102.25 MB ( 98%) used,     1.53 MB (  1%) free+waste,   346.75 KB ( <1%) overhead. 
      Class:     15.76 MB capacity,    14.67 MB ( 93%) used,   961.41 KB (  6%) free+waste,   153.69 KB ( <1%) overhead. 
       Both:    119.88 MB capacity,   116.92 MB ( 98%) used,     2.47 MB (  2%) free+waste,   500.44 KB ( <1%) overhead. 

Virtual space:
  Non-class space:      106.00 MB reserved,     104.25 MB ( 98%) committed 
      Class space:        1.00 GB reserved,      15.88 MB (  2%) committed 
             Both:        1.10 GB reserved,     120.13 MB ( 11%) committed 

Chunk freelists:
   Non-Class:  6.00 KB
       Class:  21.00 KB
        Both:  27.00 KB

MaxMetaspaceSize: 17179869184.00 GB
CompressedClassSpaceSize: 1.00 GB
Initial GC threshold: 20.80 MB
Current GC threshold: 199.17 MB
CDS: off

CodeHeap 'non-profiled nmethods': size=120064Kb used=10505Kb max_used=10505Kb free=109558Kb
 bounds [0x0000028e10230000, 0x0000028e10c80000, 0x0000028e17770000]
CodeHeap 'profiled nmethods': size=120000Kb used=37066Kb max_used=37066Kb free=82933Kb
 bounds [0x0000028e08d00000, 0x0000028e0b140000, 0x0000028e10230000]
CodeHeap 'non-nmethods': size=5696Kb used=2455Kb max_used=2515Kb free=3240Kb
 bounds [0x0000028e08770000, 0x0000028e089f0000, 0x0000028e08d00000]
 total_blobs=17600 nmethods=16609 adapters=903
 compilation: enabled
              stopped_count=0, restarted_count=0
 full_count=0

Compilation events (20 events):
Event: 1521.833 Thread 0x0000028e1e881000 nmethod 16841 0x0000028e0b120c10 code [0x0000028e0b120dc0, 0x0000028e0b120ee8]
Event: 1521.833 Thread 0x0000028e1e881000 16842       2       com.google.common.collect.ImmutableList::listIterator (6 bytes)
Event: 1521.833 Thread 0x0000028e1e881000 nmethod 16842 0x0000028e0b120f90 code [0x0000028e0b121140, 0x0000028e0b121268]
Event: 1521.833 Thread 0x0000028e1e881000 16843       1       java.io.ObjectOutputStream$HandleTable::size (5 bytes)
Event: 1521.833 Thread 0x0000028e1e881000 nmethod 16843 0x0000028e10c6d690 code [0x0000028e10c6d840, 0x0000028e10c6d8f8]
Event: 1521.834 Thread 0x0000028e1e881000 16845       2       java.io.ObjectOutputStream$BlockDataOutputStream::writeChar (47 bytes)
Event: 1521.834 Thread 0x0000028e1e881000 nmethod 16845 0x0000028e0b121310 code [0x0000028e0b1214e0, 0x0000028e0b1216f8]
Event: 1521.834 Thread 0x0000028e1e881000 16846       2       java.io.ObjectInputStream$GetFieldImpl::get (67 bytes)
Event: 1521.835 Thread 0x0000028e1e881000 nmethod 16846 0x0000028e0b121890 code [0x0000028e0b121a80, 0x0000028e0b121d58]
Event: 1521.836 Thread 0x0000028e1e881000 16847 %     3       java.security.AccessControlContext::combine @ 104 (205 bytes)
Event: 1521.837 Thread 0x0000028e1e881000 nmethod 16847% 0x0000028e0b122010 code [0x0000028e0b122260, 0x0000028e0b122f58]
Event: 1521.842 Thread 0x0000028e1e881000 16848       2       java.util.HashMap::writeObject (28 bytes)
Event: 1521.843 Thread 0x0000028e1e881000 nmethod 16848 0x0000028e0b123310 code [0x0000028e0b123500, 0x0000028e0b1236f8]
Event: 1521.853 Thread 0x0000028e1e881000 16850 %     3       java.util.LinkedHashMap::internalWriteEntries @ 5 (34 bytes)
Event: 1521.853 Thread 0x0000028e1e881000 nmethod 16850% 0x0000028e0b123910 code [0x0000028e0b123ae0, 0x0000028e0b123d78]
Event: 1521.855 Thread 0x0000028e1e881000 16851   !   2       jdk.internal.reflect.GeneratedMethodAccessor73::invoke (66 bytes)
Event: 1521.856 Thread 0x0000028e1e881000 nmethod 16851 0x0000028e0b123e90 code [0x0000028e0b1240e0, 0x0000028e0b124698]
Event: 1521.861 Thread 0x0000028e1e881000 16852 %     3       java.io.ObjectInputStream$BlockDataInputStream::readFully @ 0 (42 bytes)
Event: 1521.861 Thread 0x0000028e1e881000 nmethod 16852% 0x0000028e0b124b90 code [0x0000028e0b124d80, 0x0000028e0b125118]
Event: 1521.865 Thread 0x0000028e1e881000 16853       2       java.io.ObjectStreamField::getType (39 bytes)

GC Heap History (20 events):
Event: 31.797 GC heap before
{Heap before GC invocations=46 (full 0):
 garbage-first heap   total 264192K, used 212509K [0x0000000080000000, 0x0000000100000000)
  region size 1024K, 60 young (61440K), 7 survivors (7168K)
 Metaspace       used 106972K, capacity 109515K, committed 109696K, reserved 1144832K
  class space    used 13693K, capacity 14645K, committed 14720K, reserved 1048576K
}
Event: 31.817 GC heap after
{Heap after GC invocations=47 (full 0):
 garbage-first heap   total 264192K, used 160003K [0x0000000080000000, 0x0000000100000000)
  region size 1024K, 5 young (5120K), 5 survivors (5120K)
 Metaspace       used 106972K, capacity 109515K, committed 109696K, reserved 1144832K
  class space    used 13693K, capacity 14645K, committed 14720K, reserved 1048576K
}
Event: 108.998 GC heap before
{Heap before GC invocations=48 (full 0):
 garbage-first heap   total 264192K, used 215299K [0x0000000080000000, 0x0000000100000000)
  region size 1024K, 59 young (60416K), 5 survivors (5120K)
 Metaspace       used 110408K, capacity 113169K, committed 113280K, reserved 1146880K
  class space    used 14100K, capacity 15129K, committed 15232K, reserved 1048576K
}
Event: 109.020 GC heap after
{Heap after GC invocations=49 (full 0):
 garbage-first heap   total 317440K, used 163638K [0x0000000080000000, 0x0000000100000000)
  region size 1024K, 6 young (6144K), 6 survivors (6144K)
 Metaspace       used 110408K, capacity 113169K, committed 113280K, reserved 1146880K
  class space    used 14100K, capacity 15129K, committed 15232K, reserved 1048576K
}
Event: 1508.800 GC heap before
{Heap before GC invocations=49 (full 0):
 garbage-first heap   total 317440K, used 237366K [0x0000000080000000, 0x0000000100000000)
  region size 1024K, 79 young (80896K), 6 survivors (6144K)
 Metaspace       used 111909K, capacity 114811K, committed 114944K, reserved 1148928K
  class space    used 14206K, capacity 15250K, committed 15360K, reserved 1048576K
}
Event: 1508.875 GC heap after
{Heap after GC invocations=50 (full 0):
 garbage-first heap   total 317440K, used 169269K [0x0000000080000000, 0x0000000100000000)
  region size 1024K, 10 young (10240K), 10 survivors (10240K)
 Metaspace       used 111909K, capacity 114811K, committed 114944K, reserved 1148928K
  class space    used 14206K, capacity 15250K, committed 15360K, reserved 1048576K
}
Event: 1513.018 GC heap before
{Heap before GC invocations=51 (full 0):
 garbage-first heap   total 317440K, used 227637K [0x0000000080000000, 0x0000000100000000)
  region size 1024K, 69 young (70656K), 10 survivors (10240K)
 Metaspace       used 114386K, capacity 117395K, committed 117504K, reserved 1150976K
  class space    used 14497K, capacity 15560K, committed 15616K, reserved 1048576K
}
Event: 1513.065 GC heap after
{Heap after GC invocations=52 (full 0):
 garbage-first heap   total 317440K, used 174021K [0x0000000080000000, 0x0000000100000000)
  region size 1024K, 5 young (5120K), 5 survivors (5120K)
 Metaspace       used 114386K, capacity 117395K, committed 117504K, reserved 1150976K
  class space    used 14497K, capacity 15560K, committed 15616K, reserved 1048576K
}
Event: 1515.457 GC heap before
{Heap before GC invocations=53 (full 0):
 garbage-first heap   total 317440K, used 241605K [0x0000000080000000, 0x0000000100000000)
  region size 1024K, 71 young (72704K), 5 survivors (5120K)
 Metaspace       used 115799K, capacity 118806K, committed 118912K, reserved 1153024K
  class space    used 14626K, capacity 15712K, committed 15744K, reserved 1048576K
}
Event: 1515.611 GC heap after
{Heap after GC invocations=54 (full 0):
 garbage-first heap   total 317440K, used 196608K [0x0000000080000000, 0x0000000100000000)
  region size 1024K, 10 young (10240K), 10 survivors (10240K)
 Metaspace       used 115799K, capacity 118806K, committed 118912K, reserved 1153024K
  class space    used 14626K, capacity 15712K, committed 15744K, reserved 1048576K
}
Event: 1517.809 GC heap before
{Heap before GC invocations=55 (full 0):
 garbage-first heap   total 317440K, used 257024K [0x0000000080000000, 0x0000000100000000)
  region size 1024K, 67 young (68608K), 10 survivors (10240K)
 Metaspace       used 116698K, capacity 119716K, committed 119808K, reserved 1153024K
  class space    used 14700K, capacity 15799K, committed 15872K, reserved 1048576K
}
Event: 1517.866 GC heap after
{Heap after GC invocations=56 (full 0):
 garbage-first heap   total 317440K, used 213504K [0x0000000080000000, 0x0000000100000000)
  region size 1024K, 9 young (9216K), 9 survivors (9216K)
 Metaspace       used 116698K, capacity 119716K, committed 119808K, reserved 1153024K
  class space    used 14700K, capacity 15799K, committed 15872K, reserved 1048576K
}
Event: 1517.876 GC heap before
{Heap before GC invocations=56 (full 0):
 garbage-first heap   total 317440K, used 213504K [0x0000000080000000, 0x0000000100000000)
  region size 1024K, 10 young (10240K), 9 survivors (9216K)
 Metaspace       used 116698K, capacity 119716K, committed 119808K, reserved 1153024K
  class space    used 14700K, capacity 15799K, committed 15872K, reserved 1048576K
}
Event: 1517.902 GC heap after
{Heap after GC invocations=57 (full 0):
 garbage-first heap   total 317440K, used 216004K [0x0000000080000000, 0x0000000100000000)
  region size 1024K, 2 young (2048K), 2 survivors (2048K)
 Metaspace       used 116698K, capacity 119716K, committed 119808K, reserved 1153024K
  class space    used 14700K, capacity 15799K, committed 15872K, reserved 1048576K
}
Event: 1519.568 GC heap before
{Heap before GC invocations=58 (full 0):
 garbage-first heap   total 317440K, used 254916K [0x0000000080000000, 0x0000000100000000)
  region size 1024K, 32 young (32768K), 2 survivors (2048K)
 Metaspace       used 118669K, capacity 121703K, committed 121856K, reserved 1155072K
  class space    used 14948K, capacity 16056K, committed 16128K, reserved 1048576K
}
Event: 1519.586 GC heap after
{Heap after GC invocations=59 (full 0):
 garbage-first heap   total 317440K, used 221184K [0x0000000080000000, 0x0000000100000000)
  region size 1024K, 4 young (4096K), 4 survivors (4096K)
 Metaspace       used 118669K, capacity 121703K, committed 121856K, reserved 1155072K
  class space    used 14948K, capacity 16056K, committed 16128K, reserved 1048576K
}
Event: 1520.327 GC heap before
{Heap before GC invocations=59 (full 0):
 garbage-first heap   total 317440K, used 232448K [0x0000000080000000, 0x0000000100000000)
  region size 1024K, 15 young (15360K), 4 survivors (4096K)
 Metaspace       used 118843K, capacity 121870K, committed 122112K, reserved 1155072K
  class space    used 14957K, capacity 16090K, committed 16128K, reserved 1048576K
}
Event: 1520.342 GC heap after
{Heap after GC invocations=60 (full 0):
 garbage-first heap   total 317440K, used 220223K [0x0000000080000000, 0x0000000100000000)
  region size 1024K, 1 young (1024K), 1 survivors (1024K)
 Metaspace       used 118843K, capacity 121870K, committed 122112K, reserved 1155072K
  class space    used 14957K, capacity 16090K, committed 16128K, reserved 1048576K
}
Event: 1520.844 GC heap before
{Heap before GC invocations=60 (full 0):
 garbage-first heap   total 317440K, used 231487K [0x0000000080000000, 0x0000000100000000)
  region size 1024K, 13 young (13312K), 1 survivors (1024K)
 Metaspace       used 118941K, capacity 121934K, committed 122112K, reserved 1155072K
  class space    used 14966K, capacity 16090K, committed 16128K, reserved 1048576K
}
Event: 1520.856 GC heap after
{Heap after GC invocations=61 (full 0):
 garbage-first heap   total 317440K, used 225470K [0x0000000080000000, 0x0000000100000000)
  region size 1024K, 5 young (5120K), 5 survivors (5120K)
 Metaspace       used 118941K, capacity 121934K, committed 122112K, reserved 1155072K
  class space    used 14966K, capacity 16090K, committed 16128K, reserved 1048576K
}

Deoptimization events (20 events):
Event: 1521.494 Thread 0x0000028e264fe000 DEOPT PACKING pc=0x0000028e10ba1c8c sp=0x000000e0f92f8060
Event: 1521.494 Thread 0x0000028e264fe000 DEOPT UNPACKING pc=0x0000028e087ba1af sp=0x000000e0f92f8000 mode 2
Event: 1521.576 Thread 0x0000028e264fe000 Uncommon trap: trap_request=0xffffffde fr.pc=0x0000028e10a898c8 relative=0x0000000000004748
Event: 1521.576 Thread 0x0000028e26508800 Uncommon trap: trap_request=0xffffffde fr.pc=0x0000028e10a0de20 relative=0x0000000000000a20
Event: 1521.576 Thread 0x0000028e264fe000 Uncommon trap: reason=class_check action=maybe_recompile pc=0x0000028e10a898c8 method=org.gradle.internal.snapshot.impl.AbstractValueProcessor.processValue(Ljava/lang/Object;Lorg/gradle/internal/snapshot/impl/AbstractValueProcessor$ValueVisitor;)Ljava/lan
Event: 1521.576 Thread 0x0000028e26508800 Uncommon trap: reason=class_check action=maybe_recompile pc=0x0000028e10a0de20 method=org.gradle.tooling.internal.provider.runner.ClientBuildEventGenerator.started(Lorg/gradle/internal/operations/BuildOperationDescriptor;Lorg/gradle/internal/operations/Op
Event: 1521.576 Thread 0x0000028e264fe000 DEOPT PACKING pc=0x0000028e10a898c8 sp=0x000000e0f92fa4e0
Event: 1521.576 Thread 0x0000028e264fe000 DEOPT UNPACKING pc=0x0000028e087ba1af sp=0x000000e0f92fa4e0 mode 2
Event: 1521.576 Thread 0x0000028e26508800 DEOPT PACKING pc=0x0000028e10a0de20 sp=0x000000e0f94fdd90
Event: 1521.576 Thread 0x0000028e26508800 DEOPT UNPACKING pc=0x0000028e087ba1af sp=0x000000e0f94fdd38 mode 2
Event: 1521.584 Thread 0x0000028e26508800 Uncommon trap: trap_request=0xffffffde fr.pc=0x0000028e10a0de20 relative=0x0000000000000a20
Event: 1521.584 Thread 0x0000028e26508800 Uncommon trap: reason=class_check action=maybe_recompile pc=0x0000028e10a0de20 method=org.gradle.tooling.internal.provider.runner.ClientBuildEventGenerator.started(Lorg/gradle/internal/operations/BuildOperationDescriptor;Lorg/gradle/internal/operations/Op
Event: 1521.584 Thread 0x0000028e26508800 DEOPT PACKING pc=0x0000028e10a0de20 sp=0x000000e0f94fdd90
Event: 1521.584 Thread 0x0000028e26508800 DEOPT UNPACKING pc=0x0000028e087ba1af sp=0x000000e0f94fdd38 mode 2
Event: 1521.632 Thread 0x0000028e26508800 DEOPT PACKING pc=0x0000028e0b0de77a sp=0x000000e0f94fc000
Event: 1521.632 Thread 0x0000028e26508800 DEOPT UNPACKING pc=0x0000028e087ba95e sp=0x000000e0f94fb4e0 mode 0
Event: 1521.804 Thread 0x0000028e26508800 DEOPT PACKING pc=0x0000028e0b0ce38a sp=0x000000e0f94fc7c0
Event: 1521.804 Thread 0x0000028e26508800 DEOPT UNPACKING pc=0x0000028e087ba95e sp=0x000000e0f94fbd10 mode 0
Event: 1521.823 Thread 0x0000028e264fe000 DEOPT PACKING pc=0x0000028e0b0cc10c sp=0x000000e0f92f9750
Event: 1521.823 Thread 0x0000028e264fe000 DEOPT UNPACKING pc=0x0000028e087ba95e sp=0x000000e0f92f8bf8 mode 0

Classes redefined (0 events):
No events

Internal exceptions (20 events):
Event: 1516.986 Thread 0x0000028e264fe000 Exception <a 'java/lang/NoSuchMethodError'{0x000000009054bb60}: <clinit>> (0x000000009054bb60) thrown at [./src/hotspot/share/prims/jni.cpp, line 1366]
Event: 1516.988 Thread 0x0000028e264fe000 Exception <a 'java/lang/NoSuchMethodError'{0x000000009055be20}: <clinit>> (0x000000009055be20) thrown at [./src/hotspot/share/prims/jni.cpp, line 1366]
Event: 1517.001 Thread 0x0000028e264fe000 Exception <a 'java/lang/NoSuchMethodError'{0x000000009044c888}: <clinit>> (0x000000009044c888) thrown at [./src/hotspot/share/prims/jni.cpp, line 1366]
Event: 1517.001 Thread 0x0000028e264fe000 Exception <a 'java/lang/NoSuchMethodError'{0x000000009044f450}: <clinit>> (0x000000009044f450) thrown at [./src/hotspot/share/prims/jni.cpp, line 1366]
Event: 1517.001 Thread 0x0000028e264fe000 Exception <a 'java/lang/NoSuchMethodError'{0x0000000090453e30}: <clinit>> (0x0000000090453e30) thrown at [./src/hotspot/share/prims/jni.cpp, line 1366]
Event: 1517.002 Thread 0x0000028e264fe000 Exception <a 'java/lang/NoSuchMethodError'{0x000000009045f5d0}: <clinit>> (0x000000009045f5d0) thrown at [./src/hotspot/share/prims/jni.cpp, line 1366]
Event: 1517.009 Thread 0x0000028e264fe000 Exception <a 'java/lang/NoSuchMethodError'{0x00000000904b6f48}: <clinit>> (0x00000000904b6f48) thrown at [./src/hotspot/share/prims/jni.cpp, line 1366]
Event: 1517.014 Thread 0x0000028e264fe000 Exception <a 'java/lang/NoSuchMethodError'{0x00000000904e8b20}: <clinit>> (0x00000000904e8b20) thrown at [./src/hotspot/share/prims/jni.cpp, line 1366]
Event: 1517.014 Thread 0x0000028e264fe000 Exception <a 'java/lang/NoSuchMethodError'{0x00000000904ebf88}: <clinit>> (0x00000000904ebf88) thrown at [./src/hotspot/share/prims/jni.cpp, line 1366]
Event: 1517.015 Thread 0x0000028e264fe000 Exception <a 'java/lang/NoSuchMethodError'{0x00000000904eebf8}: <clinit>> (0x00000000904eebf8) thrown at [./src/hotspot/share/prims/jni.cpp, line 1366]
Event: 1517.016 Thread 0x0000028e264fe000 Exception <a 'java/lang/NoSuchMethodError'{0x00000000903070f0}: <clinit>> (0x00000000903070f0) thrown at [./src/hotspot/share/prims/jni.cpp, line 1366]
Event: 1517.020 Thread 0x0000028e264fe000 Exception <a 'java/lang/NoSuchMethodError'{0x000000009031e410}: <clinit>> (0x000000009031e410) thrown at [./src/hotspot/share/prims/jni.cpp, line 1366]
Event: 1517.022 Thread 0x0000028e264fe000 Exception <a 'java/lang/NoSuchMethodError'{0x0000000090332e90}: <clinit>> (0x0000000090332e90) thrown at [./src/hotspot/share/prims/jni.cpp, line 1366]
Event: 1517.026 Thread 0x0000028e264fe000 Exception <a 'java/lang/NoSuchMethodError'{0x00000000903558a8}: <clinit>> (0x00000000903558a8) thrown at [./src/hotspot/share/prims/jni.cpp, line 1366]
Event: 1517.029 Thread 0x0000028e264fe000 Exception <a 'java/lang/NoSuchMethodError'{0x000000009037aab0}: <clinit>> (0x000000009037aab0) thrown at [./src/hotspot/share/prims/jni.cpp, line 1366]
Event: 1517.032 Thread 0x0000028e264fe000 Exception <a 'java/lang/NoSuchMethodError'{0x0000000090390b58}: <clinit>> (0x0000000090390b58) thrown at [./src/hotspot/share/prims/jni.cpp, line 1366]
Event: 1521.022 Thread 0x0000028e264fe000 Implicit null exception at 0x0000028e10bdb562 to 0x0000028e10be2454
Event: 1521.360 Thread 0x0000028e264fe000 Exception <a 'java/lang/NoSuchMethodError'{0x0000000093382cf0}: <clinit>> (0x0000000093382cf0) thrown at [./src/hotspot/share/prims/jni.cpp, line 1366]
Event: 1521.498 Thread 0x0000028e264fe000 Exception <a 'java/lang/NoSuchMethodError'{0x0000000093189010}: <clinit>> (0x0000000093189010) thrown at [./src/hotspot/share/prims/jni.cpp, line 1366]
Event: 1521.567 Thread 0x0000028e264fe000 Exception <a 'java/lang/NoSuchMethodError'{0x0000000092e84100}: <clinit>> (0x0000000092e84100) thrown at [./src/hotspot/share/prims/jni.cpp, line 1366]

Events (20 events):
Event: 1521.559 loading class com/google/common/collect/SetMultimap done
Event: 1521.564 loading class com/google/common/collect/ImmutableMap$SerializedForm
Event: 1521.564 loading class com/google/common/collect/ImmutableMap$SerializedForm done
Event: 1521.576 Thread 0x0000028e26506800 Thread added: 0x0000028e26506800
Event: 1521.654 loading class kotlin/InitializedLazyImpl
Event: 1521.654 loading class kotlin/InitializedLazyImpl done
Event: 1521.709 Executing VM operation: CGC_Operation
Event: 1521.713 Executing VM operation: CGC_Operation done
Event: 1521.732 Thread 0x0000028e26503800 Thread added: 0x0000028e26503800
Event: 1521.827 Executing VM operation: BulkRevokeBias
Event: 1521.832 Executing VM operation: BulkRevokeBias done
Event: 1521.838 Thread 0x0000028e26504800 Thread added: 0x0000028e26504800
Event: 1521.844 loading class com/android/build/gradle/internal/res/ResourceCompilerRunnable$Companion
Event: 1521.844 loading class com/android/build/gradle/internal/res/ResourceCompilerRunnable$Companion done
Event: 1521.849 loading class com/android/aaptcompiler/ResourceCompilerOptions
Event: 1521.849 loading class com/android/aaptcompiler/ResourceCompilerOptions done
Event: 1521.849 Executing VM operation: RevokeBias
Event: 1521.852 Executing VM operation: RevokeBias done
Event: 1521.852 Executing VM operation: RevokeBias
Event: 1521.852 Executing VM operation: RevokeBias done


Dynamic libraries:
0x00007ff703640000 - 0x00007ff70364a000 	C:\Program Files\Android\Android Studio\jre\bin\java.exe
0x00007ffc5c550000 - 0x00007ffc5c748000 	C:\WINDOWS\SYSTEM32\ntdll.dll
0x00007ffc5b5c0000 - 0x00007ffc5b67f000 	C:\WINDOWS\System32\KERNEL32.DLL
0x00007ffc5a090000 - 0x00007ffc5a362000 	C:\WINDOWS\System32\KERNELBASE.dll
0x00007ffc5a430000 - 0x00007ffc5a530000 	C:\WINDOWS\System32\ucrtbase.dll
0x00007ffc522d0000 - 0x00007ffc522e7000 	C:\Program Files\Android\Android Studio\jre\bin\VCRUNTIME140.dll
0x00007ffc52220000 - 0x00007ffc52239000 	C:\Program Files\Android\Android Studio\jre\bin\jli.dll
0x00007ffc5ab40000 - 0x00007ffc5acdd000 	C:\WINDOWS\System32\USER32.dll
0x00007ffc5a060000 - 0x00007ffc5a082000 	C:\WINDOWS\System32\win32u.dll
0x00007ffc47df0000 - 0x00007ffc4808a000 	C:\WINDOWS\WinSxS\amd64_microsoft.windows.common-controls_6595b64144ccf1df_6.0.19041.1110_none_60b5254171f9507e\COMCTL32.dll
0x00007ffc5b780000 - 0x00007ffc5b7ab000 	C:\WINDOWS\System32\GDI32.dll
0x00007ffc5a840000 - 0x00007ffc5a8de000 	C:\WINDOWS\System32\msvcrt.dll
0x00007ffc59c50000 - 0x00007ffc59d5f000 	C:\WINDOWS\System32\gdi32full.dll
0x00007ffc59fc0000 - 0x00007ffc5a05d000 	C:\WINDOWS\System32\msvcp_win.dll
0x00007ffc5b720000 - 0x00007ffc5b752000 	C:\WINDOWS\System32\IMM32.DLL
0x00007ffc336d0000 - 0x00007ffc3376d000 	C:\Program Files\Android\Android Studio\jre\bin\msvcp140.dll
0x00007ffc14c90000 - 0x00007ffc15792000 	C:\Program Files\Android\Android Studio\jre\bin\server\jvm.dll
0x00007ffc5bb10000 - 0x00007ffc5bbbe000 	C:\WINDOWS\System32\ADVAPI32.dll
0x00007ffc5b680000 - 0x00007ffc5b71c000 	C:\WINDOWS\System32\sechost.dll
0x00007ffc5a8e0000 - 0x00007ffc5aa05000 	C:\WINDOWS\System32\RPCRT4.dll
0x00007ffc5c310000 - 0x00007ffc5c318000 	C:\WINDOWS\System32\PSAPI.DLL
0x00007ffc582d0000 - 0x00007ffc582f7000 	C:\WINDOWS\SYSTEM32\WINMM.dll
0x00007ffc58300000 - 0x00007ffc5830a000 	C:\WINDOWS\SYSTEM32\VERSION.dll
0x00007ffc462f0000 - 0x00007ffc462f9000 	C:\WINDOWS\SYSTEM32\WSOCK32.dll
0x00007ffc5c320000 - 0x00007ffc5c38b000 	C:\WINDOWS\System32\WS2_32.dll
0x00007ffc584d0000 - 0x00007ffc584e2000 	C:\WINDOWS\SYSTEM32\kernel.appcore.dll
0x00007ffc54110000 - 0x00007ffc54121000 	C:\Program Files\Android\Android Studio\jre\bin\verify.dll
0x00007ffc580e0000 - 0x00007ffc582c4000 	C:\WINDOWS\SYSTEM32\DBGHELP.DLL
0x00007ffc580b0000 - 0x00007ffc580dc000 	C:\WINDOWS\SYSTEM32\dbgcore.DLL
0x00007ffc5a370000 - 0x00007ffc5a3f2000 	C:\WINDOWS\System32\bcryptPrimitives.dll
0x00007ffc53d00000 - 0x00007ffc53d29000 	C:\Program Files\Android\Android Studio\jre\bin\java.dll
0x00007ffc53cf0000 - 0x00007ffc53cfb000 	C:\Program Files\Android\Android Studio\jre\bin\jimage.dll
0x00007ffc53cd0000 - 0x00007ffc53ce8000 	C:\Program Files\Android\Android Studio\jre\bin\zip.dll
0x00007ffc5bbc0000 - 0x00007ffc5c303000 	C:\WINDOWS\System32\SHELL32.dll
0x00007ffc57900000 - 0x00007ffc58092000 	C:\WINDOWS\SYSTEM32\windows.storage.dll
0x00007ffc5b7b0000 - 0x00007ffc5bb04000 	C:\WINDOWS\System32\combase.dll
0x00007ffc596b0000 - 0x00007ffc596e0000 	C:\WINDOWS\SYSTEM32\Wldp.dll
0x00007ffc5b480000 - 0x00007ffc5b52d000 	C:\WINDOWS\System32\SHCORE.dll
0x00007ffc5b150000 - 0x00007ffc5b1a5000 	C:\WINDOWS\System32\shlwapi.dll
0x00007ffc59b90000 - 0x00007ffc59baf000 	C:\WINDOWS\SYSTEM32\profapi.dll
0x00007ffc52f90000 - 0x00007ffc52faa000 	C:\Program Files\Android\Android Studio\jre\bin\net.dll
0x00007ffc48e80000 - 0x00007ffc48f8c000 	C:\WINDOWS\SYSTEM32\WINHTTP.dll
0x00007ffc59410000 - 0x00007ffc5947a000 	C:\WINDOWS\system32\mswsock.dll
0x00007ffc52640000 - 0x00007ffc52654000 	C:\Program Files\Android\Android Studio\jre\bin\nio.dll
0x00007ffc53df0000 - 0x00007ffc53e17000 	C:\Users\hp\.gradle\native\e1d6ef7f7dcc3fd88c89a11ec53ec762bb8ba0a96d01ffa2cd45eb1d1d8dd5c5\windows-amd64\native-platform.dll
0x00007ffc1ef40000 - 0x00007ffc1f084000 	C:\Users\hp\.gradle\native\0d407fdbe67a94daf76414ababcb853783967236a71b16ec16e742cd7a986fd3\windows-amd64\native-platform-file-events.dll
0x00007ffc53ca0000 - 0x00007ffc53caa000 	C:\Program Files\Android\Android Studio\jre\bin\management.dll
0x00007ffc52630000 - 0x00007ffc5263d000 	C:\Program Files\Android\Android Studio\jre\bin\management_ext.dll
0x00007ffc59610000 - 0x00007ffc59628000 	C:\WINDOWS\SYSTEM32\CRYPTSP.dll
0x00007ffc58cc0000 - 0x00007ffc58cf4000 	C:\WINDOWS\system32\rsaenh.dll
0x00007ffc5a400000 - 0x00007ffc5a427000 	C:\WINDOWS\System32\bcrypt.dll
0x00007ffc59b50000 - 0x00007ffc59b7e000 	C:\WINDOWS\SYSTEM32\USERENV.dll
0x00007ffc59600000 - 0x00007ffc5960c000 	C:\WINDOWS\SYSTEM32\CRYPTBASE.dll
0x00007ffc590b0000 - 0x00007ffc590eb000 	C:\WINDOWS\SYSTEM32\IPHLPAPI.DLL
0x00007ffc5b360000 - 0x00007ffc5b368000 	C:\WINDOWS\System32\NSI.dll
0x00007ffc505f0000 - 0x00007ffc50607000 	C:\WINDOWS\SYSTEM32\dhcpcsvc6.DLL
0x00007ffc4fb60000 - 0x00007ffc4fb7d000 	C:\WINDOWS\SYSTEM32\dhcpcsvc.DLL
0x00007ffc59100000 - 0x00007ffc591ca000 	C:\WINDOWS\SYSTEM32\DNSAPI.dll

dbghelp: loaded successfully - version: 4.0.5 - missing functions: none
symbol engine: initialized successfully - sym options: 0x614 - pdb path: .;C:\Program Files\Android\Android Studio\jre\bin;C:\WINDOWS\SYSTEM32;C:\WINDOWS\WinSxS\amd64_microsoft.windows.common-controls_6595b64144ccf1df_6.0.19041.1110_none_60b5254171f9507e;C:\Program Files\Android\Android Studio\jre\bin\server;C:\Users\hp\.gradle\native\e1d6ef7f7dcc3fd88c89a11ec53ec762bb8ba0a96d01ffa2cd45eb1d1d8dd5c5\windows-amd64;C:\Users\hp\.gradle\native\0d407fdbe67a94daf76414ababcb853783967236a71b16ec16e742cd7a986fd3\windows-amd64

VM Arguments:
jvm_args: --add-opens=java.base/java.util=ALL-UNNAMED --add-opens=java.base/java.lang=ALL-UNNAMED --add-opens=java.base/java.lang.invoke=ALL-UNNAMED --add-opens=java.base/java.util=ALL-UNNAMED --add-opens=java.prefs/java.util.prefs=ALL-UNNAMED --add-opens=java.prefs/java.util.prefs=ALL-UNNAMED --add-opens=java.base/java.nio.charset=ALL-UNNAMED --add-opens=java.base/java.net=ALL-UNNAMED --add-opens=java.base/java.util.concurrent.atomic=ALL-UNNAMED -Xmx2048m -Dfile.encoding=UTF-8 -Duser.country=US -Duser.language=en -Duser.variant 
java_command: org.gradle.launcher.daemon.bootstrap.GradleDaemon 7.4
java_class_path (initial): C:\Users\hp\.gradle\wrapper\dists\gradle-7.4-bin\c0gwcg53nkjbqw7r0h0umtfvt\gradle-7.4\lib\gradle-launcher-7.4.jar
Launcher Type: SUN_STANDARD

[Global flags]
     intx CICompilerCount                          = 3                                         {product} {ergonomic}
     uint ConcGCThreads                            = 1                                         {product} {ergonomic}
     uint G1ConcRefinementThreads                  = 4                                         {product} {ergonomic}
   size_t G1HeapRegionSize                         = 1048576                                   {product} {ergonomic}
    uintx GCDrainStackTargetSize                   = 64                                        {product} {ergonomic}
   size_t InitialHeapSize                          = 130023424                                 {product} {ergonomic}
   size_t MarkStackSize                            = 4194304                                   {product} {ergonomic}
   size_t MaxHeapSize                              = 2147483648                                {product} {command line}
   size_t MaxNewSize                               = 1287651328                                {product} {ergonomic}
   size_t MinHeapDeltaBytes                        = 1048576                                   {product} {ergonomic}
    uintx NonNMethodCodeHeapSize                   = 5830732                                {pd product} {ergonomic}
    uintx NonProfiledCodeHeapSize                  = 122913754                              {pd product} {ergonomic}
    uintx ProfiledCodeHeapSize                     = 122913754                              {pd product} {ergonomic}
    uintx ReservedCodeCacheSize                    = 251658240                              {pd product} {ergonomic}
     bool SegmentedCodeCache                       = true                                      {product} {ergonomic}
     bool UseCompressedClassPointers               = true                                 {lp64_product} {ergonomic}
     bool UseCompressedOops                        = true                                 {lp64_product} {ergonomic}
     bool UseG1GC                                  = true                                      {product} {ergonomic}
     bool UseLargePagesIndividualAllocation        = false                                  {pd product} {ergonomic}

Logging:
Log output configuration:
 #0: stdout all=warning uptime,level,tags
 #1: stderr all=off uptime,level,tags

Environment Variables:
JAVA_HOME=C:\Program Files\OpenJDK\openjdk-11.0.16_8
PATH=C:\Program Files\Common Files\Oracle\Java\javapath;C:\WINDOWS\system32;C:\WINDOWS;C:\WINDOWS\System32\Wbem;C:\WINDOWS\System32\WindowsPowerShell\v1.0\;C:\WINDOWS\System32\OpenSSH\;C:\Program Files (x86)\Java\jre1.8.0_251\bin;C:\Program Files\Java\jdk-15.0.1\bin;C:\Program Files\swipl\bin;C:\Program Files\dotnet\;C:\Users\hp\Downloads\FLEX_BISON-20211126\win_flex_bison-latest\win_flex_bison-latest;C:\Program Files\Git\cmd;C:\ProgramData\chocolatey\bin;C:\Program Files\OpenJDK\openjdk-11.0.16_8\bin;C:\Program Files\MongoDB\Server\6.0\bin;C:\Program Files\nodejs\;C:\Program Files\MySQL\MySQL Shell 8.0\bin\;C:\Users\hp\AppData\Local\Programs\Python\Python310\Scripts\;C:\Users\hp\AppData\Local\Programs\Python\Python310\;C:\Users\hp\AppData\Local\Microsoft\WindowsApps;D:\Software\softwares\flutter\bin;D:\Software\softwares;C:\Users\hp\AppData\Local\Programs\Microsoft VS Code\bin;C:\MinGW\bin;C:\Program Files (x86)\OpenVPN\bin;C:\Users\hp\.dotnet\tools;C:\Users\hp\Downloads\FLEX_BISON-20211126\win_flex_bison-latest\win_flex_bison-latest;C:\Users\hp\AppData\Local\GitHubDesktop\bin;C:\Users\hp\AppData\Roaming\npm;C:\flutter_windows_3.3.5-stable\flutter\bin;
USERNAME=hp
OS=Windows_NT
PROCESSOR_IDENTIFIER=Intel64 Family 6 Model 78 Stepping 3, GenuineIntel



---------------  S Y S T E M  ---------------

OS: Windows 10 , 64 bit Build 19041 (10.0.19041.2251)
OS uptime: 1 days 12:08 hours

CPU:total 4 (initial active 4) (2 cores per cpu, 2 threads per core) family 6 model 78 stepping 3 microcode 0xcc, cmov, cx8, fxsr, mmx, sse, sse2, sse3, ssse3, sse4.1, sse4.2, popcnt, avx, avx2, aes, clmul, erms, rtm, 3dnowpref, lzcnt, ht, tsc, tscinvbit, bmi1, bmi2, adx, fma

Memory: 4k page, system-wide physical 7861M (602M free)
TotalPageFile size 9909M (AvailPageFile size 4M)
current process WorkingSet (physical memory assigned to process): 512M, peak: 546M
current process commit charge ("private bytes"): 654M, peak: 658M

vm_info: OpenJDK 64-Bit Server VM (11.0.13+0-b1751.21-8125866) for windows-amd64 JRE (11.0.13+0-b1751.21-8125866), built on Feb  2 2022 03:00:22 by "builder" with MS VC++ 14.0 (VS2015)

END.
