#
# There is insufficient memory for the Java Runtime Environment to continue.
# Native memory allocation (malloc) failed to allocate 2408176 bytes for Chunk::new
# Possible reasons:
#   The system is out of physical RAM or swap space
#   The process is running with CompressedOops enabled, and the Java Heap may be blocking the growth of the native heap
# Possible solutions:
#   Reduce memory load on the system
#   Increase physical memory or swap space
#   Check if swap backing store is full
#   Decrease Java heap size (-Xmx/-Xms)
#   Decrease number of Java threads
#   Decrease Java thread stack sizes (-Xss)
#   Set larger code cache with -XX:ReservedCodeCacheSize=
#   JVM is running with Unscaled Compressed Oops mode in which the Java heap is
#     placed in the first 4GB address space. The Java Heap base address is the
#     maximum limit for the native heap growth. Please use -XX:HeapBaseMinAddress
#     to set the Java Heap base and to place the Java Heap above 4GB virtual address.
# This output file may be truncated or incomplete.
#
#  Out of Memory Error (./src/hotspot/share/memory/arena.cpp:197), pid=12668, tid=8088
#
# JRE version: OpenJDK Runtime Environment (11.0.13) (build 11.0.13+0-b1751.21-8125866)
# Java VM: OpenJDK 64-Bit Server VM (11.0.13+0-b1751.21-8125866, mixed mode, tiered, compressed oops, g1 gc, windows-amd64)
# No core dump will be written. Minidumps are not enabled by default on client versions of Windows
#

---------------  S U M M A R Y ------------

Command Line: org.jetbrains.kotlin.cli.jvm.K2JVMCompiler @C:\Users\hp\AndroidStudioProjects\splashscreen2\app\build\20230125_10053977396563654793.compiler.options

Host: Intel(R) Core(TM) i5-6300U CPU @ 2.40GHz, 4 cores, 7G,  Windows 10 , 64 bit Build 19041 (10.0.19041.2251)
Time: Wed Jan 25 20:51:18 2023 Pakistan Standard Time elapsed time: 8.957421 seconds (0d 0h 0m 8s)

---------------  T H R E A D  ---------------

Current thread (0x000001fea60ef800):  JavaThread "C2 CompilerThread1" daemon [_thread_in_native, id=8088, stack(0x0000005c97f00000,0x0000005c98000000)]


Current CompileTask:
C2:   8957 7275   !   4       jdk.internal.loader.BuiltinClassLoader::loadClassOrNull (143 bytes)

Stack: [0x0000005c97f00000,0x0000005c98000000]
Native frames: (J=compiled Java code, j=interpreted, Vv=VM code, C=native code)
V  [jvm.dll+0x6100fa]
V  [jvm.dll+0x747090]
V  [jvm.dll+0x7486ad]
V  [jvm.dll+0x748d83]
V  [jvm.dll+0x24ab48]
V  [jvm.dll+0xc04dc]
V  [jvm.dll+0xc0a0c]
V  [jvm.dll+0x35eb5b]
V  [jvm.dll+0x19d7bc]
V  [jvm.dll+0x2033be]
V  [jvm.dll+0x202437]
V  [jvm.dll+0x188e01]
V  [jvm.dll+0x21106b]
V  [jvm.dll+0x20f8c1]
V  [jvm.dll+0x70de0f]
V  [jvm.dll+0x706a75]
V  [jvm.dll+0x60ed66]
C  [ucrtbase.dll+0x21bb2]
C  [KERNEL32.DLL+0x174b4]
C  [ntdll.dll+0x526a1]


---------------  P R O C E S S  ---------------

Threads class SMR info:
_java_thread_list=0x000001fea6b899a0, length=11, elements={
0x000001fe8a80e800, 0x000001fea6096000, 0x000001fea60bb800, 0x000001fea60d7000,
0x000001fea60d9000, 0x000001fea60dd800, 0x000001fea60ea800, 0x000001fea60ec000,
0x000001fea60f5800, 0x000001fea6ba4800, 0x000001fea60ef800
}

Java Threads: ( => current thread )
  0x000001fe8a80e800 JavaThread "main" [_thread_in_vm, id=5392, stack(0x0000005c96e00000,0x0000005c96f00000)]
  0x000001fea6096000 JavaThread "Reference Handler" daemon [_thread_blocked, id=8376, stack(0x0000005c97500000,0x0000005c97600000)]
  0x000001fea60bb800 JavaThread "Finalizer" daemon [_thread_blocked, id=864, stack(0x0000005c97600000,0x0000005c97700000)]
  0x000001fea60d7000 JavaThread "Signal Dispatcher" daemon [_thread_blocked, id=14420, stack(0x0000005c97700000,0x0000005c97800000)]
  0x000001fea60d9000 JavaThread "Attach Listener" daemon [_thread_blocked, id=8460, stack(0x0000005c97800000,0x0000005c97900000)]
  0x000001fea60dd800 JavaThread "Service Thread" daemon [_thread_blocked, id=3456, stack(0x0000005c97900000,0x0000005c97a00000)]
  0x000001fea60ea800 JavaThread "C2 CompilerThread0" daemon [_thread_in_native, id=13408, stack(0x0000005c97a00000,0x0000005c97b00000)]
  0x000001fea60ec000 JavaThread "C1 CompilerThread0" daemon [_thread_blocked, id=15068, stack(0x0000005c97b00000,0x0000005c97c00000)]
  0x000001fea60f5800 JavaThread "Sweeper thread" daemon [_thread_blocked, id=9152, stack(0x0000005c97c00000,0x0000005c97d00000)]
  0x000001fea6ba4800 JavaThread "Common-Cleaner" daemon [_thread_blocked, id=3152, stack(0x0000005c97e00000,0x0000005c97f00000)]
=>0x000001fea60ef800 JavaThread "C2 CompilerThread1" daemon [_thread_in_native, id=8088, stack(0x0000005c97f00000,0x0000005c98000000)]

Other Threads:
  0x000001fea6092800 VMThread "VM Thread" [stack: 0x0000005c97400000,0x0000005c97500000] [id=10576]
  0x000001fea6b8b800 WatcherThread [stack: 0x0000005c97d00000,0x0000005c97e00000] [id=6912]
  0x000001fe8a827800 GCTaskThread "GC Thread#0" [stack: 0x0000005c96f00000,0x0000005c97000000] [id=8176]
  0x000001fea7148000 GCTaskThread "GC Thread#1" [stack: 0x0000005c98000000,0x0000005c98100000] [id=2564]
  0x000001feabd62800 GCTaskThread "GC Thread#2" [stack: 0x0000005c98100000,0x0000005c98200000] [id=7040]
  0x000001fe8a856800 ConcurrentGCThread "G1 Main Marker" [stack: 0x0000005c97000000,0x0000005c97100000] [id=2040]
  0x000001fe8a859800 ConcurrentGCThread "G1 Conc#0" [stack: 0x0000005c97100000,0x0000005c97200000] [id=11836]
  0x000001fe8a8dc000 ConcurrentGCThread "G1 Refine#0" [stack: 0x0000005c97200000,0x0000005c97300000] [id=14912]
  0x000001fe8a8df000 ConcurrentGCThread "G1 Young RemSet Sampling" [stack: 0x0000005c97300000,0x0000005c97400000] [id=10384]

Threads with active compile tasks:
C2 CompilerThread0   8984 7333       4       jdk.internal.loader.BuiltinClassLoader::defineClass (121 bytes)
C2 CompilerThread1   8984 7275   !   4       jdk.internal.loader.BuiltinClassLoader::loadClassOrNull (143 bytes)

VM state:not at safepoint (normal execution)

VM Mutex/Monitor currently owned by a thread: None

Heap address: 0x0000000085200000, size: 1966 MB, Compressed Oops mode: 32-bit
Narrow klass base: 0x0000000000000000, Narrow klass shift: 3
Compressed class space size: 1073741824 Address: 0x0000000100000000

Heap:
 garbage-first heap   total 158720K, used 67584K [0x0000000085200000, 0x0000000100000000)
  region size 1024K, 24 young (24576K), 9 survivors (9216K)
 Metaspace       used 66340K, capacity 67199K, committed 67280K, reserved 1107968K
  class space    used 7632K, capacity 7969K, committed 8012K, reserved 1048576K
Heap Regions: E=young(eden), S=young(survivor), O=old, HS=humongous(starts), HC=humongous(continues), CS=collection set, F=free, A=archive, TAMS=top-at-mark-start (previous, next)
|   0|0x0000000085200000, 0x0000000085300000, 0x0000000085300000|100%|HS|  |TAMS 0x0000000085300000, 0x0000000085200000| Complete 
|   1|0x0000000085300000, 0x0000000085400000, 0x0000000085400000|100%|HC|  |TAMS 0x0000000085400000, 0x0000000085300000| Complete 
|   2|0x0000000085400000, 0x0000000085500000, 0x0000000085500000|100%|HC|  |TAMS 0x0000000085500000, 0x0000000085400000| Complete 
|   3|0x0000000085500000, 0x0000000085600000, 0x0000000085600000|100%|HC|  |TAMS 0x0000000085600000, 0x0000000085500000| Complete 
|   4|0x0000000085600000, 0x0000000085700000, 0x0000000085700000|100%| O|  |TAMS 0x0000000085700000, 0x0000000085600000| Untracked 
|   5|0x0000000085700000, 0x0000000085800000, 0x0000000085800000|100%| O|  |TAMS 0x0000000085800000, 0x0000000085700000| Untracked 
|   6|0x0000000085800000, 0x0000000085900000, 0x0000000085900000|100%|HS|  |TAMS 0x0000000085900000, 0x0000000085800000| Complete 
|   7|0x0000000085900000, 0x0000000085a00000, 0x0000000085a00000|100%|HC|  |TAMS 0x0000000085a00000, 0x0000000085900000| Complete 
|   8|0x0000000085a00000, 0x0000000085b00000, 0x0000000085b00000|100%|HC|  |TAMS 0x0000000085b00000, 0x0000000085a00000| Complete 
|   9|0x0000000085b00000, 0x0000000085c00000, 0x0000000085c00000|100%|HC|  |TAMS 0x0000000085c00000, 0x0000000085b00000| Complete 
|  10|0x0000000085c00000, 0x0000000085d00000, 0x0000000085d00000|100%|HS|  |TAMS 0x0000000085d00000, 0x0000000085c00000| Complete 
|  11|0x0000000085d00000, 0x0000000085e00000, 0x0000000085e00000|100%|HC|  |TAMS 0x0000000085e00000, 0x0000000085d00000| Complete 
|  12|0x0000000085e00000, 0x0000000085f00000, 0x0000000085f00000|100%| O|  |TAMS 0x0000000085f00000, 0x0000000085e00000| Untracked 
|  13|0x0000000085f00000, 0x0000000086000000, 0x0000000086000000|100%| O|  |TAMS 0x0000000086000000, 0x0000000085f00000| Untracked 
|  14|0x0000000086000000, 0x0000000086100000, 0x0000000086100000|100%| O|  |TAMS 0x0000000086100000, 0x0000000086000000| Untracked 
|  15|0x0000000086100000, 0x0000000086200000, 0x0000000086200000|100%| O|  |TAMS 0x0000000086200000, 0x0000000086100000| Untracked 
|  16|0x0000000086200000, 0x0000000086300000, 0x0000000086300000|100%| O|  |TAMS 0x0000000086300000, 0x0000000086200000| Untracked 
|  17|0x0000000086300000, 0x0000000086400000, 0x0000000086400000|100%| O|  |TAMS 0x0000000086400000, 0x0000000086300000| Untracked 
|  18|0x0000000086400000, 0x0000000086500000, 0x0000000086500000|100%| O|  |TAMS 0x0000000086500000, 0x0000000086400000| Untracked 
|  19|0x0000000086500000, 0x0000000086600000, 0x0000000086600000|100%| O|  |TAMS 0x0000000086600000, 0x0000000086500000| Untracked 
|  20|0x0000000086600000, 0x0000000086700000, 0x0000000086700000|100%| O|  |TAMS 0x0000000086700000, 0x0000000086600000| Untracked 
|  21|0x0000000086700000, 0x0000000086800000, 0x0000000086800000|100%| O|  |TAMS 0x0000000086800000, 0x0000000086700000| Untracked 
|  22|0x0000000086800000, 0x0000000086900000, 0x0000000086900000|100%| O|  |TAMS 0x0000000086900000, 0x0000000086800000| Untracked 
|  23|0x0000000086900000, 0x0000000086a00000, 0x0000000086a00000|100%| O|  |TAMS 0x0000000086a00000, 0x0000000086900000| Untracked 
|  24|0x0000000086a00000, 0x0000000086b00000, 0x0000000086b00000|100%| O|  |TAMS 0x0000000086b00000, 0x0000000086a00000| Untracked 
|  25|0x0000000086b00000, 0x0000000086c00000, 0x0000000086c00000|100%| O|  |TAMS 0x0000000086c00000, 0x0000000086b00000| Untracked 
|  26|0x0000000086c00000, 0x0000000086d00000, 0x0000000086d00000|100%| O|  |TAMS 0x0000000086d00000, 0x0000000086c00000| Untracked 
|  27|0x0000000086d00000, 0x0000000086e00000, 0x0000000086e00000|100%| O|  |TAMS 0x0000000086e00000, 0x0000000086d00000| Untracked 
|  28|0x0000000086e00000, 0x0000000086f00000, 0x0000000086f00000|100%| O|  |TAMS 0x0000000086f00000, 0x0000000086e00000| Untracked 
|  29|0x0000000086f00000, 0x0000000087000000, 0x0000000087000000|100%| O|  |TAMS 0x0000000087000000, 0x0000000086f00000| Untracked 
|  30|0x0000000087000000, 0x0000000087100000, 0x0000000087100000|100%| O|  |TAMS 0x0000000087100000, 0x0000000087000000| Untracked 
|  31|0x0000000087100000, 0x0000000087200000, 0x0000000087200000|100%| O|  |TAMS 0x0000000087200000, 0x0000000087100000| Untracked 
|  32|0x0000000087200000, 0x0000000087300000, 0x0000000087300000|100%| O|  |TAMS 0x0000000087300000, 0x0000000087200000| Untracked 
|  33|0x0000000087300000, 0x0000000087400000, 0x0000000087400000|100%| O|  |TAMS 0x0000000087400000, 0x0000000087300000| Untracked 
|  34|0x0000000087400000, 0x0000000087500000, 0x0000000087500000|100%| O|  |TAMS 0x0000000087500000, 0x0000000087400000| Untracked 
|  35|0x0000000087500000, 0x0000000087600000, 0x0000000087600000|100%| O|  |TAMS 0x0000000087600000, 0x0000000087500000| Untracked 
|  36|0x0000000087600000, 0x0000000087700000, 0x0000000087700000|100%| O|  |TAMS 0x0000000087700000, 0x0000000087600000| Untracked 
|  37|0x0000000087700000, 0x0000000087800000, 0x0000000087800000|100%| O|  |TAMS 0x0000000087800000, 0x0000000087700000| Untracked 
|  38|0x0000000087800000, 0x0000000087900000, 0x0000000087900000|100%| O|  |TAMS 0x0000000087900000, 0x0000000087800000| Untracked 
|  39|0x0000000087900000, 0x0000000087a00000, 0x0000000087a00000|100%| O|  |TAMS 0x0000000087a00000, 0x0000000087900000| Untracked 
|  40|0x0000000087a00000, 0x0000000087b00000, 0x0000000087b00000|100%| O|  |TAMS 0x0000000087b00000, 0x0000000087a00000| Untracked 
|  41|0x0000000087b00000, 0x0000000087c00000, 0x0000000087c00000|100%| O|  |TAMS 0x0000000087c00000, 0x0000000087b00000| Untracked 
|  42|0x0000000087c00000, 0x0000000087d00000, 0x0000000087d00000|100%| O|  |TAMS 0x0000000087d00000, 0x0000000087c00000| Untracked 
|  43|0x0000000087d00000, 0x0000000087d00000, 0x0000000087e00000|  0%| F|  |TAMS 0x0000000087d00000, 0x0000000087d00000| Untracked 
|  44|0x0000000087e00000, 0x0000000087e00000, 0x0000000087f00000|  0%| F|  |TAMS 0x0000000087e00000, 0x0000000087e00000| Untracked 
|  45|0x0000000087f00000, 0x0000000087f00000, 0x0000000088000000|  0%| F|  |TAMS 0x0000000087f00000, 0x0000000087f00000| Untracked 
|  46|0x0000000088000000, 0x0000000088000000, 0x0000000088100000|  0%| F|  |TAMS 0x0000000088000000, 0x0000000088000000| Untracked 
|  47|0x0000000088100000, 0x0000000088100000, 0x0000000088200000|  0%| F|  |TAMS 0x0000000088100000, 0x0000000088100000| Untracked 
|  48|0x0000000088200000, 0x0000000088200000, 0x0000000088300000|  0%| F|  |TAMS 0x0000000088200000, 0x0000000088200000| Untracked 
|  49|0x0000000088300000, 0x0000000088300000, 0x0000000088400000|  0%| F|  |TAMS 0x0000000088300000, 0x0000000088300000| Untracked 
|  50|0x0000000088400000, 0x0000000088400000, 0x0000000088500000|  0%| F|  |TAMS 0x0000000088400000, 0x0000000088400000| Untracked 
|  51|0x0000000088500000, 0x0000000088500000, 0x0000000088600000|  0%| F|  |TAMS 0x0000000088500000, 0x0000000088500000| Untracked 
|  52|0x0000000088600000, 0x0000000088600000, 0x0000000088700000|  0%| F|  |TAMS 0x0000000088600000, 0x0000000088600000| Untracked 
|  53|0x0000000088700000, 0x0000000088700000, 0x0000000088800000|  0%| F|  |TAMS 0x0000000088700000, 0x0000000088700000| Untracked 
|  54|0x0000000088800000, 0x0000000088800000, 0x0000000088900000|  0%| F|  |TAMS 0x0000000088800000, 0x0000000088800000| Untracked 
|  55|0x0000000088900000, 0x0000000088900000, 0x0000000088a00000|  0%| F|  |TAMS 0x0000000088900000, 0x0000000088900000| Untracked 
|  56|0x0000000088a00000, 0x0000000088a00000, 0x0000000088b00000|  0%| F|  |TAMS 0x0000000088a00000, 0x0000000088a00000| Untracked 
|  57|0x0000000088b00000, 0x0000000088b00000, 0x0000000088c00000|  0%| F|  |TAMS 0x0000000088b00000, 0x0000000088b00000| Untracked 
|  58|0x0000000088c00000, 0x0000000088c00000, 0x0000000088d00000|  0%| F|  |TAMS 0x0000000088c00000, 0x0000000088c00000| Untracked 
|  59|0x0000000088d00000, 0x0000000088d00000, 0x0000000088e00000|  0%| F|  |TAMS 0x0000000088d00000, 0x0000000088d00000| Untracked 
|  60|0x0000000088e00000, 0x0000000088e00000, 0x0000000088f00000|  0%| F|  |TAMS 0x0000000088e00000, 0x0000000088e00000| Untracked 
|  61|0x0000000088f00000, 0x0000000088f00000, 0x0000000089000000|  0%| F|  |TAMS 0x0000000088f00000, 0x0000000088f00000| Untracked 
|  62|0x0000000089000000, 0x0000000089000000, 0x0000000089100000|  0%| F|  |TAMS 0x0000000089000000, 0x0000000089000000| Untracked 
|  63|0x0000000089100000, 0x0000000089100000, 0x0000000089200000|  0%| F|  |TAMS 0x0000000089100000, 0x0000000089100000| Untracked 
|  64|0x0000000089200000, 0x0000000089200000, 0x0000000089300000|  0%| F|  |TAMS 0x0000000089200000, 0x0000000089200000| Untracked 
|  65|0x0000000089300000, 0x0000000089300000, 0x0000000089400000|  0%| F|  |TAMS 0x0000000089300000, 0x0000000089300000| Untracked 
|  66|0x0000000089400000, 0x0000000089400000, 0x0000000089500000|  0%| F|  |TAMS 0x0000000089400000, 0x0000000089400000| Untracked 
|  67|0x0000000089500000, 0x0000000089500000, 0x0000000089600000|  0%| F|  |TAMS 0x0000000089500000, 0x0000000089500000| Untracked 
|  68|0x0000000089600000, 0x0000000089600000, 0x0000000089700000|  0%| F|  |TAMS 0x0000000089600000, 0x0000000089600000| Untracked 
|  69|0x0000000089700000, 0x0000000089700000, 0x0000000089800000|  0%| F|  |TAMS 0x0000000089700000, 0x0000000089700000| Untracked 
|  70|0x0000000089800000, 0x0000000089800000, 0x0000000089900000|  0%| F|  |TAMS 0x0000000089800000, 0x0000000089800000| Untracked 
|  71|0x0000000089900000, 0x0000000089900000, 0x0000000089a00000|  0%| F|  |TAMS 0x0000000089900000, 0x0000000089900000| Untracked 
|  72|0x0000000089a00000, 0x0000000089a00000, 0x0000000089b00000|  0%| F|  |TAMS 0x0000000089a00000, 0x0000000089a00000| Untracked 
|  73|0x0000000089b00000, 0x0000000089b00000, 0x0000000089c00000|  0%| F|  |TAMS 0x0000000089b00000, 0x0000000089b00000| Untracked 
|  74|0x0000000089c00000, 0x0000000089c00000, 0x0000000089d00000|  0%| F|  |TAMS 0x0000000089c00000, 0x0000000089c00000| Untracked 
|  75|0x0000000089d00000, 0x0000000089d00000, 0x0000000089e00000|  0%| F|  |TAMS 0x0000000089d00000, 0x0000000089d00000| Untracked 
|  76|0x0000000089e00000, 0x0000000089e00000, 0x0000000089f00000|  0%| F|  |TAMS 0x0000000089e00000, 0x0000000089e00000| Untracked 
|  77|0x0000000089f00000, 0x0000000089f00000, 0x000000008a000000|  0%| F|  |TAMS 0x0000000089f00000, 0x0000000089f00000| Untracked 
|  78|0x000000008a000000, 0x000000008a000000, 0x000000008a100000|  0%| F|  |TAMS 0x000000008a000000, 0x000000008a000000| Untracked 
|  79|0x000000008a100000, 0x000000008a200000, 0x000000008a200000|100%| S|CS|TAMS 0x000000008a100000, 0x000000008a100000| Complete 
|  80|0x000000008a200000, 0x000000008a300000, 0x000000008a300000|100%| S|CS|TAMS 0x000000008a200000, 0x000000008a200000| Complete 
|  81|0x000000008a300000, 0x000000008a400000, 0x000000008a400000|100%| S|CS|TAMS 0x000000008a300000, 0x000000008a300000| Complete 
|  82|0x000000008a400000, 0x000000008a500000, 0x000000008a500000|100%| S|CS|TAMS 0x000000008a400000, 0x000000008a400000| Complete 
|  83|0x000000008a500000, 0x000000008a600000, 0x000000008a600000|100%| S|CS|TAMS 0x000000008a500000, 0x000000008a500000| Complete 
|  84|0x000000008a600000, 0x000000008a700000, 0x000000008a700000|100%| S|CS|TAMS 0x000000008a600000, 0x000000008a600000| Complete 
|  85|0x000000008a700000, 0x000000008a800000, 0x000000008a800000|100%| S|CS|TAMS 0x000000008a700000, 0x000000008a700000| Complete 
|  86|0x000000008a800000, 0x000000008a900000, 0x000000008a900000|100%| S|CS|TAMS 0x000000008a800000, 0x000000008a800000| Complete 
|  87|0x000000008a900000, 0x000000008aa00000, 0x000000008aa00000|100%| S|CS|TAMS 0x000000008a900000, 0x000000008a900000| Complete 
|  88|0x000000008aa00000, 0x000000008aa00000, 0x000000008ab00000|  0%| F|  |TAMS 0x000000008aa00000, 0x000000008aa00000| Untracked 
|  89|0x000000008ab00000, 0x000000008ab00000, 0x000000008ac00000|  0%| F|  |TAMS 0x000000008ab00000, 0x000000008ab00000| Untracked 
|  90|0x000000008ac00000, 0x000000008ac00000, 0x000000008ad00000|  0%| F|  |TAMS 0x000000008ac00000, 0x000000008ac00000| Untracked 
|  91|0x000000008ad00000, 0x000000008ad00000, 0x000000008ae00000|  0%| F|  |TAMS 0x000000008ad00000, 0x000000008ad00000| Untracked 
|  92|0x000000008ae00000, 0x000000008ae00000, 0x000000008af00000|  0%| F|  |TAMS 0x000000008ae00000, 0x000000008ae00000| Untracked 
|  93|0x000000008af00000, 0x000000008af00000, 0x000000008b000000|  0%| F|  |TAMS 0x000000008af00000, 0x000000008af00000| Untracked 
|  94|0x000000008b000000, 0x000000008b000000, 0x000000008b100000|  0%| F|  |TAMS 0x000000008b000000, 0x000000008b000000| Untracked 
|  95|0x000000008b100000, 0x000000008b100000, 0x000000008b200000|  0%| F|  |TAMS 0x000000008b100000, 0x000000008b100000| Untracked 
|  96|0x000000008b200000, 0x000000008b200000, 0x000000008b300000|  0%| F|  |TAMS 0x000000008b200000, 0x000000008b200000| Untracked 
|  97|0x000000008b300000, 0x000000008b300000, 0x000000008b400000|  0%| F|  |TAMS 0x000000008b300000, 0x000000008b300000| Untracked 
|  98|0x000000008b400000, 0x000000008b400000, 0x000000008b500000|  0%| F|  |TAMS 0x000000008b400000, 0x000000008b400000| Untracked 
|  99|0x000000008b500000, 0x000000008b500000, 0x000000008b600000|  0%| F|  |TAMS 0x000000008b500000, 0x000000008b500000| Untracked 
| 100|0x000000008b600000, 0x000000008b600000, 0x000000008b700000|  0%| F|  |TAMS 0x000000008b600000, 0x000000008b600000| Untracked 
| 101|0x000000008b700000, 0x000000008b700000, 0x000000008b800000|  0%| F|  |TAMS 0x000000008b700000, 0x000000008b700000| Untracked 
| 102|0x000000008b800000, 0x000000008b800000, 0x000000008b900000|  0%| F|  |TAMS 0x000000008b800000, 0x000000008b800000| Untracked 
| 103|0x000000008b900000, 0x000000008b900000, 0x000000008ba00000|  0%| F|  |TAMS 0x000000008b900000, 0x000000008b900000| Untracked 
| 104|0x000000008ba00000, 0x000000008ba00000, 0x000000008bb00000|  0%| F|  |TAMS 0x000000008ba00000, 0x000000008ba00000| Untracked 
| 105|0x000000008bb00000, 0x000000008bb00000, 0x000000008bc00000|  0%| F|  |TAMS 0x000000008bb00000, 0x000000008bb00000| Untracked 
| 106|0x000000008bc00000, 0x000000008bc00000, 0x000000008bd00000|  0%| F|  |TAMS 0x000000008bc00000, 0x000000008bc00000| Untracked 
| 107|0x000000008bd00000, 0x000000008bd00000, 0x000000008be00000|  0%| F|  |TAMS 0x000000008bd00000, 0x000000008bd00000| Untracked 
| 108|0x000000008be00000, 0x000000008be00000, 0x000000008bf00000|  0%| F|  |TAMS 0x000000008be00000, 0x000000008be00000| Untracked 
| 109|0x000000008bf00000, 0x000000008bf00000, 0x000000008c000000|  0%| F|  |TAMS 0x000000008bf00000, 0x000000008bf00000| Untracked 
| 110|0x000000008c000000, 0x000000008c000000, 0x000000008c100000|  0%| F|  |TAMS 0x000000008c000000, 0x000000008c000000| Untracked 
| 111|0x000000008c100000, 0x000000008c100000, 0x000000008c200000|  0%| F|  |TAMS 0x000000008c100000, 0x000000008c100000| Untracked 
| 112|0x000000008c200000, 0x000000008c200000, 0x000000008c300000|  0%| F|  |TAMS 0x000000008c200000, 0x000000008c200000| Untracked 
| 113|0x000000008c300000, 0x000000008c300000, 0x000000008c400000|  0%| F|  |TAMS 0x000000008c300000, 0x000000008c300000| Untracked 
| 114|0x000000008c400000, 0x000000008c400000, 0x000000008c500000|  0%| F|  |TAMS 0x000000008c400000, 0x000000008c400000| Untracked 
| 115|0x000000008c500000, 0x000000008c500000, 0x000000008c600000|  0%| F|  |TAMS 0x000000008c500000, 0x000000008c500000| Untracked 
| 116|0x000000008c600000, 0x000000008c600000, 0x000000008c700000|  0%| F|  |TAMS 0x000000008c600000, 0x000000008c600000| Untracked 
| 117|0x000000008c700000, 0x000000008c700000, 0x000000008c800000|  0%| F|  |TAMS 0x000000008c700000, 0x000000008c700000| Untracked 
| 118|0x000000008c800000, 0x000000008c800000, 0x000000008c900000|  0%| F|  |TAMS 0x000000008c800000, 0x000000008c800000| Untracked 
| 119|0x000000008c900000, 0x000000008c900000, 0x000000008ca00000|  0%| F|  |TAMS 0x000000008c900000, 0x000000008c900000| Untracked 
| 120|0x000000008ca00000, 0x000000008ca00000, 0x000000008cb00000|  0%| F|  |TAMS 0x000000008ca00000, 0x000000008ca00000| Untracked 
| 121|0x000000008cb00000, 0x000000008cb00000, 0x000000008cc00000|  0%| F|  |TAMS 0x000000008cb00000, 0x000000008cb00000| Untracked 
| 122|0x000000008cc00000, 0x000000008cc00000, 0x000000008cd00000|  0%| F|  |TAMS 0x000000008cc00000, 0x000000008cc00000| Untracked 
| 123|0x000000008cd00000, 0x000000008cd00000, 0x000000008ce00000|  0%| F|  |TAMS 0x000000008cd00000, 0x000000008cd00000| Untracked 
| 124|0x000000008ce00000, 0x000000008ce00000, 0x000000008cf00000|  0%| F|  |TAMS 0x000000008ce00000, 0x000000008ce00000| Untracked 
| 125|0x000000008cf00000, 0x000000008cf00000, 0x000000008d000000|  0%| F|  |TAMS 0x000000008cf00000, 0x000000008cf00000| Untracked 
| 126|0x000000008d000000, 0x000000008d000000, 0x000000008d100000|  0%| F|  |TAMS 0x000000008d000000, 0x000000008d000000| Untracked 
| 127|0x000000008d100000, 0x000000008d100000, 0x000000008d200000|  0%| F|  |TAMS 0x000000008d100000, 0x000000008d100000| Untracked 
| 128|0x000000008d200000, 0x000000008d200000, 0x000000008d300000|  0%| F|  |TAMS 0x000000008d200000, 0x000000008d200000| Untracked 
| 129|0x000000008d300000, 0x000000008d300000, 0x000000008d400000|  0%| F|  |TAMS 0x000000008d300000, 0x000000008d300000| Untracked 
| 130|0x000000008d400000, 0x000000008d400000, 0x000000008d500000|  0%| F|  |TAMS 0x000000008d400000, 0x000000008d400000| Untracked 
| 131|0x000000008d500000, 0x000000008d500000, 0x000000008d600000|  0%| F|  |TAMS 0x000000008d500000, 0x000000008d500000| Untracked 
| 132|0x000000008d600000, 0x000000008d600000, 0x000000008d700000|  0%| F|  |TAMS 0x000000008d600000, 0x000000008d600000| Untracked 
| 133|0x000000008d700000, 0x000000008d700000, 0x000000008d800000|  0%| F|  |TAMS 0x000000008d700000, 0x000000008d700000| Untracked 
| 134|0x000000008d800000, 0x000000008d800000, 0x000000008d900000|  0%| F|  |TAMS 0x000000008d800000, 0x000000008d800000| Untracked 
| 135|0x000000008d900000, 0x000000008d900000, 0x000000008da00000|  0%| F|  |TAMS 0x000000008d900000, 0x000000008d900000| Untracked 
| 136|0x000000008da00000, 0x000000008da00000, 0x000000008db00000|  0%| F|  |TAMS 0x000000008da00000, 0x000000008da00000| Untracked 
| 137|0x000000008db00000, 0x000000008db00000, 0x000000008dc00000|  0%| F|  |TAMS 0x000000008db00000, 0x000000008db00000| Untracked 
| 138|0x000000008dc00000, 0x000000008dc00000, 0x000000008dd00000|  0%| F|  |TAMS 0x000000008dc00000, 0x000000008dc00000| Untracked 
| 139|0x000000008dd00000, 0x000000008dd00000, 0x000000008de00000|  0%| F|  |TAMS 0x000000008dd00000, 0x000000008dd00000| Untracked 
| 140|0x000000008de00000, 0x000000008de80800, 0x000000008df00000| 50%| E|  |TAMS 0x000000008de00000, 0x000000008de00000| Complete 
| 141|0x000000008df00000, 0x000000008e000000, 0x000000008e000000|100%| E|CS|TAMS 0x000000008df00000, 0x000000008df00000| Complete 
| 142|0x000000008e000000, 0x000000008e100000, 0x000000008e100000|100%| E|CS|TAMS 0x000000008e000000, 0x000000008e000000| Complete 
| 143|0x000000008e100000, 0x000000008e200000, 0x000000008e200000|100%| E|CS|TAMS 0x000000008e100000, 0x000000008e100000| Complete 
| 144|0x000000008e200000, 0x000000008e300000, 0x000000008e300000|100%| E|CS|TAMS 0x000000008e200000, 0x000000008e200000| Complete 
| 145|0x000000008e300000, 0x000000008e400000, 0x000000008e400000|100%| E|CS|TAMS 0x000000008e300000, 0x000000008e300000| Complete 
| 146|0x000000008e400000, 0x000000008e500000, 0x000000008e500000|100%| E|CS|TAMS 0x000000008e400000, 0x000000008e400000| Complete 
| 147|0x000000008e500000, 0x000000008e600000, 0x000000008e600000|100%| E|CS|TAMS 0x000000008e500000, 0x000000008e500000| Complete 
| 148|0x000000008e600000, 0x000000008e700000, 0x000000008e700000|100%| E|CS|TAMS 0x000000008e600000, 0x000000008e600000| Complete 
| 149|0x000000008e700000, 0x000000008e800000, 0x000000008e800000|100%| E|CS|TAMS 0x000000008e700000, 0x000000008e700000| Complete 
| 150|0x000000008e800000, 0x000000008e900000, 0x000000008e900000|100%| E|CS|TAMS 0x000000008e800000, 0x000000008e800000| Complete 
| 151|0x000000008e900000, 0x000000008ea00000, 0x000000008ea00000|100%| E|CS|TAMS 0x000000008e900000, 0x000000008e900000| Complete 
| 152|0x000000008ea00000, 0x000000008eb00000, 0x000000008eb00000|100%| E|CS|TAMS 0x000000008ea00000, 0x000000008ea00000| Complete 
| 153|0x000000008eb00000, 0x000000008ec00000, 0x000000008ec00000|100%| E|CS|TAMS 0x000000008eb00000, 0x000000008eb00000| Complete 
| 154|0x000000008ec00000, 0x000000008ed00000, 0x000000008ed00000|100%| E|CS|TAMS 0x000000008ec00000, 0x000000008ec00000| Complete 

Card table byte_map: [0x000001fe9f530000,0x000001fe9f910000] _byte_map_base: 0x000001fe9f107000

Marking Bits (Prev, Next): (CMBitMap*) 0x000001fe8a84e268, (CMBitMap*) 0x000001fe8a84e2a0
 Prev Bits: [0x000001fe9fcf0000, 0x000001fea1ba8000)
 Next Bits: [0x000001fea1bb0000, 0x000001fea3a68000)

Polling page: 0x000001fe8a8f0000

Metaspace:

Usage:
  Non-class:     57.90 MB capacity,    57.38 MB (>99%) used,   425.98 KB ( <1%) free+waste,   113.63 KB ( <1%) overhead. 
      Class:      7.78 MB capacity,     7.46 MB ( 96%) used,   283.84 KB (  4%) free+waste,    50.75 KB ( <1%) overhead. 
       Both:     65.69 MB capacity,    64.83 MB ( 99%) used,   709.82 KB (  1%) free+waste,   164.38 KB ( <1%) overhead. 

Virtual space:
  Non-class space:       60.00 MB reserved,      58.13 MB ( 97%) committed 
      Class space:        1.00 GB reserved,       7.82 MB ( <1%) committed 
             Both:        1.06 GB reserved,      65.95 MB (  6%) committed 

Chunk freelists:
   Non-Class:  38.00 KB
       Class:  31.00 KB
        Both:  69.00 KB

MaxMetaspaceSize: 17179869184.00 GB
CompressedClassSpaceSize: 1.00 GB
Initial GC threshold: 20.80 MB
Current GC threshold: 105.34 MB
CDS: off

CodeHeap 'non-profiled nmethods': size=120064Kb used=3222Kb max_used=3222Kb free=116841Kb
 bounds [0x000001fe975e0000, 0x000001fe97910000, 0x000001fe9eb20000]
CodeHeap 'profiled nmethods': size=120000Kb used=18388Kb max_used=18388Kb free=101611Kb
 bounds [0x000001fe900b0000, 0x000001fe912b0000, 0x000001fe975e0000]
CodeHeap 'non-nmethods': size=5696Kb used=1309Kb max_used=1371Kb free=4386Kb
 bounds [0x000001fe8fb20000, 0x000001fe8fd90000, 0x000001fe900b0000]
 total_blobs=8024 nmethods=7428 adapters=506
 compilation: enabled
              stopped_count=0, restarted_count=0
 full_count=0

Compilation events (20 events):
Event: 8.919 Thread 0x000001fea60ec000 7495       2       org.jetbrains.kotlin.descriptors.impl.ClassConstructorDescriptorImpl::getOriginal (5 bytes)
Event: 8.919 Thread 0x000001fea60ec000 nmethod 7495 0x000001fe912a1c10 code [0x000001fe912a1de0, 0x000001fe912a1fc8]
Event: 8.919 Thread 0x000001fea60ec000 7496       2       org.jetbrains.kotlin.com.intellij.lang.impl.PsiBuilderImpl$ProductionMarker::<init> (28 bytes)
Event: 8.919 Thread 0x000001fea60ec000 nmethod 7496 0x000001fe912a2110 code [0x000001fe912a22c0, 0x000001fe912a2468]
Event: 8.919 Thread 0x000001fea60ec000 7497       2       org.jetbrains.kotlin.psi.KtVisitorVoid::visitQualifiedExpression (17 bytes)
Event: 8.920 Thread 0x000001fea60ec000 nmethod 7497 0x000001fe912a2510 code [0x000001fe912a26e0, 0x000001fe912a2898]
Event: 8.921 Thread 0x000001fea60ec000 7498       2       org.jetbrains.kotlin.parsing.KotlinParsing$ModifierDetector::<init> (15 bytes)
Event: 8.921 Thread 0x000001fea60ec000 nmethod 7498 0x000001fe912a2a10 code [0x000001fe912a2bc0, 0x000001fe912a2cb8]
Event: 8.921 Thread 0x000001fea60ec000 7500       2       org.jetbrains.kotlin.parsing.KotlinExpressionParsing::parseSelectorCallExpression (48 bytes)
Event: 8.921 Thread 0x000001fea60ec000 nmethod 7500 0x000001fe912a2d90 code [0x000001fe912a2fa0, 0x000001fe912a3258]
Event: 8.921 Thread 0x000001fea60ec000 7499       2       org.jetbrains.kotlin.parsing.KotlinParsing::parseCommonDeclaration (153 bytes)
Event: 8.922 Thread 0x000001fea60ec000 nmethod 7499 0x000001fe912a3490 code [0x000001fe912a36e0, 0x000001fe912a3b68]
Event: 8.922 Thread 0x000001fea60ec000 7501       2       org.jetbrains.kotlin.parsing.AbstractKotlinParsing::errorIf (21 bytes)
Event: 8.923 Thread 0x000001fea60ec000 nmethod 7501 0x000001fe912a3e10 code [0x000001fe912a4000, 0x000001fe912a4288]
Event: 8.925 Thread 0x000001fea60ec000 7502       2       java.util.regex.Pattern$CharPredicate$$Lambda$26/0x00000001001bc440::is (9 bytes)
Event: 8.926 Thread 0x000001fea60ec000 nmethod 7502 0x000001fe912a4490 code [0x000001fe912a4640, 0x000001fe912a47e8]
Event: 8.926 Thread 0x000001fea60ec000 7503       2       java.util.regex.Pattern$CharPredicate::lambda$negate$3 (16 bytes)
Event: 8.926 Thread 0x000001fea60ec000 nmethod 7503 0x000001fe912a4910 code [0x000001fe912a4ac0, 0x000001fe912a4be8]
Event: 8.926 Thread 0x000001fea60ec000 7504       2       java.util.regex.Pattern$CharProperty::match (61 bytes)
Event: 8.926 Thread 0x000001fea60ec000 nmethod 7504 0x000001fe912a4c90 code [0x000001fe912a4e60, 0x000001fe912a5088]

GC Heap History (16 events):
Event: 0.533 GC heap before
{Heap before GC invocations=0 (full 0):
 garbage-first heap   total 126976K, used 18432K [0x0000000085200000, 0x0000000100000000)
  region size 1024K, 14 young (14336K), 0 survivors (0K)
 Metaspace       used 9731K, capacity 9842K, committed 10112K, reserved 1058816K
  class space    used 812K, capacity 853K, committed 896K, reserved 1048576K
}
Event: 0.537 GC heap after
{Heap after GC invocations=1 (full 0):
 garbage-first heap   total 126976K, used 6276K [0x0000000085200000, 0x0000000100000000)
  region size 1024K, 2 young (2048K), 2 survivors (2048K)
 Metaspace       used 9731K, capacity 9842K, committed 10112K, reserved 1058816K
  class space    used 812K, capacity 853K, committed 896K, reserved 1048576K
}
Event: 1.564 GC heap before
{Heap before GC invocations=1 (full 0):
 garbage-first heap   total 126976K, used 53380K [0x0000000085200000, 0x0000000100000000)
  region size 1024K, 49 young (50176K), 2 survivors (2048K)
 Metaspace       used 20861K, capacity 21156K, committed 21296K, reserved 1069056K
  class space    used 2253K, capacity 2373K, committed 2432K, reserved 1048576K
}
Event: 1.580 GC heap after
{Heap after GC invocations=2 (full 0):
 garbage-first heap   total 126976K, used 10932K [0x0000000085200000, 0x0000000100000000)
  region size 1024K, 7 young (7168K), 7 survivors (7168K)
 Metaspace       used 20861K, capacity 21156K, committed 21296K, reserved 1069056K
  class space    used 2253K, capacity 2373K, committed 2432K, reserved 1048576K
}
Event: 2.640 GC heap before
{Heap before GC invocations=3 (full 0):
 garbage-first heap   total 126976K, used 65204K [0x0000000085200000, 0x0000000100000000)
  region size 1024K, 54 young (55296K), 7 survivors (7168K)
 Metaspace       used 31852K, capacity 32361K, committed 32688K, reserved 1077248K
  class space    used 3789K, capacity 4001K, committed 4096K, reserved 1048576K
}
Event: 2.671 GC heap after
{Heap after GC invocations=4 (full 0):
 garbage-first heap   total 126976K, used 24064K [0x0000000085200000, 0x0000000100000000)
  region size 1024K, 7 young (7168K), 7 survivors (7168K)
 Metaspace       used 31852K, capacity 32361K, committed 32688K, reserved 1077248K
  class space    used 3789K, capacity 4001K, committed 4096K, reserved 1048576K
}
Event: 2.963 GC heap before
{Heap before GC invocations=4 (full 0):
 garbage-first heap   total 126976K, used 36352K [0x0000000085200000, 0x0000000100000000)
  region size 1024K, 20 young (20480K), 7 survivors (7168K)
 Metaspace       used 35354K, capacity 35827K, committed 35920K, reserved 1081344K
  class space    used 4385K, capacity 4580K, committed 4608K, reserved 1048576K
}
Event: 2.980 GC heap after
{Heap after GC invocations=5 (full 0):
 garbage-first heap   total 126976K, used 24440K [0x0000000085200000, 0x0000000100000000)
  region size 1024K, 1 young (1024K), 1 survivors (1024K)
 Metaspace       used 35354K, capacity 35827K, committed 35920K, reserved 1081344K
  class space    used 4385K, capacity 4580K, committed 4608K, reserved 1048576K
}
Event: 4.100 GC heap before
{Heap before GC invocations=6 (full 0):
 garbage-first heap   total 126976K, used 75640K [0x0000000085200000, 0x0000000100000000)
  region size 1024K, 51 young (52224K), 1 survivors (1024K)
 Metaspace       used 45154K, capacity 45689K, committed 46000K, reserved 1089536K
  class space    used 5332K, capacity 5532K, committed 5632K, reserved 1048576K
}
Event: 4.115 GC heap after
{Heap after GC invocations=7 (full 0):
 garbage-first heap   total 158720K, used 27286K [0x0000000085200000, 0x0000000100000000)
  region size 1024K, 6 young (6144K), 6 survivors (6144K)
 Metaspace       used 45154K, capacity 45689K, committed 46000K, reserved 1089536K
  class space    used 5332K, capacity 5532K, committed 5632K, reserved 1048576K
}
Event: 5.235 GC heap before
{Heap before GC invocations=7 (full 0):
 garbage-first heap   total 158720K, used 91798K [0x0000000085200000, 0x0000000100000000)
  region size 1024K, 66 young (67584K), 6 survivors (6144K)
 Metaspace       used 51659K, capacity 52243K, committed 52400K, reserved 1095680K
  class space    used 6038K, capacity 6287K, committed 6400K, reserved 1048576K
}
Event: 5.254 GC heap after
{Heap after GC invocations=8 (full 0):
 garbage-first heap   total 158720K, used 36960K [0x0000000085200000, 0x0000000100000000)
  region size 1024K, 8 young (8192K), 8 survivors (8192K)
 Metaspace       used 51659K, capacity 52243K, committed 52400K, reserved 1095680K
  class space    used 6038K, capacity 6287K, committed 6400K, reserved 1048576K
}
Event: 6.713 GC heap before
{Heap before GC invocations=8 (full 0):
 garbage-first heap   total 158720K, used 89184K [0x0000000085200000, 0x0000000100000000)
  region size 1024K, 60 young (61440K), 8 survivors (8192K)
 Metaspace       used 59637K, capacity 60370K, committed 60420K, reserved 1101824K
  class space    used 6952K, capacity 7272K, committed 7296K, reserved 1048576K
}
Event: 6.743 GC heap after
{Heap after GC invocations=9 (full 0):
 garbage-first heap   total 158720K, used 43320K [0x0000000085200000, 0x0000000100000000)
  region size 1024K, 6 young (6144K), 6 survivors (6144K)
 Metaspace       used 59637K, capacity 60370K, committed 60420K, reserved 1101824K
  class space    used 6952K, capacity 7272K, committed 7296K, reserved 1048576K
}
Event: 8.463 GC heap before
{Heap before GC invocations=10 (full 0):
 garbage-first heap   total 158720K, used 105784K [0x0000000085200000, 0x0000000100000000)
  region size 1024K, 67 young (68608K), 6 survivors (6144K)
 Metaspace       used 63432K, capacity 64244K, committed 64464K, reserved 1105920K
  class space    used 7349K, capacity 7694K, committed 7756K, reserved 1048576K
}
Event: 8.490 GC heap after
{Heap after GC invocations=11 (full 0):
 garbage-first heap   total 158720K, used 53248K [0x0000000085200000, 0x0000000100000000)
  region size 1024K, 9 young (9216K), 9 survivors (9216K)
 Metaspace       used 63432K, capacity 64244K, committed 64464K, reserved 1105920K
  class space    used 7349K, capacity 7694K, committed 7756K, reserved 1048576K
}

Deoptimization events (20 events):
Event: 8.906 Thread 0x000001fe8a80e800 Uncommon trap: trap_request=0xffffffde fr.pc=0x000001fe977f6cd0 relative=0x00000000000003d0
Event: 8.906 Thread 0x000001fe8a80e800 Uncommon trap: reason=class_check action=maybe_recompile pc=0x000001fe977f6cd0 method=org.jetbrains.kotlin.storage.LockBasedStorageManager$LockBasedLazyValue.invoke()Ljava/lang/Object; @ 24 c2
Event: 8.906 Thread 0x000001fe8a80e800 DEOPT PACKING pc=0x000001fe977f6cd0 sp=0x0000005c96efa1e0
Event: 8.906 Thread 0x000001fe8a80e800 DEOPT UNPACKING pc=0x000001fe8fb6a1af sp=0x0000005c96efa120 mode 2
Event: 8.907 Thread 0x000001fe8a80e800 Uncommon trap: trap_request=0xffffffde fr.pc=0x000001fe977b9ed0 relative=0x00000000000003d0
Event: 8.907 Thread 0x000001fe8a80e800 Uncommon trap: reason=class_check action=maybe_recompile pc=0x000001fe977b9ed0 method=java.util.regex.Pattern$Start.match(Ljava/util/regex/Matcher;ILjava/lang/CharSequence;)Z @ 44 c2
Event: 8.907 Thread 0x000001fe8a80e800 DEOPT PACKING pc=0x000001fe977b9ed0 sp=0x0000005c96efd580
Event: 8.907 Thread 0x000001fe8a80e800 DEOPT UNPACKING pc=0x000001fe8fb6a1af sp=0x0000005c96efd4c0 mode 2
Event: 8.907 Thread 0x000001fe8a80e800 Uncommon trap: trap_request=0xffffffde fr.pc=0x000001fe977b9ed0 relative=0x00000000000003d0
Event: 8.907 Thread 0x000001fe8a80e800 Uncommon trap: reason=class_check action=maybe_recompile pc=0x000001fe977b9ed0 method=java.util.regex.Pattern$Start.match(Ljava/util/regex/Matcher;ILjava/lang/CharSequence;)Z @ 44 c2
Event: 8.907 Thread 0x000001fe8a80e800 DEOPT PACKING pc=0x000001fe977b9ed0 sp=0x0000005c96efd580
Event: 8.907 Thread 0x000001fe8a80e800 DEOPT UNPACKING pc=0x000001fe8fb6a1af sp=0x0000005c96efd4c0 mode 2
Event: 8.917 Thread 0x000001fe8a80e800 Uncommon trap: trap_request=0xffffffde fr.pc=0x000001fe977f6cd0 relative=0x00000000000003d0
Event: 8.917 Thread 0x000001fe8a80e800 Uncommon trap: reason=class_check action=maybe_recompile pc=0x000001fe977f6cd0 method=org.jetbrains.kotlin.storage.LockBasedStorageManager$LockBasedLazyValue.invoke()Ljava/lang/Object; @ 24 c2
Event: 8.917 Thread 0x000001fe8a80e800 DEOPT PACKING pc=0x000001fe977f6cd0 sp=0x0000005c96efc9c0
Event: 8.917 Thread 0x000001fe8a80e800 DEOPT UNPACKING pc=0x000001fe8fb6a1af sp=0x0000005c96efc900 mode 2
Event: 8.918 Thread 0x000001fe8a80e800 Uncommon trap: trap_request=0xffffff4d fr.pc=0x000001fe978d88e4 relative=0x00000000000026e4
Event: 8.918 Thread 0x000001fe8a80e800 Uncommon trap: reason=unstable_if action=reinterpret pc=0x000001fe978d88e4 method=org.jetbrains.kotlin.serialization.deserialization.descriptors.DeserializedPackageMemberScope.hasClass(Lorg/jetbrains/kotlin/name/Name;)Z @ 99 c2
Event: 8.918 Thread 0x000001fe8a80e800 DEOPT PACKING pc=0x000001fe978d88e4 sp=0x0000005c96efc340
Event: 8.918 Thread 0x000001fe8a80e800 DEOPT UNPACKING pc=0x000001fe8fb6a1af sp=0x0000005c96efc2f0 mode 2

Classes redefined (0 events):
No events

Internal exceptions (20 events):
Event: 5.485 Thread 0x000001fe8a80e800 Exception <a 'java/lang/NoSuchMethodError'{0x000000008e46e8b8}: 'java.lang.Object java.lang.invoke.DirectMethodHandle$Holder.invokeStaticInit(java.lang.Object, java.lang.Object, java.lang.Object)'> (0x000000008e46e8b8) thrown at [./src/hotspot/share/interpreter/linkResolver.cpp, line 773]
Event: 5.492 Thread 0x000001fe8a80e800 Exception <a 'java/lang/NoSuchMethodError'{0x000000008e4ae290}: 'java.lang.Object java.lang.invoke.DirectMethodHandle$Holder.invokeStatic(java.lang.Object, int, java.lang.Object, java.lang.Object)'> (0x000000008e4ae290) thrown at [./src/hotspot/share/interpreter/linkResolver.cpp, line 773]
Event: 5.493 Thread 0x000001fe8a80e800 Exception <a 'java/lang/NoSuchMethodError'{0x000000008e4b86d0}: 'int java.lang.invoke.DirectMethodHandle$Holder.invokeInterface(java.lang.Object, java.lang.Object)'> (0x000000008e4b86d0) thrown at [./src/hotspot/share/interpreter/linkResolver.cpp, line 773]
Event: 5.571 Thread 0x000001fe8a80e800 Implicit null exception at 0x000001fe97686a75 to 0x000001fe97686c48
Event: 5.571 Thread 0x000001fe8a80e800 Implicit null exception at 0x000001fe9761722f to 0x000001fe9761729d
Event: 5.916 Thread 0x000001fe8a80e800 Exception <a 'java/lang/NoSuchMethodError'{0x000000008d865988}: 'java.lang.Object java.lang.invoke.Invokers$Holder.linkToTargetMethod(java.lang.Object, java.lang.Object, java.lang.Object, java.lang.Object, java.lang.Object, java.lang.Object, java.lang.Object)'> (0x000000008d865988) thrown at [./src/hotspot/share/interpreter/linkResolver.cpp, line 773]
Event: 5.933 Thread 0x000001fe8a80e800 Exception <a 'java/lang/NoSuchMethodError'{0x000000008d77ae58}: 'java.lang.Object java.lang.invoke.Invokers$Holder.linkToTargetMethod(java.lang.Object, java.lang.Object, java.lang.Object, java.lang.Object, java.lang.Object, java.lang.Object)'> (0x000000008d77ae58) thrown at [./src/hotspot/share/interpreter/linkResolver.cpp, line 773]
Event: 6.041 Thread 0x000001fe8a80e800 Implicit null exception at 0x000001fe9764755e to 0x000001fe97647cca
Event: 6.529 Thread 0x000001fe8a80e800 Exception <a 'java/lang/NoSuchMethodError'{0x000000008be6aec8}: 'java.lang.Object java.lang.invoke.Invokers$Holder.linkToTargetMethod(java.lang.Object, java.lang.Object, java.lang.Object, int, int, java.lang.Object)'> (0x000000008be6aec8) thrown at [./src/hotspot/share/interpreter/linkResolver.cpp, line 773]
Event: 6.584 Thread 0x000001fe8a80e800 Exception <a 'java/lang/NoSuchMethodError'{0x000000008bc3b698}: 'int java.lang.invoke.DirectMethodHandle$Holder.invokeVirtual(java.lang.Object, java.lang.Object, java.lang.Object)'> (0x000000008bc3b698) thrown at [./src/hotspot/share/interpreter/linkResolver.cpp, line 773]
Event: 6.777 Thread 0x000001fe8a80e800 Exception <a 'java/lang/NoSuchMethodError'{0x000000008ecb2ea8}: 'java.lang.Object java.lang.invoke.DirectMethodHandle$Holder.invokeSpecial(java.lang.Object, java.lang.Object, java.lang.Object, java.lang.Object, java.lang.Object, int)'> (0x000000008ecb2ea8) thrown at [./src/hotspot/share/interpreter/linkResolver.cpp, line 773]
Event: 6.777 Thread 0x000001fe8a80e800 Exception <a 'java/lang/NoSuchMethodError'{0x000000008ecb6cf0}: 'java.lang.Object java.lang.invoke.Invokers$Holder.linkToTargetMethod(java.lang.Object, java.lang.Object, java.lang.Object, int, java.lang.Object)'> (0x000000008ecb6cf0) thrown at [./src/hotspot/share/interpreter/linkResolver.cpp, line 773]
Event: 6.877 Thread 0x000001fe8a80e800 Exception <a 'java/lang/NoSuchMethodError'{0x000000008eace500}: 'void java.lang.invoke.DirectMethodHandle$Holder.invokeInterface(java.lang.Object, java.lang.Object)'> (0x000000008eace500) thrown at [./src/hotspot/share/interpreter/linkResolver.cpp, line 773]
Event: 6.942 Thread 0x000001fe8a80e800 Exception <a 'java/lang/IncompatibleClassChangeError'{0x000000008e8826a0}: Found class java.lang.Object, but interface was expected> (0x000000008e8826a0) thrown at [./src/hotspot/share/interpreter/linkResolver.cpp, line 839]
Event: 6.947 Thread 0x000001fe8a80e800 Implicit null exception at 0x000001fe977266cc to 0x000001fe977267a8
Event: 7.999 Thread 0x000001fe8a80e800 Exception <a 'java/lang/NoSuchMethodError'{0x000000008bc71ad8}: 'java.lang.Object java.lang.invoke.DirectMethodHandle$Holder.invokeInterface(java.lang.Object, java.lang.Object, java.lang.Object)'> (0x000000008bc71ad8) thrown at [./src/hotspot/share/interpreter/linkResolver.cpp, line 773]
Event: 7.999 Thread 0x000001fe8a80e800 Exception <a 'java/lang/IncompatibleClassChangeError'{0x000000008bc75258}: Found class java.lang.Object, but interface was expected> (0x000000008bc75258) thrown at [./src/hotspot/share/interpreter/linkResolver.cpp, line 839]
Event: 8.362 Thread 0x000001fe8a80e800 Exception <a 'java/lang/NoSuchMethodError'{0x000000008ac028b0}: 'int java.lang.invoke.DirectMethodHandle$Holder.invokeStaticInit(java.lang.Object, int)'> (0x000000008ac028b0) thrown at [./src/hotspot/share/interpreter/linkResolver.cpp, line 773]
Event: 8.397 Thread 0x000001fe8a80e800 Implicit null exception at 0x000001fe9787e6de to 0x000001fe9787f5f0
Event: 8.681 Thread 0x000001fe8a80e800 Implicit null exception at 0x000001fe97641ff5 to 0x000001fe976421b4

Events (20 events):
Event: 8.946 loading class org/jetbrains/kotlin/codegen/AbstractClassBuilder$2
Event: 8.946 loading class org/jetbrains/kotlin/codegen/AbstractClassBuilder$2 done
Event: 8.947 loading class org/jetbrains/kotlin/codegen/AbstractClassBuilder$3
Event: 8.947 loading class org/jetbrains/kotlin/codegen/AbstractClassBuilder$3 done
Event: 8.947 loading class org/jetbrains/kotlin/codegen/ClassFileFactory$ClassBuilderAndSourceFileList
Event: 8.947 loading class org/jetbrains/kotlin/codegen/ClassFileFactory$ClassBuilderAndSourceFileList done
Event: 8.948 loading class org/jetbrains/kotlin/codegen/ClassFileFactory$OutAndSourceFileList
Event: 8.948 loading class org/jetbrains/kotlin/codegen/ClassFileFactory$OutAndSourceFileList done
Event: 8.948 loading class org/jetbrains/kotlin/codegen/ImplementationBodyCodegen
Event: 8.948 loading class org/jetbrains/kotlin/codegen/ImplementationBodyCodegen done
Event: 8.950 loading class org/jetbrains/kotlin/codegen/ClassBodyCodegen
Event: 8.950 loading class org/jetbrains/kotlin/codegen/ClassBodyCodegen done
Event: 8.951 loading class org/jetbrains/kotlin/codegen/ClassBodyCodegen$1
Event: 8.951 loading class org/jetbrains/kotlin/codegen/ClassBodyCodegen$1 done
Event: 8.952 loading class org/jetbrains/kotlin/codegen/signature/BothSignatureWriter
Event: 8.952 loading class org/jetbrains/kotlin/codegen/signature/BothSignatureWriter done
Event: 8.953 Executing VM operation: Deoptimize
Event: 8.953 Executing VM operation: Deoptimize done
Event: 8.953 loading class org/jetbrains/kotlin/serialization/SerializerExtension
Event: 8.953 loading class org/jetbrains/kotlin/serialization/SerializerExtension done


Dynamic libraries:
0x00007ff68a9e0000 - 0x00007ff68a9ea000 	C:\Program Files\Android\Android Studio\jre\bin\java.exe
0x00007ffd8e730000 - 0x00007ffd8e928000 	C:\WINDOWS\SYSTEM32\ntdll.dll
0x00007ffd8d1a0000 - 0x00007ffd8d25f000 	C:\WINDOWS\System32\KERNEL32.DLL
0x00007ffd8bf20000 - 0x00007ffd8c1f2000 	C:\WINDOWS\System32\KERNELBASE.dll
0x00007ffd8c550000 - 0x00007ffd8c650000 	C:\WINDOWS\System32\ucrtbase.dll
0x00007ffd781c0000 - 0x00007ffd781d7000 	C:\Program Files\Android\Android Studio\jre\bin\VCRUNTIME140.dll
0x00007ffd77080000 - 0x00007ffd77099000 	C:\Program Files\Android\Android Studio\jre\bin\jli.dll
0x00007ffd8d260000 - 0x00007ffd8d3fd000 	C:\WINDOWS\System32\USER32.dll
0x00007ffd8c410000 - 0x00007ffd8c432000 	C:\WINDOWS\System32\win32u.dll
0x00007ffd7cc70000 - 0x00007ffd7cf0a000 	C:\WINDOWS\WinSxS\amd64_microsoft.windows.common-controls_6595b64144ccf1df_6.0.19041.1110_none_60b5254171f9507e\COMCTL32.dll
0x00007ffd8e4d0000 - 0x00007ffd8e4fb000 	C:\WINDOWS\System32\GDI32.dll
0x00007ffd8dd70000 - 0x00007ffd8de0e000 	C:\WINDOWS\System32\msvcrt.dll
0x00007ffd8c440000 - 0x00007ffd8c54f000 	C:\WINDOWS\System32\gdi32full.dll
0x00007ffd8be30000 - 0x00007ffd8becd000 	C:\WINDOWS\System32\msvcp_win.dll
0x00007ffd8e510000 - 0x00007ffd8e542000 	C:\WINDOWS\System32\IMM32.DLL
0x00007ffd5d250000 - 0x00007ffd5d2ed000 	C:\Program Files\Android\Android Studio\jre\bin\msvcp140.dll
0x00007ffd355b0000 - 0x00007ffd360b2000 	C:\Program Files\Android\Android Studio\jre\bin\server\jvm.dll
0x00007ffd8de10000 - 0x00007ffd8debe000 	C:\WINDOWS\System32\ADVAPI32.dll
0x00007ffd8e300000 - 0x00007ffd8e39c000 	C:\WINDOWS\System32\sechost.dll
0x00007ffd8e3a0000 - 0x00007ffd8e4c5000 	C:\WINDOWS\System32\RPCRT4.dll
0x00007ffd8d5b0000 - 0x00007ffd8d5b8000 	C:\WINDOWS\System32\PSAPI.DLL
0x00007ffd7ae50000 - 0x00007ffd7ae59000 	C:\WINDOWS\SYSTEM32\WSOCK32.dll
0x00007ffd89d10000 - 0x00007ffd89d37000 	C:\WINDOWS\SYSTEM32\WINMM.dll
0x00007ffd8e5b0000 - 0x00007ffd8e61b000 	C:\WINDOWS\System32\WS2_32.dll
0x00007ffd89d00000 - 0x00007ffd89d0a000 	C:\WINDOWS\SYSTEM32\VERSION.dll
0x00007ffd8a6d0000 - 0x00007ffd8a6e2000 	C:\WINDOWS\SYSTEM32\kernel.appcore.dll
0x00007ffd84ca0000 - 0x00007ffd84cb1000 	C:\Program Files\Android\Android Studio\jre\bin\verify.dll
0x00007ffd89b10000 - 0x00007ffd89cf4000 	C:\WINDOWS\SYSTEM32\DBGHELP.DLL
0x00007ffd89ae0000 - 0x00007ffd89b0c000 	C:\WINDOWS\SYSTEM32\dbgcore.DLL
0x00007ffd8c6c0000 - 0x00007ffd8c742000 	C:\WINDOWS\System32\bcryptPrimitives.dll
0x00007ffd846e0000 - 0x00007ffd84709000 	C:\Program Files\Android\Android Studio\jre\bin\java.dll
0x00007ffd86860000 - 0x00007ffd8686b000 	C:\Program Files\Android\Android Studio\jre\bin\jimage.dll
0x00007ffd7b510000 - 0x00007ffd7b528000 	C:\Program Files\Android\Android Studio\jre\bin\zip.dll
0x00007ffd8ca50000 - 0x00007ffd8d193000 	C:\WINDOWS\System32\SHELL32.dll
0x00007ffd89ed0000 - 0x00007ffd8a662000 	C:\WINDOWS\SYSTEM32\windows.storage.dll
0x00007ffd8dfa0000 - 0x00007ffd8e2f4000 	C:\WINDOWS\System32\combase.dll
0x00007ffd8b890000 - 0x00007ffd8b8c0000 	C:\WINDOWS\SYSTEM32\Wldp.dll
0x00007ffd8c920000 - 0x00007ffd8c9cd000 	C:\WINDOWS\System32\SHCORE.dll
0x00007ffd8c8c0000 - 0x00007ffd8c915000 	C:\WINDOWS\System32\shlwapi.dll
0x00007ffd8bd70000 - 0x00007ffd8bd8f000 	C:\WINDOWS\SYSTEM32\profapi.dll
0x00007ffd78e70000 - 0x00007ffd78e8a000 	C:\Program Files\Android\Android Studio\jre\bin\net.dll
0x00007ffd82e10000 - 0x00007ffd82f1c000 	C:\WINDOWS\SYSTEM32\WINHTTP.dll
0x00007ffd8b5f0000 - 0x00007ffd8b65a000 	C:\WINDOWS\system32\mswsock.dll
0x00007ffd78b10000 - 0x00007ffd78b24000 	C:\Program Files\Android\Android Studio\jre\bin\nio.dll

dbghelp: loaded successfully - version: 4.0.5 - missing functions: none
symbol engine: initialized successfully - sym options: 0x614 - pdb path: .;C:\Program Files\Android\Android Studio\jre\bin;C:\WINDOWS\SYSTEM32;C:\WINDOWS\WinSxS\amd64_microsoft.windows.common-controls_6595b64144ccf1df_6.0.19041.1110_none_60b5254171f9507e;C:\Program Files\Android\Android Studio\jre\bin\server

VM Arguments:
java_command: org.jetbrains.kotlin.cli.jvm.K2JVMCompiler @C:\Users\hp\AndroidStudioProjects\splashscreen2\app\build\20230125_10053977396563654793.compiler.options
java_class_path (initial): C:\Users\hp\.gradle\caches\modules-2\files-2.1\org.jetbrains.kotlin\kotlin-compiler-embeddable\1.7.20\8db18559a581dd2c36ddfd5046af145650f5b126\kotlin-compiler-embeddable-1.7.20.jar;C:\Users\hp\.gradle\caches\modules-2\files-2.1\org.jetbrains.kotlin\kotlin-reflect\1.7.20\12b2501e33bb6373e8e347c86d85481863629381\kotlin-reflect-1.7.20.jar;C:\Users\hp\.gradle\caches\modules-2\files-2.1\org.jetbrains.kotlin\kotlin-stdlib\1.7.20\726594ea9ba2beb2ee113647fefa9a10f9fabe52\kotlin-stdlib-1.7.20.jar;C:\Users\hp\.gradle\caches\modules-2\files-2.1\org.jetbrains.kotlin\kotlin-script-runtime\1.7.20\bcd1cc6f865e632550357fcc59f5ffd532615a8\kotlin-script-runtime-1.7.20.jar;C:\Users\hp\.gradle\caches\modules-2\files-2.1\org.jetbrains.kotlin\kotlin-daemon-embeddable\1.7.20\1e24355adad8d529d75d5b19eab55484057431ba\kotlin-daemon-embeddable-1.7.20.jar;C:\Users\hp\.gradle\caches\modules-2\files-2.1\org.jetbrains.intellij.deps\trove4j\1.0.20200330\3afb14d5f9ceb459d724e907a21145e8ff394f02\trove4j-1.0.20200330.jar;C:\Users\hp\.gradle\caches\modules-2\files-2.1\net.java.dev.jna\jna\5.6.0\330f2244e9030119ab3030fc3fededc86713d9cc\jna-5.6.0.jar;C:\Users\hp\.gradle\caches\modules-2\files-2.1\org.jetbrains.kotlin\kotlin-stdlib-common\1.7.20\e15351bdaf9fa06f009be5da7a202e4184f00ae3\kotlin-stdlib-common-1.7.20.jar;C:\Users\hp\.gradle\caches\modules-2\files-2.1\org.jetbrains\annotations\13.0\919f0dfe192fb4e063e7dacadee7f8bb9a2672a9\annotations-13.0.jar
Launcher Type: SUN_STANDARD

[Global flags]
     intx CICompilerCount                          = 3                                         {product} {ergonomic}
     uint ConcGCThreads                            = 1                                         {product} {ergonomic}
     uint G1ConcRefinementThreads                  = 4                                         {product} {ergonomic}
   size_t G1HeapRegionSize                         = 1048576                                   {product} {ergonomic}
    uintx GCDrainStackTargetSize                   = 64                                        {product} {ergonomic}
   size_t InitialHeapSize                          = 130023424                                 {product} {ergonomic}
   size_t MarkStackSize                            = 4194304                                   {product} {ergonomic}
   size_t MaxHeapSize                              = 2061500416                                {product} {ergonomic}
   size_t MaxNewSize                               = 1236271104                                {product} {ergonomic}
   size_t MinHeapDeltaBytes                        = 1048576                                   {product} {ergonomic}
    uintx NonNMethodCodeHeapSize                   = 5830732                                {pd product} {ergonomic}
    uintx NonProfiledCodeHeapSize                  = 122913754                              {pd product} {ergonomic}
    uintx ProfiledCodeHeapSize                     = 122913754                              {pd product} {ergonomic}
    uintx ReservedCodeCacheSize                    = 251658240                              {pd product} {ergonomic}
     bool SegmentedCodeCache                       = true                                      {product} {ergonomic}
     bool UseCompressedClassPointers               = true                                 {lp64_product} {ergonomic}
     bool UseCompressedOops                        = true                                 {lp64_product} {ergonomic}
     bool UseG1GC                                  = true                                      {product} {ergonomic}
     bool UseLargePagesIndividualAllocation        = false                                  {pd product} {ergonomic}

Logging:
Log output configuration:
 #0: stdout all=warning uptime,level,tags
 #1: stderr all=off uptime,level,tags

Environment Variables:
JAVA_HOME=C:\Program Files\OpenJDK\openjdk-11.0.16_8
PATH=C:\Program Files\Common Files\Oracle\Java\javapath;C:\WINDOWS\system32;C:\WINDOWS;C:\WINDOWS\System32\Wbem;C:\WINDOWS\System32\WindowsPowerShell\v1.0\;C:\WINDOWS\System32\OpenSSH\;C:\Program Files (x86)\Java\jre1.8.0_251\bin;C:\Program Files\Java\jdk-15.0.1\bin;C:\Program Files\swipl\bin;C:\Program Files\dotnet\;C:\Users\hp\Downloads\FLEX_BISON-20211126\win_flex_bison-latest\win_flex_bison-latest;C:\Program Files\Git\cmd;C:\ProgramData\chocolatey\bin;C:\Program Files\OpenJDK\openjdk-11.0.16_8\bin;C:\Program Files\MongoDB\Server\6.0\bin;C:\Program Files\nodejs\;C:\Program Files\MySQL\MySQL Shell 8.0\bin\;C:\Users\hp\AppData\Local\Programs\Python\Python310\Scripts\;C:\Users\hp\AppData\Local\Programs\Python\Python310\;C:\Users\hp\AppData\Local\Microsoft\WindowsApps;D:\Software\softwares\flutter\bin;D:\Software\softwares;C:\Users\hp\AppData\Local\Programs\Microsoft VS Code\bin;C:\MinGW\bin;C:\Program Files (x86)\OpenVPN\bin;C:\Users\hp\.dotnet\tools;C:\Users\hp\Downloads\FLEX_BISON-20211126\win_flex_bison-latest\win_flex_bison-latest;C:\Users\hp\AppData\Local\GitHubDesktop\bin;C:\Users\hp\AppData\Roaming\npm;C:\flutter_windows_3.3.5-stable\flutter\bin;
USERNAME=hp
OS=Windows_NT
PROCESSOR_IDENTIFIER=Intel64 Family 6 Model 78 Stepping 3, GenuineIntel



---------------  S Y S T E M  ---------------

OS: Windows 10 , 64 bit Build 19041 (10.0.19041.2251)
OS uptime: 3 days 23:50 hours

CPU:total 4 (initial active 4) (2 cores per cpu, 2 threads per core) family 6 model 78 stepping 3 microcode 0xcc, cmov, cx8, fxsr, mmx, sse, sse2, sse3, ssse3, sse4.1, sse4.2, popcnt, avx, avx2, aes, clmul, erms, rtm, 3dnowpref, lzcnt, ht, tsc, tscinvbit, bmi1, bmi2, adx, fma

Memory: 4k page, system-wide physical 7861M (463M free)
TotalPageFile size 9909M (AvailPageFile size 7M)
current process WorkingSet (physical memory assigned to process): 317M, peak: 318M
current process commit charge ("private bytes"): 368M, peak: 370M

vm_info: OpenJDK 64-Bit Server VM (11.0.13+0-b1751.21-8125866) for windows-amd64 JRE (11.0.13+0-b1751.21-8125866), built on Feb  2 2022 03:00:22 by "builder" with MS VC++ 14.0 (VS2015)

END.
