#
# There is insufficient memory for the Java Runtime Environment to continue.
# Native memory allocation (malloc) failed to allocate 32744 bytes for ChunkPool::allocate
# Possible reasons:
#   The system is out of physical RAM or swap space
#   The process is running with CompressedOops enabled, and the Java Heap may be blocking the growth of the native heap
# Possible solutions:
#   Reduce memory load on the system
#   Increase physical memory or swap space
#   Check if swap backing store is full
#   Decrease Java heap size (-Xmx/-Xms)
#   Decrease number of Java threads
#   Decrease Java thread stack sizes (-Xss)
#   Set larger code cache with -XX:ReservedCodeCacheSize=
#   JVM is running with Unscaled Compressed Oops mode in which the Java heap is
#     placed in the first 4GB address space. The Java Heap base address is the
#     maximum limit for the native heap growth. Please use -XX:HeapBaseMinAddress
#     to set the Java Heap base and to place the Java Heap above 4GB virtual address.
# This output file may be truncated or incomplete.
#
#  Out of Memory Error (./src/hotspot/share/memory/arena.cpp:81), pid=6032, tid=6348
#
# JRE version: OpenJDK Runtime Environment (11.0.13) (build 11.0.13+0-b1751.21-8125866)
# Java VM: OpenJDK 64-Bit Server VM (11.0.13+0-b1751.21-8125866, mixed mode, tiered, compressed oops, g1 gc, windows-amd64)
# No core dump will be written. Minidumps are not enabled by default on client versions of Windows
#

---------------  S U M M A R Y ------------

Command Line: --add-opens=java.base/java.util=ALL-UNNAMED --add-opens=java.base/java.lang=ALL-UNNAMED --add-opens=java.base/java.lang.invoke=ALL-UNNAMED --add-opens=java.base/java.util=ALL-UNNAMED --add-opens=java.prefs/java.util.prefs=ALL-UNNAMED --add-opens=java.prefs/java.util.prefs=ALL-UNNAMED --add-opens=java.base/java.nio.charset=ALL-UNNAMED --add-opens=java.base/java.net=ALL-UNNAMED --add-opens=java.base/java.util.concurrent.atomic=ALL-UNNAMED -Xmx2048m -Dfile.encoding=UTF-8 -Duser.country=US -Duser.language=en -Duser.variant org.gradle.launcher.daemon.bootstrap.GradleDaemon 7.4

Host: Intel(R) Core(TM) i5-6300U CPU @ 2.40GHz, 4 cores, 7G,  Windows 10 , 64 bit Build 19041 (10.0.19041.2251)
Time: Sat Jan 21 13:57:30 2023 Pakistan Standard Time elapsed time: 234.749187 seconds (0d 0h 3m 54s)

---------------  T H R E A D  ---------------

Current thread (0x00000220680ec800):  VMThread "VM Thread" [stack: 0x0000002e92500000,0x0000002e92600000] [id=6348] _threads_hazard_ptr=0x000002206b30f940

Stack: [0x0000002e92500000,0x0000002e92600000]
[error occurred during error reporting (printing stack bounds), id 0xc0000005, EXCEPTION_ACCESS_VIOLATION (0xc0000005) at pc=0x000002205189112d]

Native frames: (J=compiled Java code, j=interpreted, Vv=VM code, C=native code)
V  [jvm.dll+0x6100fa]
V  [jvm.dll+0x747090]
V  [jvm.dll+0x7486ad]
V  [jvm.dll+0x748ce5]
V  [jvm.dll+0x748c9b]
V  [jvm.dll+0x60f224]
V  [jvm.dll+0x60f9b8]
C  [ntdll.dll+0xa241f]
C  [ntdll.dll+0x514a4]
C  [ntdll.dll+0xa0f4e]
C  0x000002205189112d

VM_Operation (0x0000002e938fe7d0): BulkRevokeBias, mode: safepoint, requested by thread 0x00000220752cf000


---------------  P R O C E S S  ---------------

Threads class SMR info:
_java_thread_list=0x000002206b30f940, length=91, elements={
0x000002204c592000, 0x00000220680f2800, 0x00000220680f4800, 0x000002206810d800,
0x000002206810e800, 0x0000022068113800, 0x0000022068119000, 0x000002206811e800,
0x0000022068120800, 0x0000022068bc2000, 0x000002206b5de000, 0x0000022068cc2000,
0x000002206af03800, 0x000002206ac30000, 0x000002206b2c3800, 0x000002206b066000,
0x000002206b06a800, 0x000002206b06a000, 0x000002206b06b800, 0x000002206b06c800,
0x000002206c0ba000, 0x000002206c0b7800, 0x000002206c0b9000, 0x000002206c0b7000,
0x000002206c0bf000, 0x000002206f6f1000, 0x000002206f6eb000, 0x0000022069b09800,
0x0000022069b07000, 0x0000022069b08000, 0x0000022069b08800, 0x0000022069b04800,
0x000002206f6e6000, 0x000002206f6e9800, 0x000002206f6e8800, 0x000002206f6ea800,
0x000002206f6e5800, 0x000002206f6e4800, 0x000002206f6ed000, 0x000002206f6e7000,
0x000002206f6ed800, 0x000002206f6e8000, 0x000002206f6ef000, 0x000002206f6f1800,
0x000002206f6f0000, 0x000002206f6ee800, 0x000002206f6f2800, 0x000002206f6f3800,
0x0000022069b01000, 0x0000022069aff000, 0x0000022069aff800, 0x0000022069b02000,
0x0000022069b03000, 0x0000022069afd000, 0x0000022069b03800, 0x0000022069b0b000,
0x0000022069b0a000, 0x0000022069b0c000, 0x0000022069b06000, 0x000002206c0be000,
0x000002206c0c1800, 0x000002206c0bd800, 0x000002206c0bf800, 0x000002206c0c2000,
0x000002206c0c3000, 0x000002206c0c4000, 0x000002206c0c0800, 0x000002206c0c4800,
0x000002206c0c5800, 0x000002206b069000, 0x000002206b066800, 0x000002206b067800,
0x000002206b068800, 0x00000220752c6000, 0x00000220752c5800, 0x00000220752c3000,
0x00000220752c7000, 0x00000220752c3800, 0x00000220752c2000, 0x00000220752c1800,
0x00000220752c9800, 0x00000220752c8800, 0x00000220752c8000, 0x00000220752c4800,
0x00000220752d0000, 0x00000220752cb000, 0x00000220752cd800, 0x00000220752cc000,
0x00000220752cc800, 0x00000220752ce800, 0x00000220752cf000
}

Java Threads: ( => current thread )
  0x000002204c592000 JavaThread "main" [_thread_blocked, id=10720, stack(0x0000002e91f00000,0x0000002e92000000)]
  0x00000220680f2800 JavaThread "Reference Handler" daemon [_thread_blocked, id=13436, stack(0x0000002e92600000,0x0000002e92700000)]
  0x00000220680f4800 JavaThread "Finalizer" daemon [_thread_blocked, id=12316, stack(0x0000002e92700000,0x0000002e92800000)]
  0x000002206810d800 JavaThread "Signal Dispatcher" daemon [_thread_blocked, id=9036, stack(0x0000002e92800000,0x0000002e92900000)]
  0x000002206810e800 JavaThread "Attach Listener" daemon [_thread_blocked, id=2284, stack(0x0000002e92900000,0x0000002e92a00000)]
  0x0000022068113800 JavaThread "Service Thread" daemon [_thread_blocked, id=4968, stack(0x0000002e92a00000,0x0000002e92b00000)]
  0x0000022068119000 JavaThread "C2 CompilerThread0" daemon [_thread_blocked, id=6120, stack(0x0000002e92b00000,0x0000002e92c00000)]
  0x000002206811e800 JavaThread "C1 CompilerThread0" daemon [_thread_blocked, id=11452, stack(0x0000002e92c00000,0x0000002e92d00000)]
  0x0000022068120800 JavaThread "Sweeper thread" daemon [_thread_blocked, id=13224, stack(0x0000002e92d00000,0x0000002e92e00000)]
  0x0000022068bc2000 JavaThread "Common-Cleaner" daemon [_thread_blocked, id=948, stack(0x0000002e92e00000,0x0000002e92f00000)]
  0x000002206b5de000 JavaThread "Daemon health stats" [_thread_blocked, id=2676, stack(0x0000002e93200000,0x0000002e93300000)]
  0x0000022068cc2000 JavaThread "Incoming local TCP Connector on port 57681" [_thread_in_native, id=5952, stack(0x0000002e93000000,0x0000002e93100000)]
  0x000002206af03800 JavaThread "Daemon periodic checks" [_thread_blocked, id=9640, stack(0x0000002e93300000,0x0000002e93400000)]
  0x000002206ac30000 JavaThread "Daemon" [_thread_blocked, id=7696, stack(0x0000002e93400000,0x0000002e93500000)]
  0x000002206b2c3800 JavaThread "Daemon worker" [_thread_blocked, id=1752, stack(0x0000002e93700000,0x0000002e93800000)]
  0x000002206b066000 JavaThread "Cache worker for journal cache (C:\Users\hp\.gradle\caches\journal-1)" [_thread_blocked, id=1712, stack(0x0000002e93e00000,0x0000002e93f00000)]
  0x000002206b06a800 JavaThread "File lock request listener" [_thread_in_native, id=13840, stack(0x0000002e93f00000,0x0000002e94000000)]
  0x000002206b06a000 JavaThread "Cache worker for file hash cache (C:\Users\hp\.gradle\caches\7.4\fileHashes)" [_thread_blocked, id=6832, stack(0x0000002e94000000,0x0000002e94100000)]
  0x000002206b06b800 JavaThread "File watcher server" daemon [_thread_blocked, id=12388, stack(0x0000002e94100000,0x0000002e94200000)]
  0x000002206b06c800 JavaThread "File watcher consumer" daemon [_thread_blocked, id=9400, stack(0x0000002e94200000,0x0000002e94300000)]
  0x000002206c0ba000 JavaThread "Cache worker for execution history cache (C:\Users\hp\.gradle\caches\7.4\executionHistory)" [_thread_blocked, id=6956, stack(0x0000002e94700000,0x0000002e94800000)]
  0x000002206c0b7800 JavaThread "jar transforms" [_thread_blocked, id=5736, stack(0x0000002e94800000,0x0000002e94900000)]
  0x000002206c0b9000 JavaThread "Cache worker for file content cache (C:\Users\hp\.gradle\caches\7.4\fileContent)" [_thread_blocked, id=9980, stack(0x0000002e94900000,0x0000002e94a00000)]
  0x000002206c0b7000 JavaThread "jar transforms Thread 2" [_thread_blocked, id=14292, stack(0x0000002e94a00000,0x0000002e94b00000)]
  0x000002206c0bf000 JavaThread "jar transforms Thread 3" [_thread_blocked, id=5088, stack(0x0000002e94c00000,0x0000002e94d00000)]
  0x000002206f6f1000 JavaThread "jar transforms Thread 4" [_thread_blocked, id=5584, stack(0x0000002e97600000,0x0000002e97700000)]
  0x000002206f6eb000 JavaThread "Memory manager" [_thread_blocked, id=6580, stack(0x0000002e97700000,0x0000002e97800000)]
  0x0000022069b09800 JavaThread "RMI Scheduler(0)" daemon [_thread_blocked, id=4668, stack(0x0000002e93b00000,0x0000002e93c00000)]
  0x0000022069b07000 JavaThread "RMI RenewClean-[127.0.0.1:17387,org.jetbrains.kotlin.daemon.common.LoopbackNetworkInterface$ClientLoopbackSocketFactory@46f1c325]" daemon [_thread_blocked, id=9580, stack(0x0000002e98900000,0x0000002e98a00000)]
  0x0000022069b08000 JavaThread "RMI GC Daemon" daemon [_thread_blocked, id=10000, stack(0x0000002e98a00000,0x0000002e98b00000)]
  0x0000022069b08800 JavaThread "RMI TCP Accept-0" daemon [_thread_in_native, id=504, stack(0x0000002e98b00000,0x0000002e98c00000)]
  0x0000022069b04800 JavaThread "RMI Reaper" [_thread_blocked, id=6872, stack(0x0000002e98c00000,0x0000002e98d00000)]
  0x000002206f6e6000 JavaThread "Handler for socket connection from /127.0.0.1:57681 to /127.0.0.1:56991" [_thread_in_native, id=1936, stack(0x0000002e91c00000,0x0000002e91d00000)]
  0x000002206f6e9800 JavaThread "Cancel handler" [_thread_blocked, id=6076, stack(0x0000002e91d00000,0x0000002e91e00000)]
  0x000002206f6e8800 JavaThread "Asynchronous log dispatcher for DefaultDaemonConnection: socket connection from /127.0.0.1:57681 to /127.0.0.1:56991" [_thread_blocked, id=13572, stack(0x0000002e91e00000,0x0000002e91f00000)]
  0x000002206f6ea800 JavaThread "Stdin handler" [_thread_blocked, id=2708, stack(0x0000002e93500000,0x0000002e93600000)]
  0x000002206f6e5800 JavaThread "Daemon client event forwarder" [_thread_blocked, id=13400, stack(0x0000002e93600000,0x0000002e93700000)]
  0x000002206f6e4800 JavaThread "Cache worker for checksums cache (C:\Users\hp\AndroidStudioProjects\splashscreen2\.gradle\7.4\checksums)" [_thread_blocked, id=11648, stack(0x0000002e93900000,0x0000002e93a00000)]
  0x000002206f6ed000 JavaThread "Cache worker for cache directory md-rule (C:\Users\hp\.gradle\caches\7.4\md-rule)" [_thread_blocked, id=14244, stack(0x0000002e93a00000,0x0000002e93b00000)]
  0x000002206f6e7000 JavaThread "Cache worker for file hash cache (C:\Users\hp\AndroidStudioProjects\splashscreen2\.gradle\7.4\fileHashes)" [_thread_blocked, id=9856, stack(0x0000002e94300000,0x0000002e94400000)]
  0x000002206f6ed800 JavaThread "Cache worker for cache directory md-supplier (C:\Users\hp\.gradle\caches\7.4\md-supplier)" [_thread_blocked, id=9352, stack(0x0000002e94400000,0x0000002e94500000)]
  0x000002206f6e8000 JavaThread "Cache worker for dependencies-accessors (C:\Users\hp\AndroidStudioProjects\splashscreen2\.gradle\7.4\dependencies-accessors)" [_thread_blocked, id=3304, stack(0x0000002e94500000,0x0000002e94600000)]
  0x000002206f6ef000 JavaThread "Cache worker for Build Output Cleanup Cache (C:\Users\hp\AndroidStudioProjects\splashscreen2\.gradle\buildOutputCleanup)" [_thread_blocked, id=6884, stack(0x0000002e94600000,0x0000002e94700000)]
  0x000002206f6f1800 JavaThread "Unconstrained build operations" [_thread_blocked, id=4340, stack(0x0000002e94b00000,0x0000002e94c00000)]
  0x000002206f6f0000 JavaThread "Unconstrained build operations Thread 2" [_thread_blocked, id=9164, stack(0x0000002e94d00000,0x0000002e94e00000)]
  0x000002206f6ee800 JavaThread "Unconstrained build operations Thread 3" [_thread_blocked, id=13328, stack(0x0000002e94e00000,0x0000002e94f00000)]
  0x000002206f6f2800 JavaThread "Unconstrained build operations Thread 4" [_thread_blocked, id=9244, stack(0x0000002e94f00000,0x0000002e95000000)]
  0x000002206f6f3800 JavaThread "Unconstrained build operations Thread 5" [_thread_blocked, id=1596, stack(0x0000002e95000000,0x0000002e95100000)]
  0x0000022069b01000 JavaThread "Unconstrained build operations Thread 6" [_thread_blocked, id=13044, stack(0x0000002e95100000,0x0000002e95200000)]
  0x0000022069aff000 JavaThread "Unconstrained build operations Thread 7" [_thread_blocked, id=12764, stack(0x0000002e95200000,0x0000002e95300000)]
  0x0000022069aff800 JavaThread "Unconstrained build operations Thread 8" [_thread_blocked, id=12004, stack(0x0000002e95300000,0x0000002e95400000)]
  0x0000022069b02000 JavaThread "Unconstrained build operations Thread 9" [_thread_blocked, id=8660, stack(0x0000002e95400000,0x0000002e95500000)]
  0x0000022069b03000 JavaThread "Unconstrained build operations Thread 10" [_thread_blocked, id=3020, stack(0x0000002e95500000,0x0000002e95600000)]
  0x0000022069afd000 JavaThread "Unconstrained build operations Thread 11" [_thread_blocked, id=9984, stack(0x0000002e95600000,0x0000002e95700000)]
  0x0000022069b03800 JavaThread "Unconstrained build operations Thread 12" [_thread_blocked, id=10220, stack(0x0000002e95700000,0x0000002e95800000)]
  0x0000022069b0b000 JavaThread "Unconstrained build operations Thread 13" [_thread_blocked, id=1684, stack(0x0000002e95800000,0x0000002e95900000)]
  0x0000022069b0a000 JavaThread "Unconstrained build operations Thread 14" [_thread_blocked, id=9572, stack(0x0000002e95900000,0x0000002e95a00000)]
  0x0000022069b0c000 JavaThread "Unconstrained build operations Thread 15" [_thread_blocked, id=956, stack(0x0000002e95a00000,0x0000002e95b00000)]
  0x0000022069b06000 JavaThread "Unconstrained build operations Thread 16" [_thread_blocked, id=13524, stack(0x0000002e95b00000,0x0000002e95c00000)]
  0x000002206c0be000 JavaThread "Unconstrained build operations Thread 17" [_thread_blocked, id=8928, stack(0x0000002e95c00000,0x0000002e95d00000)]
  0x000002206c0c1800 JavaThread "Unconstrained build operations Thread 18" [_thread_blocked, id=5188, stack(0x0000002e95d00000,0x0000002e95e00000)]
  0x000002206c0bd800 JavaThread "Unconstrained build operations Thread 19" [_thread_blocked, id=4652, stack(0x0000002e95e00000,0x0000002e95f00000)]
  0x000002206c0bf800 JavaThread "Unconstrained build operations Thread 20" [_thread_blocked, id=1276, stack(0x0000002e95f00000,0x0000002e96000000)]
  0x000002206c0c2000 JavaThread "Unconstrained build operations Thread 21" [_thread_blocked, id=8204, stack(0x0000002e96000000,0x0000002e96100000)]
  0x000002206c0c3000 JavaThread "Unconstrained build operations Thread 22" [_thread_blocked, id=13908, stack(0x0000002e96100000,0x0000002e96200000)]
  0x000002206c0c4000 JavaThread "Unconstrained build operations Thread 23" [_thread_blocked, id=7624, stack(0x0000002e96200000,0x0000002e96300000)]
  0x000002206c0c0800 JavaThread "Unconstrained build operations Thread 24" [_thread_blocked, id=4000, stack(0x0000002e96300000,0x0000002e96400000)]
  0x000002206c0c4800 JavaThread "Unconstrained build operations Thread 25" [_thread_blocked, id=11776, stack(0x0000002e96400000,0x0000002e96500000)]
  0x000002206c0c5800 JavaThread "Unconstrained build operations Thread 26" [_thread_blocked, id=13416, stack(0x0000002e96500000,0x0000002e96600000)]
  0x000002206b069000 JavaThread "Unconstrained build operations Thread 27" [_thread_blocked, id=1600, stack(0x0000002e96600000,0x0000002e96700000)]
  0x000002206b066800 JavaThread "Unconstrained build operations Thread 28" [_thread_blocked, id=476, stack(0x0000002e96700000,0x0000002e96800000)]
  0x000002206b067800 JavaThread "Unconstrained build operations Thread 29" [_thread_blocked, id=2192, stack(0x0000002e96800000,0x0000002e96900000)]
  0x000002206b068800 JavaThread "Unconstrained build operations Thread 30" [_thread_blocked, id=9644, stack(0x0000002e96900000,0x0000002e96a00000)]
  0x00000220752c6000 JavaThread "Unconstrained build operations Thread 31" [_thread_blocked, id=13724, stack(0x0000002e96a00000,0x0000002e96b00000)]
  0x00000220752c5800 JavaThread "Unconstrained build operations Thread 32" [_thread_blocked, id=9768, stack(0x0000002e96b00000,0x0000002e96c00000)]
  0x00000220752c3000 JavaThread "Unconstrained build operations Thread 33" [_thread_blocked, id=6972, stack(0x0000002e96c00000,0x0000002e96d00000)]
  0x00000220752c7000 JavaThread "Unconstrained build operations Thread 34" [_thread_blocked, id=1164, stack(0x0000002e96d00000,0x0000002e96e00000)]
  0x00000220752c3800 JavaThread "Unconstrained build operations Thread 35" [_thread_blocked, id=2656, stack(0x0000002e96e00000,0x0000002e96f00000)]
  0x00000220752c2000 JavaThread "Unconstrained build operations Thread 36" [_thread_blocked, id=8156, stack(0x0000002e96f00000,0x0000002e97000000)]
  0x00000220752c1800 JavaThread "Unconstrained build operations Thread 37" [_thread_blocked, id=5776, stack(0x0000002e97000000,0x0000002e97100000)]
  0x00000220752c9800 JavaThread "Unconstrained build operations Thread 38" [_thread_blocked, id=11476, stack(0x0000002e97100000,0x0000002e97200000)]
  0x00000220752c8800 JavaThread "Unconstrained build operations Thread 39" [_thread_blocked, id=2908, stack(0x0000002e97200000,0x0000002e97300000)]
  0x00000220752c8000 JavaThread "Unconstrained build operations Thread 40" [_thread_blocked, id=2840, stack(0x0000002e97300000,0x0000002e97400000)]
  0x00000220752c4800 JavaThread "build event listener" [_thread_blocked, id=9960, stack(0x0000002e97400000,0x0000002e97500000)]
  0x00000220752d0000 JavaThread "included builds" [_thread_blocked, id=13148, stack(0x0000002e97500000,0x0000002e97600000)]
  0x00000220752cb000 JavaThread "Execution worker for ':'" [_thread_blocked, id=12988, stack(0x0000002e97800000,0x0000002e97900000)]
  0x00000220752cd800 JavaThread "Execution worker for ':' Thread 2" [_thread_blocked, id=3192, stack(0x0000002e97a00000,0x0000002e97b00000)]
  0x00000220752cc000 JavaThread "Execution worker for ':' Thread 3" [_thread_blocked, id=7392, stack(0x0000002e97b00000,0x0000002e97c00000)]
  0x00000220752cc800 JavaThread "Cache worker for execution history cache (C:\Users\hp\AndroidStudioProjects\splashscreen2\.gradle\7.4\executionHistory)" [_thread_blocked, id=13340, stack(0x0000002e97c00000,0x0000002e97d00000)]
  0x00000220752ce800 JavaThread "WorkerExecutor Queue" [_thread_blocked, id=9384, stack(0x0000002e97d00000,0x0000002e97e00000)]
  0x00000220752cf000 JavaThread "Thread-135" [_thread_blocked, id=9336, stack(0x0000002e93800000,0x0000002e93900000)]

Other Threads:
=>0x00000220680ec800 VMThread "VM Thread" [stack: 0x0000002e92500000,0x0000002e92600000] [id=6348] _threads_hazard_ptr=0x000002206b30f940
  0x0000022068bcf800 WatcherThread [stack: 0x0000002e92f00000,0x0000002e93000000] [id=7212]
  0x000002204c5aa800 GCTaskThread "GC Thread#0" [stack: 0x0000002e92000000,0x0000002e92100000] [id=10916]
  0x00000220693a1800 GCTaskThread "GC Thread#1" [stack: 0x0000002e93100000,0x0000002e93200000] [id=14132]
  0x000002206ac8b000 GCTaskThread "GC Thread#2" [stack: 0x0000002e93c00000,0x0000002e93d00000] [id=7672]
  0x000002206aa2a000 GCTaskThread "GC Thread#3" [stack: 0x0000002e93d00000,0x0000002e93e00000] [id=7504]
  0x000002204c5db000 ConcurrentGCThread "G1 Main Marker" [stack: 0x0000002e92100000,0x0000002e92200000] [id=4004]
  0x000002204c5dc800 ConcurrentGCThread "G1 Conc#0" [stack: 0x0000002e92200000,0x0000002e92300000] [id=2304]
  0x000002204c669000 ConcurrentGCThread "G1 Refine#0" [stack: 0x0000002e92300000,0x0000002e92400000] [id=3040]
  0x0000022069de0000 ConcurrentGCThread "G1 Refine#1" [stack: 0x0000002e97e00000,0x0000002e97f00000] [id=5684]
  0x000002204c66a000 ConcurrentGCThread "G1 Young RemSet Sampling" [stack: 0x0000002e92400000,0x0000002e92500000] [id=4116]

Threads with active compile tasks:

VM state:at safepoint (normal execution)

VM Mutex/Monitor currently owned by a thread:  ([mutex/lock_event])
[0x000002204c58f1c0] Threads_lock - owner thread: 0x00000220680ec800

Heap address: 0x0000000080000000, size: 2048 MB, Compressed Oops mode: 32-bit
Narrow klass base: 0x0000000000000000, Narrow klass shift: 3
Compressed class space size: 1073741824 Address: 0x0000000100000000

Heap:
 garbage-first heap   total 269312K, used 157553K [0x0000000080000000, 0x0000000100000000)
  region size 1024K, 46 young (47104K), 2 survivors (2048K)
 Metaspace       used 111951K, capacity 114666K, committed 114896K, reserved 1148928K
  class space    used 13814K, capacity 14783K, committed 14848K, reserved 1048576K
Heap Regions: E=young(eden), S=young(survivor), O=old, HS=humongous(starts), HC=humongous(continues), CS=collection set, F=free, A=archive, TAMS=top-at-mark-start (previous, next)
|   0|0x0000000080000000, 0x0000000080100000, 0x0000000080100000|100%|HS|  |TAMS 0x0000000080100000, 0x0000000080000000| Complete 
|   1|0x0000000080100000, 0x0000000080200000, 0x0000000080200000|100%|HC|  |TAMS 0x0000000080200000, 0x0000000080100000| Complete 
|   2|0x0000000080200000, 0x0000000080300000, 0x0000000080300000|100%|HC|  |TAMS 0x0000000080300000, 0x0000000080200000| Complete 
|   3|0x0000000080300000, 0x0000000080400000, 0x0000000080400000|100%| O|  |TAMS 0x0000000080400000, 0x0000000080300000| Untracked 
|   4|0x0000000080400000, 0x0000000080500000, 0x0000000080500000|100%| O|  |TAMS 0x0000000080500000, 0x0000000080400000| Untracked 
|   5|0x0000000080500000, 0x0000000080600000, 0x0000000080600000|100%| O|  |TAMS 0x0000000080600000, 0x0000000080500000| Untracked 
|   6|0x0000000080600000, 0x0000000080700000, 0x0000000080700000|100%| O|  |TAMS 0x0000000080700000, 0x0000000080600000| Untracked 
|   7|0x0000000080700000, 0x0000000080800000, 0x0000000080800000|100%| O|  |TAMS 0x0000000080800000, 0x0000000080700000| Untracked 
|   8|0x0000000080800000, 0x0000000080900000, 0x0000000080900000|100%| O|  |TAMS 0x0000000080900000, 0x0000000080800000| Untracked 
|   9|0x0000000080900000, 0x0000000080a00000, 0x0000000080a00000|100%| O|  |TAMS 0x0000000080a00000, 0x0000000080900000| Untracked 
|  10|0x0000000080a00000, 0x0000000080b00000, 0x0000000080b00000|100%| O|  |TAMS 0x0000000080b00000, 0x0000000080a00000| Untracked 
|  11|0x0000000080b00000, 0x0000000080c00000, 0x0000000080c00000|100%| O|  |TAMS 0x0000000080c00000, 0x0000000080b00000| Untracked 
|  12|0x0000000080c00000, 0x0000000080d00000, 0x0000000080d00000|100%| O|  |TAMS 0x0000000080d00000, 0x0000000080c00000| Untracked 
|  13|0x0000000080d00000, 0x0000000080e00000, 0x0000000080e00000|100%| O|  |TAMS 0x0000000080e00000, 0x0000000080d00000| Untracked 
|  14|0x0000000080e00000, 0x0000000080f00000, 0x0000000080f00000|100%| O|  |TAMS 0x0000000080f00000, 0x0000000080e00000| Untracked 
|  15|0x0000000080f00000, 0x0000000081000000, 0x0000000081000000|100%| O|  |TAMS 0x0000000081000000, 0x0000000080f00000| Untracked 
|  16|0x0000000081000000, 0x0000000081100000, 0x0000000081100000|100%|HS|  |TAMS 0x0000000081100000, 0x0000000081000000| Complete 
|  17|0x0000000081100000, 0x0000000081200000, 0x0000000081200000|100%| O|  |TAMS 0x0000000081200000, 0x0000000081100000| Untracked 
|  18|0x0000000081200000, 0x0000000081300000, 0x0000000081300000|100%| O|  |TAMS 0x0000000081300000, 0x0000000081200000| Untracked 
|  19|0x0000000081300000, 0x0000000081400000, 0x0000000081400000|100%| O|  |TAMS 0x0000000081400000, 0x0000000081300000| Untracked 
|  20|0x0000000081400000, 0x0000000081500000, 0x0000000081500000|100%| O|  |TAMS 0x0000000081500000, 0x0000000081400000| Untracked 
|  21|0x0000000081500000, 0x0000000081600000, 0x0000000081600000|100%| O|  |TAMS 0x0000000081600000, 0x0000000081500000| Untracked 
|  22|0x0000000081600000, 0x0000000081700000, 0x0000000081700000|100%| O|  |TAMS 0x0000000081700000, 0x0000000081600000| Untracked 
|  23|0x0000000081700000, 0x0000000081800000, 0x0000000081800000|100%|HS|  |TAMS 0x0000000081800000, 0x0000000081700000| Complete 
|  24|0x0000000081800000, 0x0000000081900000, 0x0000000081900000|100%|HS|  |TAMS 0x0000000081900000, 0x0000000081800000| Complete 
|  25|0x0000000081900000, 0x0000000081a00000, 0x0000000081a00000|100%|HS|  |TAMS 0x0000000081a00000, 0x0000000081900000| Complete 
|  26|0x0000000081a00000, 0x0000000081b00000, 0x0000000081b00000|100%|HC|  |TAMS 0x0000000081b00000, 0x0000000081a00000| Complete 
|  27|0x0000000081b00000, 0x0000000081c00000, 0x0000000081c00000|100%|HC|  |TAMS 0x0000000081c00000, 0x0000000081b00000| Complete 
|  28|0x0000000081c00000, 0x0000000081d00000, 0x0000000081d00000|100%|HC|  |TAMS 0x0000000081d00000, 0x0000000081c00000| Complete 
|  29|0x0000000081d00000, 0x0000000081e00000, 0x0000000081e00000|100%| O|  |TAMS 0x0000000081e00000, 0x0000000081d00000| Untracked 
|  30|0x0000000081e00000, 0x0000000081f00000, 0x0000000081f00000|100%|HS|  |TAMS 0x0000000081f00000, 0x0000000081e00000| Complete 
|  31|0x0000000081f00000, 0x0000000082000000, 0x0000000082000000|100%|HC|  |TAMS 0x0000000082000000, 0x0000000081f00000| Complete 
|  32|0x0000000082000000, 0x0000000082100000, 0x0000000082100000|100%| O|  |TAMS 0x0000000082100000, 0x0000000082000000| Untracked 
|  33|0x0000000082100000, 0x0000000082200000, 0x0000000082200000|100%| O|  |TAMS 0x0000000082200000, 0x0000000082100000| Untracked 
|  34|0x0000000082200000, 0x0000000082300000, 0x0000000082300000|100%| O|  |TAMS 0x0000000082300000, 0x0000000082200000| Untracked 
|  35|0x0000000082300000, 0x0000000082400000, 0x0000000082400000|100%| O|  |TAMS 0x0000000082400000, 0x0000000082300000| Untracked 
|  36|0x0000000082400000, 0x0000000082500000, 0x0000000082500000|100%| O|  |TAMS 0x0000000082500000, 0x0000000082400000| Untracked 
|  37|0x0000000082500000, 0x0000000082600000, 0x0000000082600000|100%| O|  |TAMS 0x0000000082600000, 0x0000000082500000| Untracked 
|  38|0x0000000082600000, 0x0000000082700000, 0x0000000082700000|100%| O|  |TAMS 0x0000000082700000, 0x0000000082600000| Untracked 
|  39|0x0000000082700000, 0x0000000082800000, 0x0000000082800000|100%| O|  |TAMS 0x0000000082800000, 0x0000000082700000| Untracked 
|  40|0x0000000082800000, 0x0000000082900000, 0x0000000082900000|100%| O|  |TAMS 0x0000000082900000, 0x0000000082800000| Untracked 
|  41|0x0000000082900000, 0x0000000082a00000, 0x0000000082a00000|100%| O|  |TAMS 0x0000000082a00000, 0x0000000082900000| Untracked 
|  42|0x0000000082a00000, 0x0000000082b00000, 0x0000000082b00000|100%| O|  |TAMS 0x0000000082b00000, 0x0000000082a00000| Untracked 
|  43|0x0000000082b00000, 0x0000000082c00000, 0x0000000082c00000|100%| O|  |TAMS 0x0000000082c00000, 0x0000000082b00000| Untracked 
|  44|0x0000000082c00000, 0x0000000082d00000, 0x0000000082d00000|100%| O|  |TAMS 0x0000000082d00000, 0x0000000082c00000| Untracked 
|  45|0x0000000082d00000, 0x0000000082e00000, 0x0000000082e00000|100%| O|  |TAMS 0x0000000082e00000, 0x0000000082d00000| Untracked 
|  46|0x0000000082e00000, 0x0000000082f00000, 0x0000000082f00000|100%| O|  |TAMS 0x0000000082f00000, 0x0000000082e00000| Untracked 
|  47|0x0000000082f00000, 0x0000000083000000, 0x0000000083000000|100%| O|  |TAMS 0x0000000083000000, 0x0000000082f00000| Untracked 
|  48|0x0000000083000000, 0x0000000083100000, 0x0000000083100000|100%| O|  |TAMS 0x0000000083100000, 0x0000000083000000| Untracked 
|  49|0x0000000083100000, 0x0000000083200000, 0x0000000083200000|100%| O|  |TAMS 0x0000000083200000, 0x0000000083100000| Untracked 
|  50|0x0000000083200000, 0x0000000083300000, 0x0000000083300000|100%| O|  |TAMS 0x0000000083300000, 0x0000000083200000| Untracked 
|  51|0x0000000083300000, 0x0000000083400000, 0x0000000083400000|100%| O|  |TAMS 0x0000000083400000, 0x0000000083300000| Untracked 
|  52|0x0000000083400000, 0x0000000083500000, 0x0000000083500000|100%| O|  |TAMS 0x0000000083500000, 0x0000000083400000| Untracked 
|  53|0x0000000083500000, 0x0000000083600000, 0x0000000083600000|100%| O|  |TAMS 0x0000000083600000, 0x0000000083500000| Untracked 
|  54|0x0000000083600000, 0x0000000083700000, 0x0000000083700000|100%| O|  |TAMS 0x0000000083700000, 0x0000000083600000| Untracked 
|  55|0x0000000083700000, 0x0000000083800000, 0x0000000083800000|100%| O|  |TAMS 0x0000000083800000, 0x0000000083700000| Untracked 
|  56|0x0000000083800000, 0x0000000083900000, 0x0000000083900000|100%| O|  |TAMS 0x0000000083900000, 0x0000000083800000| Untracked 
|  57|0x0000000083900000, 0x0000000083a00000, 0x0000000083a00000|100%| O|  |TAMS 0x0000000083a00000, 0x0000000083900000| Untracked 
|  58|0x0000000083a00000, 0x0000000083b00000, 0x0000000083b00000|100%| O|  |TAMS 0x0000000083b00000, 0x0000000083a00000| Untracked 
|  59|0x0000000083b00000, 0x0000000083c00000, 0x0000000083c00000|100%| O|  |TAMS 0x0000000083c00000, 0x0000000083b00000| Untracked 
|  60|0x0000000083c00000, 0x0000000083d00000, 0x0000000083d00000|100%| O|  |TAMS 0x0000000083d00000, 0x0000000083c00000| Untracked 
|  61|0x0000000083d00000, 0x0000000083e00000, 0x0000000083e00000|100%| O|  |TAMS 0x0000000083e00000, 0x0000000083d00000| Untracked 
|  62|0x0000000083e00000, 0x0000000083f00000, 0x0000000083f00000|100%| O|  |TAMS 0x0000000083f00000, 0x0000000083e00000| Untracked 
|  63|0x0000000083f00000, 0x0000000084000000, 0x0000000084000000|100%| O|  |TAMS 0x0000000084000000, 0x0000000083f00000| Untracked 
|  64|0x0000000084000000, 0x0000000084100000, 0x0000000084100000|100%| O|  |TAMS 0x0000000084100000, 0x0000000084000000| Untracked 
|  65|0x0000000084100000, 0x0000000084200000, 0x0000000084200000|100%| O|  |TAMS 0x0000000084200000, 0x0000000084100000| Untracked 
|  66|0x0000000084200000, 0x0000000084300000, 0x0000000084300000|100%| O|  |TAMS 0x0000000084300000, 0x0000000084200000| Untracked 
|  67|0x0000000084300000, 0x0000000084400000, 0x0000000084400000|100%| O|  |TAMS 0x0000000084400000, 0x0000000084300000| Untracked 
|  68|0x0000000084400000, 0x0000000084400000, 0x0000000084500000|  0%| F|  |TAMS 0x0000000084400000, 0x0000000084400000| Untracked 
|  69|0x0000000084500000, 0x0000000084600000, 0x0000000084600000|100%| O|  |TAMS 0x0000000084500000, 0x0000000084500000| Untracked 
|  70|0x0000000084600000, 0x0000000084700000, 0x0000000084700000|100%| O|  |TAMS 0x0000000084700000, 0x0000000084600000| Untracked 
|  71|0x0000000084700000, 0x0000000084800000, 0x0000000084800000|100%| O|  |TAMS 0x0000000084800000, 0x0000000084700000| Untracked 
|  72|0x0000000084800000, 0x0000000084900000, 0x0000000084900000|100%| O|  |TAMS 0x0000000084900000, 0x0000000084800000| Untracked 
|  73|0x0000000084900000, 0x0000000084a00000, 0x0000000084a00000|100%| O|  |TAMS 0x0000000084a00000, 0x0000000084900000| Untracked 
|  74|0x0000000084a00000, 0x0000000084b00000, 0x0000000084b00000|100%| O|  |TAMS 0x0000000084b00000, 0x0000000084a00000| Untracked 
|  75|0x0000000084b00000, 0x0000000084b00000, 0x0000000084c00000|  0%| F|  |TAMS 0x0000000084b00000, 0x0000000084b00000| Untracked 
|  76|0x0000000084c00000, 0x0000000084d00000, 0x0000000084d00000|100%| O|  |TAMS 0x0000000084c00000, 0x0000000084c00000| Untracked 
|  77|0x0000000084d00000, 0x0000000084e00000, 0x0000000084e00000|100%| O|  |TAMS 0x0000000084d00000, 0x0000000084d00000| Untracked 
|  78|0x0000000084e00000, 0x0000000084e00000, 0x0000000084f00000|  0%| F|  |TAMS 0x0000000084e00000, 0x0000000084e00000| Untracked 
|  79|0x0000000084f00000, 0x0000000085000000, 0x0000000085000000|100%| O|  |TAMS 0x0000000084f00000, 0x0000000084f00000| Untracked 
|  80|0x0000000085000000, 0x0000000085100000, 0x0000000085100000|100%| O|  |TAMS 0x0000000085000000, 0x0000000085000000| Untracked 
|  81|0x0000000085100000, 0x0000000085200000, 0x0000000085200000|100%| O|  |TAMS 0x0000000085100000, 0x0000000085100000| Untracked 
|  82|0x0000000085200000, 0x0000000085300000, 0x0000000085300000|100%| O|  |TAMS 0x0000000085200000, 0x0000000085200000| Untracked 
|  83|0x0000000085300000, 0x0000000085400000, 0x0000000085400000|100%| O|  |TAMS 0x0000000085300000, 0x0000000085300000| Untracked 
|  84|0x0000000085400000, 0x0000000085400000, 0x0000000085500000|  0%| F|  |TAMS 0x0000000085400000, 0x0000000085400000| Untracked 
|  85|0x0000000085500000, 0x0000000085500000, 0x0000000085600000|  0%| F|  |TAMS 0x0000000085500000, 0x0000000085500000| Untracked 
|  86|0x0000000085600000, 0x0000000085600000, 0x0000000085700000|  0%| F|  |TAMS 0x0000000085600000, 0x0000000085600000| Untracked 
|  87|0x0000000085700000, 0x0000000085700000, 0x0000000085800000|  0%| F|  |TAMS 0x0000000085700000, 0x0000000085700000| Untracked 
|  88|0x0000000085800000, 0x0000000085800000, 0x0000000085900000|  0%| F|  |TAMS 0x0000000085800000, 0x0000000085800000| Untracked 
|  89|0x0000000085900000, 0x0000000085a00000, 0x0000000085a00000|100%| O|  |TAMS 0x0000000085a00000, 0x0000000085900000| Untracked 
|  90|0x0000000085a00000, 0x0000000085a00000, 0x0000000085b00000|  0%| F|  |TAMS 0x0000000085a00000, 0x0000000085a00000| Untracked 
|  91|0x0000000085b00000, 0x0000000085c00000, 0x0000000085c00000|100%| O|  |TAMS 0x0000000085c00000, 0x0000000085b00000| Untracked 
|  92|0x0000000085c00000, 0x0000000085c00000, 0x0000000085d00000|  0%| F|  |TAMS 0x0000000085c00000, 0x0000000085c00000| Untracked 
|  93|0x0000000085d00000, 0x0000000085e00000, 0x0000000085e00000|100%| O|  |TAMS 0x0000000085d00000, 0x0000000085d00000| Untracked 
|  94|0x0000000085e00000, 0x0000000085f00000, 0x0000000085f00000|100%| O|  |TAMS 0x0000000085e00000, 0x0000000085e00000| Untracked 
|  95|0x0000000085f00000, 0x0000000086000000, 0x0000000086000000|100%| O|  |TAMS 0x0000000085f00000, 0x0000000085f00000| Untracked 
|  96|0x0000000086000000, 0x0000000086100000, 0x0000000086100000|100%| O|  |TAMS 0x0000000086100000, 0x0000000086000000| Untracked 
|  97|0x0000000086100000, 0x0000000086200000, 0x0000000086200000|100%| O|  |TAMS 0x0000000086200000, 0x0000000086100000| Untracked 
|  98|0x0000000086200000, 0x0000000086300000, 0x0000000086300000|100%| O|  |TAMS 0x0000000086300000, 0x0000000086200000| Untracked 
|  99|0x0000000086300000, 0x0000000086400000, 0x0000000086400000|100%| O|  |TAMS 0x0000000086400000, 0x0000000086300000| Untracked 
| 100|0x0000000086400000, 0x0000000086500000, 0x0000000086500000|100%| O|  |TAMS 0x0000000086500000, 0x0000000086400000| Untracked 
| 101|0x0000000086500000, 0x0000000086600000, 0x0000000086600000|100%| O|  |TAMS 0x0000000086600000, 0x0000000086500000| Untracked 
| 102|0x0000000086600000, 0x0000000086700000, 0x0000000086700000|100%| O|  |TAMS 0x0000000086700000, 0x0000000086600000| Untracked 
| 103|0x0000000086700000, 0x0000000086700000, 0x0000000086800000|  0%| F|  |TAMS 0x0000000086700000, 0x0000000086700000| Untracked 
| 104|0x0000000086800000, 0x0000000086800000, 0x0000000086900000|  0%| F|  |TAMS 0x0000000086800000, 0x0000000086800000| Untracked 
| 105|0x0000000086900000, 0x0000000086900000, 0x0000000086a00000|  0%| F|  |TAMS 0x0000000086900000, 0x0000000086900000| Untracked 
| 106|0x0000000086a00000, 0x0000000086b00000, 0x0000000086b00000|100%| O|  |TAMS 0x0000000086b00000, 0x0000000086a00000| Untracked 
| 107|0x0000000086b00000, 0x0000000086c00000, 0x0000000086c00000|100%| O|  |TAMS 0x0000000086c00000, 0x0000000086b00000| Untracked 
| 108|0x0000000086c00000, 0x0000000086d00000, 0x0000000086d00000|100%| O|  |TAMS 0x0000000086d00000, 0x0000000086c00000| Untracked 
| 109|0x0000000086d00000, 0x0000000086d00000, 0x0000000086e00000|  0%| F|  |TAMS 0x0000000086d00000, 0x0000000086d00000| Untracked 
| 110|0x0000000086e00000, 0x0000000086e00000, 0x0000000086f00000|  0%| F|  |TAMS 0x0000000086e00000, 0x0000000086e00000| Untracked 
| 111|0x0000000086f00000, 0x0000000086f00000, 0x0000000087000000|  0%| F|  |TAMS 0x0000000086f00000, 0x0000000086f00000| Untracked 
| 112|0x0000000087000000, 0x0000000087100000, 0x0000000087100000|100%| O|  |TAMS 0x0000000087100000, 0x0000000087000000| Untracked 
| 113|0x0000000087100000, 0x0000000087200000, 0x0000000087200000|100%| O|  |TAMS 0x0000000087200000, 0x0000000087100000| Untracked 
| 114|0x0000000087200000, 0x0000000087300000, 0x0000000087300000|100%| O|  |TAMS 0x0000000087300000, 0x0000000087200000| Untracked 
| 115|0x0000000087300000, 0x0000000087400000, 0x0000000087400000|100%| O|  |TAMS 0x0000000087400000, 0x0000000087300000| Untracked 
| 116|0x0000000087400000, 0x0000000087500000, 0x0000000087500000|100%| O|  |TAMS 0x0000000087500000, 0x0000000087400000| Untracked 
| 117|0x0000000087500000, 0x0000000087600000, 0x0000000087600000|100%| O|  |TAMS 0x0000000087600000, 0x0000000087500000| Untracked 
| 118|0x0000000087600000, 0x0000000087700000, 0x0000000087700000|100%| O|  |TAMS 0x0000000087700000, 0x0000000087600000| Untracked 
| 119|0x0000000087700000, 0x0000000087800000, 0x0000000087800000|100%| O|  |TAMS 0x0000000087800000, 0x0000000087700000| Untracked 
| 120|0x0000000087800000, 0x0000000087900000, 0x0000000087900000|100%| O|  |TAMS 0x0000000087900000, 0x0000000087800000| Untracked 
| 121|0x0000000087900000, 0x0000000087a00000, 0x0000000087a00000|100%| O|  |TAMS 0x0000000087a00000, 0x0000000087900000| Untracked 
| 122|0x0000000087a00000, 0x0000000087b00000, 0x0000000087b00000|100%| O|  |TAMS 0x0000000087a49200, 0x0000000087a00000| Untracked 
| 123|0x0000000087b00000, 0x0000000087c00000, 0x0000000087c00000|100%| O|  |TAMS 0x0000000087c00000, 0x0000000087b00000| Untracked 
| 124|0x0000000087c00000, 0x0000000087d00000, 0x0000000087d00000|100%| O|  |TAMS 0x0000000087c00000, 0x0000000087c00000| Untracked 
| 125|0x0000000087d00000, 0x0000000087df9a00, 0x0000000087e00000| 97%| O|  |TAMS 0x0000000087d00000, 0x0000000087d00000| Untracked 
| 126|0x0000000087e00000, 0x0000000087e00000, 0x0000000087f00000|  0%| F|  |TAMS 0x0000000087e00000, 0x0000000087e00000| Untracked 
| 127|0x0000000087f00000, 0x0000000087f00000, 0x0000000088000000|  0%| F|  |TAMS 0x0000000087f00000, 0x0000000087f00000| Untracked 
| 128|0x0000000088000000, 0x0000000088000000, 0x0000000088100000|  0%| F|  |TAMS 0x0000000088000000, 0x0000000088000000| Untracked 
| 129|0x0000000088100000, 0x0000000088100000, 0x0000000088200000|  0%| F|  |TAMS 0x0000000088100000, 0x0000000088100000| Untracked 
| 130|0x0000000088200000, 0x0000000088200000, 0x0000000088300000|  0%| F|  |TAMS 0x0000000088200000, 0x0000000088200000| Untracked 
| 131|0x0000000088300000, 0x0000000088300000, 0x0000000088400000|  0%| F|  |TAMS 0x0000000088300000, 0x0000000088300000| Untracked 
| 132|0x0000000088400000, 0x0000000088400000, 0x0000000088500000|  0%| F|  |TAMS 0x0000000088400000, 0x0000000088400000| Untracked 
| 133|0x0000000088500000, 0x0000000088500000, 0x0000000088600000|  0%| F|  |TAMS 0x0000000088500000, 0x0000000088500000| Untracked 
| 134|0x0000000088600000, 0x0000000088600000, 0x0000000088700000|  0%| F|  |TAMS 0x0000000088600000, 0x0000000088600000| Untracked 
| 135|0x0000000088700000, 0x0000000088700000, 0x0000000088800000|  0%| F|  |TAMS 0x0000000088700000, 0x0000000088700000| Untracked 
| 136|0x0000000088800000, 0x0000000088800000, 0x0000000088900000|  0%| F|  |TAMS 0x0000000088800000, 0x0000000088800000| Untracked 
| 137|0x0000000088900000, 0x0000000088900000, 0x0000000088a00000|  0%| F|  |TAMS 0x0000000088900000, 0x0000000088900000| Untracked 
| 138|0x0000000088a00000, 0x0000000088a00000, 0x0000000088b00000|  0%| F|  |TAMS 0x0000000088a00000, 0x0000000088a00000| Untracked 
| 139|0x0000000088b00000, 0x0000000088b00000, 0x0000000088c00000|  0%| F|  |TAMS 0x0000000088b00000, 0x0000000088b00000| Untracked 
| 140|0x0000000088c00000, 0x0000000088c00000, 0x0000000088d00000|  0%| F|  |TAMS 0x0000000088c00000, 0x0000000088c00000| Untracked 
| 141|0x0000000088d00000, 0x0000000088d00000, 0x0000000088e00000|  0%| F|  |TAMS 0x0000000088d00000, 0x0000000088d00000| Untracked 
| 142|0x0000000088e00000, 0x0000000088e00000, 0x0000000088f00000|  0%| F|  |TAMS 0x0000000088e00000, 0x0000000088e00000| Untracked 
| 143|0x0000000088f00000, 0x0000000088f00000, 0x0000000089000000|  0%| F|  |TAMS 0x0000000088f00000, 0x0000000088f00000| Untracked 
| 144|0x0000000089000000, 0x0000000089000000, 0x0000000089100000|  0%| F|  |TAMS 0x0000000089000000, 0x0000000089000000| Untracked 
| 145|0x0000000089100000, 0x0000000089100000, 0x0000000089200000|  0%| F|  |TAMS 0x0000000089100000, 0x0000000089100000| Untracked 
| 146|0x0000000089200000, 0x0000000089200000, 0x0000000089300000|  0%| F|  |TAMS 0x0000000089200000, 0x0000000089200000| Untracked 
| 147|0x0000000089300000, 0x0000000089300000, 0x0000000089400000|  0%| F|  |TAMS 0x0000000089300000, 0x0000000089300000| Untracked 
| 148|0x0000000089400000, 0x0000000089400000, 0x0000000089500000|  0%| F|  |TAMS 0x0000000089400000, 0x0000000089400000| Untracked 
| 149|0x0000000089500000, 0x0000000089500000, 0x0000000089600000|  0%| F|  |TAMS 0x0000000089500000, 0x0000000089500000| Untracked 
| 150|0x0000000089600000, 0x0000000089600000, 0x0000000089700000|  0%| F|  |TAMS 0x0000000089600000, 0x0000000089600000| Untracked 
| 151|0x0000000089700000, 0x0000000089700000, 0x0000000089800000|  0%| F|  |TAMS 0x0000000089700000, 0x0000000089700000| Untracked 
| 152|0x0000000089800000, 0x0000000089800000, 0x0000000089900000|  0%| F|  |TAMS 0x0000000089800000, 0x0000000089800000| Untracked 
| 153|0x0000000089900000, 0x0000000089900000, 0x0000000089a00000|  0%| F|  |TAMS 0x0000000089900000, 0x0000000089900000| Untracked 
| 154|0x0000000089a00000, 0x0000000089a00000, 0x0000000089b00000|  0%| F|  |TAMS 0x0000000089a00000, 0x0000000089a00000| Untracked 
| 155|0x0000000089b00000, 0x0000000089b00000, 0x0000000089c00000|  0%| F|  |TAMS 0x0000000089b00000, 0x0000000089b00000| Untracked 
| 156|0x0000000089c00000, 0x0000000089c00000, 0x0000000089d00000|  0%| F|  |TAMS 0x0000000089c00000, 0x0000000089c00000| Untracked 
| 157|0x0000000089d00000, 0x0000000089d00000, 0x0000000089e00000|  0%| F|  |TAMS 0x0000000089d00000, 0x0000000089d00000| Untracked 
| 158|0x0000000089e00000, 0x0000000089e00000, 0x0000000089f00000|  0%| F|  |TAMS 0x0000000089e00000, 0x0000000089e00000| Untracked 
| 159|0x0000000089f00000, 0x0000000089f00000, 0x000000008a000000|  0%| F|  |TAMS 0x0000000089f00000, 0x0000000089f00000| Untracked 
| 160|0x000000008a000000, 0x000000008a000000, 0x000000008a100000|  0%| F|  |TAMS 0x000000008a000000, 0x000000008a000000| Untracked 
| 161|0x000000008a100000, 0x000000008a100000, 0x000000008a200000|  0%| F|  |TAMS 0x000000008a100000, 0x000000008a100000| Untracked 
| 162|0x000000008a200000, 0x000000008a200000, 0x000000008a300000|  0%| F|  |TAMS 0x000000008a200000, 0x000000008a200000| Untracked 
| 163|0x000000008a300000, 0x000000008a300000, 0x000000008a400000|  0%| F|  |TAMS 0x000000008a300000, 0x000000008a300000| Untracked 
| 164|0x000000008a400000, 0x000000008a400000, 0x000000008a500000|  0%| F|  |TAMS 0x000000008a400000, 0x000000008a400000| Untracked 
| 165|0x000000008a500000, 0x000000008a500000, 0x000000008a600000|  0%| F|  |TAMS 0x000000008a500000, 0x000000008a500000| Untracked 
| 166|0x000000008a600000, 0x000000008a600000, 0x000000008a700000|  0%| F|  |TAMS 0x000000008a600000, 0x000000008a600000| Untracked 
| 167|0x000000008a700000, 0x000000008a700000, 0x000000008a800000|  0%| F|  |TAMS 0x000000008a700000, 0x000000008a700000| Untracked 
| 168|0x000000008a800000, 0x000000008a800000, 0x000000008a900000|  0%| F|  |TAMS 0x000000008a800000, 0x000000008a800000| Untracked 
| 169|0x000000008a900000, 0x000000008a900000, 0x000000008aa00000|  0%| F|  |TAMS 0x000000008a900000, 0x000000008a900000| Untracked 
| 170|0x000000008aa00000, 0x000000008aa00000, 0x000000008ab00000|  0%| F|  |TAMS 0x000000008aa00000, 0x000000008aa00000| Untracked 
| 171|0x000000008ab00000, 0x000000008ab00000, 0x000000008ac00000|  0%| F|  |TAMS 0x000000008ab00000, 0x000000008ab00000| Untracked 
| 172|0x000000008ac00000, 0x000000008ac00000, 0x000000008ad00000|  0%| F|  |TAMS 0x000000008ac00000, 0x000000008ac00000| Untracked 
| 173|0x000000008ad00000, 0x000000008ad00000, 0x000000008ae00000|  0%| F|  |TAMS 0x000000008ad00000, 0x000000008ad00000| Untracked 
| 174|0x000000008ae00000, 0x000000008ae00000, 0x000000008af00000|  0%| F|  |TAMS 0x000000008ae00000, 0x000000008ae00000| Untracked 
| 175|0x000000008af00000, 0x000000008af00000, 0x000000008b000000|  0%| F|  |TAMS 0x000000008af00000, 0x000000008af00000| Untracked 
| 176|0x000000008b000000, 0x000000008b000000, 0x000000008b100000|  0%| F|  |TAMS 0x000000008b000000, 0x000000008b000000| Untracked 
| 177|0x000000008b100000, 0x000000008b100000, 0x000000008b200000|  0%| F|  |TAMS 0x000000008b100000, 0x000000008b100000| Untracked 
| 178|0x000000008b200000, 0x000000008b200000, 0x000000008b300000|  0%| F|  |TAMS 0x000000008b200000, 0x000000008b200000| Untracked 
| 179|0x000000008b300000, 0x000000008b300000, 0x000000008b400000|  0%| F|  |TAMS 0x000000008b300000, 0x000000008b300000| Untracked 
| 180|0x000000008b400000, 0x000000008b400000, 0x000000008b500000|  0%| F|  |TAMS 0x000000008b400000, 0x000000008b400000| Untracked 
| 181|0x000000008b500000, 0x000000008b500000, 0x000000008b600000|  0%| F|  |TAMS 0x000000008b500000, 0x000000008b500000| Untracked 
| 182|0x000000008b600000, 0x000000008b600000, 0x000000008b700000|  0%| F|  |TAMS 0x000000008b600000, 0x000000008b600000| Untracked 
| 183|0x000000008b700000, 0x000000008b700000, 0x000000008b800000|  0%| F|  |TAMS 0x000000008b700000, 0x000000008b700000| Untracked 
| 184|0x000000008b800000, 0x000000008b800000, 0x000000008b900000|  0%| F|  |TAMS 0x000000008b800000, 0x000000008b800000| Untracked 
| 185|0x000000008b900000, 0x000000008b900000, 0x000000008ba00000|  0%| F|  |TAMS 0x000000008b900000, 0x000000008b900000| Untracked 
| 186|0x000000008ba00000, 0x000000008ba00000, 0x000000008bb00000|  0%| F|  |TAMS 0x000000008ba00000, 0x000000008ba00000| Untracked 
| 187|0x000000008bb00000, 0x000000008bb00000, 0x000000008bc00000|  0%| F|  |TAMS 0x000000008bb00000, 0x000000008bb00000| Untracked 
| 188|0x000000008bc00000, 0x000000008bc00000, 0x000000008bd00000|  0%| F|  |TAMS 0x000000008bc00000, 0x000000008bc00000| Untracked 
| 189|0x000000008bd00000, 0x000000008bd00000, 0x000000008be00000|  0%| F|  |TAMS 0x000000008bd00000, 0x000000008bd00000| Untracked 
| 190|0x000000008be00000, 0x000000008be00000, 0x000000008bf00000|  0%| F|  |TAMS 0x000000008be00000, 0x000000008be00000| Untracked 
| 191|0x000000008bf00000, 0x000000008bf00000, 0x000000008c000000|  0%| F|  |TAMS 0x000000008bf00000, 0x000000008bf00000| Untracked 
| 192|0x000000008c000000, 0x000000008c000000, 0x000000008c100000|  0%| F|  |TAMS 0x000000008c000000, 0x000000008c000000| Untracked 
| 193|0x000000008c100000, 0x000000008c100000, 0x000000008c200000|  0%| F|  |TAMS 0x000000008c100000, 0x000000008c100000| Untracked 
| 194|0x000000008c200000, 0x000000008c200000, 0x000000008c300000|  0%| F|  |TAMS 0x000000008c200000, 0x000000008c200000| Untracked 
| 195|0x000000008c300000, 0x000000008c300000, 0x000000008c400000|  0%| F|  |TAMS 0x000000008c300000, 0x000000008c300000| Untracked 
| 196|0x000000008c400000, 0x000000008c400000, 0x000000008c500000|  0%| F|  |TAMS 0x000000008c400000, 0x000000008c400000| Untracked 
| 197|0x000000008c500000, 0x000000008c500000, 0x000000008c600000|  0%| F|  |TAMS 0x000000008c500000, 0x000000008c500000| Untracked 
| 198|0x000000008c600000, 0x000000008c600000, 0x000000008c700000|  0%| F|  |TAMS 0x000000008c600000, 0x000000008c600000| Untracked 
| 199|0x000000008c700000, 0x000000008c700000, 0x000000008c800000|  0%| F|  |TAMS 0x000000008c700000, 0x000000008c700000| Untracked 
| 200|0x000000008c800000, 0x000000008c800000, 0x000000008c900000|  0%| F|  |TAMS 0x000000008c800000, 0x000000008c800000| Untracked 
| 201|0x000000008c900000, 0x000000008c900000, 0x000000008ca00000|  0%| F|  |TAMS 0x000000008c900000, 0x000000008c900000| Untracked 
| 202|0x000000008ca00000, 0x000000008ca00000, 0x000000008cb00000|  0%| F|  |TAMS 0x000000008ca00000, 0x000000008ca00000| Untracked 
| 203|0x000000008cb00000, 0x000000008cb00000, 0x000000008cc00000|  0%| F|  |TAMS 0x000000008cb00000, 0x000000008cb00000| Untracked 
| 204|0x000000008cc00000, 0x000000008cc00000, 0x000000008cd00000|  0%| F|  |TAMS 0x000000008cc00000, 0x000000008cc00000| Untracked 
| 205|0x000000008cd00000, 0x000000008cd00000, 0x000000008ce00000|  0%| F|  |TAMS 0x000000008cd00000, 0x000000008cd00000| Untracked 
| 206|0x000000008ce00000, 0x000000008ce00000, 0x000000008cf00000|  0%| F|  |TAMS 0x000000008ce00000, 0x000000008ce00000| Untracked 
| 207|0x000000008cf00000, 0x000000008cf00000, 0x000000008d000000|  0%| F|  |TAMS 0x000000008cf00000, 0x000000008cf00000| Untracked 
| 208|0x000000008d000000, 0x000000008d000000, 0x000000008d100000|  0%| F|  |TAMS 0x000000008d000000, 0x000000008d000000| Untracked 
| 209|0x000000008d100000, 0x000000008d100000, 0x000000008d200000|  0%| F|  |TAMS 0x000000008d100000, 0x000000008d100000| Untracked 
| 210|0x000000008d200000, 0x000000008d200000, 0x000000008d300000|  0%| F|  |TAMS 0x000000008d200000, 0x000000008d200000| Untracked 
| 211|0x000000008d300000, 0x000000008d300000, 0x000000008d400000|  0%| F|  |TAMS 0x000000008d300000, 0x000000008d300000| Untracked 
| 212|0x000000008d400000, 0x000000008d400000, 0x000000008d500000|  0%| F|  |TAMS 0x000000008d400000, 0x000000008d400000| Untracked 
| 213|0x000000008d500000, 0x000000008d500000, 0x000000008d600000|  0%| F|  |TAMS 0x000000008d500000, 0x000000008d500000| Untracked 
| 214|0x000000008d600000, 0x000000008d600000, 0x000000008d700000|  0%| F|  |TAMS 0x000000008d600000, 0x000000008d600000| Untracked 
| 215|0x000000008d700000, 0x000000008d700000, 0x000000008d800000|  0%| F|  |TAMS 0x000000008d700000, 0x000000008d700000| Untracked 
| 216|0x000000008d800000, 0x000000008d800000, 0x000000008d900000|  0%| F|  |TAMS 0x000000008d800000, 0x000000008d800000| Untracked 
| 217|0x000000008d900000, 0x000000008d9c7eb8, 0x000000008da00000| 78%| E|  |TAMS 0x000000008d900000, 0x000000008d900000| Complete 
| 218|0x000000008da00000, 0x000000008db00000, 0x000000008db00000|100%| E|CS|TAMS 0x000000008da00000, 0x000000008da00000| Complete 
| 219|0x000000008db00000, 0x000000008dc00000, 0x000000008dc00000|100%| E|CS|TAMS 0x000000008db00000, 0x000000008db00000| Complete 
| 220|0x000000008dc00000, 0x000000008dd00000, 0x000000008dd00000|100%| E|CS|TAMS 0x000000008dc00000, 0x000000008dc00000| Complete 
| 221|0x000000008dd00000, 0x000000008de00000, 0x000000008de00000|100%| E|CS|TAMS 0x000000008dd00000, 0x000000008dd00000| Complete 
| 222|0x000000008de00000, 0x000000008df00000, 0x000000008df00000|100%| E|CS|TAMS 0x000000008de00000, 0x000000008de00000| Complete 
| 223|0x000000008df00000, 0x000000008e000000, 0x000000008e000000|100%| E|CS|TAMS 0x000000008df00000, 0x000000008df00000| Complete 
| 224|0x000000008e000000, 0x000000008e100000, 0x000000008e100000|100%| E|CS|TAMS 0x000000008e000000, 0x000000008e000000| Complete 
| 225|0x000000008e100000, 0x000000008e200000, 0x000000008e200000|100%| E|CS|TAMS 0x000000008e100000, 0x000000008e100000| Complete 
| 226|0x000000008e200000, 0x000000008e300000, 0x000000008e300000|100%| E|CS|TAMS 0x000000008e200000, 0x000000008e200000| Complete 
| 227|0x000000008e300000, 0x000000008e400000, 0x000000008e400000|100%| E|CS|TAMS 0x000000008e300000, 0x000000008e300000| Complete 
| 228|0x000000008e400000, 0x000000008e500000, 0x000000008e500000|100%| E|  |TAMS 0x000000008e400000, 0x000000008e400000| Complete 
| 229|0x000000008e500000, 0x000000008e600000, 0x000000008e600000|100%| E|CS|TAMS 0x000000008e500000, 0x000000008e500000| Complete 
| 230|0x000000008e600000, 0x000000008e700000, 0x000000008e700000|100%| E|CS|TAMS 0x000000008e600000, 0x000000008e600000| Complete 
| 231|0x000000008e700000, 0x000000008e800000, 0x000000008e800000|100%| E|CS|TAMS 0x000000008e700000, 0x000000008e700000| Complete 
| 232|0x000000008e800000, 0x000000008e900000, 0x000000008e900000|100%| E|CS|TAMS 0x000000008e800000, 0x000000008e800000| Complete 
| 233|0x000000008e900000, 0x000000008ea00000, 0x000000008ea00000|100%| E|CS|TAMS 0x000000008e900000, 0x000000008e900000| Complete 
| 234|0x000000008ea00000, 0x000000008eb00000, 0x000000008eb00000|100%| E|CS|TAMS 0x000000008ea00000, 0x000000008ea00000| Complete 
| 235|0x000000008eb00000, 0x000000008ec00000, 0x000000008ec00000|100%| E|CS|TAMS 0x000000008eb00000, 0x000000008eb00000| Complete 
| 236|0x000000008ec00000, 0x000000008ed00000, 0x000000008ed00000|100%| E|CS|TAMS 0x000000008ec00000, 0x000000008ec00000| Complete 
| 237|0x000000008ed00000, 0x000000008ee00000, 0x000000008ee00000|100%| E|CS|TAMS 0x000000008ed00000, 0x000000008ed00000| Complete 
| 238|0x000000008ee00000, 0x000000008ef00000, 0x000000008ef00000|100%| E|CS|TAMS 0x000000008ee00000, 0x000000008ee00000| Complete 
| 239|0x000000008ef00000, 0x000000008f000000, 0x000000008f000000|100%| E|CS|TAMS 0x000000008ef00000, 0x000000008ef00000| Complete 
| 240|0x000000008f000000, 0x000000008f100000, 0x000000008f100000|100%| E|CS|TAMS 0x000000008f000000, 0x000000008f000000| Complete 
| 241|0x000000008f100000, 0x000000008f200000, 0x000000008f200000|100%| E|CS|TAMS 0x000000008f100000, 0x000000008f100000| Complete 
| 242|0x000000008f200000, 0x000000008f300000, 0x000000008f300000|100%| E|CS|TAMS 0x000000008f200000, 0x000000008f200000| Complete 
| 243|0x000000008f300000, 0x000000008f400000, 0x000000008f400000|100%| E|CS|TAMS 0x000000008f300000, 0x000000008f300000| Complete 
| 244|0x000000008f400000, 0x000000008f500000, 0x000000008f500000|100%| E|CS|TAMS 0x000000008f400000, 0x000000008f400000| Complete 
| 245|0x000000008f500000, 0x000000008f600000, 0x000000008f600000|100%| E|CS|TAMS 0x000000008f500000, 0x000000008f500000| Complete 
| 246|0x000000008f600000, 0x000000008f700000, 0x000000008f700000|100%| E|CS|TAMS 0x000000008f600000, 0x000000008f600000| Complete 
| 247|0x000000008f700000, 0x000000008f800000, 0x000000008f800000|100%| E|CS|TAMS 0x000000008f700000, 0x000000008f700000| Complete 
| 248|0x000000008f800000, 0x000000008f900000, 0x000000008f900000|100%| E|CS|TAMS 0x000000008f800000, 0x000000008f800000| Complete 
| 249|0x000000008f900000, 0x000000008fa00000, 0x000000008fa00000|100%| E|CS|TAMS 0x000000008f900000, 0x000000008f900000| Complete 
| 250|0x000000008fa00000, 0x000000008fb00000, 0x000000008fb00000|100%| E|CS|TAMS 0x000000008fa00000, 0x000000008fa00000| Complete 
| 251|0x000000008fb00000, 0x000000008fc00000, 0x000000008fc00000|100%| E|CS|TAMS 0x000000008fb00000, 0x000000008fb00000| Complete 
| 252|0x000000008fc00000, 0x000000008fd00000, 0x000000008fd00000|100%| E|CS|TAMS 0x000000008fc00000, 0x000000008fc00000| Complete 
| 253|0x000000008fd00000, 0x000000008fe00000, 0x000000008fe00000|100%| E|CS|TAMS 0x000000008fd00000, 0x000000008fd00000| Complete 
| 254|0x000000008fe00000, 0x000000008ff00000, 0x000000008ff00000|100%| E|CS|TAMS 0x000000008fe00000, 0x000000008fe00000| Complete 
| 255|0x000000008ff00000, 0x0000000090000000, 0x0000000090000000|100%| E|CS|TAMS 0x000000008ff00000, 0x000000008ff00000| Complete 
| 256|0x0000000090000000, 0x0000000090100000, 0x0000000090100000|100%| E|CS|TAMS 0x0000000090000000, 0x0000000090000000| Complete 
| 257|0x0000000090100000, 0x0000000090200000, 0x0000000090200000|100%| E|CS|TAMS 0x0000000090100000, 0x0000000090100000| Complete 
| 258|0x0000000090200000, 0x00000000902e2dc0, 0x0000000090300000| 88%| S|CS|TAMS 0x0000000090200000, 0x0000000090200000| Complete 
| 259|0x0000000090300000, 0x0000000090400000, 0x0000000090400000|100%| S|CS|TAMS 0x0000000090300000, 0x0000000090300000| Complete 
| 260|0x0000000090400000, 0x0000000090500000, 0x0000000090500000|100%| E|CS|TAMS 0x0000000090400000, 0x0000000090400000| Complete 
| 261|0x0000000090500000, 0x0000000090600000, 0x0000000090600000|100%| E|CS|TAMS 0x0000000090500000, 0x0000000090500000| Complete 
| 262|0x0000000090600000, 0x0000000090700000, 0x0000000090700000|100%| E|CS|TAMS 0x0000000090600000, 0x0000000090600000| Complete 

Card table byte_map: [0x00000220612b0000,0x00000220616b0000] _byte_map_base: 0x0000022060eb0000

Marking Bits (Prev, Next): (CMBitMap*) 0x000002204c5d2308, (CMBitMap*) 0x000002204c5d2340
 Prev Bits: [0x0000022061ab0000, 0x0000022063ab0000)
 Next Bits: [0x0000022063ab0000, 0x0000022065ab0000)

Polling page: 0x000002204c430000

Metaspace:

Usage:
  Non-class:     97.54 MB capacity,    95.84 MB ( 98%) used,     1.39 MB (  1%) free+waste,   324.69 KB ( <1%) overhead. 
      Class:     14.44 MB capacity,    13.49 MB ( 93%) used,   826.98 KB (  6%) free+waste,   141.44 KB ( <1%) overhead. 
       Both:    111.98 MB capacity,   109.33 MB ( 98%) used,     2.20 MB (  2%) free+waste,   466.13 KB ( <1%) overhead. 

Virtual space:
  Non-class space:       98.00 MB reserved,      97.70 MB (>99%) committed 
      Class space:        1.00 GB reserved,      14.50 MB (  1%) committed 
             Both:        1.10 GB reserved,     112.20 MB ( 10%) committed 

Chunk freelists:
   Non-Class:  0 bytes
       Class:  0 bytes
        Both:  0 bytes

MaxMetaspaceSize: 17179869184.00 GB
CompressedClassSpaceSize: 1.00 GB
Initial GC threshold: 20.80 MB
Current GC threshold: 178.88 MB
CDS: off

CodeHeap 'non-profiled nmethods': size=120064Kb used=10627Kb max_used=10639Kb free=109437Kb
 bounds [0x0000022059350000, 0x0000022059dc0000, 0x0000022060890000]
CodeHeap 'profiled nmethods': size=120000Kb used=37816Kb max_used=37816Kb free=82183Kb
 bounds [0x0000022051e20000, 0x0000022054320000, 0x0000022059350000]
CodeHeap 'non-nmethods': size=5696Kb used=2438Kb max_used=2491Kb free=3257Kb
 bounds [0x0000022051890000, 0x0000022051b10000, 0x0000022051e20000]
 total_blobs=17614 nmethods=16638 adapters=887
 compilation: enabled
              stopped_count=0, restarted_count=0
 full_count=0

Compilation events (20 events):
Event: 221.443 Thread 0x000002206e7bf000 nmethod 17708 0x000002205947cd90 code [0x000002205947d2c0, 0x00000220594849d8]
Event: 221.444 Thread 0x000002206e7bf000 17713       4       java.util.Spliterators$ArraySpliterator::forEachRemaining (68 bytes)
Event: 221.447 Thread 0x000002206e7bf000 nmethod 17713 0x00000220593e4e10 code [0x00000220593e4fc0, 0x00000220593e51b8]
Event: 221.447 Thread 0x000002206e7bf000 17715       4       com.google.common.collect.ImmutableMultimap$1::next (68 bytes)
Event: 221.461 Thread 0x000002206e7bf000 nmethod 17715 0x00000220593e3f90 code [0x00000220593e41a0, 0x00000220593e4938]
Event: 221.461 Thread 0x000002206e7bf000 17716       4       com.google.common.collect.ImmutableMultimap$1::next (5 bytes)
Event: 221.472 Thread 0x000002206e7bf000 nmethod 17716 0x00000220593e3110 code [0x00000220593e3320, 0x00000220593e3ab8]
Event: 221.472 Thread 0x000002206e7bf000 17728       4       org.gradle.internal.snapshot.DirectorySnapshot$$Lambda$1034/0x0000000100baf040::accept (16 bytes)
Event: 221.497 Thread 0x0000022068119000 nmethod 17709 0x0000022059470e90 code [0x00000220594713c0, 0x00000220594797b8]
Event: 221.518 Thread 0x000002206e7bf000 nmethod 17728 0x00000220593b8d10 code [0x00000220593b8fc0, 0x00000220593ba660]
Event: 223.406 Thread 0x0000022068119000 17748   !   4       java.util.stream.ReferencePipeline$7$1::accept (127 bytes)
Event: 223.416 Thread 0x0000022068119000 nmethod 17748 0x00000220593b7e10 code [0x00000220593b8060, 0x00000220593b8700]
Event: 224.135 Thread 0x000002206811e800 17749       3       javax.management.ObjectName::getDomain (13 bytes)
Event: 224.136 Thread 0x000002206811e800 nmethod 17749 0x0000022054312490 code [0x0000022054312660, 0x0000022054312808]
Event: 227.247 Thread 0x000002206811e800 17750       3       java.lang.Byte::valueOf (14 bytes)
Event: 227.247 Thread 0x000002206811e800 nmethod 17750 0x000002205258fb10 code [0x000002205258fcc0, 0x000002205258fdd8]
Event: 227.247 Thread 0x000002206811e800 17751       1       java.lang.Byte::byteValue (5 bytes)
Event: 227.247 Thread 0x000002206811e800 nmethod 17751 0x00000220593fe810 code [0x00000220593fe9c0, 0x00000220593fea78]
Event: 234.185 Thread 0x000002206811e800 17752       3       org.gradle.cache.internal.DefaultFileLockManager::access$100 (4 bytes)
Event: 234.185 Thread 0x000002206811e800 nmethod 17752 0x00000220525bd790 code [0x00000220525bd940, 0x00000220525bda38]

GC Heap History (20 events):
Event: 30.302 GC heap before
{Heap before GC invocations=23 (full 0):
 garbage-first heap   total 220160K, used 174973K [0x0000000080000000, 0x0000000100000000)
  region size 1024K, 80 young (81920K), 12 survivors (12288K)
 Metaspace       used 91483K, capacity 93598K, committed 93776K, reserved 1130496K
  class space    used 11707K, capacity 12562K, committed 12672K, reserved 1048576K
}
Event: 30.375 GC heap after
{Heap after GC invocations=24 (full 0):
 garbage-first heap   total 220160K, used 108544K [0x0000000080000000, 0x0000000100000000)
  region size 1024K, 10 young (10240K), 10 survivors (10240K)
 Metaspace       used 91483K, capacity 93598K, committed 93776K, reserved 1130496K
  class space    used 11707K, capacity 12562K, committed 12672K, reserved 1048576K
}
Event: 31.736 GC heap before
{Heap before GC invocations=24 (full 0):
 garbage-first heap   total 220160K, used 133120K [0x0000000080000000, 0x0000000100000000)
  region size 1024K, 36 young (36864K), 10 survivors (10240K)
 Metaspace       used 92269K, capacity 94437K, committed 94544K, reserved 1130496K
  class space    used 11779K, capacity 12628K, committed 12672K, reserved 1048576K
}
Event: 31.779 GC heap after
{Heap after GC invocations=25 (full 0):
 garbage-first heap   total 220160K, used 115187K [0x0000000080000000, 0x0000000100000000)
  region size 1024K, 7 young (7168K), 7 survivors (7168K)
 Metaspace       used 92269K, capacity 94437K, committed 94544K, reserved 1130496K
  class space    used 11779K, capacity 12628K, committed 12672K, reserved 1048576K
}
Event: 34.586 GC heap before
{Heap before GC invocations=26 (full 0):
 garbage-first heap   total 220160K, used 182771K [0x0000000080000000, 0x0000000100000000)
  region size 1024K, 57 young (58368K), 7 survivors (7168K)
 Metaspace       used 95666K, capacity 97763K, committed 98128K, reserved 1134592K
  class space    used 12016K, capacity 12836K, committed 12928K, reserved 1048576K
}
Event: 34.610 GC heap after
{Heap after GC invocations=27 (full 0):
 garbage-first heap   total 269312K, used 117760K [0x0000000080000000, 0x0000000100000000)
  region size 1024K, 8 young (8192K), 8 survivors (8192K)
 Metaspace       used 95666K, capacity 97763K, committed 98128K, reserved 1134592K
  class space    used 12016K, capacity 12836K, committed 12928K, reserved 1048576K
}
Event: 37.925 GC heap before
{Heap before GC invocations=27 (full 0):
 garbage-first heap   total 269312K, used 195584K [0x0000000080000000, 0x0000000100000000)
  region size 1024K, 84 young (86016K), 8 survivors (8192K)
 Metaspace       used 97271K, capacity 99436K, committed 99792K, reserved 1136640K
  class space    used 12124K, capacity 12964K, committed 13056K, reserved 1048576K
}
Event: 37.936 GC heap after
{Heap after GC invocations=28 (full 0):
 garbage-first heap   total 269312K, used 117994K [0x0000000080000000, 0x0000000100000000)
  region size 1024K, 2 young (2048K), 2 survivors (2048K)
 Metaspace       used 97271K, capacity 99436K, committed 99792K, reserved 1136640K
  class space    used 12124K, capacity 12964K, committed 13056K, reserved 1048576K
}
Event: 40.983 GC heap before
{Heap before GC invocations=28 (full 0):
 garbage-first heap   total 269312K, used 198890K [0x0000000080000000, 0x0000000100000000)
  region size 1024K, 82 young (83968K), 2 survivors (2048K)
 Metaspace       used 98642K, capacity 100886K, committed 101200K, reserved 1136640K
  class space    used 12252K, capacity 13099K, committed 13184K, reserved 1048576K
}
Event: 40.995 GC heap after
{Heap after GC invocations=29 (full 0):
 garbage-first heap   total 269312K, used 120045K [0x0000000080000000, 0x0000000100000000)
  region size 1024K, 4 young (4096K), 4 survivors (4096K)
 Metaspace       used 98642K, capacity 100886K, committed 101200K, reserved 1136640K
  class space    used 12252K, capacity 13099K, committed 13184K, reserved 1048576K
}
Event: 42.716 GC heap before
{Heap before GC invocations=29 (full 0):
 garbage-first heap   total 269312K, used 204013K [0x0000000080000000, 0x0000000100000000)
  region size 1024K, 87 young (89088K), 4 survivors (4096K)
 Metaspace       used 100836K, capacity 103059K, committed 103248K, reserved 1138688K
  class space    used 12499K, capacity 13351K, committed 13440K, reserved 1048576K
}
Event: 42.737 GC heap after
{Heap after GC invocations=30 (full 0):
 garbage-first heap   total 269312K, used 126448K [0x0000000080000000, 0x0000000100000000)
  region size 1024K, 10 young (10240K), 10 survivors (10240K)
 Metaspace       used 100836K, capacity 103059K, committed 103248K, reserved 1138688K
  class space    used 12499K, capacity 13351K, committed 13440K, reserved 1048576K
}
Event: 44.191 GC heap before
{Heap before GC invocations=30 (full 0):
 garbage-first heap   total 269312K, used 208368K [0x0000000080000000, 0x0000000100000000)
  region size 1024K, 91 young (93184K), 10 survivors (10240K)
 Metaspace       used 103784K, capacity 105991K, committed 106192K, reserved 1142784K
  class space    used 12860K, capacity 13707K, committed 13824K, reserved 1048576K
}
Event: 44.217 GC heap after
{Heap after GC invocations=31 (full 0):
 garbage-first heap   total 269312K, used 131166K [0x0000000080000000, 0x0000000100000000)
  region size 1024K, 5 young (5120K), 5 survivors (5120K)
 Metaspace       used 103784K, capacity 105991K, committed 106192K, reserved 1142784K
  class space    used 12860K, capacity 13707K, committed 13824K, reserved 1048576K
}
Event: 50.503 GC heap before
{Heap before GC invocations=31 (full 0):
 garbage-first heap   total 269312K, used 213086K [0x0000000080000000, 0x0000000100000000)
  region size 1024K, 86 young (88064K), 5 survivors (5120K)
 Metaspace       used 107141K, capacity 109383K, committed 109648K, reserved 1144832K
  class space    used 13249K, capacity 14091K, committed 14208K, reserved 1048576K
}
Event: 50.525 GC heap after
{Heap after GC invocations=32 (full 0):
 garbage-first heap   total 269312K, used 135183K [0x0000000080000000, 0x0000000100000000)
  region size 1024K, 9 young (9216K), 9 survivors (9216K)
 Metaspace       used 107141K, capacity 109383K, committed 109648K, reserved 1144832K
  class space    used 13249K, capacity 14091K, committed 14208K, reserved 1048576K
}
Event: 218.938 GC heap before
{Heap before GC invocations=33 (full 0):
 garbage-first heap   total 269312K, used 205839K [0x0000000080000000, 0x0000000100000000)
  region size 1024K, 89 young (91136K), 9 survivors (9216K)
 Metaspace       used 111561K, capacity 114176K, committed 114384K, reserved 1148928K
  class space    used 13801K, capacity 14761K, committed 14848K, reserved 1048576K
}
Event: 218.962 GC heap after
{Heap after GC invocations=34 (full 0):
 garbage-first heap   total 269312K, used 129203K [0x0000000080000000, 0x0000000100000000)
  region size 1024K, 10 young (10240K), 10 survivors (10240K)
 Metaspace       used 111561K, capacity 114176K, committed 114384K, reserved 1148928K
  class space    used 13801K, capacity 14761K, committed 14848K, reserved 1048576K
}
Event: 219.029 GC heap before
{Heap before GC invocations=34 (full 0):
 garbage-first heap   total 269312K, used 132275K [0x0000000080000000, 0x0000000100000000)
  region size 1024K, 13 young (13312K), 10 survivors (10240K)
 Metaspace       used 111597K, capacity 114243K, committed 114384K, reserved 1148928K
  class space    used 13802K, capacity 14762K, committed 14848K, reserved 1048576K
}
Event: 219.048 GC heap after
{Heap after GC invocations=35 (full 0):
 garbage-first heap   total 269312K, used 114545K [0x0000000080000000, 0x0000000100000000)
  region size 1024K, 2 young (2048K), 2 survivors (2048K)
 Metaspace       used 111597K, capacity 114243K, committed 114384K, reserved 1148928K
  class space    used 13802K, capacity 14762K, committed 14848K, reserved 1048576K
}

Deoptimization events (20 events):
Event: 219.188 Thread 0x00000220752d0000 DEOPT PACKING pc=0x00000220595f3124 sp=0x0000002e975fa2e0
Event: 219.188 Thread 0x00000220752d0000 DEOPT UNPACKING pc=0x00000220518da1af sp=0x0000002e975fa258 mode 2
Event: 219.219 Thread 0x00000220752d0000 Uncommon trap: trap_request=0xffffffc6 fr.pc=0x00000220598a2504 relative=0x0000000000000804
Event: 219.219 Thread 0x00000220752d0000 Uncommon trap: reason=bimorphic_or_optimized_type_check action=maybe_recompile pc=0x00000220598a2504 method=java.util.Collections.indexedBinarySearch(Ljava/util/List;Ljava/lang/Object;Ljava/util/Comparator;)I @ 3 c2
Event: 219.219 Thread 0x00000220752d0000 DEOPT PACKING pc=0x00000220598a2504 sp=0x0000002e975f92e0
Event: 219.219 Thread 0x00000220752d0000 DEOPT UNPACKING pc=0x00000220518da1af sp=0x0000002e975f9228 mode 2
Event: 219.493 Thread 0x00000220752d0000 DEOPT PACKING pc=0x0000022053d451bd sp=0x0000002e975faa10
Event: 219.493 Thread 0x00000220752d0000 DEOPT UNPACKING pc=0x00000220518da95e sp=0x0000002e975f9fe8 mode 0
Event: 219.583 Thread 0x00000220752cc000 Uncommon trap: trap_request=0xffffff4d fr.pc=0x0000022059b8ff14 relative=0x0000000000001054
Event: 219.583 Thread 0x00000220752cc000 Uncommon trap: reason=unstable_if action=reinterpret pc=0x0000022059b8ff14 method=org.gradle.internal.snapshot.VfsRelativePath.compareToFirstSegment(Ljava/lang/String;Lorg/gradle/internal/snapshot/CaseSensitivity;)I @ 156 c2
Event: 219.583 Thread 0x00000220752cc000 DEOPT PACKING pc=0x0000022059b8ff14 sp=0x0000002e97bfbca0
Event: 219.583 Thread 0x00000220752cc000 DEOPT UNPACKING pc=0x00000220518da1af sp=0x0000002e97bfbc20 mode 2
Event: 220.036 Thread 0x00000220752cc000 Uncommon trap: trap_request=0xffffff4d fr.pc=0x0000022059862898 relative=0x00000000000014d8
Event: 220.036 Thread 0x00000220752cc000 Uncommon trap: reason=unstable_if action=reinterpret pc=0x0000022059862898 method=com.google.common.collect.MapMakerInternalMap$Segment.getEntry(Ljava/lang/Object;I)Lcom/google/common/collect/MapMakerInternalMap$InternalEntry; @ 40 c2
Event: 220.036 Thread 0x00000220752cc000 DEOPT PACKING pc=0x0000022059862898 sp=0x0000002e97bfc650
Event: 220.036 Thread 0x00000220752cc000 DEOPT UNPACKING pc=0x00000220518da1af sp=0x0000002e97bfc560 mode 2
Event: 220.129 Thread 0x00000220752cc000 Uncommon trap: trap_request=0xffffff4d fr.pc=0x000002205983219c relative=0x000000000000023c
Event: 220.129 Thread 0x00000220752cc000 Uncommon trap: reason=unstable_if action=reinterpret pc=0x000002205983219c method=com.google.common.collect.MapMakerInternalMap$Segment.getEntry(Ljava/lang/Object;I)Lcom/google/common/collect/MapMakerInternalMap$InternalEntry; @ 40 c2
Event: 220.129 Thread 0x00000220752cc000 DEOPT PACKING pc=0x000002205983219c sp=0x0000002e97bfbb00
Event: 220.129 Thread 0x00000220752cc000 DEOPT UNPACKING pc=0x00000220518da1af sp=0x0000002e97bfbad0 mode 2

Classes redefined (0 events):
No events

Internal exceptions (20 events):
Event: 69.875 Thread 0x000002206ac30000 Exception <a 'java/lang/NoSuchMethodError'{0x000000008d82f360}: <clinit>> (0x000000008d82f360) thrown at [./src/hotspot/share/prims/jni.cpp, line 1366]
Event: 69.876 Thread 0x000002206ac30000 Exception <a 'java/lang/NoSuchMethodError'{0x000000008d830a48}: <clinit>> (0x000000008d830a48) thrown at [./src/hotspot/share/prims/jni.cpp, line 1366]
Event: 69.878 Thread 0x000002206ac30000 Exception <a 'java/lang/NoSuchMethodError'{0x000000008d842bd0}: <clinit>> (0x000000008d842bd0) thrown at [./src/hotspot/share/prims/jni.cpp, line 1366]
Event: 69.880 Thread 0x000002206ac30000 Exception <a 'java/lang/NoSuchMethodError'{0x000000008d84ed40}: <clinit>> (0x000000008d84ed40) thrown at [./src/hotspot/share/prims/jni.cpp, line 1366]
Event: 69.906 Thread 0x000002206ac30000 Exception <a 'java/lang/NoSuchMethodError'{0x000000008d863f48}: <clinit>> (0x000000008d863f48) thrown at [./src/hotspot/share/prims/jni.cpp, line 1366]
Event: 218.630 Thread 0x000002206b2c3800 Exception <a 'sun/nio/fs/WindowsException'{0x000000008becb7e8}> (0x000000008becb7e8) thrown at [./src/hotspot/share/prims/jni.cpp, line 616]
Event: 219.020 Thread 0x000002206b2c3800 Exception <a 'sun/nio/fs/WindowsException'{0x0000000090471cf8}> (0x0000000090471cf8) thrown at [./src/hotspot/share/prims/jni.cpp, line 616]
Event: 219.051 Thread 0x000002206b2c3800 Exception <a 'sun/nio/fs/WindowsException'{0x0000000090616468}> (0x0000000090616468) thrown at [./src/hotspot/share/prims/jni.cpp, line 616]
Event: 219.052 Thread 0x000002206b2c3800 Exception <a 'sun/nio/fs/WindowsException'{0x00000000906177d8}> (0x00000000906177d8) thrown at [./src/hotspot/share/prims/jni.cpp, line 616]
Event: 219.052 Thread 0x000002206b2c3800 Exception <a 'sun/nio/fs/WindowsException'{0x0000000090618b98}> (0x0000000090618b98) thrown at [./src/hotspot/share/prims/jni.cpp, line 616]
Event: 219.052 Thread 0x000002206b2c3800 Exception <a 'sun/nio/fs/WindowsException'{0x0000000090619f58}> (0x0000000090619f58) thrown at [./src/hotspot/share/prims/jni.cpp, line 616]
Event: 221.006 Thread 0x0000022069b07000 Exception <a 'java/net/ConnectException'{0x000000008d923b10}: Connection refused: connect> (0x000000008d923b10) thrown at [./src/hotspot/share/prims/jni.cpp, line 637]
Event: 223.003 Thread 0x00000220752ce800 Exception <a 'java/net/ConnectException'{0x000000008da14b18}: Connection refused: connect> (0x000000008da14b18) thrown at [./src/hotspot/share/prims/jni.cpp, line 637]
Event: 223.190 Thread 0x0000022069b07000 Exception <a 'java/net/ConnectException'{0x000000008d9242f0}: Connection refused: connect> (0x000000008d9242f0) thrown at [./src/hotspot/share/prims/jni.cpp, line 637]
Event: 225.069 Thread 0x00000220752ce800 Exception <a 'java/net/ConnectException'{0x000000008da15848}: Connection refused: connect> (0x000000008da15848) thrown at [./src/hotspot/share/prims/jni.cpp, line 637]
Event: 225.256 Thread 0x0000022069b07000 Exception <a 'java/net/ConnectException'{0x000000008d924ad0}: Connection refused: connect> (0x000000008d924ad0) thrown at [./src/hotspot/share/prims/jni.cpp, line 637]
Event: 227.130 Thread 0x00000220752ce800 Exception <a 'java/net/ConnectException'{0x000000008da16578}: Connection refused: connect> (0x000000008da16578) thrown at [./src/hotspot/share/prims/jni.cpp, line 637]
Event: 229.296 Thread 0x00000220752ce800 Exception <a 'java/net/ConnectException'{0x000000008d974c20}: Connection refused: connect> (0x000000008d974c20) thrown at [./src/hotspot/share/prims/jni.cpp, line 637]
Event: 231.354 Thread 0x00000220752ce800 Exception <a 'java/net/ConnectException'{0x000000008d975950}: Connection refused: connect> (0x000000008d975950) thrown at [./src/hotspot/share/prims/jni.cpp, line 637]
Event: 233.414 Thread 0x00000220752ce800 Exception <a 'java/net/ConnectException'{0x000000008d976680}: Connection refused: connect> (0x000000008d976680) thrown at [./src/hotspot/share/prims/jni.cpp, line 637]

Events (20 events):
Event: 220.866 Executing VM operation: RevokeBias
Event: 220.867 Executing VM operation: RevokeBias done
Event: 220.946 Executing VM operation: RevokeBias
Event: 220.946 Executing VM operation: RevokeBias done
Event: 220.949 Executing VM operation: RevokeBias
Event: 220.950 Executing VM operation: RevokeBias done
Event: 223.406 Thread 0x000002206e7bf000 Thread exited: 0x000002206e7bf000
Event: 224.696 Thread 0x000002206f6ec000 Thread exited: 0x000002206f6ec000
Event: 227.134 Thread 0x00000220752cf000 Thread added: 0x00000220752cf000
Event: 227.245 Executing VM operation: RevokeBias
Event: 227.245 Executing VM operation: RevokeBias done
Event: 227.245 Executing VM operation: RevokeBias
Event: 227.245 Executing VM operation: RevokeBias done
Event: 227.245 Executing VM operation: RevokeBias
Event: 227.246 Executing VM operation: RevokeBias done
Event: 227.246 Thread 0x00000220752cf000 Thread exited: 0x00000220752cf000
Event: 233.421 Thread 0x00000220752cf000 Thread added: 0x00000220752cf000
Event: 234.745 Executing VM operation: RevokeBias
Event: 234.745 Executing VM operation: RevokeBias done
Event: 234.745 Executing VM operation: BulkRevokeBias


Dynamic libraries:
0x00007ff703640000 - 0x00007ff70364a000 	C:\Program Files\Android\Android Studio\jre\bin\java.exe
0x00007ffc5c550000 - 0x00007ffc5c748000 	C:\WINDOWS\SYSTEM32\ntdll.dll
0x00007ffc5b5c0000 - 0x00007ffc5b67f000 	C:\WINDOWS\System32\KERNEL32.DLL
0x00007ffc5a090000 - 0x00007ffc5a362000 	C:\WINDOWS\System32\KERNELBASE.dll
0x00007ffc5a430000 - 0x00007ffc5a530000 	C:\WINDOWS\System32\ucrtbase.dll
0x00007ffc51f70000 - 0x00007ffc51f87000 	C:\Program Files\Android\Android Studio\jre\bin\VCRUNTIME140.dll
0x00007ffc50480000 - 0x00007ffc50499000 	C:\Program Files\Android\Android Studio\jre\bin\jli.dll
0x00007ffc5ab40000 - 0x00007ffc5acdd000 	C:\WINDOWS\System32\USER32.dll
0x00007ffc5a060000 - 0x00007ffc5a082000 	C:\WINDOWS\System32\win32u.dll
0x00007ffc5b780000 - 0x00007ffc5b7ab000 	C:\WINDOWS\System32\GDI32.dll
0x00007ffc59c50000 - 0x00007ffc59d5f000 	C:\WINDOWS\System32\gdi32full.dll
0x00007ffc59fc0000 - 0x00007ffc5a05d000 	C:\WINDOWS\System32\msvcp_win.dll
0x00007ffc47df0000 - 0x00007ffc4808a000 	C:\WINDOWS\WinSxS\amd64_microsoft.windows.common-controls_6595b64144ccf1df_6.0.19041.1110_none_60b5254171f9507e\COMCTL32.dll
0x00007ffc5a840000 - 0x00007ffc5a8de000 	C:\WINDOWS\System32\msvcrt.dll
0x00007ffc5b720000 - 0x00007ffc5b752000 	C:\WINDOWS\System32\IMM32.DLL
0x00007ffc249a0000 - 0x00007ffc24a3d000 	C:\Program Files\Android\Android Studio\jre\bin\msvcp140.dll
0x00007ffc14c90000 - 0x00007ffc15792000 	C:\Program Files\Android\Android Studio\jre\bin\server\jvm.dll
0x00007ffc5bb10000 - 0x00007ffc5bbbe000 	C:\WINDOWS\System32\ADVAPI32.dll
0x00007ffc5b680000 - 0x00007ffc5b71c000 	C:\WINDOWS\System32\sechost.dll
0x00007ffc5a8e0000 - 0x00007ffc5aa05000 	C:\WINDOWS\System32\RPCRT4.dll
0x00007ffc5c310000 - 0x00007ffc5c318000 	C:\WINDOWS\System32\PSAPI.DLL
0x00007ffc462f0000 - 0x00007ffc462f9000 	C:\WINDOWS\SYSTEM32\WSOCK32.dll
0x00007ffc5c320000 - 0x00007ffc5c38b000 	C:\WINDOWS\System32\WS2_32.dll
0x00007ffc582d0000 - 0x00007ffc582f7000 	C:\WINDOWS\SYSTEM32\WINMM.dll
0x00007ffc58300000 - 0x00007ffc5830a000 	C:\WINDOWS\SYSTEM32\VERSION.dll
0x00007ffc584d0000 - 0x00007ffc584e2000 	C:\WINDOWS\SYSTEM32\kernel.appcore.dll
0x00007ffc54110000 - 0x00007ffc54121000 	C:\Program Files\Android\Android Studio\jre\bin\verify.dll
0x00007ffc580e0000 - 0x00007ffc582c4000 	C:\WINDOWS\SYSTEM32\DBGHELP.DLL
0x00007ffc580b0000 - 0x00007ffc580dc000 	C:\WINDOWS\SYSTEM32\dbgcore.DLL
0x00007ffc5a370000 - 0x00007ffc5a3f2000 	C:\WINDOWS\System32\bcryptPrimitives.dll
0x00007ffc53d00000 - 0x00007ffc53d29000 	C:\Program Files\Android\Android Studio\jre\bin\java.dll
0x00007ffc53cf0000 - 0x00007ffc53cfb000 	C:\Program Files\Android\Android Studio\jre\bin\jimage.dll
0x00007ffc53cd0000 - 0x00007ffc53ce8000 	C:\Program Files\Android\Android Studio\jre\bin\zip.dll
0x00007ffc5bbc0000 - 0x00007ffc5c303000 	C:\WINDOWS\System32\SHELL32.dll
0x00007ffc57900000 - 0x00007ffc58092000 	C:\WINDOWS\SYSTEM32\windows.storage.dll
0x00007ffc5b7b0000 - 0x00007ffc5bb04000 	C:\WINDOWS\System32\combase.dll
0x00007ffc596b0000 - 0x00007ffc596e0000 	C:\WINDOWS\SYSTEM32\Wldp.dll
0x00007ffc5b480000 - 0x00007ffc5b52d000 	C:\WINDOWS\System32\SHCORE.dll
0x00007ffc5b150000 - 0x00007ffc5b1a5000 	C:\WINDOWS\System32\shlwapi.dll
0x00007ffc59b90000 - 0x00007ffc59baf000 	C:\WINDOWS\SYSTEM32\profapi.dll
0x00007ffc52f90000 - 0x00007ffc52faa000 	C:\Program Files\Android\Android Studio\jre\bin\net.dll
0x00007ffc48e80000 - 0x00007ffc48f8c000 	C:\WINDOWS\SYSTEM32\WINHTTP.dll
0x00007ffc59410000 - 0x00007ffc5947a000 	C:\WINDOWS\system32\mswsock.dll
0x00007ffc52640000 - 0x00007ffc52654000 	C:\Program Files\Android\Android Studio\jre\bin\nio.dll
0x00007ffc53df0000 - 0x00007ffc53e17000 	C:\Users\hp\.gradle\native\e1d6ef7f7dcc3fd88c89a11ec53ec762bb8ba0a96d01ffa2cd45eb1d1d8dd5c5\windows-amd64\native-platform.dll
0x00007ffc1ef40000 - 0x00007ffc1f084000 	C:\Users\hp\.gradle\native\0d407fdbe67a94daf76414ababcb853783967236a71b16ec16e742cd7a986fd3\windows-amd64\native-platform-file-events.dll
0x00007ffc53ca0000 - 0x00007ffc53caa000 	C:\Program Files\Android\Android Studio\jre\bin\management.dll
0x00007ffc52630000 - 0x00007ffc5263d000 	C:\Program Files\Android\Android Studio\jre\bin\management_ext.dll
0x00007ffc59610000 - 0x00007ffc59628000 	C:\WINDOWS\SYSTEM32\CRYPTSP.dll
0x00007ffc58cc0000 - 0x00007ffc58cf4000 	C:\WINDOWS\system32\rsaenh.dll
0x00007ffc5a400000 - 0x00007ffc5a427000 	C:\WINDOWS\System32\bcrypt.dll
0x00007ffc59b50000 - 0x00007ffc59b7e000 	C:\WINDOWS\SYSTEM32\USERENV.dll
0x00007ffc59600000 - 0x00007ffc5960c000 	C:\WINDOWS\SYSTEM32\CRYPTBASE.dll
0x00007ffc590b0000 - 0x00007ffc590eb000 	C:\WINDOWS\SYSTEM32\IPHLPAPI.DLL
0x00007ffc5b360000 - 0x00007ffc5b368000 	C:\WINDOWS\System32\NSI.dll
0x00007ffc505f0000 - 0x00007ffc50607000 	C:\WINDOWS\SYSTEM32\dhcpcsvc6.DLL
0x00007ffc4fb60000 - 0x00007ffc4fb7d000 	C:\WINDOWS\SYSTEM32\dhcpcsvc.DLL
0x00007ffc59100000 - 0x00007ffc591ca000 	C:\WINDOWS\SYSTEM32\DNSAPI.dll
0x00007ffc58de0000 - 0x00007ffc58e13000 	C:\WINDOWS\SYSTEM32\ntmarta.dll
0x00007ffc430a0000 - 0x00007ffc430be000 	C:\Users\hp\AppData\Local\Temp\native-platform14680457279236051990dir\native-platform.dll
0x00007ffc52340000 - 0x00007ffc52348000 	C:\Program Files\Android\Android Studio\jre\bin\rmi.dll

dbghelp: loaded successfully - version: 4.0.5 - missing functions: none
symbol engine: initialized successfully - sym options: 0x614 - pdb path: .;C:\Program Files\Android\Android Studio\jre\bin;C:\WINDOWS\SYSTEM32;C:\WINDOWS\WinSxS\amd64_microsoft.windows.common-controls_6595b64144ccf1df_6.0.19041.1110_none_60b5254171f9507e;C:\Program Files\Android\Android Studio\jre\bin\server;C:\Users\hp\.gradle\native\e1d6ef7f7dcc3fd88c89a11ec53ec762bb8ba0a96d01ffa2cd45eb1d1d8dd5c5\windows-amd64;C:\Users\hp\.gradle\native\0d407fdbe67a94daf76414ababcb853783967236a71b16ec16e742cd7a986fd3\windows-amd64;C:\Users\hp\AppData\Local\Temp\native-platform14680457279236051990dir

VM Arguments:
jvm_args: --add-opens=java.base/java.util=ALL-UNNAMED --add-opens=java.base/java.lang=ALL-UNNAMED --add-opens=java.base/java.lang.invoke=ALL-UNNAMED --add-opens=java.base/java.util=ALL-UNNAMED --add-opens=java.prefs/java.util.prefs=ALL-UNNAMED --add-opens=java.prefs/java.util.prefs=ALL-UNNAMED --add-opens=java.base/java.nio.charset=ALL-UNNAMED --add-opens=java.base/java.net=ALL-UNNAMED --add-opens=java.base/java.util.concurrent.atomic=ALL-UNNAMED -Xmx2048m -Dfile.encoding=UTF-8 -Duser.country=US -Duser.language=en -Duser.variant 
java_command: org.gradle.launcher.daemon.bootstrap.GradleDaemon 7.4
java_class_path (initial): C:\Users\hp\.gradle\wrapper\dists\gradle-7.4-bin\c0gwcg53nkjbqw7r0h0umtfvt\gradle-7.4\lib\gradle-launcher-7.4.jar
Launcher Type: SUN_STANDARD

[Global flags]
     intx CICompilerCount                          = 3                                         {product} {ergonomic}
     uint ConcGCThreads                            = 1                                         {product} {ergonomic}
     uint G1ConcRefinementThreads                  = 4                                         {product} {ergonomic}
   size_t G1HeapRegionSize                         = 1048576                                   {product} {ergonomic}
    uintx GCDrainStackTargetSize                   = 64                                        {product} {ergonomic}
   size_t InitialHeapSize                          = 130023424                                 {product} {ergonomic}
   size_t MarkStackSize                            = 4194304                                   {product} {ergonomic}
   size_t MaxHeapSize                              = 2147483648                                {product} {command line}
   size_t MaxNewSize                               = 1287651328                                {product} {ergonomic}
   size_t MinHeapDeltaBytes                        = 1048576                                   {product} {ergonomic}
    uintx NonNMethodCodeHeapSize                   = 5830732                                {pd product} {ergonomic}
    uintx NonProfiledCodeHeapSize                  = 122913754                              {pd product} {ergonomic}
    uintx ProfiledCodeHeapSize                     = 122913754                              {pd product} {ergonomic}
    uintx ReservedCodeCacheSize                    = 251658240                              {pd product} {ergonomic}
     bool SegmentedCodeCache                       = true                                      {product} {ergonomic}
     bool UseCompressedClassPointers               = true                                 {lp64_product} {ergonomic}
     bool UseCompressedOops                        = true                                 {lp64_product} {ergonomic}
     bool UseG1GC                                  = true                                      {product} {ergonomic}
     bool UseLargePagesIndividualAllocation        = false                                  {pd product} {ergonomic}

Logging:
Log output configuration:
 #0: stdout all=warning uptime,level,tags
 #1: stderr all=off uptime,level,tags

Environment Variables:
JAVA_HOME=C:\Program Files\OpenJDK\openjdk-11.0.16_8
PATH=C:\Program Files\Common Files\Oracle\Java\javapath;C:\WINDOWS\system32;C:\WINDOWS;C:\WINDOWS\System32\Wbem;C:\WINDOWS\System32\WindowsPowerShell\v1.0\;C:\WINDOWS\System32\OpenSSH\;C:\Program Files (x86)\Java\jre1.8.0_251\bin;C:\Program Files\Java\jdk-15.0.1\bin;C:\Program Files\swipl\bin;C:\Program Files\dotnet\;C:\Users\hp\Downloads\FLEX_BISON-20211126\win_flex_bison-latest\win_flex_bison-latest;C:\Program Files\Git\cmd;C:\ProgramData\chocolatey\bin;C:\Program Files\OpenJDK\openjdk-11.0.16_8\bin;C:\Program Files\MongoDB\Server\6.0\bin;C:\Program Files\nodejs\;C:\Program Files\MySQL\MySQL Shell 8.0\bin\;C:\Users\hp\AppData\Local\Programs\Python\Python310\Scripts\;C:\Users\hp\AppData\Local\Programs\Python\Python310\;C:\Users\hp\AppData\Local\Microsoft\WindowsApps;D:\Software\softwares\flutter\bin;D:\Software\softwares;C:\Users\hp\AppData\Local\Programs\Microsoft VS Code\bin;C:\MinGW\bin;C:\Program Files (x86)\OpenVPN\bin;C:\Users\hp\.dotnet\tools;C:\Users\hp\Downloads\FLEX_BISON-20211126\win_flex_bison-latest\win_flex_bison-latest;C:\Users\hp\AppData\Local\GitHubDesktop\bin;C:\Users\hp\AppData\Roaming\npm;C:\flutter_windows_3.3.5-stable\flutter\bin;
USERNAME=hp
OS=Windows_NT
PROCESSOR_IDENTIFIER=Intel64 Family 6 Model 78 Stepping 3, GenuineIntel



---------------  S Y S T E M  ---------------

OS: Windows 10 , 64 bit Build 19041 (10.0.19041.2251)
OS uptime: 1 days 12:13 hours

CPU:total 4 (initial active 4) (2 cores per cpu, 2 threads per core) family 6 model 78 stepping 3 microcode 0xcc, cmov, cx8, fxsr, mmx, sse, sse2, sse3, ssse3, sse4.1, sse4.2, popcnt, avx, avx2, aes, clmul, erms, rtm, 3dnowpref, lzcnt, ht, tsc, tscinvbit, bmi1, bmi2, adx, fma

Memory: 4k page, system-wide physical 7861M (636M free)
TotalPageFile size 9909M (AvailPageFile size 1M)
current process WorkingSet (physical memory assigned to process): 544M, peak: 583M
current process commit charge ("private bytes"): 578M, peak: 613M

vm_info: OpenJDK 64-Bit Server VM (11.0.13+0-b1751.21-8125866) for windows-amd64 JRE (11.0.13+0-b1751.21-8125866), built on Feb  2 2022 03:00:22 by "builder" with MS VC++ 14.0 (VS2015)

END.
