#
# There is insufficient memory for the Java Runtime Environment to continue.
# Native memory allocation (malloc) failed to allocate 976336 bytes for Chunk::new
# Possible reasons:
#   The system is out of physical RAM or swap space
#   The process is running with CompressedOops enabled, and the Java Heap may be blocking the growth of the native heap
# Possible solutions:
#   Reduce memory load on the system
#   Increase physical memory or swap space
#   Check if swap backing store is full
#   Decrease Java heap size (-Xmx/-Xms)
#   Decrease number of Java threads
#   Decrease Java thread stack sizes (-Xss)
#   Set larger code cache with -XX:ReservedCodeCacheSize=
#   JVM is running with Unscaled Compressed Oops mode in which the Java heap is
#     placed in the first 4GB address space. The Java Heap base address is the
#     maximum limit for the native heap growth. Please use -XX:HeapBaseMinAddress
#     to set the Java Heap base and to place the Java Heap above 4GB virtual address.
# This output file may be truncated or incomplete.
#
#  Out of Memory Error (./src/hotspot/share/memory/arena.cpp:197), pid=2660, tid=13784
#
# JRE version: OpenJDK Runtime Environment (11.0.13) (build 11.0.13+0-b1751.21-8125866)
# Java VM: OpenJDK 64-Bit Server VM (11.0.13+0-b1751.21-8125866, mixed mode, tiered, compressed oops, g1 gc, windows-amd64)
# No core dump will be written. Minidumps are not enabled by default on client versions of Windows
#

---------------  S U M M A R Y ------------

Command Line: --add-opens=java.base/java.util=ALL-UNNAMED --add-opens=java.base/java.lang=ALL-UNNAMED --add-opens=java.base/java.lang.invoke=ALL-UNNAMED --add-opens=java.base/java.util=ALL-UNNAMED --add-opens=java.prefs/java.util.prefs=ALL-UNNAMED --add-opens=java.prefs/java.util.prefs=ALL-UNNAMED --add-opens=java.base/java.nio.charset=ALL-UNNAMED --add-opens=java.base/java.net=ALL-UNNAMED --add-opens=java.base/java.util.concurrent.atomic=ALL-UNNAMED -Xmx2048m -Dfile.encoding=UTF-8 -Duser.country=US -Duser.language=en -Duser.variant org.gradle.launcher.daemon.bootstrap.GradleDaemon 7.4

Host: Intel(R) Core(TM) i5-6300U CPU @ 2.40GHz, 4 cores, 7G,  Windows 10 , 64 bit Build 19041 (10.0.19041.2251)
Time: Sat Jan 21 14:36:09 2023 Pakistan Standard Time elapsed time: 5.753235 seconds (0d 0h 0m 5s)

---------------  T H R E A D  ---------------

Current thread (0x000001e01a2f3800):  JavaThread "C2 CompilerThread0" daemon [_thread_in_native, id=13784, stack(0x0000008a19a00000,0x0000008a19b00000)]


Current CompileTask:
C2:   5753 2145       4       java.net.URLClassLoader$1::run (5 bytes)

Stack: [0x0000008a19a00000,0x0000008a19b00000]
Native frames: (J=compiled Java code, j=interpreted, Vv=VM code, C=native code)
V  [jvm.dll+0x6100fa]
V  [jvm.dll+0x747090]
V  [jvm.dll+0x7486ad]
V  [jvm.dll+0x748d83]
V  [jvm.dll+0x24ab48]
V  [jvm.dll+0xc04dc]
V  [jvm.dll+0xc0a0c]
V  [jvm.dll+0x2bfab4]
V  [jvm.dll+0x524238]
V  [jvm.dll+0x20b193]
V  [jvm.dll+0x204ca0]
V  [jvm.dll+0x2023c2]
V  [jvm.dll+0x188e01]
V  [jvm.dll+0x21106b]
V  [jvm.dll+0x20f8c1]
V  [jvm.dll+0x70de0f]
V  [jvm.dll+0x706a75]
V  [jvm.dll+0x60ed66]
C  [ucrtbase.dll+0x21bb2]
C  [KERNEL32.DLL+0x174b4]
C  [ntdll.dll+0x526a1]


---------------  P R O C E S S  ---------------

Threads class SMR info:
_java_thread_list=0x000001e01b22f9a0, length=26, elements={
0x000001e07d2cf800, 0x000001e01a2ce800, 0x000001e01a2d8000, 0x000001e01a2ec000,
0x000001e01a2ec800, 0x000001e01a2ed800, 0x000001e01a2f3800, 0x000001e01a31b000,
0x000001e01acb6000, 0x000001e01adb7000, 0x000001e01c6f7800, 0x000001e01cdbc800,
0x000001e01cdbb800, 0x000001e01cdbb000, 0x000001e01cdba000, 0x000001e01cdbd800,
0x000001e01cdbe000, 0x000001e01cdbf000, 0x000001e01cdc0000, 0x000001e01cdc0800,
0x000001e01d888000, 0x000001e01d889000, 0x000001e01d88a800, 0x000001e01d773800,
0x000001e01d88b800, 0x000001e01d889800
}

Java Threads: ( => current thread )
  0x000001e07d2cf800 JavaThread "main" [_thread_blocked, id=11360, stack(0x0000008a18e00000,0x0000008a18f00000)]
  0x000001e01a2ce800 JavaThread "Reference Handler" daemon [_thread_blocked, id=13528, stack(0x0000008a19500000,0x0000008a19600000)]
  0x000001e01a2d8000 JavaThread "Finalizer" daemon [_thread_blocked, id=2224, stack(0x0000008a19600000,0x0000008a19700000)]
  0x000001e01a2ec000 JavaThread "Signal Dispatcher" daemon [_thread_blocked, id=6756, stack(0x0000008a19700000,0x0000008a19800000)]
  0x000001e01a2ec800 JavaThread "Attach Listener" daemon [_thread_blocked, id=12536, stack(0x0000008a19800000,0x0000008a19900000)]
  0x000001e01a2ed800 JavaThread "Service Thread" daemon [_thread_blocked, id=8060, stack(0x0000008a19900000,0x0000008a19a00000)]
=>0x000001e01a2f3800 JavaThread "C2 CompilerThread0" daemon [_thread_in_native, id=13784, stack(0x0000008a19a00000,0x0000008a19b00000)]
  0x000001e01a31b000 JavaThread "C1 CompilerThread0" daemon [_thread_blocked, id=13340, stack(0x0000008a19b00000,0x0000008a19c00000)]
  0x000001e01acb6000 JavaThread "Sweeper thread" daemon [_thread_blocked, id=9536, stack(0x0000008a19c00000,0x0000008a19d00000)]
  0x000001e01adb7000 JavaThread "Common-Cleaner" daemon [_thread_blocked, id=6872, stack(0x0000008a19d00000,0x0000008a19e00000)]
  0x000001e01c6f7800 JavaThread "Daemon health stats" [_thread_blocked, id=1668, stack(0x0000008a1a100000,0x0000008a1a200000)]
  0x000001e01cdbc800 JavaThread "Incoming local TCP Connector on port 58724" [_thread_in_native, id=4572, stack(0x0000008a19f00000,0x0000008a1a000000)]
  0x000001e01cdbb800 JavaThread "Daemon periodic checks" [_thread_blocked, id=14312, stack(0x0000008a1a200000,0x0000008a1a300000)]
  0x000001e01cdbb000 JavaThread "Daemon" [_thread_blocked, id=3304, stack(0x0000008a1a300000,0x0000008a1a400000)]
  0x000001e01cdba000 JavaThread "Handler for socket connection from /127.0.0.1:58724 to /127.0.0.1:58725" [_thread_in_native, id=8156, stack(0x0000008a1a400000,0x0000008a1a500000)]
  0x000001e01cdbd800 JavaThread "Cancel handler" [_thread_blocked, id=7684, stack(0x0000008a1a500000,0x0000008a1a600000)]
  0x000001e01cdbe000 JavaThread "Daemon worker" [_thread_blocked, id=13008, stack(0x0000008a1a600000,0x0000008a1a700000)]
  0x000001e01cdbf000 JavaThread "Asynchronous log dispatcher for DefaultDaemonConnection: socket connection from /127.0.0.1:58724 to /127.0.0.1:58725" [_thread_blocked, id=6540, stack(0x0000008a1a700000,0x0000008a1a800000)]
  0x000001e01cdc0000 JavaThread "Stdin handler" [_thread_blocked, id=10964, stack(0x0000008a1a800000,0x0000008a1a900000)]
  0x000001e01cdc0800 JavaThread "Daemon client event forwarder" [_thread_blocked, id=3156, stack(0x0000008a1ab00000,0x0000008a1ac00000)]
  0x000001e01d888000 JavaThread "Cache worker for journal cache (C:\Users\hp\.gradle\caches\journal-1)" [_thread_blocked, id=13164, stack(0x0000008a1ac00000,0x0000008a1ad00000)]
  0x000001e01d889000 JavaThread "File lock request listener" [_thread_in_native, id=2776, stack(0x0000008a1ad00000,0x0000008a1ae00000)]
  0x000001e01d88a800 JavaThread "Cache worker for file hash cache (C:\Users\hp\.gradle\caches\7.4\fileHashes)" [_thread_blocked, id=2908, stack(0x0000008a1ae00000,0x0000008a1af00000)]
  0x000001e01d773800 JavaThread "C2 CompilerThread1" daemon [_thread_in_native, id=1324, stack(0x0000008a1af00000,0x0000008a1b000000)]
  0x000001e01d88b800 JavaThread "File watcher server" daemon [_thread_in_native, id=12388, stack(0x0000008a1b000000,0x0000008a1b100000)]
  0x000001e01d889800 JavaThread "File watcher consumer" daemon [_thread_blocked, id=10904, stack(0x0000008a1b100000,0x0000008a1b200000)]

Other Threads:
  0x000001e01a2c7800 VMThread "VM Thread" [stack: 0x0000008a19400000,0x0000008a19500000] [id=13908]
  0x000001e01add4800 WatcherThread [stack: 0x0000008a19e00000,0x0000008a19f00000] [id=4652]
  0x000001e07d2e8000 GCTaskThread "GC Thread#0" [stack: 0x0000008a18f00000,0x0000008a19000000] [id=9272]
  0x000001e01b15b000 GCTaskThread "GC Thread#1" [stack: 0x0000008a1a000000,0x0000008a1a100000] [id=7860]
  0x000001e01c077800 GCTaskThread "GC Thread#2" [stack: 0x0000008a1a900000,0x0000008a1aa00000] [id=13688]
  0x000001e01c23c800 GCTaskThread "GC Thread#3" [stack: 0x0000008a1aa00000,0x0000008a1ab00000] [id=1964]
  0x000001e07d319800 ConcurrentGCThread "G1 Main Marker" [stack: 0x0000008a19000000,0x0000008a19100000] [id=9552]
  0x000001e07d31b000 ConcurrentGCThread "G1 Conc#0" [stack: 0x0000008a19100000,0x0000008a19200000] [id=5208]
  0x000001e07d3a7800 ConcurrentGCThread "G1 Refine#0" [stack: 0x0000008a19200000,0x0000008a19300000] [id=10372]
  0x000001e07d3a8800 ConcurrentGCThread "G1 Young RemSet Sampling" [stack: 0x0000008a19300000,0x0000008a19400000] [id=1432]

Threads with active compile tasks:
C2 CompilerThread0   5789 2145       4       java.net.URLClassLoader$1::run (5 bytes)
C2 CompilerThread1   5789 2146   !   4       java.net.URLClassLoader$1::run (81 bytes)

VM state:at safepoint (normal execution)

VM Mutex/Monitor currently owned by a thread:  ([mutex/lock_event])
[0x000001e07d2cc580] Threads_lock - owner thread: 0x000001e01a2c7800
[0x000001e07d2cc7c0] Heap_lock - owner thread: 0x000001e01cdbe000

Heap address: 0x0000000080000000, size: 2048 MB, Compressed Oops mode: 32-bit
Narrow klass base: 0x0000000000000000, Narrow klass shift: 3
Compressed class space size: 1073741824 Address: 0x0000000100000000

Heap:
 garbage-first heap   total 152576K, used 19353K [0x0000000080000000, 0x0000000100000000)
  region size 1024K, 4 young (4096K), 4 survivors (4096K)
 Metaspace       used 25947K, capacity 26538K, committed 26620K, reserved 1073152K
  class space    used 3353K, capacity 3584K, committed 3660K, reserved 1048576K
Heap Regions: E=young(eden), S=young(survivor), O=old, HS=humongous(starts), HC=humongous(continues), CS=collection set, F=free, A=archive, TAMS=top-at-mark-start (previous, next)
|   0|0x0000000080000000, 0x0000000080100000, 0x0000000080100000|100%|HS|  |TAMS 0x0000000080100000, 0x0000000080000000| Complete 
|   1|0x0000000080100000, 0x0000000080200000, 0x0000000080200000|100%|HC|  |TAMS 0x0000000080200000, 0x0000000080100000| Complete 
|   2|0x0000000080200000, 0x0000000080300000, 0x0000000080300000|100%|HC|  |TAMS 0x0000000080300000, 0x0000000080200000| Complete 
|   3|0x0000000080300000, 0x0000000080400000, 0x0000000080400000|100%| O|  |TAMS 0x0000000080400000, 0x0000000080300000| Untracked 
|   4|0x0000000080400000, 0x0000000080500000, 0x0000000080500000|100%| O|  |TAMS 0x0000000080500000, 0x0000000080400000| Untracked 
|   5|0x0000000080500000, 0x0000000080600000, 0x0000000080600000|100%| O|  |TAMS 0x0000000080600000, 0x0000000080500000| Untracked 
|   6|0x0000000080600000, 0x0000000080700000, 0x0000000080700000|100%| O|  |TAMS 0x0000000080700000, 0x0000000080600000| Untracked 
|   7|0x0000000080700000, 0x0000000080800000, 0x0000000080800000|100%| O|  |TAMS 0x0000000080800000, 0x0000000080700000| Untracked 
|   8|0x0000000080800000, 0x0000000080900000, 0x0000000080900000|100%| O|  |TAMS 0x0000000080900000, 0x0000000080800000| Untracked 
|   9|0x0000000080900000, 0x0000000080a00000, 0x0000000080a00000|100%| O|  |TAMS 0x0000000080a00000, 0x0000000080900000| Untracked 
|  10|0x0000000080a00000, 0x0000000080b00000, 0x0000000080b00000|100%| O|  |TAMS 0x0000000080b00000, 0x0000000080a00000| Untracked 
|  11|0x0000000080b00000, 0x0000000080c00000, 0x0000000080c00000|100%| O|  |TAMS 0x0000000080c00000, 0x0000000080b00000| Untracked 
|  12|0x0000000080c00000, 0x0000000080d00000, 0x0000000080d00000|100%| O|  |TAMS 0x0000000080d00000, 0x0000000080c00000| Untracked 
|  13|0x0000000080d00000, 0x0000000080e00000, 0x0000000080e00000|100%| O|  |TAMS 0x0000000080e00000, 0x0000000080d00000| Untracked 
|  14|0x0000000080e00000, 0x0000000080f00000, 0x0000000080f00000|100%| O|  |TAMS 0x0000000080f00000, 0x0000000080e00000| Untracked 
|  15|0x0000000080f00000, 0x0000000080fb6400, 0x0000000081000000| 71%| O|  |TAMS 0x0000000080fb6400, 0x0000000080f00000| Untracked 
|  16|0x0000000081000000, 0x0000000081000000, 0x0000000081100000|  0%| F|  |TAMS 0x0000000081000000, 0x0000000081000000| Untracked 
|  17|0x0000000081100000, 0x0000000081100000, 0x0000000081200000|  0%| F|  |TAMS 0x0000000081100000, 0x0000000081100000| Untracked 
|  18|0x0000000081200000, 0x0000000081200000, 0x0000000081300000|  0%| F|  |TAMS 0x0000000081200000, 0x0000000081200000| Untracked 
|  19|0x0000000081300000, 0x0000000081300000, 0x0000000081400000|  0%| F|  |TAMS 0x0000000081300000, 0x0000000081300000| Untracked 
|  20|0x0000000081400000, 0x0000000081400000, 0x0000000081500000|  0%| F|  |TAMS 0x0000000081400000, 0x0000000081400000| Untracked 
|  21|0x0000000081500000, 0x0000000081500000, 0x0000000081600000|  0%| F|  |TAMS 0x0000000081500000, 0x0000000081500000| Untracked 
|  22|0x0000000081600000, 0x0000000081600000, 0x0000000081700000|  0%| F|  |TAMS 0x0000000081600000, 0x0000000081600000| Untracked 
|  23|0x0000000081700000, 0x0000000081700000, 0x0000000081800000|  0%| F|  |TAMS 0x0000000081700000, 0x0000000081700000| Untracked 
|  24|0x0000000081800000, 0x0000000081800000, 0x0000000081900000|  0%| F|  |TAMS 0x0000000081800000, 0x0000000081800000| Untracked 
|  25|0x0000000081900000, 0x0000000081900000, 0x0000000081a00000|  0%| F|  |TAMS 0x0000000081900000, 0x0000000081900000| Untracked 
|  26|0x0000000081a00000, 0x0000000081a00000, 0x0000000081b00000|  0%| F|  |TAMS 0x0000000081a00000, 0x0000000081a00000| Untracked 
|  27|0x0000000081b00000, 0x0000000081b00000, 0x0000000081c00000|  0%| F|  |TAMS 0x0000000081b00000, 0x0000000081b00000| Untracked 
|  28|0x0000000081c00000, 0x0000000081c00000, 0x0000000081d00000|  0%| F|  |TAMS 0x0000000081c00000, 0x0000000081c00000| Untracked 
|  29|0x0000000081d00000, 0x0000000081d00000, 0x0000000081e00000|  0%| F|  |TAMS 0x0000000081d00000, 0x0000000081d00000| Untracked 
|  30|0x0000000081e00000, 0x0000000081e00000, 0x0000000081f00000|  0%| F|  |TAMS 0x0000000081e00000, 0x0000000081e00000| Untracked 
|  31|0x0000000081f00000, 0x0000000081f00000, 0x0000000082000000|  0%| F|  |TAMS 0x0000000081f00000, 0x0000000081f00000| Untracked 
|  32|0x0000000082000000, 0x0000000082000000, 0x0000000082100000|  0%| F|  |TAMS 0x0000000082000000, 0x0000000082000000| Untracked 
|  33|0x0000000082100000, 0x0000000082100000, 0x0000000082200000|  0%| F|  |TAMS 0x0000000082100000, 0x0000000082100000| Untracked 
|  34|0x0000000082200000, 0x0000000082200000, 0x0000000082300000|  0%| F|  |TAMS 0x0000000082200000, 0x0000000082200000| Untracked 
|  35|0x0000000082300000, 0x0000000082300000, 0x0000000082400000|  0%| F|  |TAMS 0x0000000082300000, 0x0000000082300000| Untracked 
|  36|0x0000000082400000, 0x0000000082400000, 0x0000000082500000|  0%| F|  |TAMS 0x0000000082400000, 0x0000000082400000| Untracked 
|  37|0x0000000082500000, 0x0000000082500000, 0x0000000082600000|  0%| F|  |TAMS 0x0000000082500000, 0x0000000082500000| Untracked 
|  38|0x0000000082600000, 0x0000000082600000, 0x0000000082700000|  0%| F|  |TAMS 0x0000000082600000, 0x0000000082600000| Untracked 
|  39|0x0000000082700000, 0x0000000082700000, 0x0000000082800000|  0%| F|  |TAMS 0x0000000082700000, 0x0000000082700000| Untracked 
|  40|0x0000000082800000, 0x0000000082800000, 0x0000000082900000|  0%| F|  |TAMS 0x0000000082800000, 0x0000000082800000| Untracked 
|  41|0x0000000082900000, 0x0000000082900000, 0x0000000082a00000|  0%| F|  |TAMS 0x0000000082900000, 0x0000000082900000| Untracked 
|  42|0x0000000082a00000, 0x0000000082a00000, 0x0000000082b00000|  0%| F|  |TAMS 0x0000000082a00000, 0x0000000082a00000| Untracked 
|  43|0x0000000082b00000, 0x0000000082b00000, 0x0000000082c00000|  0%| F|  |TAMS 0x0000000082b00000, 0x0000000082b00000| Untracked 
|  44|0x0000000082c00000, 0x0000000082c00000, 0x0000000082d00000|  0%| F|  |TAMS 0x0000000082c00000, 0x0000000082c00000| Untracked 
|  45|0x0000000082d00000, 0x0000000082d00000, 0x0000000082e00000|  0%| F|  |TAMS 0x0000000082d00000, 0x0000000082d00000| Untracked 
|  46|0x0000000082e00000, 0x0000000082e00000, 0x0000000082f00000|  0%| F|  |TAMS 0x0000000082e00000, 0x0000000082e00000| Untracked 
|  47|0x0000000082f00000, 0x0000000082f00000, 0x0000000083000000|  0%| F|  |TAMS 0x0000000082f00000, 0x0000000082f00000| Untracked 
|  48|0x0000000083000000, 0x0000000083000000, 0x0000000083100000|  0%| F|  |TAMS 0x0000000083000000, 0x0000000083000000| Untracked 
|  49|0x0000000083100000, 0x0000000083100000, 0x0000000083200000|  0%| F|  |TAMS 0x0000000083100000, 0x0000000083100000| Untracked 
|  50|0x0000000083200000, 0x0000000083200000, 0x0000000083300000|  0%| F|  |TAMS 0x0000000083200000, 0x0000000083200000| Untracked 
|  51|0x0000000083300000, 0x0000000083300000, 0x0000000083400000|  0%| F|  |TAMS 0x0000000083300000, 0x0000000083300000| Untracked 
|  52|0x0000000083400000, 0x0000000083400000, 0x0000000083500000|  0%| F|  |TAMS 0x0000000083400000, 0x0000000083400000| Untracked 
|  53|0x0000000083500000, 0x0000000083500000, 0x0000000083600000|  0%| F|  |TAMS 0x0000000083500000, 0x0000000083500000| Untracked 
|  54|0x0000000083600000, 0x0000000083600000, 0x0000000083700000|  0%| F|  |TAMS 0x0000000083600000, 0x0000000083600000| Untracked 
|  55|0x0000000083700000, 0x0000000083700000, 0x0000000083800000|  0%| F|  |TAMS 0x0000000083700000, 0x0000000083700000| Untracked 
|  56|0x0000000083800000, 0x0000000083800000, 0x0000000083900000|  0%| F|  |TAMS 0x0000000083800000, 0x0000000083800000| Untracked 
|  57|0x0000000083900000, 0x0000000083900000, 0x0000000083a00000|  0%| F|  |TAMS 0x0000000083900000, 0x0000000083900000| Untracked 
|  58|0x0000000083a00000, 0x0000000083a00000, 0x0000000083b00000|  0%| F|  |TAMS 0x0000000083a00000, 0x0000000083a00000| Untracked 
|  59|0x0000000083b00000, 0x0000000083b00000, 0x0000000083c00000|  0%| F|  |TAMS 0x0000000083b00000, 0x0000000083b00000| Untracked 
|  60|0x0000000083c00000, 0x0000000083c00000, 0x0000000083d00000|  0%| F|  |TAMS 0x0000000083c00000, 0x0000000083c00000| Untracked 
|  61|0x0000000083d00000, 0x0000000083d00000, 0x0000000083e00000|  0%| F|  |TAMS 0x0000000083d00000, 0x0000000083d00000| Untracked 
|  62|0x0000000083e00000, 0x0000000083e00000, 0x0000000083f00000|  0%| F|  |TAMS 0x0000000083e00000, 0x0000000083e00000| Untracked 
|  63|0x0000000083f00000, 0x0000000083f00000, 0x0000000084000000|  0%| F|  |TAMS 0x0000000083f00000, 0x0000000083f00000| Untracked 
|  64|0x0000000084000000, 0x0000000084000000, 0x0000000084100000|  0%| F|  |TAMS 0x0000000084000000, 0x0000000084000000| Untracked 
|  65|0x0000000084100000, 0x0000000084100000, 0x0000000084200000|  0%| F|  |TAMS 0x0000000084100000, 0x0000000084100000| Untracked 
|  66|0x0000000084200000, 0x0000000084200000, 0x0000000084300000|  0%| F|  |TAMS 0x0000000084200000, 0x0000000084200000| Untracked 
|  67|0x0000000084300000, 0x0000000084300000, 0x0000000084400000|  0%| F|  |TAMS 0x0000000084300000, 0x0000000084300000| Untracked 
|  68|0x0000000084400000, 0x0000000084400000, 0x0000000084500000|  0%| F|  |TAMS 0x0000000084400000, 0x0000000084400000| Untracked 
|  69|0x0000000084500000, 0x0000000084500000, 0x0000000084600000|  0%| F|  |TAMS 0x0000000084500000, 0x0000000084500000| Untracked 
|  70|0x0000000084600000, 0x0000000084630140, 0x0000000084700000| 18%| S|CS|TAMS 0x0000000084600000, 0x0000000084600000| Complete 
|  71|0x0000000084700000, 0x0000000084800000, 0x0000000084800000|100%| S|CS|TAMS 0x0000000084700000, 0x0000000084700000| Complete 
|  72|0x0000000084800000, 0x0000000084900000, 0x0000000084900000|100%| S|CS|TAMS 0x0000000084800000, 0x0000000084800000| Complete 
|  73|0x0000000084900000, 0x0000000084a00000, 0x0000000084a00000|100%| S|CS|TAMS 0x0000000084900000, 0x0000000084900000| Complete 
|  74|0x0000000084a00000, 0x0000000084a00000, 0x0000000084b00000|  0%| F|  |TAMS 0x0000000084a00000, 0x0000000084a00000| Untracked 
|  75|0x0000000084b00000, 0x0000000084b00000, 0x0000000084c00000|  0%| F|  |TAMS 0x0000000084b00000, 0x0000000084b00000| Untracked 
|  76|0x0000000084c00000, 0x0000000084c00000, 0x0000000084d00000|  0%| F|  |TAMS 0x0000000084c00000, 0x0000000084c00000| Untracked 
|  77|0x0000000084d00000, 0x0000000084d00000, 0x0000000084e00000|  0%| F|  |TAMS 0x0000000084d00000, 0x0000000084d00000| Untracked 
|  78|0x0000000084e00000, 0x0000000084e00000, 0x0000000084f00000|  0%| F|  |TAMS 0x0000000084e00000, 0x0000000084e00000| Untracked 
|  79|0x0000000084f00000, 0x0000000084f00000, 0x0000000085000000|  0%| F|  |TAMS 0x0000000084f00000, 0x0000000084f00000| Untracked 
|  80|0x0000000085000000, 0x0000000085000000, 0x0000000085100000|  0%| F|  |TAMS 0x0000000085000000, 0x0000000085000000| Untracked 
|  81|0x0000000085100000, 0x0000000085100000, 0x0000000085200000|  0%| F|  |TAMS 0x0000000085100000, 0x0000000085100000| Untracked 
|  82|0x0000000085200000, 0x0000000085200000, 0x0000000085300000|  0%| F|  |TAMS 0x0000000085200000, 0x0000000085200000| Untracked 
|  83|0x0000000085300000, 0x0000000085300000, 0x0000000085400000|  0%| F|  |TAMS 0x0000000085300000, 0x0000000085300000| Untracked 
|  84|0x0000000085400000, 0x0000000085400000, 0x0000000085500000|  0%| F|  |TAMS 0x0000000085400000, 0x0000000085400000| Untracked 
|  85|0x0000000085500000, 0x0000000085500000, 0x0000000085600000|  0%| F|  |TAMS 0x0000000085500000, 0x0000000085500000| Untracked 
|  86|0x0000000085600000, 0x0000000085600000, 0x0000000085700000|  0%| F|  |TAMS 0x0000000085600000, 0x0000000085600000| Untracked 
|  87|0x0000000085700000, 0x0000000085700000, 0x0000000085800000|  0%| F|  |TAMS 0x0000000085700000, 0x0000000085700000| Untracked 
|  88|0x0000000085800000, 0x0000000085800000, 0x0000000085900000|  0%| F|  |TAMS 0x0000000085800000, 0x0000000085800000| Untracked 
|  89|0x0000000085900000, 0x0000000085900000, 0x0000000085a00000|  0%| F|  |TAMS 0x0000000085900000, 0x0000000085900000| Untracked 
|  90|0x0000000085a00000, 0x0000000085a00000, 0x0000000085b00000|  0%| F|  |TAMS 0x0000000085a00000, 0x0000000085a00000| Untracked 
|  91|0x0000000085b00000, 0x0000000085b00000, 0x0000000085c00000|  0%| F|  |TAMS 0x0000000085b00000, 0x0000000085b00000| Untracked 
|  92|0x0000000085c00000, 0x0000000085c00000, 0x0000000085d00000|  0%| F|  |TAMS 0x0000000085c00000, 0x0000000085c00000| Untracked 
|  93|0x0000000085d00000, 0x0000000085d00000, 0x0000000085e00000|  0%| F|  |TAMS 0x0000000085d00000, 0x0000000085d00000| Untracked 
|  94|0x0000000085e00000, 0x0000000085e00000, 0x0000000085f00000|  0%| F|  |TAMS 0x0000000085e00000, 0x0000000085e00000| Untracked 
|  95|0x0000000085f00000, 0x0000000085f00000, 0x0000000086000000|  0%| F|  |TAMS 0x0000000085f00000, 0x0000000085f00000| Untracked 
|  96|0x0000000086000000, 0x0000000086000000, 0x0000000086100000|  0%| F|  |TAMS 0x0000000086000000, 0x0000000086000000| Untracked 
|  97|0x0000000086100000, 0x0000000086100000, 0x0000000086200000|  0%| F|  |TAMS 0x0000000086100000, 0x0000000086100000| Untracked 
|  98|0x0000000086200000, 0x0000000086200000, 0x0000000086300000|  0%| F|  |TAMS 0x0000000086200000, 0x0000000086200000| Untracked 
|  99|0x0000000086300000, 0x0000000086300000, 0x0000000086400000|  0%| F|  |TAMS 0x0000000086300000, 0x0000000086300000| Untracked 
| 100|0x0000000086400000, 0x0000000086400000, 0x0000000086500000|  0%| F|  |TAMS 0x0000000086400000, 0x0000000086400000| Untracked 
| 101|0x0000000086500000, 0x0000000086500000, 0x0000000086600000|  0%| F|  |TAMS 0x0000000086500000, 0x0000000086500000| Untracked 
| 102|0x0000000086600000, 0x0000000086600000, 0x0000000086700000|  0%| F|  |TAMS 0x0000000086600000, 0x0000000086600000| Untracked 
| 103|0x0000000086700000, 0x0000000086700000, 0x0000000086800000|  0%| F|  |TAMS 0x0000000086700000, 0x0000000086700000| Untracked 
| 104|0x0000000086800000, 0x0000000086800000, 0x0000000086900000|  0%| F|  |TAMS 0x0000000086800000, 0x0000000086800000| Untracked 
| 105|0x0000000086900000, 0x0000000086900000, 0x0000000086a00000|  0%| F|  |TAMS 0x0000000086900000, 0x0000000086900000| Untracked 
| 106|0x0000000086a00000, 0x0000000086a00000, 0x0000000086b00000|  0%| F|  |TAMS 0x0000000086a00000, 0x0000000086a00000| Untracked 
| 107|0x0000000086b00000, 0x0000000086b00000, 0x0000000086c00000|  0%| F|  |TAMS 0x0000000086b00000, 0x0000000086b00000| Untracked 
| 108|0x0000000086c00000, 0x0000000086c00000, 0x0000000086d00000|  0%| F|  |TAMS 0x0000000086c00000, 0x0000000086c00000| Untracked 
| 109|0x0000000086d00000, 0x0000000086d00000, 0x0000000086e00000|  0%| F|  |TAMS 0x0000000086d00000, 0x0000000086d00000| Untracked 
| 110|0x0000000086e00000, 0x0000000086e00000, 0x0000000086f00000|  0%| F|  |TAMS 0x0000000086e00000, 0x0000000086e00000| Untracked 
| 111|0x0000000086f00000, 0x0000000086f00000, 0x0000000087000000|  0%| F|  |TAMS 0x0000000086f00000, 0x0000000086f00000| Untracked 
| 112|0x0000000087000000, 0x0000000087000000, 0x0000000087100000|  0%| F|  |TAMS 0x0000000087000000, 0x0000000087000000| Untracked 
| 113|0x0000000087100000, 0x0000000087100000, 0x0000000087200000|  0%| F|  |TAMS 0x0000000087100000, 0x0000000087100000| Untracked 
| 114|0x0000000087200000, 0x0000000087200000, 0x0000000087300000|  0%| F|  |TAMS 0x0000000087200000, 0x0000000087200000| Untracked 
| 115|0x0000000087300000, 0x0000000087300000, 0x0000000087400000|  0%| F|  |TAMS 0x0000000087300000, 0x0000000087300000| Untracked 
| 116|0x0000000087400000, 0x0000000087400000, 0x0000000087500000|  0%| F|  |TAMS 0x0000000087400000, 0x0000000087400000| Untracked 
| 117|0x0000000087500000, 0x0000000087500000, 0x0000000087600000|  0%| F|  |TAMS 0x0000000087500000, 0x0000000087500000| Untracked 
| 118|0x0000000087600000, 0x0000000087600000, 0x0000000087700000|  0%| F|  |TAMS 0x0000000087600000, 0x0000000087600000| Untracked 
| 119|0x0000000087700000, 0x0000000087700000, 0x0000000087800000|  0%| F|  |TAMS 0x0000000087700000, 0x0000000087700000| Untracked 
| 120|0x0000000087800000, 0x0000000087800000, 0x0000000087900000|  0%| F|  |TAMS 0x0000000087800000, 0x0000000087800000| Untracked 
| 121|0x0000000087900000, 0x0000000087900000, 0x0000000087a00000|  0%| F|  |TAMS 0x0000000087900000, 0x0000000087900000| Untracked 
| 122|0x0000000087a00000, 0x0000000087a00000, 0x0000000087b00000|  0%| F|  |TAMS 0x0000000087a00000, 0x0000000087a00000| Untracked 
| 123|0x0000000087b00000, 0x0000000087b00000, 0x0000000087c00000|  0%| F|  |TAMS 0x0000000087b00000, 0x0000000087b00000| Untracked 

Card table byte_map: [0x000001e013490000,0x000001e013890000] _byte_map_base: 0x000001e013090000

Marking Bits (Prev, Next): (CMBitMap*) 0x000001e07d310dc0, (CMBitMap*) 0x000001e07d310d88
 Prev Bits: [0x000001e015c90000, 0x000001e017c90000)
 Next Bits: [0x000001e013c90000, 0x000001e015c90000)

Polling page: 0x000001e000000000

Metaspace:

Usage:
  Non-class:     22.42 MB capacity,    22.06 MB ( 98%) used,   311.55 KB (  1%) free+waste,    48.25 KB ( <1%) overhead. 
      Class:      3.50 MB capacity,     3.27 MB ( 94%) used,   206.25 KB (  6%) free+waste,    24.38 KB ( <1%) overhead. 
       Both:     25.92 MB capacity,    25.34 MB ( 98%) used,   517.80 KB (  2%) free+waste,    72.63 KB ( <1%) overhead. 

Virtual space:
  Non-class space:       24.00 MB reserved,      22.42 MB ( 93%) committed 
      Class space:        1.00 GB reserved,       3.57 MB ( <1%) committed 
             Both:        1.02 GB reserved,      26.00 MB (  2%) committed 

Chunk freelists:
   Non-Class:  6.00 KB
       Class:  0 bytes
        Both:  6.00 KB

MaxMetaspaceSize: 17179869184.00 GB
CompressedClassSpaceSize: 1.00 GB
Initial GC threshold: 20.80 MB
Current GC threshold: 35.20 MB
CDS: off

CodeHeap 'non-profiled nmethods': size=120064Kb used=1146Kb max_used=1146Kb free=118918Kb
 bounds [0x000001e00b520000, 0x000001e00b790000, 0x000001e012a60000]
CodeHeap 'profiled nmethods': size=120000Kb used=4739Kb max_used=4739Kb free=115260Kb
 bounds [0x000001e003ff0000, 0x000001e0044a0000, 0x000001e00b520000]
CodeHeap 'non-nmethods': size=5696Kb used=1218Kb max_used=1244Kb free=4477Kb
 bounds [0x000001e003a60000, 0x000001e003cd0000, 0x000001e003ff0000]
 total_blobs=2744 nmethods=2246 adapters=410
 compilation: enabled
              stopped_count=0, restarted_count=0
 full_count=0

Compilation events (20 events):
Event: 5.686 Thread 0x000001e01a31b000 2231       3       java.lang.ClassLoader::createOrGetClassLoaderValueMap (37 bytes)
Event: 5.687 Thread 0x000001e01a31b000 nmethod 2231 0x000001e004482690 code [0x000001e0044828a0, 0x000001e004482de8]
Event: 5.701 Thread 0x000001e01a31b000 2233       3       com.google.common.base.CharMatcher$IsEither::matches (22 bytes)
Event: 5.701 Thread 0x000001e01a31b000 nmethod 2233 0x000001e004483010 code [0x000001e0044831c0, 0x000001e004483358]
Event: 5.702 Thread 0x000001e01a31b000 2234       3       java.util.Collections$UnmodifiableCollection::size (10 bytes)
Event: 5.702 Thread 0x000001e01a31b000 nmethod 2234 0x000001e004483410 code [0x000001e0044835c0, 0x000001e004483788]
Event: 5.702 Thread 0x000001e01a31b000 2235       3       java.util.Collections$UnmodifiableList::get (11 bytes)
Event: 5.703 Thread 0x000001e01a31b000 nmethod 2235 0x000001e004483890 code [0x000001e004483a40, 0x000001e004483c08]
Event: 5.703 Thread 0x000001e01a31b000 2237       3       org.gradle.api.internal.file.pattern.PatternMatcherFactory::compile (117 bytes)
Event: 5.704 Thread 0x000001e01a31b000 nmethod 2237 0x000001e004483d10 code [0x000001e004483fc0, 0x000001e004484c58]
Event: 5.704 Thread 0x000001e01a31b000 2236       1       org.gradle.api.internal.file.pattern.EndOfPathMatcher::getMaxSegments (2 bytes)
Event: 5.704 Thread 0x000001e01a31b000 nmethod 2236 0x000001e00b63d710 code [0x000001e00b63d8c0, 0x000001e00b63d978]
Event: 5.709 Thread 0x000001e01a31b000 2238       3       jdk.internal.reflect.NativeMethodAccessorImpl::invoke (104 bytes)
Event: 5.712 Thread 0x000001e01a31b000 nmethod 2238 0x000001e004485010 code [0x000001e0044852c0, 0x000001e004486198]
Event: 5.714 Thread 0x000001e01a31b000 2240       3       java.util.concurrent.locks.ReentrantLock::<init> (16 bytes)
Event: 5.714 Thread 0x000001e01a31b000 nmethod 2240 0x000001e004486690 code [0x000001e004486880, 0x000001e004486c78]
Event: 5.743 Thread 0x000001e01a31b000 2241   !   3       java.util.concurrent.ConcurrentHashMap::putVal (432 bytes)
Event: 5.746 Thread 0x000001e01a31b000 nmethod 2241 0x000001e004486e10 code [0x000001e0044871a0, 0x000001e0044892d8]
Event: 5.747 Thread 0x000001e01a31b000 2242       3       java.lang.invoke.MemberName::<init> (131 bytes)
Event: 5.749 Thread 0x000001e01a31b000 nmethod 2242 0x000001e004489d90 code [0x000001e00448a0e0, 0x000001e00448b4d8]

GC Heap History (10 events):
Event: 0.838 GC heap before
{Heap before GC invocations=0 (full 0):
 garbage-first heap   total 126976K, used 17408K [0x0000000080000000, 0x0000000100000000)
  region size 1024K, 14 young (14336K), 0 survivors (0K)
 Metaspace       used 6737K, capacity 6929K, committed 7168K, reserved 1056768K
  class space    used 572K, capacity 650K, committed 768K, reserved 1048576K
}
Event: 0.845 GC heap after
{Heap after GC invocations=1 (full 0):
 garbage-first heap   total 126976K, used 4272K [0x0000000080000000, 0x0000000100000000)
  region size 1024K, 2 young (2048K), 2 survivors (2048K)
 Metaspace       used 6737K, capacity 6929K, committed 7168K, reserved 1056768K
  class space    used 572K, capacity 650K, committed 768K, reserved 1048576K
}
Event: 1.290 GC heap before
{Heap before GC invocations=1 (full 0):
 garbage-first heap   total 126976K, used 18608K [0x0000000080000000, 0x0000000100000000)
  region size 1024K, 13 young (13312K), 2 survivors (2048K)
 Metaspace       used 9903K, capacity 10122K, committed 10368K, reserved 1058816K
  class space    used 1011K, capacity 1102K, committed 1152K, reserved 1048576K
}
Event: 1.295 GC heap after
{Heap after GC invocations=2 (full 0):
 garbage-first heap   total 126976K, used 9601K [0x0000000080000000, 0x0000000100000000)
  region size 1024K, 2 young (2048K), 2 survivors (2048K)
 Metaspace       used 9903K, capacity 10122K, committed 10368K, reserved 1058816K
  class space    used 1011K, capacity 1102K, committed 1152K, reserved 1048576K
}
Event: 1.970 GC heap before
{Heap before GC invocations=2 (full 0):
 garbage-first heap   total 126976K, used 36225K [0x0000000080000000, 0x0000000100000000)
  region size 1024K, 28 young (28672K), 2 survivors (2048K)
 Metaspace       used 10862K, capacity 11077K, committed 11264K, reserved 1058816K
  class space    used 1112K, capacity 1207K, committed 1280K, reserved 1048576K
}
Event: 1.975 GC heap after
{Heap after GC invocations=3 (full 0):
 garbage-first heap   total 126976K, used 10547K [0x0000000080000000, 0x0000000100000000)
  region size 1024K, 3 young (3072K), 3 survivors (3072K)
 Metaspace       used 10862K, capacity 11077K, committed 11264K, reserved 1058816K
  class space    used 1112K, capacity 1207K, committed 1280K, reserved 1048576K
}
Event: 4.292 GC heap before
{Heap before GC invocations=3 (full 0):
 garbage-first heap   total 126976K, used 50483K [0x0000000080000000, 0x0000000100000000)
  region size 1024K, 42 young (43008K), 3 survivors (3072K)
 Metaspace       used 17052K, capacity 17395K, committed 17408K, reserved 1064960K
  class space    used 1940K, capacity 2035K, committed 2048K, reserved 1048576K
}
Event: 4.306 GC heap after
{Heap after GC invocations=4 (full 0):
 garbage-first heap   total 126976K, used 15973K [0x0000000080000000, 0x0000000100000000)
  region size 1024K, 6 young (6144K), 6 survivors (6144K)
 Metaspace       used 17052K, capacity 17395K, committed 17408K, reserved 1064960K
  class space    used 1940K, capacity 2035K, committed 2048K, reserved 1048576K
}
Event: 4.874 GC heap before
{Heap before GC invocations=4 (full 0):
 garbage-first heap   total 126976K, used 49765K [0x0000000080000000, 0x0000000100000000)
  region size 1024K, 41 young (41984K), 6 survivors (6144K)
 Metaspace       used 20763K, capacity 21189K, committed 21296K, reserved 1069056K
  class space    used 2521K, capacity 2684K, committed 2688K, reserved 1048576K
}
Event: 4.884 GC heap after
{Heap after GC invocations=5 (full 0):
 garbage-first heap   total 126976K, used 17617K [0x0000000080000000, 0x0000000100000000)
  region size 1024K, 2 young (2048K), 2 survivors (2048K)
 Metaspace       used 20763K, capacity 21189K, committed 21296K, reserved 1069056K
  class space    used 2521K, capacity 2684K, committed 2688K, reserved 1048576K
}

Deoptimization events (20 events):
Event: 4.832 Thread 0x000001e01cdbe000 Uncommon trap: trap_request=0xffffff4d fr.pc=0x000001e00b5988b4 relative=0x0000000000000474
Event: 4.832 Thread 0x000001e01cdbe000 Uncommon trap: reason=unstable_if action=reinterpret pc=0x000001e00b5988b4 method=java.lang.String.substring(I)Ljava/lang/String; @ 34 c2
Event: 4.833 Thread 0x000001e01cdbe000 DEOPT PACKING pc=0x000001e00b5988b4 sp=0x0000008a1a6fb670
Event: 4.833 Thread 0x000001e01cdbe000 DEOPT UNPACKING pc=0x000001e003aaa1af sp=0x0000008a1a6fb648 mode 2
Event: 5.018 Thread 0x000001e01cdbe000 Uncommon trap: trap_request=0xffffff4d fr.pc=0x000001e00b608918 relative=0x0000000000000398
Event: 5.018 Thread 0x000001e01cdbe000 Uncommon trap: reason=unstable_if action=reinterpret pc=0x000001e00b608918 method=jdk.internal.org.objectweb.asm.Type.getArgumentsAndReturnSizes(Ljava/lang/String;)I @ 88 c2
Event: 5.018 Thread 0x000001e01cdbe000 DEOPT PACKING pc=0x000001e00b608918 sp=0x0000008a1a6f9c40
Event: 5.018 Thread 0x000001e01cdbe000 DEOPT UNPACKING pc=0x000001e003aaa1af sp=0x0000008a1a6f9bc8 mode 2
Event: 5.302 Thread 0x000001e01cdbe000 Uncommon trap: trap_request=0xffffff4d fr.pc=0x000001e00b57297c relative=0x000000000000023c
Event: 5.303 Thread 0x000001e01cdbe000 Uncommon trap: reason=unstable_if action=reinterpret pc=0x000001e00b57297c method=java.util.concurrent.ConcurrentHashMap.get(Ljava/lang/Object;)Ljava/lang/Object; @ 76 c2
Event: 5.303 Thread 0x000001e01cdbe000 DEOPT PACKING pc=0x000001e00b57297c sp=0x0000008a1a6f8cc0
Event: 5.303 Thread 0x000001e01cdbe000 DEOPT UNPACKING pc=0x000001e003aaa1af sp=0x0000008a1a6f8c28 mode 2
Event: 5.696 Thread 0x000001e01cdbe000 Uncommon trap: trap_request=0xffffff7e fr.pc=0x000001e00b637310 relative=0x0000000000000150
Event: 5.696 Thread 0x000001e01cdbe000 Uncommon trap: reason=predicate action=maybe_recompile pc=0x000001e00b637310 method=com.google.common.base.CharMatcher.indexIn(Ljava/lang/CharSequence;I)I @ 19 c2
Event: 5.696 Thread 0x000001e01cdbe000 DEOPT PACKING pc=0x000001e00b637310 sp=0x0000008a1a6fb9c0
Event: 5.696 Thread 0x000001e01cdbe000 DEOPT UNPACKING pc=0x000001e003aaa1af sp=0x0000008a1a6fb950 mode 2
Event: 5.725 Thread 0x000001e01cdbe000 Uncommon trap: trap_request=0xffffff4d fr.pc=0x000001e00b5d36ac relative=0x00000000000013ec
Event: 5.725 Thread 0x000001e01cdbe000 Uncommon trap: reason=unstable_if action=reinterpret pc=0x000001e00b5d36ac method=java.util.concurrent.ConcurrentHashMap.putVal(Ljava/lang/Object;Ljava/lang/Object;Z)Ljava/lang/Object; @ 231 c2
Event: 5.725 Thread 0x000001e01cdbe000 DEOPT PACKING pc=0x000001e00b5d36ac sp=0x0000008a1a6fcc20
Event: 5.725 Thread 0x000001e01cdbe000 DEOPT UNPACKING pc=0x000001e003aaa1af sp=0x0000008a1a6fcba0 mode 2

Classes redefined (0 events):
No events

Internal exceptions (20 events):
Event: 3.303 Thread 0x000001e07d2cf800 Exception <a 'java/lang/NoSuchMethodError'{0x00000000858c6b20}: 'java.lang.Object java.lang.invoke.DirectMethodHandle$Holder.invokeStaticInit(java.lang.Object, java.lang.Object, int, int, int, int)'> (0x00000000858c6b20) thrown at [./src/hotspot/share/interpreter/linkResolver.cpp, line 773]
Event: 4.175 Thread 0x000001e07d2cf800 Exception <a 'java/io/IOException'{0x00000000856c0d80}> (0x00000000856c0d80) thrown at [./src/hotspot/share/prims/jni.cpp, line 616]
Event: 4.346 Thread 0x000001e01cdbe000 Exception <a 'java/lang/NoSuchMethodError'{0x0000000087a8bf78}: 'long java.lang.invoke.DirectMethodHandle$Holder.invokeInterface(java.lang.Object, java.lang.Object)'> (0x0000000087a8bf78) thrown at [./src/hotspot/share/interpreter/linkResolver.cpp, line 773]
Event: 4.347 Thread 0x000001e01cdbe000 Exception <a 'java/lang/NoSuchMethodError'{0x0000000087a99018}: 'void java.lang.invoke.DelegatingMethodHandle$Holder.reinvoke_L(java.lang.Object, java.lang.Object, java.lang.Object, java.lang.Object, java.lang.Object, java.lang.Object, java.lang.Object)'> (0x0000000087a99018) thrown at [./src/hotspot/share/interpreter/linkResolver.cpp, line 773]
Event: 4.714 Thread 0x000001e01cdbe000 Exception <a 'java/lang/NoSuchMethodError'{0x0000000085f34c50}: 'void java.lang.invoke.DirectMethodHandle$Holder.invokeStaticInit(java.lang.Object)'> (0x0000000085f34c50) thrown at [./src/hotspot/share/interpreter/linkResolver.cpp, line 773]
Event: 4.731 Thread 0x000001e01cdbe000 Exception <a 'java/lang/NoSuchMethodError'{0x0000000085fe15a8}: 'java.lang.Object java.lang.invoke.DirectMethodHandle$Holder.invokeStatic(java.lang.Object, java.lang.Object, java.lang.Object, int)'> (0x0000000085fe15a8) thrown at [./src/hotspot/share/interpreter/linkResolver.cpp, line 773]
Event: 4.731 Thread 0x000001e01cdbe000 Exception <a 'java/lang/NoSuchMethodError'{0x0000000085fe5cc0}: 'java.lang.Object java.lang.invoke.DirectMethodHandle$Holder.invokeSpecial(java.lang.Object, java.lang.Object, java.lang.Object, java.lang.Object, int)'> (0x0000000085fe5cc0) thrown at [./src/hotspot/share/interpreter/linkResolver.cpp, line 773]
Event: 4.731 Thread 0x000001e01cdbe000 Exception <a 'java/lang/NoSuchMethodError'{0x0000000085fe9bf8}: 'java.lang.Object java.lang.invoke.Invokers$Holder.linkToTargetMethod(java.lang.Object, java.lang.Object, int, java.lang.Object)'> (0x0000000085fe9bf8) thrown at [./src/hotspot/share/interpreter/linkResolver.cpp, line 773]
Event: 4.920 Thread 0x000001e01cdbe000 Exception <a 'java/lang/NoSuchMethodError'{0x0000000087bd7fb0}: 'int java.lang.invoke.DirectMethodHandle$Holder.invokeSpecialIFC(java.lang.Object, java.lang.Object, java.lang.Object, java.lang.Object)'> (0x0000000087bd7fb0) thrown at [./src/hotspot/share/interpreter/linkResolver.cpp, line 773]
Event: 4.922 Thread 0x000001e01cdbe000 Exception <a 'java/lang/NoSuchMethodError'{0x0000000087be5f68}: 'java.lang.Object java.lang.invoke.DirectMethodHandle$Holder.invokeInterface(java.lang.Object, java.lang.Object, java.lang.Object)'> (0x0000000087be5f68) thrown at [./src/hotspot/share/interpreter/linkResolver.cpp, line 773]
Event: 4.922 Thread 0x000001e01cdbe000 Exception <a 'java/lang/IncompatibleClassChangeError'{0x0000000087be9440}: Found class java.lang.Object, but interface was expected> (0x0000000087be9440) thrown at [./src/hotspot/share/interpreter/linkResolver.cpp, line 839]
Event: 5.082 Thread 0x000001e01cdbe000 Exception <a 'java/lang/NoSuchMethodError'{0x0000000087348d68}: 'void java.lang.invoke.DirectMethodHandle$Holder.invokeSpecial(java.lang.Object, java.lang.Object, java.lang.Object, java.lang.Object, java.lang.Object)'> (0x0000000087348d68) thrown at [./src/hotspot/share/interpreter/linkResolver.cpp, line 773]
Event: 5.123 Thread 0x000001e01cdbe000 Exception <a 'java/lang/NoSuchMethodError'{0x0000000087173760}: 'java.lang.Object java.lang.invoke.DirectMethodHandle$Holder.invokeSpecial(java.lang.Object, java.lang.Object, java.lang.Object, java.lang.Object, java.lang.Object, java.lang.Object, java.lang.Object, java.lang.Object, java.lang.Object)'> (0x0000000087173760) thrown at [./src/hotspot/share/interpreter/linkResolver.cpp, line 773]
Event: 5.227 Thread 0x000001e01cdbe000 Exception <a 'java/lang/NoSuchMethodError'{0x0000000086741a60}: 'java.lang.Object java.lang.invoke.DirectMethodHandle$Holder.invokeVirtual(java.lang.Object, java.lang.Object, java.lang.Object, java.lang.Object)'> (0x0000000086741a60) thrown at [./src/hotspot/share/interpreter/linkResolver.cpp, line 773]
Event: 5.352 Thread 0x000001e01cdbe000 Exception <a 'java/lang/NoSuchMethodError'{0x000000008618f4b8}: 'void java.lang.invoke.DirectMethodHandle$Holder.invokeSpecial(java.lang.Object, java.lang.Object, java.lang.Object, java.lang.Object, java.lang.Object, java.lang.Object)'> (0x000000008618f4b8) thrown at [./src/hotspot/share/interpreter/linkResolver.cpp, line 773]
Event: 5.368 Thread 0x000001e01cdbe000 Exception <a 'java/lang/NoSuchMethodError'{0x00000000861fe700}: 'void java.lang.invoke.DirectMethodHandle$Holder.invokeSpecial(java.lang.Object, java.lang.Object, java.lang.Object, java.lang.Object, java.lang.Object, java.lang.Object, java.lang.Object)'> (0x00000000861fe700) thrown at [./src/hotspot/share/interpreter/linkResolver.cpp, line 773]
Event: 5.369 Thread 0x000001e01cdbe000 Exception <a 'java/lang/NoSuchMethodError'{0x0000000086007110}: 'java.lang.Object java.lang.invoke.Invokers$Holder.linkToTargetMethod(java.lang.Object, java.lang.Object, java.lang.Object, java.lang.Object, java.lang.Object, java.lang.Object)'> (0x0000000086007110) thrown at [./src/hotspot/share/interpreter/linkResolver.cpp, line 773]
Event: 5.406 Thread 0x000001e01cdbe000 Exception <a 'java/lang/NoSuchMethodError'{0x0000000085fcf308}: 'java.lang.Object java.lang.invoke.DirectMethodHandle$Holder.invokeVirtual(java.lang.Object, java.lang.Object, java.lang.Object, java.lang.Object, java.lang.Object, java.lang.Object, java.lang.Object, java.lang.Object, java.lang.Object, java.lang.Object, java.lang.Object, java.lang.Object, java.lang.Object, java.lang.Object, java.lang.Object, java.lang.Object, java.lang.Object, java.lang.Object, java.lang.Object, java.lang.Object, java.lang.Ob
Event: 5.494 Thread 0x000001e01cdbe000 Exception <a 'java/lang/NoSuchMethodError'{0x00000000855cfee0}: 'int java.lang.invoke.DirectMethodHandle$Holder.invokeStaticInit(java.lang.Object, java.lang.Object, java.lang.Object)'> (0x00000000855cfee0) thrown at [./src/hotspot/share/interpreter/linkResolver.cpp, line 773]
Event: 5.601 Thread 0x000001e01cdbe000 Exception <a 'java/lang/NoSuchMethodError'{0x0000000085069538}: 'void java.lang.invoke.DirectMethodHandle$Holder.invokeStaticInit(java.lang.Object, java.lang.Object)'> (0x0000000085069538) thrown at [./src/hotspot/share/interpreter/linkResolver.cpp, line 773]

Events (20 events):
Event: 5.747 loading class org/gradle/internal/watch/registry/impl/HierarchicalFileWatcherUpdater$FileSystemLocationToWatchValidator
Event: 5.747 loading class org/gradle/internal/watch/registry/impl/HierarchicalFileWatcherUpdater$FileSystemLocationToWatchValidator done
Event: 5.748 loading class org/gradle/internal/snapshot/SnapshotHierarchy
Event: 5.748 loading class org/gradle/internal/snapshot/SnapshotHierarchy done
Event: 5.748 loading class net/rubygrapefruit/platform/internal/jni/WindowsFileEventFunctions$WindowsFileWatcher
Event: 5.748 loading class net/rubygrapefruit/platform/internal/jni/WindowsFileEventFunctions$WindowsFileWatcher done
Event: 5.748 loading class net/rubygrapefruit/platform/internal/jni/WindowsFileEventFunctions$WindowsFileWatcher
Event: 5.748 loading class net/rubygrapefruit/platform/internal/jni/WindowsFileEventFunctions$WindowsFileWatcher done
Event: 5.748 loading class org/gradle/internal/watch/registry/impl/AbstractFileWatcherUpdater$MovedDirectoryHandler
Event: 5.748 loading class org/gradle/internal/watch/registry/impl/AbstractFileWatcherUpdater$MovedDirectoryHandler done
Event: 5.749 loading class org/gradle/internal/watch/registry/impl/DefaultFileWatcherRegistry
Event: 5.749 loading class org/gradle/internal/watch/registry/impl/DefaultFileWatcherRegistry done
Event: 5.750 loading class java/io/InterruptedIOException
Event: 5.750 loading class java/io/InterruptedIOException done
Event: 5.750 loading class net/rubygrapefruit/platform/file/FileWatchEvent$Handler
Event: 5.750 loading class net/rubygrapefruit/platform/file/FileWatchEvent$Handler done
Event: 5.750 loading class org/gradle/internal/watch/registry/FileWatcherRegistry$FileWatchingStatistics
Event: 5.750 loading class org/gradle/internal/watch/registry/FileWatcherRegistry$FileWatchingStatistics done
Event: 5.751 loading class org/gradle/internal/watch/registry/impl/DefaultFileWatcherRegistry$MutableFileWatchingStatistics
Event: 5.751 loading class org/gradle/internal/watch/registry/impl/DefaultFileWatcherRegistry$MutableFileWatchingStatistics done


Dynamic libraries:
0x00007ff703640000 - 0x00007ff70364a000 	C:\Program Files\Android\Android Studio\jre\bin\java.exe
0x00007ffc5c550000 - 0x00007ffc5c748000 	C:\WINDOWS\SYSTEM32\ntdll.dll
0x00007ffc5b5c0000 - 0x00007ffc5b67f000 	C:\WINDOWS\System32\KERNEL32.DLL
0x00007ffc5a090000 - 0x00007ffc5a362000 	C:\WINDOWS\System32\KERNELBASE.dll
0x00007ffc5a430000 - 0x00007ffc5a530000 	C:\WINDOWS\System32\ucrtbase.dll
0x00007ffc521d0000 - 0x00007ffc521e7000 	C:\Program Files\Android\Android Studio\jre\bin\VCRUNTIME140.dll
0x00007ffc53db0000 - 0x00007ffc53dc9000 	C:\Program Files\Android\Android Studio\jre\bin\jli.dll
0x00007ffc5ab40000 - 0x00007ffc5acdd000 	C:\WINDOWS\System32\USER32.dll
0x00007ffc5a060000 - 0x00007ffc5a082000 	C:\WINDOWS\System32\win32u.dll
0x00007ffc47df0000 - 0x00007ffc4808a000 	C:\WINDOWS\WinSxS\amd64_microsoft.windows.common-controls_6595b64144ccf1df_6.0.19041.1110_none_60b5254171f9507e\COMCTL32.dll
0x00007ffc5b780000 - 0x00007ffc5b7ab000 	C:\WINDOWS\System32\GDI32.dll
0x00007ffc59c50000 - 0x00007ffc59d5f000 	C:\WINDOWS\System32\gdi32full.dll
0x00007ffc5a840000 - 0x00007ffc5a8de000 	C:\WINDOWS\System32\msvcrt.dll
0x00007ffc59fc0000 - 0x00007ffc5a05d000 	C:\WINDOWS\System32\msvcp_win.dll
0x00007ffc5b720000 - 0x00007ffc5b752000 	C:\WINDOWS\System32\IMM32.DLL
0x00007ffc249a0000 - 0x00007ffc24a3d000 	C:\Program Files\Android\Android Studio\jre\bin\msvcp140.dll
0x00007ffc14c90000 - 0x00007ffc15792000 	C:\Program Files\Android\Android Studio\jre\bin\server\jvm.dll
0x00007ffc5bb10000 - 0x00007ffc5bbbe000 	C:\WINDOWS\System32\ADVAPI32.dll
0x00007ffc5b680000 - 0x00007ffc5b71c000 	C:\WINDOWS\System32\sechost.dll
0x00007ffc5a8e0000 - 0x00007ffc5aa05000 	C:\WINDOWS\System32\RPCRT4.dll
0x00007ffc5c310000 - 0x00007ffc5c318000 	C:\WINDOWS\System32\PSAPI.DLL
0x00007ffc462f0000 - 0x00007ffc462f9000 	C:\WINDOWS\SYSTEM32\WSOCK32.dll
0x00007ffc5c320000 - 0x00007ffc5c38b000 	C:\WINDOWS\System32\WS2_32.dll
0x00007ffc582d0000 - 0x00007ffc582f7000 	C:\WINDOWS\SYSTEM32\WINMM.dll
0x00007ffc58300000 - 0x00007ffc5830a000 	C:\WINDOWS\SYSTEM32\VERSION.dll
0x00007ffc584d0000 - 0x00007ffc584e2000 	C:\WINDOWS\SYSTEM32\kernel.appcore.dll
0x00007ffc54110000 - 0x00007ffc54121000 	C:\Program Files\Android\Android Studio\jre\bin\verify.dll
0x00007ffc580e0000 - 0x00007ffc582c4000 	C:\WINDOWS\SYSTEM32\DBGHELP.DLL
0x00007ffc580b0000 - 0x00007ffc580dc000 	C:\WINDOWS\SYSTEM32\dbgcore.DLL
0x00007ffc5a370000 - 0x00007ffc5a3f2000 	C:\WINDOWS\System32\bcryptPrimitives.dll
0x00007ffc53d00000 - 0x00007ffc53d29000 	C:\Program Files\Android\Android Studio\jre\bin\java.dll
0x00007ffc53cf0000 - 0x00007ffc53cfb000 	C:\Program Files\Android\Android Studio\jre\bin\jimage.dll
0x00007ffc53cd0000 - 0x00007ffc53ce8000 	C:\Program Files\Android\Android Studio\jre\bin\zip.dll
0x00007ffc5bbc0000 - 0x00007ffc5c303000 	C:\WINDOWS\System32\SHELL32.dll
0x00007ffc57900000 - 0x00007ffc58092000 	C:\WINDOWS\SYSTEM32\windows.storage.dll
0x00007ffc5b7b0000 - 0x00007ffc5bb04000 	C:\WINDOWS\System32\combase.dll
0x00007ffc596b0000 - 0x00007ffc596e0000 	C:\WINDOWS\SYSTEM32\Wldp.dll
0x00007ffc5b480000 - 0x00007ffc5b52d000 	C:\WINDOWS\System32\SHCORE.dll
0x00007ffc5b150000 - 0x00007ffc5b1a5000 	C:\WINDOWS\System32\shlwapi.dll
0x00007ffc59b90000 - 0x00007ffc59baf000 	C:\WINDOWS\SYSTEM32\profapi.dll
0x00007ffc52f90000 - 0x00007ffc52faa000 	C:\Program Files\Android\Android Studio\jre\bin\net.dll
0x00007ffc48e80000 - 0x00007ffc48f8c000 	C:\WINDOWS\SYSTEM32\WINHTTP.dll
0x00007ffc59410000 - 0x00007ffc5947a000 	C:\WINDOWS\system32\mswsock.dll
0x00007ffc52640000 - 0x00007ffc52654000 	C:\Program Files\Android\Android Studio\jre\bin\nio.dll
0x00007ffc53df0000 - 0x00007ffc53e17000 	C:\Users\hp\.gradle\native\e1d6ef7f7dcc3fd88c89a11ec53ec762bb8ba0a96d01ffa2cd45eb1d1d8dd5c5\windows-amd64\native-platform.dll
0x00007ffc331b0000 - 0x00007ffc332f4000 	C:\Users\hp\.gradle\native\0d407fdbe67a94daf76414ababcb853783967236a71b16ec16e742cd7a986fd3\windows-amd64\native-platform-file-events.dll
0x00007ffc53ca0000 - 0x00007ffc53caa000 	C:\Program Files\Android\Android Studio\jre\bin\management.dll
0x00007ffc52630000 - 0x00007ffc5263d000 	C:\Program Files\Android\Android Studio\jre\bin\management_ext.dll
0x00007ffc59610000 - 0x00007ffc59628000 	C:\WINDOWS\SYSTEM32\CRYPTSP.dll
0x00007ffc58cc0000 - 0x00007ffc58cf4000 	C:\WINDOWS\system32\rsaenh.dll
0x00007ffc5a400000 - 0x00007ffc5a427000 	C:\WINDOWS\System32\bcrypt.dll
0x00007ffc59b50000 - 0x00007ffc59b7e000 	C:\WINDOWS\SYSTEM32\USERENV.dll
0x00007ffc59600000 - 0x00007ffc5960c000 	C:\WINDOWS\SYSTEM32\CRYPTBASE.dll
0x00007ffc590b0000 - 0x00007ffc590eb000 	C:\WINDOWS\SYSTEM32\IPHLPAPI.DLL
0x00007ffc5b360000 - 0x00007ffc5b368000 	C:\WINDOWS\System32\NSI.dll
0x00007ffc505f0000 - 0x00007ffc50607000 	C:\WINDOWS\SYSTEM32\dhcpcsvc6.DLL
0x00007ffc4fb60000 - 0x00007ffc4fb7d000 	C:\WINDOWS\SYSTEM32\dhcpcsvc.DLL
0x00007ffc59100000 - 0x00007ffc591ca000 	C:\WINDOWS\SYSTEM32\DNSAPI.dll

dbghelp: loaded successfully - version: 4.0.5 - missing functions: none
symbol engine: initialized successfully - sym options: 0x614 - pdb path: .;C:\Program Files\Android\Android Studio\jre\bin;C:\WINDOWS\SYSTEM32;C:\WINDOWS\WinSxS\amd64_microsoft.windows.common-controls_6595b64144ccf1df_6.0.19041.1110_none_60b5254171f9507e;C:\Program Files\Android\Android Studio\jre\bin\server;C:\Users\hp\.gradle\native\e1d6ef7f7dcc3fd88c89a11ec53ec762bb8ba0a96d01ffa2cd45eb1d1d8dd5c5\windows-amd64;C:\Users\hp\.gradle\native\0d407fdbe67a94daf76414ababcb853783967236a71b16ec16e742cd7a986fd3\windows-amd64

VM Arguments:
jvm_args: --add-opens=java.base/java.util=ALL-UNNAMED --add-opens=java.base/java.lang=ALL-UNNAMED --add-opens=java.base/java.lang.invoke=ALL-UNNAMED --add-opens=java.base/java.util=ALL-UNNAMED --add-opens=java.prefs/java.util.prefs=ALL-UNNAMED --add-opens=java.prefs/java.util.prefs=ALL-UNNAMED --add-opens=java.base/java.nio.charset=ALL-UNNAMED --add-opens=java.base/java.net=ALL-UNNAMED --add-opens=java.base/java.util.concurrent.atomic=ALL-UNNAMED -Xmx2048m -Dfile.encoding=UTF-8 -Duser.country=US -Duser.language=en -Duser.variant 
java_command: org.gradle.launcher.daemon.bootstrap.GradleDaemon 7.4
java_class_path (initial): C:\Users\hp\.gradle\wrapper\dists\gradle-7.4-bin\c0gwcg53nkjbqw7r0h0umtfvt\gradle-7.4\lib\gradle-launcher-7.4.jar
Launcher Type: SUN_STANDARD

[Global flags]
     intx CICompilerCount                          = 3                                         {product} {ergonomic}
     uint ConcGCThreads                            = 1                                         {product} {ergonomic}
     uint G1ConcRefinementThreads                  = 4                                         {product} {ergonomic}
   size_t G1HeapRegionSize                         = 1048576                                   {product} {ergonomic}
    uintx GCDrainStackTargetSize                   = 64                                        {product} {ergonomic}
   size_t InitialHeapSize                          = 130023424                                 {product} {ergonomic}
   size_t MarkStackSize                            = 4194304                                   {product} {ergonomic}
   size_t MaxHeapSize                              = 2147483648                                {product} {command line}
   size_t MaxNewSize                               = 1287651328                                {product} {ergonomic}
   size_t MinHeapDeltaBytes                        = 1048576                                   {product} {ergonomic}
    uintx NonNMethodCodeHeapSize                   = 5830732                                {pd product} {ergonomic}
    uintx NonProfiledCodeHeapSize                  = 122913754                              {pd product} {ergonomic}
    uintx ProfiledCodeHeapSize                     = 122913754                              {pd product} {ergonomic}
    uintx ReservedCodeCacheSize                    = 251658240                              {pd product} {ergonomic}
     bool SegmentedCodeCache                       = true                                      {product} {ergonomic}
     bool UseCompressedClassPointers               = true                                 {lp64_product} {ergonomic}
     bool UseCompressedOops                        = true                                 {lp64_product} {ergonomic}
     bool UseG1GC                                  = true                                      {product} {ergonomic}
     bool UseLargePagesIndividualAllocation        = false                                  {pd product} {ergonomic}

Logging:
Log output configuration:
 #0: stdout all=warning uptime,level,tags
 #1: stderr all=off uptime,level,tags

Environment Variables:
JAVA_HOME=C:\Program Files\OpenJDK\openjdk-11.0.16_8
PATH=C:\Program Files\Common Files\Oracle\Java\javapath;C:\WINDOWS\system32;C:\WINDOWS;C:\WINDOWS\System32\Wbem;C:\WINDOWS\System32\WindowsPowerShell\v1.0\;C:\WINDOWS\System32\OpenSSH\;C:\Program Files (x86)\Java\jre1.8.0_251\bin;C:\Program Files\Java\jdk-15.0.1\bin;C:\Program Files\swipl\bin;C:\Program Files\dotnet\;C:\Users\hp\Downloads\FLEX_BISON-20211126\win_flex_bison-latest\win_flex_bison-latest;C:\Program Files\Git\cmd;C:\ProgramData\chocolatey\bin;C:\Program Files\OpenJDK\openjdk-11.0.16_8\bin;C:\Program Files\MongoDB\Server\6.0\bin;C:\Program Files\nodejs\;C:\Program Files\MySQL\MySQL Shell 8.0\bin\;C:\Users\hp\AppData\Local\Programs\Python\Python310\Scripts\;C:\Users\hp\AppData\Local\Programs\Python\Python310\;C:\Users\hp\AppData\Local\Microsoft\WindowsApps;D:\Software\softwares\flutter\bin;D:\Software\softwares;C:\Users\hp\AppData\Local\Programs\Microsoft VS Code\bin;C:\MinGW\bin;C:\Program Files (x86)\OpenVPN\bin;C:\Users\hp\.dotnet\tools;C:\Users\hp\Downloads\FLEX_BISON-20211126\win_flex_bison-latest\win_flex_bison-latest;C:\Users\hp\AppData\Local\GitHubDesktop\bin;C:\Users\hp\AppData\Roaming\npm;C:\flutter_windows_3.3.5-stable\flutter\bin;
USERNAME=hp
OS=Windows_NT
PROCESSOR_IDENTIFIER=Intel64 Family 6 Model 78 Stepping 3, GenuineIntel



---------------  S Y S T E M  ---------------

OS: Windows 10 , 64 bit Build 19041 (10.0.19041.2251)
OS uptime: 1 days 12:52 hours

CPU:total 4 (initial active 4) (2 cores per cpu, 2 threads per core) family 6 model 78 stepping 3 microcode 0xcc, cmov, cx8, fxsr, mmx, sse, sse2, sse3, ssse3, sse4.1, sse4.2, popcnt, avx, avx2, aes, clmul, erms, rtm, 3dnowpref, lzcnt, ht, tsc, tscinvbit, bmi1, bmi2, adx, fma

Memory: 4k page, system-wide physical 7861M (1261M free)
TotalPageFile size 9909M (AvailPageFile size 5M)
current process WorkingSet (physical memory assigned to process): 181M, peak: 181M
current process commit charge ("private bytes"): 265M, peak: 290M

vm_info: OpenJDK 64-Bit Server VM (11.0.13+0-b1751.21-8125866) for windows-amd64 JRE (11.0.13+0-b1751.21-8125866), built on Feb  2 2022 03:00:22 by "builder" with MS VC++ 14.0 (VS2015)

END.
