#
# There is insufficient memory for the Java Runtime Environment to continue.
# Native memory allocation (malloc) failed to allocate 1872976 bytes for Chunk::new
# Possible reasons:
#   The system is out of physical RAM or swap space
#   The process is running with CompressedOops enabled, and the Java Heap may be blocking the growth of the native heap
# Possible solutions:
#   Reduce memory load on the system
#   Increase physical memory or swap space
#   Check if swap backing store is full
#   Decrease Java heap size (-Xmx/-Xms)
#   Decrease number of Java threads
#   Decrease Java thread stack sizes (-Xss)
#   Set larger code cache with -XX:ReservedCodeCacheSize=
#   JVM is running with Unscaled Compressed Oops mode in which the Java heap is
#     placed in the first 4GB address space. The Java Heap base address is the
#     maximum limit for the native heap growth. Please use -XX:HeapBaseMinAddress
#     to set the Java Heap base and to place the Java Heap above 4GB virtual address.
# This output file may be truncated or incomplete.
#
#  Out of Memory Error (./src/hotspot/share/memory/arena.cpp:197), pid=1268, tid=11984
#
# JRE version: OpenJDK Runtime Environment (11.0.13) (build 11.0.13+0-b1751.21-8125866)
# Java VM: OpenJDK 64-Bit Server VM (11.0.13+0-b1751.21-8125866, mixed mode, tiered, compressed oops, g1 gc, windows-amd64)
# No core dump will be written. Minidumps are not enabled by default on client versions of Windows
#

---------------  S U M M A R Y ------------

Command Line: org.jetbrains.kotlin.cli.jvm.K2JVMCompiler @C:\Users\hp\AndroidStudioProjects\splashscreen2\app\build\20230121_30655837537909933.compiler.options

Host: Intel(R) Core(TM) i5-6300U CPU @ 2.40GHz, 4 cores, 7G,  Windows 10 , 64 bit Build 19041 (10.0.19041.2251)
Time: Sat Jan 21 13:54:54 2023 Pakistan Standard Time elapsed time: 4.117742 seconds (0d 0h 0m 4s)

---------------  T H R E A D  ---------------

Current thread (0x0000023362c97000):  JavaThread "C2 CompilerThread0" daemon [_thread_in_native, id=11984, stack(0x000000f99ba00000,0x000000f99bb00000)]


Current CompileTask:
C2:   4117 2039   !   4       jdk.internal.loader.BuiltinClassLoader::loadClassOrNull (143 bytes)

Stack: [0x000000f99ba00000,0x000000f99bb00000]
Native frames: (J=compiled Java code, j=interpreted, Vv=VM code, C=native code)
V  [jvm.dll+0x6100fa]
V  [jvm.dll+0x747090]
V  [jvm.dll+0x7486ad]
V  [jvm.dll+0x748d83]
V  [jvm.dll+0x24ab48]
V  [jvm.dll+0xc04dc]
V  [jvm.dll+0xc0a0c]
V  [jvm.dll+0x35eb5b]
V  [jvm.dll+0x19d7bc]
V  [jvm.dll+0x2033be]
V  [jvm.dll+0x202437]
V  [jvm.dll+0x188e01]
V  [jvm.dll+0x21106b]
V  [jvm.dll+0x20f8c1]
V  [jvm.dll+0x70de0f]
V  [jvm.dll+0x706a75]
V  [jvm.dll+0x60ed66]
C  [ucrtbase.dll+0x21bb2]
C  [KERNEL32.DLL+0x174b4]
C  [ntdll.dll+0x526a1]


---------------  P R O C E S S  ---------------

Threads class SMR info:
_java_thread_list=0x0000023365258530, length=10, elements={
0x0000023348bab000, 0x0000023362c43000, 0x0000023362c68000, 0x0000023362c82000,
0x0000023362c84000, 0x0000023362c85000, 0x0000023362c97000, 0x0000023362c9e800,
0x0000023362ca8800, 0x0000023363746800
}

Java Threads: ( => current thread )
  0x0000023348bab000 JavaThread "main" [_thread_in_vm, id=8804, stack(0x000000f99ae00000,0x000000f99af00000)]
  0x0000023362c43000 JavaThread "Reference Handler" daemon [_thread_blocked, id=6576, stack(0x000000f99b500000,0x000000f99b600000)]
  0x0000023362c68000 JavaThread "Finalizer" daemon [_thread_blocked, id=2264, stack(0x000000f99b600000,0x000000f99b700000)]
  0x0000023362c82000 JavaThread "Signal Dispatcher" daemon [_thread_blocked, id=7348, stack(0x000000f99b700000,0x000000f99b800000)]
  0x0000023362c84000 JavaThread "Attach Listener" daemon [_thread_blocked, id=6892, stack(0x000000f99b800000,0x000000f99b900000)]
  0x0000023362c85000 JavaThread "Service Thread" daemon [_thread_blocked, id=12568, stack(0x000000f99b900000,0x000000f99ba00000)]
=>0x0000023362c97000 JavaThread "C2 CompilerThread0" daemon [_thread_in_native, id=11984, stack(0x000000f99ba00000,0x000000f99bb00000)]
  0x0000023362c9e800 JavaThread "C1 CompilerThread0" daemon [_thread_blocked, id=4320, stack(0x000000f99bb00000,0x000000f99bc00000)]
  0x0000023362ca8800 JavaThread "Sweeper thread" daemon [_thread_blocked, id=8424, stack(0x000000f99bc00000,0x000000f99bd00000)]
  0x0000023363746800 JavaThread "Common-Cleaner" daemon [_thread_blocked, id=10112, stack(0x000000f99be00000,0x000000f99bf00000)]

Other Threads:
  0x0000023362c3f800 VMThread "VM Thread" [stack: 0x000000f99b400000,0x000000f99b500000] [id=12916]
  0x000002336373c800 WatcherThread [stack: 0x000000f99bd00000,0x000000f99be00000] [id=13888]
  0x0000023348bc3800 GCTaskThread "GC Thread#0" [stack: 0x000000f99af00000,0x000000f99b000000] [id=8436]
  0x0000023363c12000 GCTaskThread "GC Thread#1" [stack: 0x000000f99c000000,0x000000f99c100000] [id=12552]
  0x0000023348bf3800 ConcurrentGCThread "G1 Main Marker" [stack: 0x000000f99b000000,0x000000f99b100000] [id=10584]
  0x0000023348bf5800 ConcurrentGCThread "G1 Conc#0" [stack: 0x000000f99b100000,0x000000f99b200000] [id=2524]
  0x0000023348c79000 ConcurrentGCThread "G1 Refine#0" [stack: 0x000000f99b200000,0x000000f99b300000] [id=8612]
  0x0000023348c7a000 ConcurrentGCThread "G1 Young RemSet Sampling" [stack: 0x000000f99b300000,0x000000f99b400000] [id=4172]

Threads with active compile tasks:
C2 CompilerThread0   4144 2039   !   4       jdk.internal.loader.BuiltinClassLoader::loadClassOrNull (143 bytes)

VM state:not at safepoint (normal execution)

VM Mutex/Monitor currently owned by a thread:  ([mutex/lock_event])
[0x0000023348b9ff20] MetaspaceExpand_lock - owner thread: 0x0000000000000000

Heap address: 0x0000000085200000, size: 1966 MB, Compressed Oops mode: 32-bit
Narrow klass base: 0x0000000000000000, Narrow klass shift: 3
Compressed class space size: 1073741824 Address: 0x0000000100000000

Heap:
 garbage-first heap   total 126976K, used 43933K [0x0000000085200000, 0x0000000100000000)
  region size 1024K, 36 young (36864K), 7 survivors (7168K)
 Metaspace       used 30173K, capacity 30610K, committed 30716K, reserved 1077248K
  class space    used 3566K, capacity 3756K, committed 3840K, reserved 1048576K
Heap Regions: E=young(eden), S=young(survivor), O=old, HS=humongous(starts), HC=humongous(continues), CS=collection set, F=free, A=archive, TAMS=top-at-mark-start (previous, next)
|   0|0x0000000085200000, 0x0000000085300000, 0x0000000085300000|100%|HS|  |TAMS 0x0000000085300000, 0x0000000085200000| Complete 
|   1|0x0000000085300000, 0x0000000085400000, 0x0000000085400000|100%|HC|  |TAMS 0x0000000085400000, 0x0000000085300000| Complete 
|   2|0x0000000085400000, 0x0000000085500000, 0x0000000085500000|100%|HC|  |TAMS 0x0000000085500000, 0x0000000085400000| Complete 
|   3|0x0000000085500000, 0x0000000085600000, 0x0000000085600000|100%|HC|  |TAMS 0x0000000085600000, 0x0000000085500000| Complete 
|   4|0x0000000085600000, 0x0000000085600000, 0x0000000085700000|  0%| F|  |TAMS 0x0000000085600000, 0x0000000085600000| Untracked 
|   5|0x0000000085700000, 0x0000000085721000, 0x0000000085800000| 12%| O|  |TAMS 0x0000000085721000, 0x0000000085700000| Untracked 
|   6|0x0000000085800000, 0x0000000085900000, 0x0000000085900000|100%|HS|  |TAMS 0x0000000085800000, 0x0000000085800000| Complete 
|   7|0x0000000085900000, 0x0000000085a00000, 0x0000000085a00000|100%|HC|  |TAMS 0x0000000085900000, 0x0000000085900000| Complete 
|   8|0x0000000085a00000, 0x0000000085b00000, 0x0000000085b00000|100%|HC|  |TAMS 0x0000000085a00000, 0x0000000085a00000| Complete 
|   9|0x0000000085b00000, 0x0000000085c00000, 0x0000000085c00000|100%|HC|  |TAMS 0x0000000085b00000, 0x0000000085b00000| Complete 
|  10|0x0000000085c00000, 0x0000000085c00000, 0x0000000085d00000|  0%| F|  |TAMS 0x0000000085c00000, 0x0000000085c00000| Untracked 
|  11|0x0000000085d00000, 0x0000000085d00000, 0x0000000085e00000|  0%| F|  |TAMS 0x0000000085d00000, 0x0000000085d00000| Untracked 
|  12|0x0000000085e00000, 0x0000000085e00000, 0x0000000085f00000|  0%| F|  |TAMS 0x0000000085e00000, 0x0000000085e00000| Untracked 
|  13|0x0000000085f00000, 0x0000000085f00000, 0x0000000086000000|  0%| F|  |TAMS 0x0000000085f00000, 0x0000000085f00000| Untracked 
|  14|0x0000000086000000, 0x0000000086000000, 0x0000000086100000|  0%| F|  |TAMS 0x0000000086000000, 0x0000000086000000| Untracked 
|  15|0x0000000086100000, 0x0000000086100000, 0x0000000086200000|  0%| F|  |TAMS 0x0000000086100000, 0x0000000086100000| Untracked 
|  16|0x0000000086200000, 0x0000000086200000, 0x0000000086300000|  0%| F|  |TAMS 0x0000000086200000, 0x0000000086200000| Untracked 
|  17|0x0000000086300000, 0x0000000086300000, 0x0000000086400000|  0%| F|  |TAMS 0x0000000086300000, 0x0000000086300000| Untracked 
|  18|0x0000000086400000, 0x0000000086400000, 0x0000000086500000|  0%| F|  |TAMS 0x0000000086400000, 0x0000000086400000| Untracked 
|  19|0x0000000086500000, 0x0000000086500000, 0x0000000086600000|  0%| F|  |TAMS 0x0000000086500000, 0x0000000086500000| Untracked 
|  20|0x0000000086600000, 0x0000000086600000, 0x0000000086700000|  0%| F|  |TAMS 0x0000000086600000, 0x0000000086600000| Untracked 
|  21|0x0000000086700000, 0x0000000086700000, 0x0000000086800000|  0%| F|  |TAMS 0x0000000086700000, 0x0000000086700000| Untracked 
|  22|0x0000000086800000, 0x0000000086800000, 0x0000000086900000|  0%| F|  |TAMS 0x0000000086800000, 0x0000000086800000| Untracked 
|  23|0x0000000086900000, 0x0000000086900000, 0x0000000086a00000|  0%| F|  |TAMS 0x0000000086900000, 0x0000000086900000| Untracked 
|  24|0x0000000086a00000, 0x0000000086a00000, 0x0000000086b00000|  0%| F|  |TAMS 0x0000000086a00000, 0x0000000086a00000| Untracked 
|  25|0x0000000086b00000, 0x0000000086b00000, 0x0000000086c00000|  0%| F|  |TAMS 0x0000000086b00000, 0x0000000086b00000| Untracked 
|  26|0x0000000086c00000, 0x0000000086c00000, 0x0000000086d00000|  0%| F|  |TAMS 0x0000000086c00000, 0x0000000086c00000| Untracked 
|  27|0x0000000086d00000, 0x0000000086d00000, 0x0000000086e00000|  0%| F|  |TAMS 0x0000000086d00000, 0x0000000086d00000| Untracked 
|  28|0x0000000086e00000, 0x0000000086e00000, 0x0000000086f00000|  0%| F|  |TAMS 0x0000000086e00000, 0x0000000086e00000| Untracked 
|  29|0x0000000086f00000, 0x0000000086f00000, 0x0000000087000000|  0%| F|  |TAMS 0x0000000086f00000, 0x0000000086f00000| Untracked 
|  30|0x0000000087000000, 0x0000000087000000, 0x0000000087100000|  0%| F|  |TAMS 0x0000000087000000, 0x0000000087000000| Untracked 
|  31|0x0000000087100000, 0x0000000087100000, 0x0000000087200000|  0%| F|  |TAMS 0x0000000087100000, 0x0000000087100000| Untracked 
|  32|0x0000000087200000, 0x0000000087200000, 0x0000000087300000|  0%| F|  |TAMS 0x0000000087200000, 0x0000000087200000| Untracked 
|  33|0x0000000087300000, 0x0000000087300000, 0x0000000087400000|  0%| F|  |TAMS 0x0000000087300000, 0x0000000087300000| Untracked 
|  34|0x0000000087400000, 0x0000000087400000, 0x0000000087500000|  0%| F|  |TAMS 0x0000000087400000, 0x0000000087400000| Untracked 
|  35|0x0000000087500000, 0x0000000087500000, 0x0000000087600000|  0%| F|  |TAMS 0x0000000087500000, 0x0000000087500000| Untracked 
|  36|0x0000000087600000, 0x0000000087600000, 0x0000000087700000|  0%| F|  |TAMS 0x0000000087600000, 0x0000000087600000| Untracked 
|  37|0x0000000087700000, 0x0000000087700000, 0x0000000087800000|  0%| F|  |TAMS 0x0000000087700000, 0x0000000087700000| Untracked 
|  38|0x0000000087800000, 0x0000000087800000, 0x0000000087900000|  0%| F|  |TAMS 0x0000000087800000, 0x0000000087800000| Untracked 
|  39|0x0000000087900000, 0x0000000087900000, 0x0000000087a00000|  0%| F|  |TAMS 0x0000000087900000, 0x0000000087900000| Untracked 
|  40|0x0000000087a00000, 0x0000000087a00000, 0x0000000087b00000|  0%| F|  |TAMS 0x0000000087a00000, 0x0000000087a00000| Untracked 
|  41|0x0000000087b00000, 0x0000000087b00000, 0x0000000087c00000|  0%| F|  |TAMS 0x0000000087b00000, 0x0000000087b00000| Untracked 
|  42|0x0000000087c00000, 0x0000000087c00000, 0x0000000087d00000|  0%| F|  |TAMS 0x0000000087c00000, 0x0000000087c00000| Untracked 
|  43|0x0000000087d00000, 0x0000000087d00000, 0x0000000087e00000|  0%| F|  |TAMS 0x0000000087d00000, 0x0000000087d00000| Untracked 
|  44|0x0000000087e00000, 0x0000000087e00000, 0x0000000087f00000|  0%| F|  |TAMS 0x0000000087e00000, 0x0000000087e00000| Untracked 
|  45|0x0000000087f00000, 0x0000000087f00000, 0x0000000088000000|  0%| F|  |TAMS 0x0000000087f00000, 0x0000000087f00000| Untracked 
|  46|0x0000000088000000, 0x0000000088000000, 0x0000000088100000|  0%| F|  |TAMS 0x0000000088000000, 0x0000000088000000| Untracked 
|  47|0x0000000088100000, 0x0000000088100000, 0x0000000088200000|  0%| F|  |TAMS 0x0000000088100000, 0x0000000088100000| Untracked 
|  48|0x0000000088200000, 0x0000000088200000, 0x0000000088300000|  0%| F|  |TAMS 0x0000000088200000, 0x0000000088200000| Untracked 
|  49|0x0000000088300000, 0x0000000088300000, 0x0000000088400000|  0%| F|  |TAMS 0x0000000088300000, 0x0000000088300000| Untracked 
|  50|0x0000000088400000, 0x0000000088400000, 0x0000000088500000|  0%| F|  |TAMS 0x0000000088400000, 0x0000000088400000| Untracked 
|  51|0x0000000088500000, 0x0000000088500000, 0x0000000088600000|  0%| F|  |TAMS 0x0000000088500000, 0x0000000088500000| Untracked 
|  52|0x0000000088600000, 0x0000000088600000, 0x0000000088700000|  0%| F|  |TAMS 0x0000000088600000, 0x0000000088600000| Untracked 
|  53|0x0000000088700000, 0x0000000088700000, 0x0000000088800000|  0%| F|  |TAMS 0x0000000088700000, 0x0000000088700000| Untracked 
|  54|0x0000000088800000, 0x0000000088800000, 0x0000000088900000|  0%| F|  |TAMS 0x0000000088800000, 0x0000000088800000| Untracked 
|  55|0x0000000088900000, 0x0000000088900000, 0x0000000088a00000|  0%| F|  |TAMS 0x0000000088900000, 0x0000000088900000| Untracked 
|  56|0x0000000088a00000, 0x0000000088a00000, 0x0000000088b00000|  0%| F|  |TAMS 0x0000000088a00000, 0x0000000088a00000| Untracked 
|  57|0x0000000088b00000, 0x0000000088b00000, 0x0000000088c00000|  0%| F|  |TAMS 0x0000000088b00000, 0x0000000088b00000| Untracked 
|  58|0x0000000088c00000, 0x0000000088c00000, 0x0000000088d00000|  0%| F|  |TAMS 0x0000000088c00000, 0x0000000088c00000| Untracked 
|  59|0x0000000088d00000, 0x0000000088d00000, 0x0000000088e00000|  0%| F|  |TAMS 0x0000000088d00000, 0x0000000088d00000| Untracked 
|  60|0x0000000088e00000, 0x0000000088e00000, 0x0000000088f00000|  0%| F|  |TAMS 0x0000000088e00000, 0x0000000088e00000| Untracked 
|  61|0x0000000088f00000, 0x0000000088f00000, 0x0000000089000000|  0%| F|  |TAMS 0x0000000088f00000, 0x0000000088f00000| Untracked 
|  62|0x0000000089000000, 0x0000000089000000, 0x0000000089100000|  0%| F|  |TAMS 0x0000000089000000, 0x0000000089000000| Untracked 
|  63|0x0000000089100000, 0x0000000089100000, 0x0000000089200000|  0%| F|  |TAMS 0x0000000089100000, 0x0000000089100000| Untracked 
|  64|0x0000000089200000, 0x0000000089200000, 0x0000000089300000|  0%| F|  |TAMS 0x0000000089200000, 0x0000000089200000| Untracked 
|  65|0x0000000089300000, 0x0000000089300000, 0x0000000089400000|  0%| F|  |TAMS 0x0000000089300000, 0x0000000089300000| Untracked 
|  66|0x0000000089400000, 0x0000000089400000, 0x0000000089500000|  0%| F|  |TAMS 0x0000000089400000, 0x0000000089400000| Untracked 
|  67|0x0000000089500000, 0x00000000895c6418, 0x0000000089600000| 77%| S|CS|TAMS 0x0000000089500000, 0x0000000089500000| Complete 
|  68|0x0000000089600000, 0x0000000089700000, 0x0000000089700000|100%| S|CS|TAMS 0x0000000089600000, 0x0000000089600000| Complete 
|  69|0x0000000089700000, 0x0000000089800000, 0x0000000089800000|100%| S|CS|TAMS 0x0000000089700000, 0x0000000089700000| Complete 
|  70|0x0000000089800000, 0x0000000089900000, 0x0000000089900000|100%| S|CS|TAMS 0x0000000089800000, 0x0000000089800000| Complete 
|  71|0x0000000089900000, 0x0000000089a00000, 0x0000000089a00000|100%| S|CS|TAMS 0x0000000089900000, 0x0000000089900000| Complete 
|  72|0x0000000089a00000, 0x0000000089b00000, 0x0000000089b00000|100%| S|CS|TAMS 0x0000000089a00000, 0x0000000089a00000| Complete 
|  73|0x0000000089b00000, 0x0000000089c00000, 0x0000000089c00000|100%| S|CS|TAMS 0x0000000089b00000, 0x0000000089b00000| Complete 
|  74|0x0000000089c00000, 0x0000000089c00000, 0x0000000089d00000|  0%| F|  |TAMS 0x0000000089c00000, 0x0000000089c00000| Untracked 
|  75|0x0000000089d00000, 0x0000000089d00000, 0x0000000089e00000|  0%| F|  |TAMS 0x0000000089d00000, 0x0000000089d00000| Untracked 
|  76|0x0000000089e00000, 0x0000000089e00000, 0x0000000089f00000|  0%| F|  |TAMS 0x0000000089e00000, 0x0000000089e00000| Untracked 
|  77|0x0000000089f00000, 0x0000000089f00000, 0x000000008a000000|  0%| F|  |TAMS 0x0000000089f00000, 0x0000000089f00000| Untracked 
|  78|0x000000008a000000, 0x000000008a000000, 0x000000008a100000|  0%| F|  |TAMS 0x000000008a000000, 0x000000008a000000| Untracked 
|  79|0x000000008a100000, 0x000000008a100000, 0x000000008a200000|  0%| F|  |TAMS 0x000000008a100000, 0x000000008a100000| Untracked 
|  80|0x000000008a200000, 0x000000008a200000, 0x000000008a300000|  0%| F|  |TAMS 0x000000008a200000, 0x000000008a200000| Untracked 
|  81|0x000000008a300000, 0x000000008a300000, 0x000000008a400000|  0%| F|  |TAMS 0x000000008a300000, 0x000000008a300000| Untracked 
|  82|0x000000008a400000, 0x000000008a400000, 0x000000008a500000|  0%| F|  |TAMS 0x000000008a400000, 0x000000008a400000| Untracked 
|  83|0x000000008a500000, 0x000000008a500000, 0x000000008a600000|  0%| F|  |TAMS 0x000000008a500000, 0x000000008a500000| Untracked 
|  84|0x000000008a600000, 0x000000008a600000, 0x000000008a700000|  0%| F|  |TAMS 0x000000008a600000, 0x000000008a600000| Untracked 
|  85|0x000000008a700000, 0x000000008a700000, 0x000000008a800000|  0%| F|  |TAMS 0x000000008a700000, 0x000000008a700000| Untracked 
|  86|0x000000008a800000, 0x000000008a800000, 0x000000008a900000|  0%| F|  |TAMS 0x000000008a800000, 0x000000008a800000| Untracked 
|  87|0x000000008a900000, 0x000000008a900000, 0x000000008aa00000|  0%| F|  |TAMS 0x000000008a900000, 0x000000008a900000| Untracked 
|  88|0x000000008aa00000, 0x000000008aa00000, 0x000000008ab00000|  0%| F|  |TAMS 0x000000008aa00000, 0x000000008aa00000| Untracked 
|  89|0x000000008ab00000, 0x000000008ab00000, 0x000000008ac00000|  0%| F|  |TAMS 0x000000008ab00000, 0x000000008ab00000| Untracked 
|  90|0x000000008ac00000, 0x000000008ac00000, 0x000000008ad00000|  0%| F|  |TAMS 0x000000008ac00000, 0x000000008ac00000| Untracked 
|  91|0x000000008ad00000, 0x000000008ad00000, 0x000000008ae00000|  0%| F|  |TAMS 0x000000008ad00000, 0x000000008ad00000| Untracked 
|  92|0x000000008ae00000, 0x000000008ae00000, 0x000000008af00000|  0%| F|  |TAMS 0x000000008ae00000, 0x000000008ae00000| Untracked 
|  93|0x000000008af00000, 0x000000008af00000, 0x000000008b000000|  0%| F|  |TAMS 0x000000008af00000, 0x000000008af00000| Untracked 
|  94|0x000000008b000000, 0x000000008b080c98, 0x000000008b100000| 50%| E|  |TAMS 0x000000008b000000, 0x000000008b000000| Complete 
|  95|0x000000008b100000, 0x000000008b200000, 0x000000008b200000|100%| E|CS|TAMS 0x000000008b100000, 0x000000008b100000| Complete 
|  96|0x000000008b200000, 0x000000008b300000, 0x000000008b300000|100%| E|CS|TAMS 0x000000008b200000, 0x000000008b200000| Complete 
|  97|0x000000008b300000, 0x000000008b400000, 0x000000008b400000|100%| E|CS|TAMS 0x000000008b300000, 0x000000008b300000| Complete 
|  98|0x000000008b400000, 0x000000008b500000, 0x000000008b500000|100%| E|CS|TAMS 0x000000008b400000, 0x000000008b400000| Complete 
|  99|0x000000008b500000, 0x000000008b600000, 0x000000008b600000|100%| E|CS|TAMS 0x000000008b500000, 0x000000008b500000| Complete 
| 100|0x000000008b600000, 0x000000008b700000, 0x000000008b700000|100%| E|CS|TAMS 0x000000008b600000, 0x000000008b600000| Complete 
| 101|0x000000008b700000, 0x000000008b800000, 0x000000008b800000|100%| E|CS|TAMS 0x000000008b700000, 0x000000008b700000| Complete 
| 102|0x000000008b800000, 0x000000008b900000, 0x000000008b900000|100%| E|CS|TAMS 0x000000008b800000, 0x000000008b800000| Complete 
| 103|0x000000008b900000, 0x000000008ba00000, 0x000000008ba00000|100%| E|CS|TAMS 0x000000008b900000, 0x000000008b900000| Complete 
| 104|0x000000008ba00000, 0x000000008bb00000, 0x000000008bb00000|100%| E|CS|TAMS 0x000000008ba00000, 0x000000008ba00000| Complete 
| 105|0x000000008bb00000, 0x000000008bc00000, 0x000000008bc00000|100%| E|CS|TAMS 0x000000008bb00000, 0x000000008bb00000| Complete 
| 106|0x000000008bc00000, 0x000000008bd00000, 0x000000008bd00000|100%| E|CS|TAMS 0x000000008bc00000, 0x000000008bc00000| Complete 
| 107|0x000000008bd00000, 0x000000008be00000, 0x000000008be00000|100%| E|CS|TAMS 0x000000008bd00000, 0x000000008bd00000| Complete 
| 108|0x000000008be00000, 0x000000008bf00000, 0x000000008bf00000|100%| E|CS|TAMS 0x000000008be00000, 0x000000008be00000| Complete 
| 109|0x000000008bf00000, 0x000000008c000000, 0x000000008c000000|100%| E|CS|TAMS 0x000000008bf00000, 0x000000008bf00000| Complete 
| 110|0x000000008c000000, 0x000000008c100000, 0x000000008c100000|100%| E|CS|TAMS 0x000000008c000000, 0x000000008c000000| Complete 
| 111|0x000000008c100000, 0x000000008c200000, 0x000000008c200000|100%| E|CS|TAMS 0x000000008c100000, 0x000000008c100000| Complete 
| 112|0x000000008c200000, 0x000000008c300000, 0x000000008c300000|100%| E|CS|TAMS 0x000000008c200000, 0x000000008c200000| Complete 
| 113|0x000000008c300000, 0x000000008c400000, 0x000000008c400000|100%| E|CS|TAMS 0x000000008c300000, 0x000000008c300000| Complete 
| 114|0x000000008c400000, 0x000000008c500000, 0x000000008c500000|100%| E|CS|TAMS 0x000000008c400000, 0x000000008c400000| Complete 
| 115|0x000000008c500000, 0x000000008c600000, 0x000000008c600000|100%| E|CS|TAMS 0x000000008c500000, 0x000000008c500000| Complete 
| 116|0x000000008c600000, 0x000000008c700000, 0x000000008c700000|100%| E|CS|TAMS 0x000000008c600000, 0x000000008c600000| Complete 
| 117|0x000000008c700000, 0x000000008c800000, 0x000000008c800000|100%| E|CS|TAMS 0x000000008c700000, 0x000000008c700000| Complete 
| 118|0x000000008c800000, 0x000000008c900000, 0x000000008c900000|100%| E|CS|TAMS 0x000000008c800000, 0x000000008c800000| Complete 
| 119|0x000000008c900000, 0x000000008ca00000, 0x000000008ca00000|100%| E|CS|TAMS 0x000000008c900000, 0x000000008c900000| Complete 
| 120|0x000000008ca00000, 0x000000008cb00000, 0x000000008cb00000|100%| E|CS|TAMS 0x000000008ca00000, 0x000000008ca00000| Complete 
| 121|0x000000008cb00000, 0x000000008cc00000, 0x000000008cc00000|100%| E|CS|TAMS 0x000000008cb00000, 0x000000008cb00000| Complete 
| 122|0x000000008cc00000, 0x000000008cd00000, 0x000000008cd00000|100%| E|CS|TAMS 0x000000008cc00000, 0x000000008cc00000| Complete 
| 123|0x000000008cd00000, 0x000000008ce00000, 0x000000008ce00000|100%| E|CS|TAMS 0x000000008cd00000, 0x000000008cd00000| Complete 

Card table byte_map: [0x000002335c0d0000,0x000002335c4b0000] _byte_map_base: 0x000002335bca7000

Marking Bits (Prev, Next): (CMBitMap*) 0x0000023348beacb0, (CMBitMap*) 0x0000023348beac78
 Prev Bits: [0x000002335e750000, 0x0000023360608000)
 Next Bits: [0x000002335c890000, 0x000002335e748000)

Polling page: 0x00000233471d0000

Metaspace:

Usage:
  Non-class:     26.22 MB capacity,    26.01 MB (>99%) used,   173.15 KB ( <1%) free+waste,    45.81 KB ( <1%) overhead. 
      Class:      3.67 MB capacity,     3.50 MB ( 95%) used,   151.95 KB (  4%) free+waste,    22.13 KB ( <1%) overhead. 
       Both:     29.89 MB capacity,    29.51 MB ( 99%) used,   325.10 KB (  1%) free+waste,    67.94 KB ( <1%) overhead. 

Virtual space:
  Non-class space:       28.00 MB reserved,      26.25 MB ( 94%) committed 
      Class space:        1.00 GB reserved,       3.75 MB ( <1%) committed 
             Both:        1.03 GB reserved,      30.00 MB (  3%) committed 

Chunk freelists:
   Non-Class:  22.00 KB
       Class:  20.00 KB
        Both:  42.00 KB

MaxMetaspaceSize: 17179869184.00 GB
CompressedClassSpaceSize: 1.00 GB
Initial GC threshold: 20.80 MB
Current GC threshold: 35.20 MB
CDS: off

CodeHeap 'non-profiled nmethods': size=120064Kb used=739Kb max_used=739Kb free=119325Kb
 bounds [0x0000023354190000, 0x0000023354400000, 0x000002335b6d0000]
CodeHeap 'profiled nmethods': size=120000Kb used=4233Kb max_used=4233Kb free=115766Kb
 bounds [0x000002334cc60000, 0x000002334d090000, 0x0000023354190000]
CodeHeap 'non-nmethods': size=5696Kb used=1237Kb max_used=1247Kb free=4459Kb
 bounds [0x000002334c6d0000, 0x000002334c940000, 0x000002334cc60000]
 total_blobs=2630 nmethods=2114 adapters=428
 compilation: enabled
              stopped_count=0, restarted_count=0
 full_count=0

Compilation events (20 events):
Event: 3.991 Thread 0x0000023362c9e800 2102       3       java.lang.AbstractStringBuilder::append (55 bytes)
Event: 3.992 Thread 0x0000023362c9e800 nmethod 2102 0x000002334d078510 code [0x000002334d078700, 0x000002334d078a38]
Event: 3.992 Thread 0x0000023362c9e800 2101       3       java.lang.invoke.ConstantCallSite::getTarget (20 bytes)
Event: 3.992 Thread 0x0000023362c9e800 nmethod 2101 0x000002334d078b90 code [0x000002334d078d60, 0x000002334d078f68]
Event: 3.996 Thread 0x0000023362c9e800 2103       3       java.io.WinNTFileSystem::prefixLength (91 bytes)
Event: 3.998 Thread 0x0000023362c9e800 nmethod 2103 0x000002334d079090 code [0x000002334d0793a0, 0x000002334d07a698]
Event: 4.014 Thread 0x0000023362c9e800 2104       3       java.lang.reflect.Modifier::isVolatile (13 bytes)
Event: 4.015 Thread 0x0000023362c9e800 nmethod 2104 0x000002334d07ad10 code [0x000002334d07aec0, 0x000002334d07aff8]
Event: 4.015 Thread 0x0000023362c9e800 2105       3       sun.invoke.util.VerifyAccess::isMemberAccessible (313 bytes)
Event: 4.019 Thread 0x0000023362c9e800 nmethod 2105 0x000002334d07b090 code [0x000002334d07b560, 0x000002334d07d708]
Event: 4.019 Thread 0x0000023362c9e800 2106       3       jdk.internal.org.objectweb.asm.MethodWriter::noSuccessor (95 bytes)
Event: 4.020 Thread 0x0000023362c9e800 nmethod 2106 0x000002334d07e190 code [0x000002334d07e3a0, 0x000002334d07e9a8]
Event: 4.020 Thread 0x0000023362c9e800 2107       3       java.lang.invoke.MethodHandleNatives::canBeCalledVirtual (93 bytes)
Event: 4.021 Thread 0x0000023362c9e800 nmethod 2107 0x000002334d07eb90 code [0x000002334d07eda0, 0x000002334d07f318]
Event: 4.040 Thread 0x0000023362c9e800 2109       3       jdk.internal.org.objectweb.asm.MethodWriter::visitLabel (321 bytes)
Event: 4.042 Thread 0x0000023362c9e800 nmethod 2109 0x000002334d07f510 code [0x000002334d07f760, 0x000002334d0803a8]
Event: 4.090 Thread 0x0000023362c9e800 2110       3       java.lang.reflect.Executable::<init> (5 bytes)
Event: 4.090 Thread 0x0000023362c9e800 nmethod 2110 0x000002334d080690 code [0x000002334d080840, 0x000002334d0809f8]
Event: 4.099 Thread 0x0000023362c9e800 2111       1       java.lang.reflect.Constructor::getSharedParameterTypes (5 bytes)
Event: 4.099 Thread 0x0000023362c9e800 nmethod 2111 0x0000023354248910 code [0x0000023354248ac0, 0x0000023354248b78]

GC Heap History (4 events):
Event: 1.032 GC heap before
{Heap before GC invocations=0 (full 0):
 garbage-first heap   total 126976K, used 18432K [0x0000000085200000, 0x0000000100000000)
  region size 1024K, 14 young (14336K), 0 survivors (0K)
 Metaspace       used 9878K, capacity 9970K, committed 10112K, reserved 1058816K
  class space    used 825K, capacity 853K, committed 896K, reserved 1048576K
}
Event: 1.040 GC heap after
{Heap after GC invocations=1 (full 0):
 garbage-first heap   total 126976K, used 6276K [0x0000000085200000, 0x0000000100000000)
  region size 1024K, 2 young (2048K), 2 survivors (2048K)
 Metaspace       used 9878K, capacity 9970K, committed 10112K, reserved 1058816K
  class space    used 825K, capacity 853K, committed 896K, reserved 1048576K
}
Event: 2.912 GC heap before
{Heap before GC invocations=1 (full 0):
 garbage-first heap   total 126976K, used 54404K [0x0000000085200000, 0x0000000100000000)
  region size 1024K, 50 young (51200K), 2 survivors (2048K)
 Metaspace       used 20992K, capacity 21188K, committed 21248K, reserved 1069056K
  class space    used 2218K, capacity 2303K, committed 2304K, reserved 1048576K
}
Event: 2.933 GC heap after
{Heap after GC invocations=2 (full 0):
 garbage-first heap   total 126976K, used 11165K [0x0000000085200000, 0x0000000100000000)
  region size 1024K, 7 young (7168K), 7 survivors (7168K)
 Metaspace       used 20992K, capacity 21188K, committed 21248K, reserved 1069056K
  class space    used 2218K, capacity 2303K, committed 2304K, reserved 1048576K
}

Deoptimization events (20 events):
Event: 3.598 Thread 0x0000023348bab000 Uncommon trap: trap_request=0xffffffde fr.pc=0x00000233541e9f84 relative=0x0000000000000064
Event: 3.598 Thread 0x0000023348bab000 Uncommon trap: reason=class_check action=maybe_recompile pc=0x00000233541e9f84 method=java.util.Collections$UnmodifiableCollection.size()I @ 4 c2
Event: 3.598 Thread 0x0000023348bab000 DEOPT PACKING pc=0x00000233541e9f84 sp=0x000000f99aefbdb0
Event: 3.598 Thread 0x0000023348bab000 DEOPT UNPACKING pc=0x000002334c71a1af sp=0x000000f99aefbd40 mode 2
Event: 3.598 Thread 0x0000023348bab000 Uncommon trap: trap_request=0xffffffde fr.pc=0x00000233541e9f84 relative=0x0000000000000064
Event: 3.598 Thread 0x0000023348bab000 Uncommon trap: reason=class_check action=maybe_recompile pc=0x00000233541e9f84 method=java.util.Collections$UnmodifiableCollection.size()I @ 4 c2
Event: 3.598 Thread 0x0000023348bab000 DEOPT PACKING pc=0x00000233541e9f84 sp=0x000000f99aefbdb0
Event: 3.598 Thread 0x0000023348bab000 DEOPT UNPACKING pc=0x000002334c71a1af sp=0x000000f99aefbd40 mode 2
Event: 3.679 Thread 0x0000023348bab000 Uncommon trap: trap_request=0xffffff4d fr.pc=0x00000233542143ec relative=0x00000000000005ac
Event: 3.679 Thread 0x0000023348bab000 Uncommon trap: reason=unstable_if action=reinterpret pc=0x00000233542143ec method=java.lang.Integer.getChars(II[B)I @ 25 c2
Event: 3.679 Thread 0x0000023348bab000 DEOPT PACKING pc=0x00000233542143ec sp=0x000000f99aefe2a0
Event: 3.679 Thread 0x0000023348bab000 DEOPT UNPACKING pc=0x000002334c71a1af sp=0x000000f99aefe190 mode 2
Event: 3.814 Thread 0x0000023348bab000 Uncommon trap: trap_request=0xffffff4d fr.pc=0x00000233542150d0 relative=0x0000000000000590
Event: 3.814 Thread 0x0000023348bab000 Uncommon trap: reason=unstable_if action=reinterpret pc=0x00000233542150d0 method=java.lang.Integer.getChars(II[B)I @ 25 c2
Event: 3.814 Thread 0x0000023348bab000 DEOPT PACKING pc=0x00000233542150d0 sp=0x000000f99aefd060
Event: 3.814 Thread 0x0000023348bab000 DEOPT UNPACKING pc=0x000002334c71a1af sp=0x000000f99aefcfa8 mode 2
Event: 3.856 Thread 0x0000023348bab000 Uncommon trap: trap_request=0xffffff4d fr.pc=0x000002335421ca5c relative=0x00000000000001bc
Event: 3.856 Thread 0x0000023348bab000 Uncommon trap: reason=unstable_if action=reinterpret pc=0x000002335421ca5c method=java.lang.String.startsWith(Ljava/lang/String;I)Z @ 1 c2
Event: 3.856 Thread 0x0000023348bab000 DEOPT PACKING pc=0x000002335421ca5c sp=0x000000f99aefdb70
Event: 3.856 Thread 0x0000023348bab000 DEOPT UNPACKING pc=0x000002334c71a1af sp=0x000000f99aefdae0 mode 2

Classes redefined (0 events):
No events

Internal exceptions (20 events):
Event: 2.337 Thread 0x0000023348bab000 Exception <a 'java/lang/NoSuchMethodError'{0x000000008aa94b00}: 'long java.lang.invoke.Invokers$Holder.invoke_MT(java.lang.Object, java.lang.Object, java.lang.Object, java.lang.Object)'> (0x000000008aa94b00) thrown at [./src/hotspot/share/interpreter/linkResolver.cpp, line 773]
Event: 2.338 Thread 0x0000023348bab000 Exception <a 'java/lang/NoSuchMethodError'{0x000000008aa98180}: 'long java.lang.invoke.DelegatingMethodHandle$Holder.reinvoke_L(java.lang.Object, java.lang.Object, java.lang.Object)'> (0x000000008aa98180) thrown at [./src/hotspot/share/interpreter/linkResolver.cpp, line 773]
Event: 2.340 Thread 0x0000023348bab000 Exception <a 'java/lang/NoSuchMethodError'{0x000000008aaa1e40}: 'int java.lang.invoke.DirectMethodHandle$Holder.invokeSpecial(java.lang.Object, java.lang.Object, java.lang.Object, java.lang.Object)'> (0x000000008aaa1e40) thrown at [./src/hotspot/share/interpreter/linkResolver.cpp, line 773]
Event: 2.343 Thread 0x0000023348bab000 Exception <a 'java/lang/NoSuchMethodError'{0x000000008aab0c20}: 'int java.lang.invoke.DelegatingMethodHandle$Holder.reinvoke_L(java.lang.Object, java.lang.Object, java.lang.Object, long, int)'> (0x000000008aab0c20) thrown at [./src/hotspot/share/interpreter/linkResolver.cpp, line 773]
Event: 2.852 Thread 0x0000023348bab000 Exception <a 'java/lang/NoSuchMethodError'{0x0000000089fd44f0}: 'java.lang.Object java.lang.invoke.DirectMethodHandle$Holder.invokeStaticInit(java.lang.Object, int)'> (0x0000000089fd44f0) thrown at [./src/hotspot/share/interpreter/linkResolver.cpp, line 773]
Event: 2.899 Thread 0x0000023348bab000 Exception <a 'java/lang/NoSuchMethodError'{0x0000000089daeb70}: 'long java.lang.invoke.DirectMethodHandle$Holder.invokeStatic(java.lang.Object)'> (0x0000000089daeb70) thrown at [./src/hotspot/share/interpreter/linkResolver.cpp, line 773]
Event: 2.899 Thread 0x0000023348bab000 Exception <a 'java/lang/NoSuchMethodError'{0x0000000089db19c8}: 'long java.lang.invoke.DirectMethodHandle$Holder.invokeStaticInit(java.lang.Object)'> (0x0000000089db19c8) thrown at [./src/hotspot/share/interpreter/linkResolver.cpp, line 773]
Event: 2.981 Thread 0x0000023348bab000 Exception <a 'java/lang/NoSuchMethodError'{0x000000008cdfad98}: 'int java.lang.invoke.DirectMethodHandle$Holder.invokeSpecialIFC(java.lang.Object, java.lang.Object, int)'> (0x000000008cdfad98) thrown at [./src/hotspot/share/interpreter/linkResolver.cpp, line 773]
Event: 3.113 Thread 0x0000023348bab000 Exception <a 'java/lang/NoSuchMethodError'{0x000000008c924810}: 'int java.lang.invoke.DirectMethodHandle$Holder.invokeStaticInit(java.lang.Object, java.lang.Object, java.lang.Object)'> (0x000000008c924810) thrown at [./src/hotspot/share/interpreter/linkResolver.cpp, line 773]
Event: 3.119 Thread 0x0000023348bab000 Exception <a 'java/lang/NoSuchMethodError'{0x000000008c950050}: 'int java.lang.invoke.DirectMethodHandle$Holder.invokeStaticInit(java.lang.Object, java.lang.Object)'> (0x000000008c950050) thrown at [./src/hotspot/share/interpreter/linkResolver.cpp, line 773]
Event: 3.204 Thread 0x0000023348bab000 Exception <a 'java/lang/NoSuchMethodError'{0x000000008c763130}: 'void java.lang.invoke.DirectMethodHandle$Holder.invokeSpecial(java.lang.Object, java.lang.Object)'> (0x000000008c763130) thrown at [./src/hotspot/share/interpreter/linkResolver.cpp, line 773]
Event: 3.588 Thread 0x0000023348bab000 Exception <a 'java/lang/NoSuchMethodError'{0x000000008be0f4e0}: 'java.lang.Object java.lang.invoke.DirectMethodHandle$Holder.invokeStatic(java.lang.Object, java.lang.Object, java.lang.Object, java.lang.Object, java.lang.Object, java.lang.Object, java.lang.Object, java.lang.Object, java.lang.Object, java.lang.Object, java.lang.Object, java.lang.Object, java.lang.Object, java.lang.Object, java.lang.Object)'> (0x000000008be0f4e0) thrown at [./src/hotspot/share/interpreter/linkResolver.cpp, line 773]
Event: 3.592 Thread 0x0000023348bab000 Exception <a 'java/lang/NoSuchMethodError'{0x000000008be1d4e8}: 'java.lang.Object java.lang.invoke.DirectMethodHandle$Holder.invokeStatic(java.lang.Object, java.lang.Object, java.lang.Object, java.lang.Object, java.lang.Object, java.lang.Object, java.lang.Object, java.lang.Object, java.lang.Object, java.lang.Object, java.lang.Object, java.lang.Object, java.lang.Object, java.lang.Object, java.lang.Object, java.lang.Object)'> (0x000000008be1d4e8) thrown at [./src/hotspot/share/interpreter/linkResolver.cpp, l
Event: 3.594 Thread 0x0000023348bab000 Exception <a 'java/lang/NoSuchMethodError'{0x000000008be2b400}: 'java.lang.Object java.lang.invoke.DirectMethodHandle$Holder.invokeSpecial(java.lang.Object, java.lang.Object, int, int, java.lang.Object, java.lang.Object, java.lang.Object)'> (0x000000008be2b400) thrown at [./src/hotspot/share/interpreter/linkResolver.cpp, line 773]
Event: 3.595 Thread 0x0000023348bab000 Exception <a 'java/lang/NoSuchMethodError'{0x000000008be2ec38}: 'java.lang.Object java.lang.invoke.DelegatingMethodHandle$Holder.reinvoke_L(java.lang.Object, int, int, java.lang.Object, java.lang.Object, java.lang.Object)'> (0x000000008be2ec38) thrown at [./src/hotspot/share/interpreter/linkResolver.cpp, line 773]
Event: 3.595 Thread 0x0000023348bab000 Exception <a 'java/lang/NoSuchMethodError'{0x000000008be32fc0}: 'java.lang.Object java.lang.invoke.DirectMethodHandle$Holder.invokeStatic(java.lang.Object, java.lang.Object, java.lang.Object, java.lang.Object, int)'> (0x000000008be32fc0) thrown at [./src/hotspot/share/interpreter/linkResolver.cpp, line 773]
Event: 3.682 Thread 0x0000023348bab000 Exception <a 'java/lang/NoSuchMethodError'{0x000000008bd57620}: 'void java.lang.invoke.DirectMethodHandle$Holder.invokeStatic(java.lang.Object, java.lang.Object, java.lang.Object, java.lang.Object)'> (0x000000008bd57620) thrown at [./src/hotspot/share/interpreter/linkResolver.cpp, line 773]
Event: 3.807 Thread 0x0000023348bab000 Exception <a 'java/lang/NoSuchMethodError'{0x000000008b943848}: 'void java.lang.invoke.DirectMethodHandle$Holder.invokeStaticInit(java.lang.Object, java.lang.Object)'> (0x000000008b943848) thrown at [./src/hotspot/share/interpreter/linkResolver.cpp, line 773]
Event: 3.966 Thread 0x0000023348bab000 Exception <a 'java/lang/NoSuchMethodError'{0x000000008b585490}: 'void java.lang.invoke.DirectMethodHandle$Holder.invokeVirtual(java.lang.Object, java.lang.Object)'> (0x000000008b585490) thrown at [./src/hotspot/share/interpreter/linkResolver.cpp, line 773]
Event: 3.989 Thread 0x0000023348bab000 Exception <a 'java/lang/NoSuchMethodError'{0x000000008b44f140}: 'int java.lang.invoke.DirectMethodHandle$Holder.invokeVirtual(java.lang.Object, java.lang.Object)'> (0x000000008b44f140) thrown at [./src/hotspot/share/interpreter/linkResolver.cpp, line 773]

Events (20 events):
Event: 4.108 loading class org/jetbrains/kotlin/psi/KtFunctionType
Event: 4.108 loading class org/jetbrains/kotlin/psi/KtFunctionType done
Event: 4.109 loading class org/jetbrains/kotlin/psi/KtTypeCodeFragmentType
Event: 4.109 loading class org/jetbrains/kotlin/psi/KtTypeCodeFragmentType done
Event: 4.110 loading class org/jetbrains/kotlin/psi/KtExpressionCodeFragmentType
Event: 4.110 loading class org/jetbrains/kotlin/psi/KtExpressionCodeFragmentType done
Event: 4.110 loading class org/jetbrains/kotlin/psi/KtBlockCodeFragmentType
Event: 4.110 loading class org/jetbrains/kotlin/psi/KtBlockCodeFragmentType done
Event: 4.111 loading class org/jetbrains/kotlin/psi/stubs/elements/KtTypeProjectionElementType
Event: 4.111 loading class org/jetbrains/kotlin/psi/stubs/elements/KtTypeProjectionElementType done
Event: 4.111 loading class org/jetbrains/kotlin/psi/stubs/KotlinTypeProjectionStub
Event: 4.111 loading class org/jetbrains/kotlin/psi/stubs/KotlinTypeProjectionStub done
Event: 4.112 loading class org/jetbrains/kotlin/psi/KtTypeProjection
Event: 4.112 loading class org/jetbrains/kotlin/psi/KtTypeProjection done
Event: 4.113 loading class org/jetbrains/kotlin/psi/KtFunctionTypeReceiver
Event: 4.113 loading class org/jetbrains/kotlin/psi/KtFunctionTypeReceiver done
Event: 4.113 loading class org/jetbrains/kotlin/psi/stubs/KotlinNameReferenceExpressionStub
Event: 4.113 loading class org/jetbrains/kotlin/psi/stubs/KotlinNameReferenceExpressionStub done
Event: 4.114 loading class org/jetbrains/kotlin/psi/KtNameReferenceExpression
Event: 4.114 loading class org/jetbrains/kotlin/psi/KtNameReferenceExpression done


Dynamic libraries:
0x00007ff703640000 - 0x00007ff70364a000 	C:\Program Files\Android\Android Studio\jre\bin\java.exe
0x00007ffc5c550000 - 0x00007ffc5c748000 	C:\WINDOWS\SYSTEM32\ntdll.dll
0x00007ffc5b5c0000 - 0x00007ffc5b67f000 	C:\WINDOWS\System32\KERNEL32.DLL
0x00007ffc5a090000 - 0x00007ffc5a362000 	C:\WINDOWS\System32\KERNELBASE.dll
0x00007ffc5a430000 - 0x00007ffc5a530000 	C:\WINDOWS\System32\ucrtbase.dll
0x00007ffc50480000 - 0x00007ffc50499000 	C:\Program Files\Android\Android Studio\jre\bin\jli.dll
0x00007ffc51f70000 - 0x00007ffc51f87000 	C:\Program Files\Android\Android Studio\jre\bin\VCRUNTIME140.dll
0x00007ffc5ab40000 - 0x00007ffc5acdd000 	C:\WINDOWS\System32\USER32.dll
0x00007ffc5a060000 - 0x00007ffc5a082000 	C:\WINDOWS\System32\win32u.dll
0x00007ffc47df0000 - 0x00007ffc4808a000 	C:\WINDOWS\WinSxS\amd64_microsoft.windows.common-controls_6595b64144ccf1df_6.0.19041.1110_none_60b5254171f9507e\COMCTL32.dll
0x00007ffc5b780000 - 0x00007ffc5b7ab000 	C:\WINDOWS\System32\GDI32.dll
0x00007ffc5a840000 - 0x00007ffc5a8de000 	C:\WINDOWS\System32\msvcrt.dll
0x00007ffc59c50000 - 0x00007ffc59d5f000 	C:\WINDOWS\System32\gdi32full.dll
0x00007ffc59fc0000 - 0x00007ffc5a05d000 	C:\WINDOWS\System32\msvcp_win.dll
0x00007ffc5b720000 - 0x00007ffc5b752000 	C:\WINDOWS\System32\IMM32.DLL
0x00007ffc249a0000 - 0x00007ffc24a3d000 	C:\Program Files\Android\Android Studio\jre\bin\msvcp140.dll
0x00007ffc14c90000 - 0x00007ffc15792000 	C:\Program Files\Android\Android Studio\jre\bin\server\jvm.dll
0x00007ffc5bb10000 - 0x00007ffc5bbbe000 	C:\WINDOWS\System32\ADVAPI32.dll
0x00007ffc5b680000 - 0x00007ffc5b71c000 	C:\WINDOWS\System32\sechost.dll
0x00007ffc5a8e0000 - 0x00007ffc5aa05000 	C:\WINDOWS\System32\RPCRT4.dll
0x00007ffc5c310000 - 0x00007ffc5c318000 	C:\WINDOWS\System32\PSAPI.DLL
0x00007ffc462f0000 - 0x00007ffc462f9000 	C:\WINDOWS\SYSTEM32\WSOCK32.dll
0x00007ffc5c320000 - 0x00007ffc5c38b000 	C:\WINDOWS\System32\WS2_32.dll
0x00007ffc582d0000 - 0x00007ffc582f7000 	C:\WINDOWS\SYSTEM32\WINMM.dll
0x00007ffc58300000 - 0x00007ffc5830a000 	C:\WINDOWS\SYSTEM32\VERSION.dll
0x00007ffc584d0000 - 0x00007ffc584e2000 	C:\WINDOWS\SYSTEM32\kernel.appcore.dll
0x00007ffc54110000 - 0x00007ffc54121000 	C:\Program Files\Android\Android Studio\jre\bin\verify.dll
0x00007ffc580e0000 - 0x00007ffc582c4000 	C:\WINDOWS\SYSTEM32\DBGHELP.DLL
0x00007ffc580b0000 - 0x00007ffc580dc000 	C:\WINDOWS\SYSTEM32\dbgcore.DLL
0x00007ffc5a370000 - 0x00007ffc5a3f2000 	C:\WINDOWS\System32\bcryptPrimitives.dll
0x00007ffc53d00000 - 0x00007ffc53d29000 	C:\Program Files\Android\Android Studio\jre\bin\java.dll
0x00007ffc53cf0000 - 0x00007ffc53cfb000 	C:\Program Files\Android\Android Studio\jre\bin\jimage.dll
0x00007ffc53cd0000 - 0x00007ffc53ce8000 	C:\Program Files\Android\Android Studio\jre\bin\zip.dll
0x00007ffc5bbc0000 - 0x00007ffc5c303000 	C:\WINDOWS\System32\SHELL32.dll
0x00007ffc57900000 - 0x00007ffc58092000 	C:\WINDOWS\SYSTEM32\windows.storage.dll
0x00007ffc5b7b0000 - 0x00007ffc5bb04000 	C:\WINDOWS\System32\combase.dll
0x00007ffc596b0000 - 0x00007ffc596e0000 	C:\WINDOWS\SYSTEM32\Wldp.dll
0x00007ffc5b480000 - 0x00007ffc5b52d000 	C:\WINDOWS\System32\SHCORE.dll
0x00007ffc5b150000 - 0x00007ffc5b1a5000 	C:\WINDOWS\System32\shlwapi.dll
0x00007ffc59b90000 - 0x00007ffc59baf000 	C:\WINDOWS\SYSTEM32\profapi.dll
0x00007ffc52f90000 - 0x00007ffc52faa000 	C:\Program Files\Android\Android Studio\jre\bin\net.dll
0x00007ffc48e80000 - 0x00007ffc48f8c000 	C:\WINDOWS\SYSTEM32\WINHTTP.dll
0x00007ffc59410000 - 0x00007ffc5947a000 	C:\WINDOWS\system32\mswsock.dll
0x00007ffc52640000 - 0x00007ffc52654000 	C:\Program Files\Android\Android Studio\jre\bin\nio.dll

dbghelp: loaded successfully - version: 4.0.5 - missing functions: none
symbol engine: initialized successfully - sym options: 0x614 - pdb path: .;C:\Program Files\Android\Android Studio\jre\bin;C:\WINDOWS\SYSTEM32;C:\WINDOWS\WinSxS\amd64_microsoft.windows.common-controls_6595b64144ccf1df_6.0.19041.1110_none_60b5254171f9507e;C:\Program Files\Android\Android Studio\jre\bin\server

VM Arguments:
java_command: org.jetbrains.kotlin.cli.jvm.K2JVMCompiler @C:\Users\hp\AndroidStudioProjects\splashscreen2\app\build\20230121_30655837537909933.compiler.options
java_class_path (initial): C:\Users\hp\.gradle\caches\modules-2\files-2.1\org.jetbrains.kotlin\kotlin-compiler-embeddable\1.7.20\8db18559a581dd2c36ddfd5046af145650f5b126\kotlin-compiler-embeddable-1.7.20.jar;C:\Users\hp\.gradle\caches\modules-2\files-2.1\org.jetbrains.kotlin\kotlin-reflect\1.7.20\12b2501e33bb6373e8e347c86d85481863629381\kotlin-reflect-1.7.20.jar;C:\Users\hp\.gradle\caches\modules-2\files-2.1\org.jetbrains.kotlin\kotlin-stdlib\1.7.20\726594ea9ba2beb2ee113647fefa9a10f9fabe52\kotlin-stdlib-1.7.20.jar;C:\Users\hp\.gradle\caches\modules-2\files-2.1\org.jetbrains.kotlin\kotlin-script-runtime\1.7.20\bcd1cc6f865e632550357fcc59f5ffd532615a8\kotlin-script-runtime-1.7.20.jar;C:\Users\hp\.gradle\caches\modules-2\files-2.1\org.jetbrains.kotlin\kotlin-daemon-embeddable\1.7.20\1e24355adad8d529d75d5b19eab55484057431ba\kotlin-daemon-embeddable-1.7.20.jar;C:\Users\hp\.gradle\caches\modules-2\files-2.1\org.jetbrains.intellij.deps\trove4j\1.0.20200330\3afb14d5f9ceb459d724e907a21145e8ff394f02\trove4j-1.0.20200330.jar;C:\Users\hp\.gradle\caches\modules-2\files-2.1\net.java.dev.jna\jna\5.6.0\330f2244e9030119ab3030fc3fededc86713d9cc\jna-5.6.0.jar;C:\Users\hp\.gradle\caches\modules-2\files-2.1\org.jetbrains.kotlin\kotlin-stdlib-common\1.7.20\e15351bdaf9fa06f009be5da7a202e4184f00ae3\kotlin-stdlib-common-1.7.20.jar;C:\Users\hp\.gradle\caches\modules-2\files-2.1\org.jetbrains\annotations\13.0\919f0dfe192fb4e063e7dacadee7f8bb9a2672a9\annotations-13.0.jar
Launcher Type: SUN_STANDARD

[Global flags]
     intx CICompilerCount                          = 3                                         {product} {ergonomic}
     uint ConcGCThreads                            = 1                                         {product} {ergonomic}
     uint G1ConcRefinementThreads                  = 4                                         {product} {ergonomic}
   size_t G1HeapRegionSize                         = 1048576                                   {product} {ergonomic}
    uintx GCDrainStackTargetSize                   = 64                                        {product} {ergonomic}
   size_t InitialHeapSize                          = 130023424                                 {product} {ergonomic}
   size_t MarkStackSize                            = 4194304                                   {product} {ergonomic}
   size_t MaxHeapSize                              = 2061500416                                {product} {ergonomic}
   size_t MaxNewSize                               = 1236271104                                {product} {ergonomic}
   size_t MinHeapDeltaBytes                        = 1048576                                   {product} {ergonomic}
    uintx NonNMethodCodeHeapSize                   = 5830732                                {pd product} {ergonomic}
    uintx NonProfiledCodeHeapSize                  = 122913754                              {pd product} {ergonomic}
    uintx ProfiledCodeHeapSize                     = 122913754                              {pd product} {ergonomic}
    uintx ReservedCodeCacheSize                    = 251658240                              {pd product} {ergonomic}
     bool SegmentedCodeCache                       = true                                      {product} {ergonomic}
     bool UseCompressedClassPointers               = true                                 {lp64_product} {ergonomic}
     bool UseCompressedOops                        = true                                 {lp64_product} {ergonomic}
     bool UseG1GC                                  = true                                      {product} {ergonomic}
     bool UseLargePagesIndividualAllocation        = false                                  {pd product} {ergonomic}

Logging:
Log output configuration:
 #0: stdout all=warning uptime,level,tags
 #1: stderr all=off uptime,level,tags

Environment Variables:
JAVA_HOME=C:\Program Files\OpenJDK\openjdk-11.0.16_8
PATH=C:\Program Files\Common Files\Oracle\Java\javapath;C:\WINDOWS\system32;C:\WINDOWS;C:\WINDOWS\System32\Wbem;C:\WINDOWS\System32\WindowsPowerShell\v1.0\;C:\WINDOWS\System32\OpenSSH\;C:\Program Files (x86)\Java\jre1.8.0_251\bin;C:\Program Files\Java\jdk-15.0.1\bin;C:\Program Files\swipl\bin;C:\Program Files\dotnet\;C:\Users\hp\Downloads\FLEX_BISON-20211126\win_flex_bison-latest\win_flex_bison-latest;C:\Program Files\Git\cmd;C:\ProgramData\chocolatey\bin;C:\Program Files\OpenJDK\openjdk-11.0.16_8\bin;C:\Program Files\MongoDB\Server\6.0\bin;C:\Program Files\nodejs\;C:\Program Files\MySQL\MySQL Shell 8.0\bin\;C:\Users\hp\AppData\Local\Programs\Python\Python310\Scripts\;C:\Users\hp\AppData\Local\Programs\Python\Python310\;C:\Users\hp\AppData\Local\Microsoft\WindowsApps;D:\Software\softwares\flutter\bin;D:\Software\softwares;C:\Users\hp\AppData\Local\Programs\Microsoft VS Code\bin;C:\MinGW\bin;C:\Program Files (x86)\OpenVPN\bin;C:\Users\hp\.dotnet\tools;C:\Users\hp\Downloads\FLEX_BISON-20211126\win_flex_bison-latest\win_flex_bison-latest;C:\Users\hp\AppData\Local\GitHubDesktop\bin;C:\Users\hp\AppData\Roaming\npm;C:\flutter_windows_3.3.5-stable\flutter\bin;
USERNAME=hp
OS=Windows_NT
PROCESSOR_IDENTIFIER=Intel64 Family 6 Model 78 Stepping 3, GenuineIntel



---------------  S Y S T E M  ---------------

OS: Windows 10 , 64 bit Build 19041 (10.0.19041.2251)
OS uptime: 1 days 12:11 hours

CPU:total 4 (initial active 4) (2 cores per cpu, 2 threads per core) family 6 model 78 stepping 3 microcode 0xcc, cmov, cx8, fxsr, mmx, sse, sse2, sse3, ssse3, sse4.1, sse4.2, popcnt, avx, avx2, aes, clmul, erms, rtm, 3dnowpref, lzcnt, ht, tsc, tscinvbit, bmi1, bmi2, adx, fma

Memory: 4k page, system-wide physical 7861M (712M free)
TotalPageFile size 9909M (AvailPageFile size 5M)
current process WorkingSet (physical memory assigned to process): 167M, peak: 167M
current process commit charge ("private bytes"): 257M, peak: 258M

vm_info: OpenJDK 64-Bit Server VM (11.0.13+0-b1751.21-8125866) for windows-amd64 JRE (11.0.13+0-b1751.21-8125866), built on Feb  2 2022 03:00:22 by "builder" with MS VC++ 14.0 (VS2015)

END.
